TpTrace Information: 0 : 33160, 1, 2020/06/13, 02:12:15.265, 1021922689369, testhost.x86.exe, DefaultEngineInvoker.Invoke: Testhost process started with args :[--port, 62995],[--endpoint, 127.0.0.1:062995],[--role, client],[--parentprocessid, 11516],[--diag, C:\Users\grzeg\Repos\ProblemsWithExpectoTestSdk\test.host.20-06-13_02-12-15_03492_1.log],[--tracelevel, 4],[--telemetryoptedin, false]
TpTrace Information: 0 : 33160, 1, 2020/06/13, 02:12:15.272, 1021922722525, testhost.x86.exe, DefaultEngineInvoker: Using Application Configuration: '<?xml version="1.0" encoding="utf-8"?>
<configuration>
  <startup useLegacyV2RuntimeActivationPolicy="true">
    <supportedRuntime version="v4.0" sku=".NETFramework,Version=v4.0" />
  </startup>
  <runtime>
    <legacyUnhandledExceptionPolicy enabled="1" />
    <legacyCorruptedStateExceptionsPolicy enabled="true" />
    <!-- To get stacktrace information for portable and embedded pdbs when net472 installed on machine.
          More details https://github.com/dotnet/designs/blob/master/accepted/diagnostics/debugging-with-symbols-and-sources.md#stack-traces -->
    <AppContextSwitchOverrides value="Switch.System.Diagnostics.IgnorePortablePDBsInStackTraces=false" />
    <assemblyBinding xmlns="urn:schemas-microsoft-com:asm.v1">
      <probing privatePath="Extensions" />
      <!-- Test adapters compiled against version 11-14, need to be redirected to version 15. -->
      <dependentAssembly>
        <assemblyIdentity name="Microsoft.VisualStudio.TestPlatform.ObjectModel" publicKeyToken="b03f5f7f11d50a3a" culture="neutral" />
        <bindingRedirect oldVersion="11.0.0.0-14.0.0.0" newVersion="15.0.0.0" />
      </dependentAssembly>
      <dependentAssembly>
        <assemblyIdentity name="Microsoft.VisualStudio.TestWindow.Interfaces" publicKeyToken="b03f5f7f11d50a3a" culture="neutral" />
        <bindingRedirect oldVersion="11.0.0.0-15.0.0.0" newVersion="16.0.0.0" />
      </dependentAssembly>
      <dependentAssembly>
        <assemblyIdentity name="Microsoft.VisualStudio.QualityTools.UnitTestFramework" publicKeyToken="b03f5f7f11d50a3a" culture="neutral" />
        <bindingRedirect oldVersion="10.1.0.0" newVersion="10.0.0.0" />
      </dependentAssembly>
      <dependentAssembly>
        <assemblyIdentity name="Microsoft.VisualStudio.QualityTools.Resource" publicKeyToken="b03f5f7f11d50a3a" culture="neutral" />
        <bindingRedirect oldVersion="10.0.0.0-15.0.0.0" newVersion="16.0.0.0" />
      </dependentAssembly>
      <dependentAssembly>
        <assemblyIdentity name="Microsoft.VisualStudio.QualityTools.ControllerObject" publicKeyToken="b03f5f7f11d50a3a" culture="neutral" />
        <bindingRedirect oldVersion="10.0.0.0-15.0.0.0" newVersion="16.0.0.0" />
      </dependentAssembly>
      <dependentAssembly>
        <assemblyIdentity name="Microsoft.VisualStudio.QualityTools.ExecutionCommon" publicKeyToken="b03f5f7f11d50a3a" culture="neutral" />
        <bindingRedirect oldVersion="10.0.0.0-15.0.0.0" newVersion="16.0.0.0" />
      </dependentAssembly>
      <dependentAssembly>
        <assemblyIdentity name="Microsoft.VisualStudio.QualityTools.Common" publicKeyToken="b03f5f7f11d50a3a" culture="neutral" />
        <bindingRedirect oldVersion="10.0.0.0-15.0.0.0" newVersion="16.0.0.0" />
      </dependentAssembly>
      <dependentAssembly>
        <assemblyIdentity name="Microsoft.VisualStudio.QualityTools.Tips.UnitTest.ObjectModel" publicKeyToken="b03f5f7f11d50a3a" culture="neutral" />
        <bindingRedirect oldVersion="10.0.0.0-15.0.0.0" newVersion="16.0.0.0" />
      </dependentAssembly>
    </assemblyBinding>
  </runtime>
  <system.diagnostics>
    <switches>
      <add name="TpTraceLevel" value="0" />
    </switches>
  </system.diagnostics>
  <appSettings>
    <!--<add key="ExecutionThreadApartmentState" value ="MTA"/>-->
    <!--<add key="TraceLogMaxFileSizeInKb" value ="10240"/>-->
    <!-- MsTest Adapter Specific AppSettings -->
    <!-- This flag is added to support test execution for net35 tests through TMI adapter. -->
    <add key="TestProjectRetargetTo35Allowed" value="true" />
  </appSettings>
</configuration>'
TpTrace Information: 0 : 33160, 1, 2020/06/13, 02:12:15.275, 1021922756481, testhost.x86.exe, DefaultEngineInvoker.SetParentProcessExitCallback: Monitoring parent process with id: '11516'
TpTrace Information: 0 : 33160, 1, 2020/06/13, 02:12:15.299, 1021922992222, testhost.x86.exe, DefaultEngineInvoker.GetConnectionInfo: Initialize communication on endpoint address: '127.0.0.1:062995'
TpTrace Information: 0 : 33160, 1, 2020/06/13, 02:12:15.308, 1021923077669, testhost.x86.exe, SocketClient.Start: connecting to server endpoint: 127.0.0.1:062995
TpTrace Information: 0 : 33160, 1, 2020/06/13, 02:12:15.314, 1021923138263, testhost.x86.exe, DefaultEngineInvoker.Invoke: Start Request Processing.
TpTrace Information: 0 : 33160, 7, 2020/06/13, 02:12:15.316, 1021923164913, testhost.x86.exe, SocketClient.OnServerConnected: connected to server endpoint: 127.0.0.1:062995
TpTrace Information: 0 : 33160, 9, 2020/06/13, 02:12:15.319, 1021923195029, testhost.x86.exe, DefaultEngineInvoker.StartProcessingAsync: Connected to vstest.console, Starting process requests.
TpTrace Verbose: 0 : 33160, 7, 2020/06/13, 02:12:15.319, 1021923196115, testhost.x86.exe, Connected to server, and starting MessageLoopAsync
TpTrace Verbose: 0 : 33160, 8, 2020/06/13, 02:12:15.324, 1021923241058, testhost.x86.exe, TcpClientExtensions.MessageLoopAsync: Polling on remoteEndPoint: 127.0.0.1:62995 localEndPoint: 127.0.0.1:62997
TpTrace Verbose: 0 : 33160, 8, 2020/06/13, 02:12:15.440, 1021924405122, testhost.x86.exe, TcpClientExtensions.MessageLoopAsync: NotifyDataAvailable remoteEndPoint: 127.0.0.1:62995 localEndPoint: 127.0.0.1:62997
TpTrace Information: 0 : 33160, 8, 2020/06/13, 02:12:15.696, 1021926958810, testhost.x86.exe, TestRequestHandler.ProcessRequests: received message: (ProtocolVersion) -> 2
TpTrace Verbose: 0 : 33160, 8, 2020/06/13, 02:12:15.780, 1021927803523, testhost.x86.exe, TestRequestHandler.SendData:  sending data from testhost: {"Version":2,"MessageType":"TestSession.Message","Payload":{"MessageLevel":0,"Message":"Logging TestHost Diagnostics in file: C:\\Users\\grzeg\\Repos\\ProblemsWithExpectoTestSdk\\test.host.20-06-13_02-12-15_03492_1.log"}}
TpTrace Verbose: 0 : 33160, 8, 2020/06/13, 02:12:15.781, 1021927806987, testhost.x86.exe, TcpClientExtensions.MessageLoopAsync: Polling on remoteEndPoint: 127.0.0.1:62995 localEndPoint: 127.0.0.1:62997
TpTrace Verbose: 0 : 33160, 8, 2020/06/13, 02:12:15.781, 1021927809686, testhost.x86.exe, TcpClientExtensions.MessageLoopAsync: NotifyDataAvailable remoteEndPoint: 127.0.0.1:62995 localEndPoint: 127.0.0.1:62997
TpTrace Information: 0 : 33160, 8, 2020/06/13, 02:12:15.788, 1021927886044, testhost.x86.exe, TestRequestHandler.ProcessRequests: received message: (TestExecution.Initialize) -> [
  "C:\\Program Files\\dotnet\\sdk\\5.0.100-preview.3.20216.6\\Extensions\\Microsoft.TestPlatform.Extensions.BlameDataCollector.dll",
  "C:\\Program Files\\dotnet\\sdk\\5.0.100-preview.3.20216.6\\Extensions\\Microsoft.TestPlatform.Extensions.EventLogCollector.dll",
  "C:\\Program Files\\dotnet\\sdk\\5.0.100-preview.3.20216.6\\Extensions\\Microsoft.TestPlatform.TestHostRuntimeProvider.dll",
  "C:\\Program Files\\dotnet\\sdk\\5.0.100-preview.3.20216.6\\Extensions\\Microsoft.VisualStudio.TestPlatform.Extensions.Html.TestLogger.dll",
  "C:\\Program Files\\dotnet\\sdk\\5.0.100-preview.3.20216.6\\Extensions\\Microsoft.VisualStudio.TestPlatform.Extensions.Trx.TestLogger.dll",
  "C:\\Users\\grzeg\\Repos\\ProblemsWithExpectoTestSdk\\ProblemsWithExpectoTestSdkFSharpCore46\\bin\\Debug\\net472\\expecto.visualstudio.testadapter.dll"
]
TpTrace Information: 0 : 33160, 8, 2020/06/13, 02:12:15.789, 1021927888608, testhost.x86.exe, Execution Session Initialize.
TpTrace Verbose: 0 : 33160, 8, 2020/06/13, 02:12:15.817, 1021928167528, testhost.x86.exe, TcpClientExtensions.MessageLoopAsync: Polling on remoteEndPoint: 127.0.0.1:62995 localEndPoint: 127.0.0.1:62997
TpTrace Verbose: 0 : 33160, 8, 2020/06/13, 02:12:15.817, 1021928170712, testhost.x86.exe, TcpClientExtensions.MessageLoopAsync: NotifyDataAvailable remoteEndPoint: 127.0.0.1:62995 localEndPoint: 127.0.0.1:62997
TpTrace Information: 0 : 33160, 8, 2020/06/13, 02:12:15.824, 1021928242689, testhost.x86.exe, TestRequestHandler.ProcessRequests: received message: (TestExecution.StartWithSources) -> {
  "AdapterSourceMap": {
    "_none_": [
      "C:\\Users\\grzeg\\Repos\\ProblemsWithExpectoTestSdk\\ProblemsWithExpectoTestSdkFSharpCore46\\bin\\Debug\\net472\\ProblemsWithExpectoTestSdkFSharpCore46.exe"
    ]
  },
  "RunSettings": "<RunSettings>\r\n  <RunConfiguration>\r\n    <ResultsDirectory>C:\\Users\\grzeg\\Repos\\ProblemsWithExpectoTestSdk\\ProblemsWithExpectoTestSdkFSharpCore46\\TestResults</ResultsDirectory>\r\n    <TargetPlatform>X86</TargetPlatform>\r\n    <TargetFrameworkVersion>.NETFramework,Version=v4.7.2</TargetFrameworkVersion>\r\n    <DesignMode>False</DesignMode>\r\n    <CollectSourceInformation>False</CollectSourceInformation>\r\n  </RunConfiguration>\r\n  <LoggerRunSettings>\r\n    <Loggers>\r\n      <Logger friendlyName=\"Console\" uri=\"logger://microsoft/TestPlatform/ConsoleLogger/v1\" assemblyQualifiedName=\"Microsoft.VisualStudio.TestPlatform.CommandLine.Internal.ConsoleLogger, vstest.console, Version=15.0.0.0, Culture=neutral, PublicKeyToken=b03f5f7f11d50a3a\" codeBase=\"C:\\Program Files\\dotnet\\sdk\\5.0.100-preview.3.20216.6\\vstest.console.dll\" enabled=\"True\" />\r\n    </Loggers>\r\n  </LoggerRunSettings>\r\n</RunSettings>",
  "TestExecutionContext": {
    "FrequencyOfRunStatsChangeEvent": 10,
    "RunStatsChangeEventTimeout": "00:00:01.5000000",
    "InIsolation": false,
    "KeepAlive": false,
    "AreTestCaseLevelEventsRequired": false,
    "IsDebug": false,
    "TestCaseFilter": null,
    "FilterOptions": null
  },
  "Package": null
}
TpTrace Information: 0 : 33160, 8, 2020/06/13, 02:12:15.824, 1021928246172, testhost.x86.exe, Execution started.
TpTrace Verbose: 0 : 33160, 3, 2020/06/13, 02:12:15.833, 1021928330654, testhost.x86.exe, TestExecutorService: Loading the extensions
TpTrace Verbose: 0 : 33160, 3, 2020/06/13, 02:12:15.839, 1021928394380, testhost.x86.exe, TestPluginCache.DiscoverTestExtensions: finding test extensions in assemblies ends with: TestAdapter.dll TPluginInfo: Microsoft.VisualStudio.TestPlatform.Common.ExtensionFramework.Utilities.TestExecutorPluginInformation TExtension: Microsoft.VisualStudio.TestPlatform.ObjectModel.Adapter.ITestExecutor
TpTrace Verbose: 0 : 33160, 3, 2020/06/13, 02:12:15.844, 1021928439130, testhost.x86.exe, TestPluginCache.GetExtensionPaths: Filtered extension paths: 
TpTrace Verbose: 0 : 33160, 3, 2020/06/13, 02:12:15.844, 1021928443343, testhost.x86.exe, TestPluginCache.GetExtensionPaths: Added default extension paths: C:\Program Files\dotnet\sdk\5.0.100-preview.3.20216.6\Extensions\Microsoft.TestPlatform.Extensions.BlameDataCollector.dll
C:\Program Files\dotnet\sdk\5.0.100-preview.3.20216.6\Extensions\Microsoft.TestPlatform.Extensions.EventLogCollector.dll
C:\Program Files\dotnet\sdk\5.0.100-preview.3.20216.6\Extensions\Microsoft.TestPlatform.TestHostRuntimeProvider.dll
C:\Program Files\dotnet\sdk\5.0.100-preview.3.20216.6\Extensions\Microsoft.VisualStudio.TestPlatform.Extensions.Html.TestLogger.dll
C:\Program Files\dotnet\sdk\5.0.100-preview.3.20216.6\Extensions\Microsoft.VisualStudio.TestPlatform.Extensions.Trx.TestLogger.dll
C:\Users\grzeg\Repos\ProblemsWithExpectoTestSdk\ProblemsWithExpectoTestSdkFSharpCore46\bin\Debug\net472\expecto.visualstudio.testadapter.dll
TpTrace Verbose: 0 : 33160, 3, 2020/06/13, 02:12:15.844, 1021928445779, testhost.x86.exe, TestPluginCache.GetExtensionPaths: Added unfilterableExtensionPaths: 
TpTrace Information: 0 : 33160, 3, 2020/06/13, 02:12:15.848, 1021928479591, testhost.x86.exe, AssemblyResolver.ctor: Creating AssemblyResolver with searchDirectories C:\Program Files\dotnet\sdk\5.0.100-preview.3.20216.6\Extensions,C:\Users\grzeg\Repos\ProblemsWithExpectoTestSdk\ProblemsWithExpectoTestSdkFSharpCore46\bin\Debug\net472,C:\Program Files\dotnet\sdk\5.0.100-preview.3.20216.6\TestHost
TpTrace Verbose: 0 : 33160, 3, 2020/06/13, 02:12:15.849, 1021928488390, testhost.x86.exe, TestPluginCache.DiscoverTestExtensions: Discovering the extensions using extension path.
TpTrace Verbose: 0 : 33160, 3, 2020/06/13, 02:12:15.849, 1021928490746, testhost.x86.exe, TestPluginCache.GetExtensionPaths: Filtered extension paths: 
TpTrace Verbose: 0 : 33160, 3, 2020/06/13, 02:12:15.849, 1021928492452, testhost.x86.exe, TestPluginCache.GetExtensionPaths: Added default extension paths: C:\Program Files\dotnet\sdk\5.0.100-preview.3.20216.6\Extensions\Microsoft.TestPlatform.Extensions.BlameDataCollector.dll
C:\Program Files\dotnet\sdk\5.0.100-preview.3.20216.6\Extensions\Microsoft.TestPlatform.Extensions.EventLogCollector.dll
C:\Program Files\dotnet\sdk\5.0.100-preview.3.20216.6\Extensions\Microsoft.TestPlatform.TestHostRuntimeProvider.dll
C:\Program Files\dotnet\sdk\5.0.100-preview.3.20216.6\Extensions\Microsoft.VisualStudio.TestPlatform.Extensions.Html.TestLogger.dll
C:\Program Files\dotnet\sdk\5.0.100-preview.3.20216.6\Extensions\Microsoft.VisualStudio.TestPlatform.Extensions.Trx.TestLogger.dll
C:\Users\grzeg\Repos\ProblemsWithExpectoTestSdk\ProblemsWithExpectoTestSdkFSharpCore46\bin\Debug\net472\expecto.visualstudio.testadapter.dll
TpTrace Verbose: 0 : 33160, 3, 2020/06/13, 02:12:15.849, 1021928495008, testhost.x86.exe, TestPluginCache.GetExtensionPaths: Added unfilterableExtensionPaths: 
TpTrace Verbose: 0 : 33160, 3, 2020/06/13, 02:12:15.850, 1021928497958, testhost.x86.exe, TestPluginCache.DiscoverTestExtensions: Discovering the extensions using allExtensionPaths: C:\Program Files\dotnet\sdk\5.0.100-preview.3.20216.6\Extensions\Microsoft.TestPlatform.Extensions.BlameDataCollector.dll
C:\Program Files\dotnet\sdk\5.0.100-preview.3.20216.6\Extensions\Microsoft.TestPlatform.Extensions.EventLogCollector.dll
C:\Program Files\dotnet\sdk\5.0.100-preview.3.20216.6\Extensions\Microsoft.TestPlatform.TestHostRuntimeProvider.dll
C:\Program Files\dotnet\sdk\5.0.100-preview.3.20216.6\Extensions\Microsoft.VisualStudio.TestPlatform.Extensions.Html.TestLogger.dll
C:\Program Files\dotnet\sdk\5.0.100-preview.3.20216.6\Extensions\Microsoft.VisualStudio.TestPlatform.Extensions.Trx.TestLogger.dll
C:\Users\grzeg\Repos\ProblemsWithExpectoTestSdk\ProblemsWithExpectoTestSdkFSharpCore46\bin\Debug\net472\expecto.visualstudio.testadapter.dll
TpTrace Information: 0 : 33160, 3, 2020/06/13, 02:12:15.852, 1021928519332, testhost.x86.exe, AssemblyResolver.AddSearchDirectories: Adding more searchDirectories C:\Program Files\dotnet\sdk\5.0.100-preview.3.20216.6\Extensions,C:\Program Files\dotnet\sdk\5.0.100-preview.3.20216.6\TestHost
TpTrace Information: 0 : 33160, 3, 2020/06/13, 02:12:15.852, 1021928522972, testhost.x86.exe, AssemblyResolver.AddSearchDirectories: Adding more searchDirectories C:\Program Files\dotnet\sdk\5.0.100-preview.3.20216.6\Extensions,C:\Program Files\dotnet\sdk\5.0.100-preview.3.20216.6\TestHost
TpTrace Information: 0 : 33160, 3, 2020/06/13, 02:12:15.852, 1021928525768, testhost.x86.exe, AssemblyResolver.AddSearchDirectories: Adding more searchDirectories C:\Program Files\dotnet\sdk\5.0.100-preview.3.20216.6\Extensions,C:\Program Files\dotnet\sdk\5.0.100-preview.3.20216.6\TestHost
TpTrace Information: 0 : 33160, 3, 2020/06/13, 02:12:15.853, 1021928528390, testhost.x86.exe, AssemblyResolver.AddSearchDirectories: Adding more searchDirectories C:\Program Files\dotnet\sdk\5.0.100-preview.3.20216.6\Extensions,C:\Program Files\dotnet\sdk\5.0.100-preview.3.20216.6\TestHost
TpTrace Information: 0 : 33160, 3, 2020/06/13, 02:12:15.853, 1021928531046, testhost.x86.exe, AssemblyResolver.AddSearchDirectories: Adding more searchDirectories C:\Program Files\dotnet\sdk\5.0.100-preview.3.20216.6\Extensions,C:\Program Files\dotnet\sdk\5.0.100-preview.3.20216.6\TestHost
TpTrace Information: 0 : 33160, 3, 2020/06/13, 02:12:15.853, 1021928533717, testhost.x86.exe, AssemblyResolver.AddSearchDirectories: Adding more searchDirectories C:\Users\grzeg\Repos\ProblemsWithExpectoTestSdk\ProblemsWithExpectoTestSdkFSharpCore46\bin\Debug\net472,C:\Program Files\dotnet\sdk\5.0.100-preview.3.20216.6\TestHost
TpTrace Information: 0 : 33160, 3, 2020/06/13, 02:12:15.866, 1021928662312, testhost.x86.exe, AssemblyResolver.OnResolve: Microsoft.TestPlatform.Extensions.BlameDataCollector: Resolving assembly.
TpTrace Verbose: 0 : 33160, 8, 2020/06/13, 02:12:15.873, 1021928732665, testhost.x86.exe, TcpClientExtensions.MessageLoopAsync: Polling on remoteEndPoint: 127.0.0.1:62995 localEndPoint: 127.0.0.1:62997
TpTrace Information: 0 : 33160, 3, 2020/06/13, 02:12:15.901, 1021929016324, testhost.x86.exe, AssemblyResolver.OnResolve: Microsoft.TestPlatform.Extensions.BlameDataCollector: Failed to load assembly. Reason:System.BadImageFormatException: Could not load file or assembly 'Microsoft.TestPlatform.Extensions.BlameDataCollector, Version=15.0.0.0, Culture=neutral, PublicKeyToken=b03f5f7f11d50a3a' or one of its dependencies. An attempt was made to load a program with an incorrect format.
File name: 'Microsoft.TestPlatform.Extensions.BlameDataCollector, Version=15.0.0.0, Culture=neutral, PublicKeyToken=b03f5f7f11d50a3a'
   at System.Reflection.RuntimeAssembly._nLoad(AssemblyName fileName, String codeBase, Evidence assemblySecurity, RuntimeAssembly locationHint, StackCrawlMark& stackMark, IntPtr pPrivHostBinder, Boolean throwOnFileNotFound, Boolean forIntrospection, Boolean suppressSecurityChecks)
   at System.Reflection.RuntimeAssembly.nLoad(AssemblyName fileName, String codeBase, Evidence assemblySecurity, RuntimeAssembly locationHint, StackCrawlMark& stackMark, IntPtr pPrivHostBinder, Boolean throwOnFileNotFound, Boolean forIntrospection, Boolean suppressSecurityChecks)
   at System.Reflection.RuntimeAssembly.InternalLoadAssemblyName(AssemblyName assemblyRef, Evidence assemblySecurity, RuntimeAssembly reqAssembly, StackCrawlMark& stackMark, IntPtr pPrivHostBinder, Boolean throwOnFileNotFound, Boolean forIntrospection, Boolean suppressSecurityChecks)
   at System.Reflection.RuntimeAssembly.InternalLoadFrom(String assemblyFile, Evidence securityEvidence, Byte[] hashValue, AssemblyHashAlgorithm hashAlgorithm, Boolean forIntrospection, Boolean suppressSecurityChecks, StackCrawlMark& stackMark)
   at System.Reflection.Assembly.LoadFrom(String assemblyFile)
   at Microsoft.VisualStudio.TestPlatform.PlatformAbstractions.PlatformAssemblyLoadContext.LoadAssemblyFromPath(String assemblyPath)
   at Microsoft.VisualStudio.TestPlatform.Common.Utilities.AssemblyResolver.OnResolve(Object sender, AssemblyResolveEventArgs args)

 
TpTrace Information: 0 : 33160, 3, 2020/06/13, 02:12:15.902, 1021929022376, testhost.x86.exe, AssemblyResolver.OnResolve: Microsoft.TestPlatform.Extensions.BlameDataCollector: Failed to load assembly.
TpTrace Verbose: 0 : 33160, 3, 2020/06/13, 02:12:15.903, 1021929031613, testhost.x86.exe, CurrentDomain_AssemblyResolve: Resolving assembly 'Microsoft.TestPlatform.Extensions.BlameDataCollector'.
TpTrace Information: 0 : 33160, 3, 2020/06/13, 02:12:15.903, 1021929035469, testhost.x86.exe, AssemblyResolver.OnResolve: Microsoft.TestPlatform.Extensions.BlameDataCollector: Resolving assembly.
TpTrace Information: 0 : 33160, 3, 2020/06/13, 02:12:15.904, 1021929037021, testhost.x86.exe, AssemblyResolver.OnResolve: Microsoft.TestPlatform.Extensions.BlameDataCollector: Resolved from cache.
TpTrace Verbose: 0 : 33160, 3, 2020/06/13, 02:12:15.904, 1021929038606, testhost.x86.exe, CurrentDomain_AssemblyResolve: Resolving assembly 'Microsoft.TestPlatform.Extensions.BlameDataCollector'.
TpTrace Verbose: 0 : 33160, 3, 2020/06/13, 02:12:15.904, 1021929039842, testhost.x86.exe, CurrentDomainAssemblyResolve: Failed to resolve assembly 'Microsoft.TestPlatform.Extensions.BlameDataCollector'.
TpTrace Verbose: 0 : 33160, 3, 2020/06/13, 02:12:15.904, 1021929042706, testhost.x86.exe, CurrentDomainAssemblyResolve: Failed to resolve assembly 'Microsoft.TestPlatform.Extensions.BlameDataCollector'.
TpTrace Warning: 0 : 33160, 3, 2020/06/13, 02:12:15.907, 1021929068092, testhost.x86.exe, TestPluginDiscoverer: Failed to load extensions from file 'C:\Program Files\dotnet\sdk\5.0.100-preview.3.20216.6\Extensions\Microsoft.TestPlatform.Extensions.BlameDataCollector.dll'.  Skipping test extension scan for this file.  Error: System.IO.FileNotFoundException: Could not load file or assembly 'Microsoft.TestPlatform.Extensions.BlameDataCollector' or one of its dependencies. The system cannot find the file specified.
File name: 'Microsoft.TestPlatform.Extensions.BlameDataCollector' ---> System.IO.FileNotFoundException: Could not load file or assembly 'Microsoft.TestPlatform.Extensions.BlameDataCollector' or one of its dependencies. The system cannot find the file specified.
File name: 'Microsoft.TestPlatform.Extensions.BlameDataCollector'
   at System.Reflection.RuntimeAssembly._nLoad(AssemblyName fileName, String codeBase, Evidence assemblySecurity, RuntimeAssembly locationHint, StackCrawlMark& stackMark, IntPtr pPrivHostBinder, Boolean throwOnFileNotFound, Boolean forIntrospection, Boolean suppressSecurityChecks)
   at System.Reflection.RuntimeAssembly.nLoad(AssemblyName fileName, String codeBase, Evidence assemblySecurity, RuntimeAssembly locationHint, StackCrawlMark& stackMark, IntPtr pPrivHostBinder, Boolean throwOnFileNotFound, Boolean forIntrospection, Boolean suppressSecurityChecks)
   at System.Reflection.RuntimeAssembly.InternalLoadAssemblyName(AssemblyName assemblyRef, Evidence assemblySecurity, RuntimeAssembly reqAssembly, StackCrawlMark& stackMark, IntPtr pPrivHostBinder, Boolean throwOnFileNotFound, Boolean forIntrospection, Boolean suppressSecurityChecks)
   at System.Reflection.Assembly.Load(AssemblyName assemblyRef)
   at Microsoft.VisualStudio.TestPlatform.Common.ExtensionFramework.TestPluginCache.CurrentDomainAssemblyResolve(Object sender, AssemblyResolveEventArgs args)
   at Microsoft.VisualStudio.TestPlatform.PlatformAbstractions.PlatformAssemblyResolver.AssemblyResolverEvent(Object sender, Object eventArgs)
   at System.AppDomain.OnAssemblyResolveEvent(RuntimeAssembly assembly, String assemblyFullName)

WRN: Assembly binding logging is turned OFF.
To enable assembly bind failure logging, set the registry value [HKLM\Software\Microsoft\Fusion!EnableLog] (DWORD) to 1.
Note: There is some performance penalty associated with assembly bind failure logging.
To turn this feature off, remove the registry value [HKLM\Software\Microsoft\Fusion!EnableLog].

   at System.Reflection.RuntimeAssembly._nLoad(AssemblyName fileName, String codeBase, Evidence assemblySecurity, RuntimeAssembly locationHint, StackCrawlMark& stackMark, IntPtr pPrivHostBinder, Boolean throwOnFileNotFound, Boolean forIntrospection, Boolean suppressSecurityChecks)
   at System.Reflection.RuntimeAssembly.nLoad(AssemblyName fileName, String codeBase, Evidence assemblySecurity, RuntimeAssembly locationHint, StackCrawlMark& stackMark, IntPtr pPrivHostBinder, Boolean throwOnFileNotFound, Boolean forIntrospection, Boolean suppressSecurityChecks)
   at System.Reflection.RuntimeAssembly.InternalLoadAssemblyName(AssemblyName assemblyRef, Evidence assemblySecurity, RuntimeAssembly reqAssembly, StackCrawlMark& stackMark, IntPtr pPrivHostBinder, Boolean throwOnFileNotFound, Boolean forIntrospection, Boolean suppressSecurityChecks)
   at System.Reflection.Assembly.Load(AssemblyName assemblyRef)
   at Microsoft.VisualStudio.TestPlatform.Common.ExtensionFramework.TestPluginDiscoverer.GetTestExtensionsFromFiles[TPluginInfo,TExtension](String[] files, Dictionary`2 pluginInfos)


TpTrace Information: 0 : 33160, 3, 2020/06/13, 02:12:15.908, 1021929083918, testhost.x86.exe, AssemblyResolver.OnResolve: Microsoft.TestPlatform.Extensions.EventLogCollector: Resolving assembly.
TpTrace Information: 0 : 33160, 3, 2020/06/13, 02:12:15.912, 1021929123603, testhost.x86.exe, AssemblyResolver.OnResolve: Resolved assembly: Microsoft.TestPlatform.Extensions.EventLogCollector, from path: C:\Program Files\dotnet\sdk\5.0.100-preview.3.20216.6\Extensions\Microsoft.TestPlatform.Extensions.EventLogCollector.dll
TpTrace Information: 0 : 33160, 3, 2020/06/13, 02:12:15.917, 1021929172037, testhost.x86.exe, AssemblyResolver.OnResolve: Microsoft.TestPlatform.TestHostRuntimeProvider: Resolving assembly.
TpTrace Information: 0 : 33160, 3, 2020/06/13, 02:12:15.923, 1021929226935, testhost.x86.exe, AssemblyResolver.OnResolve: Microsoft.TestPlatform.TestHostRuntimeProvider: Failed to load assembly. Reason:System.BadImageFormatException: Could not load file or assembly 'Microsoft.TestPlatform.TestHostRuntimeProvider, Version=15.0.0.0, Culture=neutral, PublicKeyToken=b03f5f7f11d50a3a' or one of its dependencies. An attempt was made to load a program with an incorrect format.
File name: 'Microsoft.TestPlatform.TestHostRuntimeProvider, Version=15.0.0.0, Culture=neutral, PublicKeyToken=b03f5f7f11d50a3a'
   at System.Reflection.RuntimeAssembly._nLoad(AssemblyName fileName, String codeBase, Evidence assemblySecurity, RuntimeAssembly locationHint, StackCrawlMark& stackMark, IntPtr pPrivHostBinder, Boolean throwOnFileNotFound, Boolean forIntrospection, Boolean suppressSecurityChecks)
   at System.Reflection.RuntimeAssembly.nLoad(AssemblyName fileName, String codeBase, Evidence assemblySecurity, RuntimeAssembly locationHint, StackCrawlMark& stackMark, IntPtr pPrivHostBinder, Boolean throwOnFileNotFound, Boolean forIntrospection, Boolean suppressSecurityChecks)
   at System.Reflection.RuntimeAssembly.InternalLoadAssemblyName(AssemblyName assemblyRef, Evidence assemblySecurity, RuntimeAssembly reqAssembly, StackCrawlMark& stackMark, IntPtr pPrivHostBinder, Boolean throwOnFileNotFound, Boolean forIntrospection, Boolean suppressSecurityChecks)
   at System.Reflection.RuntimeAssembly.InternalLoadFrom(String assemblyFile, Evidence securityEvidence, Byte[] hashValue, AssemblyHashAlgorithm hashAlgorithm, Boolean forIntrospection, Boolean suppressSecurityChecks, StackCrawlMark& stackMark)
   at System.Reflection.Assembly.LoadFrom(String assemblyFile)
   at Microsoft.VisualStudio.TestPlatform.PlatformAbstractions.PlatformAssemblyLoadContext.LoadAssemblyFromPath(String assemblyPath)
   at Microsoft.VisualStudio.TestPlatform.Common.Utilities.AssemblyResolver.OnResolve(Object sender, AssemblyResolveEventArgs args)

 
TpTrace Information: 0 : 33160, 3, 2020/06/13, 02:12:15.923, 1021929233033, testhost.x86.exe, AssemblyResolver.OnResolve: Microsoft.TestPlatform.TestHostRuntimeProvider: Failed to load assembly.
TpTrace Verbose: 0 : 33160, 3, 2020/06/13, 02:12:15.923, 1021929234880, testhost.x86.exe, CurrentDomain_AssemblyResolve: Resolving assembly 'Microsoft.TestPlatform.TestHostRuntimeProvider'.
TpTrace Information: 0 : 33160, 3, 2020/06/13, 02:12:15.924, 1021929238706, testhost.x86.exe, AssemblyResolver.OnResolve: Microsoft.TestPlatform.TestHostRuntimeProvider: Resolving assembly.
TpTrace Information: 0 : 33160, 3, 2020/06/13, 02:12:15.924, 1021929240149, testhost.x86.exe, AssemblyResolver.OnResolve: Microsoft.TestPlatform.TestHostRuntimeProvider: Resolved from cache.
TpTrace Verbose: 0 : 33160, 3, 2020/06/13, 02:12:15.924, 1021929241808, testhost.x86.exe, CurrentDomain_AssemblyResolve: Resolving assembly 'Microsoft.TestPlatform.TestHostRuntimeProvider'.
TpTrace Verbose: 0 : 33160, 3, 2020/06/13, 02:12:15.924, 1021929243101, testhost.x86.exe, CurrentDomainAssemblyResolve: Failed to resolve assembly 'Microsoft.TestPlatform.TestHostRuntimeProvider'.
TpTrace Verbose: 0 : 33160, 3, 2020/06/13, 02:12:15.924, 1021929245776, testhost.x86.exe, CurrentDomainAssemblyResolve: Failed to resolve assembly 'Microsoft.TestPlatform.TestHostRuntimeProvider'.
TpTrace Warning: 0 : 33160, 3, 2020/06/13, 02:12:15.925, 1021929251465, testhost.x86.exe, TestPluginDiscoverer: Failed to load extensions from file 'C:\Program Files\dotnet\sdk\5.0.100-preview.3.20216.6\Extensions\Microsoft.TestPlatform.TestHostRuntimeProvider.dll'.  Skipping test extension scan for this file.  Error: System.IO.FileNotFoundException: Could not load file or assembly 'Microsoft.TestPlatform.TestHostRuntimeProvider' or one of its dependencies. The system cannot find the file specified.
File name: 'Microsoft.TestPlatform.TestHostRuntimeProvider' ---> System.IO.FileNotFoundException: Could not load file or assembly 'Microsoft.TestPlatform.TestHostRuntimeProvider' or one of its dependencies. The system cannot find the file specified.
File name: 'Microsoft.TestPlatform.TestHostRuntimeProvider'
   at System.Reflection.RuntimeAssembly._nLoad(AssemblyName fileName, String codeBase, Evidence assemblySecurity, RuntimeAssembly locationHint, StackCrawlMark& stackMark, IntPtr pPrivHostBinder, Boolean throwOnFileNotFound, Boolean forIntrospection, Boolean suppressSecurityChecks)
   at System.Reflection.RuntimeAssembly.nLoad(AssemblyName fileName, String codeBase, Evidence assemblySecurity, RuntimeAssembly locationHint, StackCrawlMark& stackMark, IntPtr pPrivHostBinder, Boolean throwOnFileNotFound, Boolean forIntrospection, Boolean suppressSecurityChecks)
   at System.Reflection.RuntimeAssembly.InternalLoadAssemblyName(AssemblyName assemblyRef, Evidence assemblySecurity, RuntimeAssembly reqAssembly, StackCrawlMark& stackMark, IntPtr pPrivHostBinder, Boolean throwOnFileNotFound, Boolean forIntrospection, Boolean suppressSecurityChecks)
   at System.Reflection.Assembly.Load(AssemblyName assemblyRef)
   at Microsoft.VisualStudio.TestPlatform.Common.ExtensionFramework.TestPluginCache.CurrentDomainAssemblyResolve(Object sender, AssemblyResolveEventArgs args)
   at Microsoft.VisualStudio.TestPlatform.PlatformAbstractions.PlatformAssemblyResolver.AssemblyResolverEvent(Object sender, Object eventArgs)
   at System.AppDomain.OnAssemblyResolveEvent(RuntimeAssembly assembly, String assemblyFullName)

WRN: Assembly binding logging is turned OFF.
To enable assembly bind failure logging, set the registry value [HKLM\Software\Microsoft\Fusion!EnableLog] (DWORD) to 1.
Note: There is some performance penalty associated with assembly bind failure logging.
To turn this feature off, remove the registry value [HKLM\Software\Microsoft\Fusion!EnableLog].

   at System.Reflection.RuntimeAssembly._nLoad(AssemblyName fileName, String codeBase, Evidence assemblySecurity, RuntimeAssembly locationHint, StackCrawlMark& stackMark, IntPtr pPrivHostBinder, Boolean throwOnFileNotFound, Boolean forIntrospection, Boolean suppressSecurityChecks)
   at System.Reflection.RuntimeAssembly.nLoad(AssemblyName fileName, String codeBase, Evidence assemblySecurity, RuntimeAssembly locationHint, StackCrawlMark& stackMark, IntPtr pPrivHostBinder, Boolean throwOnFileNotFound, Boolean forIntrospection, Boolean suppressSecurityChecks)
   at System.Reflection.RuntimeAssembly.InternalLoadAssemblyName(AssemblyName assemblyRef, Evidence assemblySecurity, RuntimeAssembly reqAssembly, StackCrawlMark& stackMark, IntPtr pPrivHostBinder, Boolean throwOnFileNotFound, Boolean forIntrospection, Boolean suppressSecurityChecks)
   at System.Reflection.Assembly.Load(AssemblyName assemblyRef)
   at Microsoft.VisualStudio.TestPlatform.Common.ExtensionFramework.TestPluginDiscoverer.GetTestExtensionsFromFiles[TPluginInfo,TExtension](String[] files, Dictionary`2 pluginInfos)


TpTrace Information: 0 : 33160, 3, 2020/06/13, 02:12:15.926, 1021929265511, testhost.x86.exe, AssemblyResolver.OnResolve: Microsoft.VisualStudio.TestPlatform.Extensions.Html.TestLogger: Resolving assembly.
TpTrace Information: 0 : 33160, 3, 2020/06/13, 02:12:15.932, 1021929318924, testhost.x86.exe, AssemblyResolver.OnResolve: Microsoft.VisualStudio.TestPlatform.Extensions.Html.TestLogger: Failed to load assembly. Reason:System.BadImageFormatException: Could not load file or assembly 'Microsoft.VisualStudio.TestPlatform.Extensions.Html.TestLogger, Version=15.0.0.0, Culture=neutral, PublicKeyToken=b03f5f7f11d50a3a' or one of its dependencies. An attempt was made to load a program with an incorrect format.
File name: 'Microsoft.VisualStudio.TestPlatform.Extensions.Html.TestLogger, Version=15.0.0.0, Culture=neutral, PublicKeyToken=b03f5f7f11d50a3a'
   at System.Reflection.RuntimeAssembly._nLoad(AssemblyName fileName, String codeBase, Evidence assemblySecurity, RuntimeAssembly locationHint, StackCrawlMark& stackMark, IntPtr pPrivHostBinder, Boolean throwOnFileNotFound, Boolean forIntrospection, Boolean suppressSecurityChecks)
   at System.Reflection.RuntimeAssembly.nLoad(AssemblyName fileName, String codeBase, Evidence assemblySecurity, RuntimeAssembly locationHint, StackCrawlMark& stackMark, IntPtr pPrivHostBinder, Boolean throwOnFileNotFound, Boolean forIntrospection, Boolean suppressSecurityChecks)
   at System.Reflection.RuntimeAssembly.InternalLoadAssemblyName(AssemblyName assemblyRef, Evidence assemblySecurity, RuntimeAssembly reqAssembly, StackCrawlMark& stackMark, IntPtr pPrivHostBinder, Boolean throwOnFileNotFound, Boolean forIntrospection, Boolean suppressSecurityChecks)
   at System.Reflection.RuntimeAssembly.InternalLoadFrom(String assemblyFile, Evidence securityEvidence, Byte[] hashValue, AssemblyHashAlgorithm hashAlgorithm, Boolean forIntrospection, Boolean suppressSecurityChecks, StackCrawlMark& stackMark)
   at System.Reflection.Assembly.LoadFrom(String assemblyFile)
   at Microsoft.VisualStudio.TestPlatform.PlatformAbstractions.PlatformAssemblyLoadContext.LoadAssemblyFromPath(String assemblyPath)
   at Microsoft.VisualStudio.TestPlatform.Common.Utilities.AssemblyResolver.OnResolve(Object sender, AssemblyResolveEventArgs args)

 
TpTrace Information: 0 : 33160, 3, 2020/06/13, 02:12:15.932, 1021929325692, testhost.x86.exe, AssemblyResolver.OnResolve: Microsoft.VisualStudio.TestPlatform.Extensions.Html.TestLogger: Failed to load assembly.
TpTrace Verbose: 0 : 33160, 3, 2020/06/13, 02:12:15.933, 1021929327490, testhost.x86.exe, CurrentDomain_AssemblyResolve: Resolving assembly 'Microsoft.VisualStudio.TestPlatform.Extensions.Html.TestLogger'.
TpTrace Information: 0 : 33160, 3, 2020/06/13, 02:12:15.933, 1021929330849, testhost.x86.exe, AssemblyResolver.OnResolve: Microsoft.VisualStudio.TestPlatform.Extensions.Html.TestLogger: Resolving assembly.
TpTrace Information: 0 : 33160, 3, 2020/06/13, 02:12:15.933, 1021929332189, testhost.x86.exe, AssemblyResolver.OnResolve: Microsoft.VisualStudio.TestPlatform.Extensions.Html.TestLogger: Resolved from cache.
TpTrace Verbose: 0 : 33160, 3, 2020/06/13, 02:12:15.933, 1021929333496, testhost.x86.exe, CurrentDomain_AssemblyResolve: Resolving assembly 'Microsoft.VisualStudio.TestPlatform.Extensions.Html.TestLogger'.
TpTrace Verbose: 0 : 33160, 3, 2020/06/13, 02:12:15.933, 1021929334800, testhost.x86.exe, CurrentDomainAssemblyResolve: Failed to resolve assembly 'Microsoft.VisualStudio.TestPlatform.Extensions.Html.TestLogger'.
TpTrace Verbose: 0 : 33160, 3, 2020/06/13, 02:12:15.934, 1021929337286, testhost.x86.exe, CurrentDomainAssemblyResolve: Failed to resolve assembly 'Microsoft.VisualStudio.TestPlatform.Extensions.Html.TestLogger'.
TpTrace Warning: 0 : 33160, 3, 2020/06/13, 02:12:15.934, 1021929342781, testhost.x86.exe, TestPluginDiscoverer: Failed to load extensions from file 'C:\Program Files\dotnet\sdk\5.0.100-preview.3.20216.6\Extensions\Microsoft.VisualStudio.TestPlatform.Extensions.Html.TestLogger.dll'.  Skipping test extension scan for this file.  Error: System.IO.FileNotFoundException: Could not load file or assembly 'Microsoft.VisualStudio.TestPlatform.Extensions.Html.TestLogger' or one of its dependencies. The system cannot find the file specified.
File name: 'Microsoft.VisualStudio.TestPlatform.Extensions.Html.TestLogger' ---> System.IO.FileNotFoundException: Could not load file or assembly 'Microsoft.VisualStudio.TestPlatform.Extensions.Html.TestLogger' or one of its dependencies. The system cannot find the file specified.
File name: 'Microsoft.VisualStudio.TestPlatform.Extensions.Html.TestLogger'
   at System.Reflection.RuntimeAssembly._nLoad(AssemblyName fileName, String codeBase, Evidence assemblySecurity, RuntimeAssembly locationHint, StackCrawlMark& stackMark, IntPtr pPrivHostBinder, Boolean throwOnFileNotFound, Boolean forIntrospection, Boolean suppressSecurityChecks)
   at System.Reflection.RuntimeAssembly.nLoad(AssemblyName fileName, String codeBase, Evidence assemblySecurity, RuntimeAssembly locationHint, StackCrawlMark& stackMark, IntPtr pPrivHostBinder, Boolean throwOnFileNotFound, Boolean forIntrospection, Boolean suppressSecurityChecks)
   at System.Reflection.RuntimeAssembly.InternalLoadAssemblyName(AssemblyName assemblyRef, Evidence assemblySecurity, RuntimeAssembly reqAssembly, StackCrawlMark& stackMark, IntPtr pPrivHostBinder, Boolean throwOnFileNotFound, Boolean forIntrospection, Boolean suppressSecurityChecks)
   at System.Reflection.Assembly.Load(AssemblyName assemblyRef)
   at Microsoft.VisualStudio.TestPlatform.Common.ExtensionFramework.TestPluginCache.CurrentDomainAssemblyResolve(Object sender, AssemblyResolveEventArgs args)
   at Microsoft.VisualStudio.TestPlatform.PlatformAbstractions.PlatformAssemblyResolver.AssemblyResolverEvent(Object sender, Object eventArgs)
   at System.AppDomain.OnAssemblyResolveEvent(RuntimeAssembly assembly, String assemblyFullName)

WRN: Assembly binding logging is turned OFF.
To enable assembly bind failure logging, set the registry value [HKLM\Software\Microsoft\Fusion!EnableLog] (DWORD) to 1.
Note: There is some performance penalty associated with assembly bind failure logging.
To turn this feature off, remove the registry value [HKLM\Software\Microsoft\Fusion!EnableLog].

   at System.Reflection.RuntimeAssembly._nLoad(AssemblyName fileName, String codeBase, Evidence assemblySecurity, RuntimeAssembly locationHint, StackCrawlMark& stackMark, IntPtr pPrivHostBinder, Boolean throwOnFileNotFound, Boolean forIntrospection, Boolean suppressSecurityChecks)
   at System.Reflection.RuntimeAssembly.nLoad(AssemblyName fileName, String codeBase, Evidence assemblySecurity, RuntimeAssembly locationHint, StackCrawlMark& stackMark, IntPtr pPrivHostBinder, Boolean throwOnFileNotFound, Boolean forIntrospection, Boolean suppressSecurityChecks)
   at System.Reflection.RuntimeAssembly.InternalLoadAssemblyName(AssemblyName assemblyRef, Evidence assemblySecurity, RuntimeAssembly reqAssembly, StackCrawlMark& stackMark, IntPtr pPrivHostBinder, Boolean throwOnFileNotFound, Boolean forIntrospection, Boolean suppressSecurityChecks)
   at System.Reflection.Assembly.Load(AssemblyName assemblyRef)
   at Microsoft.VisualStudio.TestPlatform.Common.ExtensionFramework.TestPluginDiscoverer.GetTestExtensionsFromFiles[TPluginInfo,TExtension](String[] files, Dictionary`2 pluginInfos)


TpTrace Information: 0 : 33160, 3, 2020/06/13, 02:12:15.935, 1021929355875, testhost.x86.exe, AssemblyResolver.OnResolve: Microsoft.VisualStudio.TestPlatform.Extensions.Trx.TestLogger: Resolving assembly.
TpTrace Information: 0 : 33160, 3, 2020/06/13, 02:12:15.941, 1021929412956, testhost.x86.exe, AssemblyResolver.OnResolve: Microsoft.VisualStudio.TestPlatform.Extensions.Trx.TestLogger: Failed to load assembly. Reason:System.BadImageFormatException: Could not load file or assembly 'Microsoft.VisualStudio.TestPlatform.Extensions.Trx.TestLogger, Version=15.0.0.0, Culture=neutral, PublicKeyToken=b03f5f7f11d50a3a' or one of its dependencies. An attempt was made to load a program with an incorrect format.
File name: 'Microsoft.VisualStudio.TestPlatform.Extensions.Trx.TestLogger, Version=15.0.0.0, Culture=neutral, PublicKeyToken=b03f5f7f11d50a3a'
   at System.Reflection.RuntimeAssembly._nLoad(AssemblyName fileName, String codeBase, Evidence assemblySecurity, RuntimeAssembly locationHint, StackCrawlMark& stackMark, IntPtr pPrivHostBinder, Boolean throwOnFileNotFound, Boolean forIntrospection, Boolean suppressSecurityChecks)
   at System.Reflection.RuntimeAssembly.nLoad(AssemblyName fileName, String codeBase, Evidence assemblySecurity, RuntimeAssembly locationHint, StackCrawlMark& stackMark, IntPtr pPrivHostBinder, Boolean throwOnFileNotFound, Boolean forIntrospection, Boolean suppressSecurityChecks)
   at System.Reflection.RuntimeAssembly.InternalLoadAssemblyName(AssemblyName assemblyRef, Evidence assemblySecurity, RuntimeAssembly reqAssembly, StackCrawlMark& stackMark, IntPtr pPrivHostBinder, Boolean throwOnFileNotFound, Boolean forIntrospection, Boolean suppressSecurityChecks)
   at System.Reflection.RuntimeAssembly.InternalLoadFrom(String assemblyFile, Evidence securityEvidence, Byte[] hashValue, AssemblyHashAlgorithm hashAlgorithm, Boolean forIntrospection, Boolean suppressSecurityChecks, StackCrawlMark& stackMark)
   at System.Reflection.Assembly.LoadFrom(String assemblyFile)
   at Microsoft.VisualStudio.TestPlatform.PlatformAbstractions.PlatformAssemblyLoadContext.LoadAssemblyFromPath(String assemblyPath)
   at Microsoft.VisualStudio.TestPlatform.Common.Utilities.AssemblyResolver.OnResolve(Object sender, AssemblyResolveEventArgs args)

 
TpTrace Information: 0 : 33160, 3, 2020/06/13, 02:12:15.942, 1021929419509, testhost.x86.exe, AssemblyResolver.OnResolve: Microsoft.VisualStudio.TestPlatform.Extensions.Trx.TestLogger: Failed to load assembly.
TpTrace Verbose: 0 : 33160, 3, 2020/06/13, 02:12:15.942, 1021929421350, testhost.x86.exe, CurrentDomain_AssemblyResolve: Resolving assembly 'Microsoft.VisualStudio.TestPlatform.Extensions.Trx.TestLogger'.
TpTrace Information: 0 : 33160, 3, 2020/06/13, 02:12:15.942, 1021929424958, testhost.x86.exe, AssemblyResolver.OnResolve: Microsoft.VisualStudio.TestPlatform.Extensions.Trx.TestLogger: Resolving assembly.
TpTrace Information: 0 : 33160, 3, 2020/06/13, 02:12:15.942, 1021929426334, testhost.x86.exe, AssemblyResolver.OnResolve: Microsoft.VisualStudio.TestPlatform.Extensions.Trx.TestLogger: Resolved from cache.
TpTrace Verbose: 0 : 33160, 3, 2020/06/13, 02:12:15.943, 1021929427837, testhost.x86.exe, CurrentDomain_AssemblyResolve: Resolving assembly 'Microsoft.VisualStudio.TestPlatform.Extensions.Trx.TestLogger'.
TpTrace Verbose: 0 : 33160, 3, 2020/06/13, 02:12:15.943, 1021929429078, testhost.x86.exe, CurrentDomainAssemblyResolve: Failed to resolve assembly 'Microsoft.VisualStudio.TestPlatform.Extensions.Trx.TestLogger'.
TpTrace Verbose: 0 : 33160, 3, 2020/06/13, 02:12:15.943, 1021929431832, testhost.x86.exe, CurrentDomainAssemblyResolve: Failed to resolve assembly 'Microsoft.VisualStudio.TestPlatform.Extensions.Trx.TestLogger'.
TpTrace Warning: 0 : 33160, 3, 2020/06/13, 02:12:15.944, 1021929437761, testhost.x86.exe, TestPluginDiscoverer: Failed to load extensions from file 'C:\Program Files\dotnet\sdk\5.0.100-preview.3.20216.6\Extensions\Microsoft.VisualStudio.TestPlatform.Extensions.Trx.TestLogger.dll'.  Skipping test extension scan for this file.  Error: System.IO.FileNotFoundException: Could not load file or assembly 'Microsoft.VisualStudio.TestPlatform.Extensions.Trx.TestLogger' or one of its dependencies. The system cannot find the file specified.
File name: 'Microsoft.VisualStudio.TestPlatform.Extensions.Trx.TestLogger' ---> System.IO.FileNotFoundException: Could not load file or assembly 'Microsoft.VisualStudio.TestPlatform.Extensions.Trx.TestLogger' or one of its dependencies. The system cannot find the file specified.
File name: 'Microsoft.VisualStudio.TestPlatform.Extensions.Trx.TestLogger'
   at System.Reflection.RuntimeAssembly._nLoad(AssemblyName fileName, String codeBase, Evidence assemblySecurity, RuntimeAssembly locationHint, StackCrawlMark& stackMark, IntPtr pPrivHostBinder, Boolean throwOnFileNotFound, Boolean forIntrospection, Boolean suppressSecurityChecks)
   at System.Reflection.RuntimeAssembly.nLoad(AssemblyName fileName, String codeBase, Evidence assemblySecurity, RuntimeAssembly locationHint, StackCrawlMark& stackMark, IntPtr pPrivHostBinder, Boolean throwOnFileNotFound, Boolean forIntrospection, Boolean suppressSecurityChecks)
   at System.Reflection.RuntimeAssembly.InternalLoadAssemblyName(AssemblyName assemblyRef, Evidence assemblySecurity, RuntimeAssembly reqAssembly, StackCrawlMark& stackMark, IntPtr pPrivHostBinder, Boolean throwOnFileNotFound, Boolean forIntrospection, Boolean suppressSecurityChecks)
   at System.Reflection.Assembly.Load(AssemblyName assemblyRef)
   at Microsoft.VisualStudio.TestPlatform.Common.ExtensionFramework.TestPluginCache.CurrentDomainAssemblyResolve(Object sender, AssemblyResolveEventArgs args)
   at Microsoft.VisualStudio.TestPlatform.PlatformAbstractions.PlatformAssemblyResolver.AssemblyResolverEvent(Object sender, Object eventArgs)
   at System.AppDomain.OnAssemblyResolveEvent(RuntimeAssembly assembly, String assemblyFullName)

WRN: Assembly binding logging is turned OFF.
To enable assembly bind failure logging, set the registry value [HKLM\Software\Microsoft\Fusion!EnableLog] (DWORD) to 1.
Note: There is some performance penalty associated with assembly bind failure logging.
To turn this feature off, remove the registry value [HKLM\Software\Microsoft\Fusion!EnableLog].

   at System.Reflection.RuntimeAssembly._nLoad(AssemblyName fileName, String codeBase, Evidence assemblySecurity, RuntimeAssembly locationHint, StackCrawlMark& stackMark, IntPtr pPrivHostBinder, Boolean throwOnFileNotFound, Boolean forIntrospection, Boolean suppressSecurityChecks)
   at System.Reflection.RuntimeAssembly.nLoad(AssemblyName fileName, String codeBase, Evidence assemblySecurity, RuntimeAssembly locationHint, StackCrawlMark& stackMark, IntPtr pPrivHostBinder, Boolean throwOnFileNotFound, Boolean forIntrospection, Boolean suppressSecurityChecks)
   at System.Reflection.RuntimeAssembly.InternalLoadAssemblyName(AssemblyName assemblyRef, Evidence assemblySecurity, RuntimeAssembly reqAssembly, StackCrawlMark& stackMark, IntPtr pPrivHostBinder, Boolean throwOnFileNotFound, Boolean forIntrospection, Boolean suppressSecurityChecks)
   at System.Reflection.Assembly.Load(AssemblyName assemblyRef)
   at Microsoft.VisualStudio.TestPlatform.Common.ExtensionFramework.TestPluginDiscoverer.GetTestExtensionsFromFiles[TPluginInfo,TExtension](String[] files, Dictionary`2 pluginInfos)


TpTrace Information: 0 : 33160, 3, 2020/06/13, 02:12:15.945, 1021929451314, testhost.x86.exe, AssemblyResolver.OnResolve: expecto.visualstudio.testadapter: Resolving assembly.
TpTrace Information: 0 : 33160, 3, 2020/06/13, 02:12:15.950, 1021929500138, testhost.x86.exe, AssemblyResolver.OnResolve: Resolved assembly: expecto.visualstudio.testadapter, from path: C:\Users\grzeg\Repos\ProblemsWithExpectoTestSdk\ProblemsWithExpectoTestSdkFSharpCore46\bin\Debug\net472\expecto.visualstudio.testadapter.dll
TpTrace Verbose: 0 : 33160, 3, 2020/06/13, 02:12:16.000, 1021929999914, testhost.x86.exe, TestPluginCache: Discovered the extensions using extension path ''.
TpTrace Verbose: 0 : 33160, 3, 2020/06/13, 02:12:16.002, 1021930017686, testhost.x86.exe, TestPluginCache: Discoverers are ''.
TpTrace Verbose: 0 : 33160, 3, 2020/06/13, 02:12:16.002, 1021930019745, testhost.x86.exe, TestPluginCache: Executors are 'executor://yolodev/expecto'.
TpTrace Verbose: 0 : 33160, 3, 2020/06/13, 02:12:16.002, 1021930021131, testhost.x86.exe, TestPluginCache: Setting providers are ''.
TpTrace Verbose: 0 : 33160, 3, 2020/06/13, 02:12:16.002, 1021930022295, testhost.x86.exe, TestPluginCache: Loggers are ''.
TpTrace Information: 0 : 33160, 3, 2020/06/13, 02:12:16.030, 1021930303793, testhost.x86.exe, AssemblyResolver.OnResolve: expecto.visualstudio.testadapter, Version=1.0.0.0, Culture=neutral, PublicKeyToken=null: Resolving assembly.
TpTrace Information: 0 : 33160, 3, 2020/06/13, 02:12:16.032, 1021930318169, testhost.x86.exe, AssemblyResolver.OnResolve: Resolved assembly: expecto.visualstudio.testadapter, Version=1.0.0.0, Culture=neutral, PublicKeyToken=null, from path: C:\Users\grzeg\Repos\ProblemsWithExpectoTestSdk\ProblemsWithExpectoTestSdkFSharpCore46\bin\Debug\net472\expecto.visualstudio.testadapter.dll
TpTrace Information: 0 : 33160, 3, 2020/06/13, 02:12:16.033, 1021930330856, testhost.x86.exe, TestPluginManager.CreateTestExtension: Attempting to load test extension: YoloDev.Expecto.TestSdk.VsTestAdapter
TpTrace Verbose: 0 : 33160, 3, 2020/06/13, 02:12:16.033, 1021930334154, testhost.x86.exe, TestExecutorExtensionManager: Loading executor YoloDev.Expecto.TestSdk.VsTestAdapter
TpTrace Verbose: 0 : 33160, 3, 2020/06/13, 02:12:16.033, 1021930335618, testhost.x86.exe, TestExecutorService: Loaded the executors
TpTrace Verbose: 0 : 33160, 3, 2020/06/13, 02:12:16.035, 1021930354037, testhost.x86.exe, TestPluginCache.DiscoverTestExtensions: finding test extensions in assemblies ends with: TestAdapter.dll TPluginInfo: Microsoft.VisualStudio.TestPlatform.Common.ExtensionFramework.Utilities.TestSettingsProviderPluginInformation TExtension: Microsoft.VisualStudio.TestPlatform.ObjectModel.Adapter.ISettingsProvider
TpTrace Verbose: 0 : 33160, 3, 2020/06/13, 02:12:16.036, 1021930359638, testhost.x86.exe, TestPluginCache.GetExtensionPaths: Filtered extension paths: 
TpTrace Verbose: 0 : 33160, 3, 2020/06/13, 02:12:16.036, 1021930361496, testhost.x86.exe, TestPluginCache.GetExtensionPaths: Added default extension paths: C:\Program Files\dotnet\sdk\5.0.100-preview.3.20216.6\Extensions\Microsoft.TestPlatform.Extensions.BlameDataCollector.dll
C:\Program Files\dotnet\sdk\5.0.100-preview.3.20216.6\Extensions\Microsoft.TestPlatform.Extensions.EventLogCollector.dll
C:\Program Files\dotnet\sdk\5.0.100-preview.3.20216.6\Extensions\Microsoft.TestPlatform.TestHostRuntimeProvider.dll
C:\Program Files\dotnet\sdk\5.0.100-preview.3.20216.6\Extensions\Microsoft.VisualStudio.TestPlatform.Extensions.Html.TestLogger.dll
C:\Program Files\dotnet\sdk\5.0.100-preview.3.20216.6\Extensions\Microsoft.VisualStudio.TestPlatform.Extensions.Trx.TestLogger.dll
C:\Users\grzeg\Repos\ProblemsWithExpectoTestSdk\ProblemsWithExpectoTestSdkFSharpCore46\bin\Debug\net472\expecto.visualstudio.testadapter.dll
TpTrace Verbose: 0 : 33160, 3, 2020/06/13, 02:12:16.036, 1021930362932, testhost.x86.exe, TestPluginCache.GetExtensionPaths: Added unfilterableExtensionPaths: 
TpTrace Information: 0 : 33160, 3, 2020/06/13, 02:12:16.036, 1021930366711, testhost.x86.exe, AssemblyResolver.AddSearchDirectories: Adding more searchDirectories C:\Program Files\dotnet\sdk\5.0.100-preview.3.20216.6\Extensions,C:\Users\grzeg\Repos\ProblemsWithExpectoTestSdk\ProblemsWithExpectoTestSdkFSharpCore46\bin\Debug\net472,C:\Program Files\dotnet\sdk\5.0.100-preview.3.20216.6\TestHost
TpTrace Verbose: 0 : 33160, 3, 2020/06/13, 02:12:16.037, 1021930368783, testhost.x86.exe, TestPluginCache.DiscoverTestExtensions: Discovering the extensions using extension path.
TpTrace Verbose: 0 : 33160, 3, 2020/06/13, 02:12:16.037, 1021930370107, testhost.x86.exe, TestPluginCache.GetExtensionPaths: Filtered extension paths: 
TpTrace Verbose: 0 : 33160, 3, 2020/06/13, 02:12:16.037, 1021930371403, testhost.x86.exe, TestPluginCache.GetExtensionPaths: Added default extension paths: C:\Program Files\dotnet\sdk\5.0.100-preview.3.20216.6\Extensions\Microsoft.TestPlatform.Extensions.BlameDataCollector.dll
C:\Program Files\dotnet\sdk\5.0.100-preview.3.20216.6\Extensions\Microsoft.TestPlatform.Extensions.EventLogCollector.dll
C:\Program Files\dotnet\sdk\5.0.100-preview.3.20216.6\Extensions\Microsoft.TestPlatform.TestHostRuntimeProvider.dll
C:\Program Files\dotnet\sdk\5.0.100-preview.3.20216.6\Extensions\Microsoft.VisualStudio.TestPlatform.Extensions.Html.TestLogger.dll
C:\Program Files\dotnet\sdk\5.0.100-preview.3.20216.6\Extensions\Microsoft.VisualStudio.TestPlatform.Extensions.Trx.TestLogger.dll
C:\Users\grzeg\Repos\ProblemsWithExpectoTestSdk\ProblemsWithExpectoTestSdkFSharpCore46\bin\Debug\net472\expecto.visualstudio.testadapter.dll
TpTrace Verbose: 0 : 33160, 3, 2020/06/13, 02:12:16.037, 1021930372742, testhost.x86.exe, TestPluginCache.GetExtensionPaths: Added unfilterableExtensionPaths: 
TpTrace Verbose: 0 : 33160, 3, 2020/06/13, 02:12:16.037, 1021930374181, testhost.x86.exe, TestPluginCache.DiscoverTestExtensions: Discovering the extensions using allExtensionPaths: C:\Program Files\dotnet\sdk\5.0.100-preview.3.20216.6\Extensions\Microsoft.TestPlatform.Extensions.BlameDataCollector.dll
C:\Program Files\dotnet\sdk\5.0.100-preview.3.20216.6\Extensions\Microsoft.TestPlatform.Extensions.EventLogCollector.dll
C:\Program Files\dotnet\sdk\5.0.100-preview.3.20216.6\Extensions\Microsoft.TestPlatform.TestHostRuntimeProvider.dll
C:\Program Files\dotnet\sdk\5.0.100-preview.3.20216.6\Extensions\Microsoft.VisualStudio.TestPlatform.Extensions.Html.TestLogger.dll
C:\Program Files\dotnet\sdk\5.0.100-preview.3.20216.6\Extensions\Microsoft.VisualStudio.TestPlatform.Extensions.Trx.TestLogger.dll
C:\Users\grzeg\Repos\ProblemsWithExpectoTestSdk\ProblemsWithExpectoTestSdkFSharpCore46\bin\Debug\net472\expecto.visualstudio.testadapter.dll
TpTrace Information: 0 : 33160, 3, 2020/06/13, 02:12:16.037, 1021930376280, testhost.x86.exe, AssemblyResolver.AddSearchDirectories: Adding more searchDirectories C:\Program Files\dotnet\sdk\5.0.100-preview.3.20216.6\Extensions,C:\Program Files\dotnet\sdk\5.0.100-preview.3.20216.6\TestHost
TpTrace Information: 0 : 33160, 3, 2020/06/13, 02:12:16.038, 1021930378013, testhost.x86.exe, AssemblyResolver.AddSearchDirectories: Adding more searchDirectories C:\Program Files\dotnet\sdk\5.0.100-preview.3.20216.6\Extensions,C:\Program Files\dotnet\sdk\5.0.100-preview.3.20216.6\TestHost
TpTrace Information: 0 : 33160, 3, 2020/06/13, 02:12:16.038, 1021930379533, testhost.x86.exe, AssemblyResolver.AddSearchDirectories: Adding more searchDirectories C:\Program Files\dotnet\sdk\5.0.100-preview.3.20216.6\Extensions,C:\Program Files\dotnet\sdk\5.0.100-preview.3.20216.6\TestHost
TpTrace Information: 0 : 33160, 3, 2020/06/13, 02:12:16.038, 1021930380979, testhost.x86.exe, AssemblyResolver.AddSearchDirectories: Adding more searchDirectories C:\Program Files\dotnet\sdk\5.0.100-preview.3.20216.6\Extensions,C:\Program Files\dotnet\sdk\5.0.100-preview.3.20216.6\TestHost
TpTrace Information: 0 : 33160, 3, 2020/06/13, 02:12:16.038, 1021930382485, testhost.x86.exe, AssemblyResolver.AddSearchDirectories: Adding more searchDirectories C:\Program Files\dotnet\sdk\5.0.100-preview.3.20216.6\Extensions,C:\Program Files\dotnet\sdk\5.0.100-preview.3.20216.6\TestHost
TpTrace Information: 0 : 33160, 3, 2020/06/13, 02:12:16.038, 1021930383996, testhost.x86.exe, AssemblyResolver.AddSearchDirectories: Adding more searchDirectories C:\Users\grzeg\Repos\ProblemsWithExpectoTestSdk\ProblemsWithExpectoTestSdkFSharpCore46\bin\Debug\net472,C:\Program Files\dotnet\sdk\5.0.100-preview.3.20216.6\TestHost
TpTrace Warning: 0 : 33160, 3, 2020/06/13, 02:12:16.039, 1021930390086, testhost.x86.exe, TestPluginDiscoverer: Failed to load extensions from file 'C:\Program Files\dotnet\sdk\5.0.100-preview.3.20216.6\Extensions\Microsoft.TestPlatform.Extensions.BlameDataCollector.dll'.  Skipping test extension scan for this file.  Error: System.IO.FileNotFoundException: Could not load file or assembly 'Microsoft.TestPlatform.Extensions.BlameDataCollector' or one of its dependencies. The system cannot find the file specified.
File name: 'Microsoft.TestPlatform.Extensions.BlameDataCollector'
   at System.Reflection.RuntimeAssembly._nLoad(AssemblyName fileName, String codeBase, Evidence assemblySecurity, RuntimeAssembly locationHint, StackCrawlMark& stackMark, IntPtr pPrivHostBinder, Boolean throwOnFileNotFound, Boolean forIntrospection, Boolean suppressSecurityChecks)
   at System.Reflection.RuntimeAssembly.nLoad(AssemblyName fileName, String codeBase, Evidence assemblySecurity, RuntimeAssembly locationHint, StackCrawlMark& stackMark, IntPtr pPrivHostBinder, Boolean throwOnFileNotFound, Boolean forIntrospection, Boolean suppressSecurityChecks)
   at System.Reflection.RuntimeAssembly.InternalLoadAssemblyName(AssemblyName assemblyRef, Evidence assemblySecurity, RuntimeAssembly reqAssembly, StackCrawlMark& stackMark, IntPtr pPrivHostBinder, Boolean throwOnFileNotFound, Boolean forIntrospection, Boolean suppressSecurityChecks)
   at System.Reflection.Assembly.Load(AssemblyName assemblyRef)
   at Microsoft.VisualStudio.TestPlatform.Common.ExtensionFramework.TestPluginDiscoverer.GetTestExtensionsFromFiles[TPluginInfo,TExtension](String[] files, Dictionary`2 pluginInfos)

WRN: Assembly binding logging is turned OFF.
To enable assembly bind failure logging, set the registry value [HKLM\Software\Microsoft\Fusion!EnableLog] (DWORD) to 1.
Note: There is some performance penalty associated with assembly bind failure logging.
To turn this feature off, remove the registry value [HKLM\Software\Microsoft\Fusion!EnableLog].

TpTrace Warning: 0 : 33160, 3, 2020/06/13, 02:12:16.039, 1021930395069, testhost.x86.exe, TestPluginDiscoverer: Failed to load extensions from file 'C:\Program Files\dotnet\sdk\5.0.100-preview.3.20216.6\Extensions\Microsoft.TestPlatform.TestHostRuntimeProvider.dll'.  Skipping test extension scan for this file.  Error: System.IO.FileNotFoundException: Could not load file or assembly 'Microsoft.TestPlatform.TestHostRuntimeProvider' or one of its dependencies. The system cannot find the file specified.
File name: 'Microsoft.TestPlatform.TestHostRuntimeProvider'
   at System.Reflection.RuntimeAssembly._nLoad(AssemblyName fileName, String codeBase, Evidence assemblySecurity, RuntimeAssembly locationHint, StackCrawlMark& stackMark, IntPtr pPrivHostBinder, Boolean throwOnFileNotFound, Boolean forIntrospection, Boolean suppressSecurityChecks)
   at System.Reflection.RuntimeAssembly.nLoad(AssemblyName fileName, String codeBase, Evidence assemblySecurity, RuntimeAssembly locationHint, StackCrawlMark& stackMark, IntPtr pPrivHostBinder, Boolean throwOnFileNotFound, Boolean forIntrospection, Boolean suppressSecurityChecks)
   at System.Reflection.RuntimeAssembly.InternalLoadAssemblyName(AssemblyName assemblyRef, Evidence assemblySecurity, RuntimeAssembly reqAssembly, StackCrawlMark& stackMark, IntPtr pPrivHostBinder, Boolean throwOnFileNotFound, Boolean forIntrospection, Boolean suppressSecurityChecks)
   at System.Reflection.Assembly.Load(AssemblyName assemblyRef)
   at Microsoft.VisualStudio.TestPlatform.Common.ExtensionFramework.TestPluginDiscoverer.GetTestExtensionsFromFiles[TPluginInfo,TExtension](String[] files, Dictionary`2 pluginInfos)

WRN: Assembly binding logging is turned OFF.
To enable assembly bind failure logging, set the registry value [HKLM\Software\Microsoft\Fusion!EnableLog] (DWORD) to 1.
Note: There is some performance penalty associated with assembly bind failure logging.
To turn this feature off, remove the registry value [HKLM\Software\Microsoft\Fusion!EnableLog].

TpTrace Warning: 0 : 33160, 3, 2020/06/13, 02:12:16.040, 1021930399786, testhost.x86.exe, TestPluginDiscoverer: Failed to load extensions from file 'C:\Program Files\dotnet\sdk\5.0.100-preview.3.20216.6\Extensions\Microsoft.VisualStudio.TestPlatform.Extensions.Html.TestLogger.dll'.  Skipping test extension scan for this file.  Error: System.IO.FileNotFoundException: Could not load file or assembly 'Microsoft.VisualStudio.TestPlatform.Extensions.Html.TestLogger' or one of its dependencies. The system cannot find the file specified.
File name: 'Microsoft.VisualStudio.TestPlatform.Extensions.Html.TestLogger'
   at System.Reflection.RuntimeAssembly._nLoad(AssemblyName fileName, String codeBase, Evidence assemblySecurity, RuntimeAssembly locationHint, StackCrawlMark& stackMark, IntPtr pPrivHostBinder, Boolean throwOnFileNotFound, Boolean forIntrospection, Boolean suppressSecurityChecks)
   at System.Reflection.RuntimeAssembly.nLoad(AssemblyName fileName, String codeBase, Evidence assemblySecurity, RuntimeAssembly locationHint, StackCrawlMark& stackMark, IntPtr pPrivHostBinder, Boolean throwOnFileNotFound, Boolean forIntrospection, Boolean suppressSecurityChecks)
   at System.Reflection.RuntimeAssembly.InternalLoadAssemblyName(AssemblyName assemblyRef, Evidence assemblySecurity, RuntimeAssembly reqAssembly, StackCrawlMark& stackMark, IntPtr pPrivHostBinder, Boolean throwOnFileNotFound, Boolean forIntrospection, Boolean suppressSecurityChecks)
   at System.Reflection.Assembly.Load(AssemblyName assemblyRef)
   at Microsoft.VisualStudio.TestPlatform.Common.ExtensionFramework.TestPluginDiscoverer.GetTestExtensionsFromFiles[TPluginInfo,TExtension](String[] files, Dictionary`2 pluginInfos)

WRN: Assembly binding logging is turned OFF.
To enable assembly bind failure logging, set the registry value [HKLM\Software\Microsoft\Fusion!EnableLog] (DWORD) to 1.
Note: There is some performance penalty associated with assembly bind failure logging.
To turn this feature off, remove the registry value [HKLM\Software\Microsoft\Fusion!EnableLog].

TpTrace Warning: 0 : 33160, 3, 2020/06/13, 02:12:16.040, 1021930403824, testhost.x86.exe, TestPluginDiscoverer: Failed to load extensions from file 'C:\Program Files\dotnet\sdk\5.0.100-preview.3.20216.6\Extensions\Microsoft.VisualStudio.TestPlatform.Extensions.Trx.TestLogger.dll'.  Skipping test extension scan for this file.  Error: System.IO.FileNotFoundException: Could not load file or assembly 'Microsoft.VisualStudio.TestPlatform.Extensions.Trx.TestLogger' or one of its dependencies. The system cannot find the file specified.
File name: 'Microsoft.VisualStudio.TestPlatform.Extensions.Trx.TestLogger'
   at System.Reflection.RuntimeAssembly._nLoad(AssemblyName fileName, String codeBase, Evidence assemblySecurity, RuntimeAssembly locationHint, StackCrawlMark& stackMark, IntPtr pPrivHostBinder, Boolean throwOnFileNotFound, Boolean forIntrospection, Boolean suppressSecurityChecks)
   at System.Reflection.RuntimeAssembly.nLoad(AssemblyName fileName, String codeBase, Evidence assemblySecurity, RuntimeAssembly locationHint, StackCrawlMark& stackMark, IntPtr pPrivHostBinder, Boolean throwOnFileNotFound, Boolean forIntrospection, Boolean suppressSecurityChecks)
   at System.Reflection.RuntimeAssembly.InternalLoadAssemblyName(AssemblyName assemblyRef, Evidence assemblySecurity, RuntimeAssembly reqAssembly, StackCrawlMark& stackMark, IntPtr pPrivHostBinder, Boolean throwOnFileNotFound, Boolean forIntrospection, Boolean suppressSecurityChecks)
   at System.Reflection.Assembly.Load(AssemblyName assemblyRef)
   at Microsoft.VisualStudio.TestPlatform.Common.ExtensionFramework.TestPluginDiscoverer.GetTestExtensionsFromFiles[TPluginInfo,TExtension](String[] files, Dictionary`2 pluginInfos)

WRN: Assembly binding logging is turned OFF.
To enable assembly bind failure logging, set the registry value [HKLM\Software\Microsoft\Fusion!EnableLog] (DWORD) to 1.
Note: There is some performance penalty associated with assembly bind failure logging.
To turn this feature off, remove the registry value [HKLM\Software\Microsoft\Fusion!EnableLog].

TpTrace Verbose: 0 : 33160, 3, 2020/06/13, 02:12:16.041, 1021930407599, testhost.x86.exe, TestPluginCache: Discovered the extensions using extension path ''.
TpTrace Verbose: 0 : 33160, 3, 2020/06/13, 02:12:16.041, 1021930410867, testhost.x86.exe, TestPluginCache: Discoverers are ''.
TpTrace Verbose: 0 : 33160, 3, 2020/06/13, 02:12:16.041, 1021930412288, testhost.x86.exe, TestPluginCache: Executors are 'executor://yolodev/expecto'.
TpTrace Verbose: 0 : 33160, 3, 2020/06/13, 02:12:16.041, 1021930413663, testhost.x86.exe, TestPluginCache: Setting providers are ''.
TpTrace Verbose: 0 : 33160, 3, 2020/06/13, 02:12:16.041, 1021930415682, testhost.x86.exe, TestPluginCache: Loggers are ''.
TpTrace Verbose: 0 : 33160, 3, 2020/06/13, 02:12:16.043, 1021930432075, testhost.x86.exe, TestExecutorService: Loaded the settings providers
TpTrace Information: 0 : 33160, 3, 2020/06/13, 02:12:16.043, 1021930433783, testhost.x86.exe, TestExecutorService: Loaded the extensions
TpTrace Information: 0 : 33160, 3, 2020/06/13, 02:12:16.163, 1021931627396, testhost.x86.exe, TestDiscoveryManager: Discovering tests from sources C:\Users\grzeg\Repos\ProblemsWithExpectoTestSdk\ProblemsWithExpectoTestSdkFSharpCore46\bin\Debug\net472\ProblemsWithExpectoTestSdkFSharpCore46.exe
TpTrace Verbose: 0 : 33160, 3, 2020/06/13, 02:12:16.166, 1021931660817, testhost.x86.exe, TestPluginCache.DiscoverTestExtensions: finding test extensions in assemblies ends with: TestAdapter.dll TPluginInfo: Microsoft.VisualStudio.TestPlatform.Common.ExtensionFramework.Utilities.TestDiscovererPluginInformation TExtension: Microsoft.VisualStudio.TestPlatform.ObjectModel.Adapter.ITestDiscoverer
TpTrace Verbose: 0 : 33160, 3, 2020/06/13, 02:12:16.166, 1021931662912, testhost.x86.exe, TestPluginCache.GetExtensionPaths: Filtered extension paths: 
TpTrace Verbose: 0 : 33160, 3, 2020/06/13, 02:12:16.166, 1021931664421, testhost.x86.exe, TestPluginCache.GetExtensionPaths: Added default extension paths: C:\Program Files\dotnet\sdk\5.0.100-preview.3.20216.6\Extensions\Microsoft.TestPlatform.Extensions.BlameDataCollector.dll
C:\Program Files\dotnet\sdk\5.0.100-preview.3.20216.6\Extensions\Microsoft.TestPlatform.Extensions.EventLogCollector.dll
C:\Program Files\dotnet\sdk\5.0.100-preview.3.20216.6\Extensions\Microsoft.TestPlatform.TestHostRuntimeProvider.dll
C:\Program Files\dotnet\sdk\5.0.100-preview.3.20216.6\Extensions\Microsoft.VisualStudio.TestPlatform.Extensions.Html.TestLogger.dll
C:\Program Files\dotnet\sdk\5.0.100-preview.3.20216.6\Extensions\Microsoft.VisualStudio.TestPlatform.Extensions.Trx.TestLogger.dll
C:\Users\grzeg\Repos\ProblemsWithExpectoTestSdk\ProblemsWithExpectoTestSdkFSharpCore46\bin\Debug\net472\expecto.visualstudio.testadapter.dll
TpTrace Verbose: 0 : 33160, 3, 2020/06/13, 02:12:16.166, 1021931666727, testhost.x86.exe, TestPluginCache.GetExtensionPaths: Added unfilterableExtensionPaths: 
TpTrace Information: 0 : 33160, 3, 2020/06/13, 02:12:16.167, 1021931670360, testhost.x86.exe, AssemblyResolver.AddSearchDirectories: Adding more searchDirectories C:\Program Files\dotnet\sdk\5.0.100-preview.3.20216.6\Extensions,C:\Users\grzeg\Repos\ProblemsWithExpectoTestSdk\ProblemsWithExpectoTestSdkFSharpCore46\bin\Debug\net472,C:\Program Files\dotnet\sdk\5.0.100-preview.3.20216.6\TestHost
TpTrace Verbose: 0 : 33160, 3, 2020/06/13, 02:12:16.167, 1021931671865, testhost.x86.exe, TestPluginCache.DiscoverTestExtensions: Discovering the extensions using extension path.
TpTrace Verbose: 0 : 33160, 3, 2020/06/13, 02:12:16.167, 1021931673089, testhost.x86.exe, TestPluginCache.GetExtensionPaths: Filtered extension paths: 
TpTrace Verbose: 0 : 33160, 3, 2020/06/13, 02:12:16.167, 1021931674366, testhost.x86.exe, TestPluginCache.GetExtensionPaths: Added default extension paths: C:\Program Files\dotnet\sdk\5.0.100-preview.3.20216.6\Extensions\Microsoft.TestPlatform.Extensions.BlameDataCollector.dll
C:\Program Files\dotnet\sdk\5.0.100-preview.3.20216.6\Extensions\Microsoft.TestPlatform.Extensions.EventLogCollector.dll
C:\Program Files\dotnet\sdk\5.0.100-preview.3.20216.6\Extensions\Microsoft.TestPlatform.TestHostRuntimeProvider.dll
C:\Program Files\dotnet\sdk\5.0.100-preview.3.20216.6\Extensions\Microsoft.VisualStudio.TestPlatform.Extensions.Html.TestLogger.dll
C:\Program Files\dotnet\sdk\5.0.100-preview.3.20216.6\Extensions\Microsoft.VisualStudio.TestPlatform.Extensions.Trx.TestLogger.dll
C:\Users\grzeg\Repos\ProblemsWithExpectoTestSdk\ProblemsWithExpectoTestSdkFSharpCore46\bin\Debug\net472\expecto.visualstudio.testadapter.dll
TpTrace Verbose: 0 : 33160, 3, 2020/06/13, 02:12:16.167, 1021931675762, testhost.x86.exe, TestPluginCache.GetExtensionPaths: Added unfilterableExtensionPaths: 
TpTrace Verbose: 0 : 33160, 3, 2020/06/13, 02:12:16.168, 1021931677153, testhost.x86.exe, TestPluginCache.DiscoverTestExtensions: Discovering the extensions using allExtensionPaths: C:\Program Files\dotnet\sdk\5.0.100-preview.3.20216.6\Extensions\Microsoft.TestPlatform.Extensions.BlameDataCollector.dll
C:\Program Files\dotnet\sdk\5.0.100-preview.3.20216.6\Extensions\Microsoft.TestPlatform.Extensions.EventLogCollector.dll
C:\Program Files\dotnet\sdk\5.0.100-preview.3.20216.6\Extensions\Microsoft.TestPlatform.TestHostRuntimeProvider.dll
C:\Program Files\dotnet\sdk\5.0.100-preview.3.20216.6\Extensions\Microsoft.VisualStudio.TestPlatform.Extensions.Html.TestLogger.dll
C:\Program Files\dotnet\sdk\5.0.100-preview.3.20216.6\Extensions\Microsoft.VisualStudio.TestPlatform.Extensions.Trx.TestLogger.dll
C:\Users\grzeg\Repos\ProblemsWithExpectoTestSdk\ProblemsWithExpectoTestSdkFSharpCore46\bin\Debug\net472\expecto.visualstudio.testadapter.dll
TpTrace Information: 0 : 33160, 3, 2020/06/13, 02:12:16.168, 1021931679069, testhost.x86.exe, AssemblyResolver.AddSearchDirectories: Adding more searchDirectories C:\Program Files\dotnet\sdk\5.0.100-preview.3.20216.6\Extensions,C:\Program Files\dotnet\sdk\5.0.100-preview.3.20216.6\TestHost
TpTrace Information: 0 : 33160, 3, 2020/06/13, 02:12:16.168, 1021931680723, testhost.x86.exe, AssemblyResolver.AddSearchDirectories: Adding more searchDirectories C:\Program Files\dotnet\sdk\5.0.100-preview.3.20216.6\Extensions,C:\Program Files\dotnet\sdk\5.0.100-preview.3.20216.6\TestHost
TpTrace Information: 0 : 33160, 3, 2020/06/13, 02:12:16.168, 1021931682210, testhost.x86.exe, AssemblyResolver.AddSearchDirectories: Adding more searchDirectories C:\Program Files\dotnet\sdk\5.0.100-preview.3.20216.6\Extensions,C:\Program Files\dotnet\sdk\5.0.100-preview.3.20216.6\TestHost
TpTrace Information: 0 : 33160, 3, 2020/06/13, 02:12:16.168, 1021931683663, testhost.x86.exe, AssemblyResolver.AddSearchDirectories: Adding more searchDirectories C:\Program Files\dotnet\sdk\5.0.100-preview.3.20216.6\Extensions,C:\Program Files\dotnet\sdk\5.0.100-preview.3.20216.6\TestHost
TpTrace Information: 0 : 33160, 3, 2020/06/13, 02:12:16.168, 1021931685194, testhost.x86.exe, AssemblyResolver.AddSearchDirectories: Adding more searchDirectories C:\Program Files\dotnet\sdk\5.0.100-preview.3.20216.6\Extensions,C:\Program Files\dotnet\sdk\5.0.100-preview.3.20216.6\TestHost
TpTrace Information: 0 : 33160, 3, 2020/06/13, 02:12:16.168, 1021931686694, testhost.x86.exe, AssemblyResolver.AddSearchDirectories: Adding more searchDirectories C:\Users\grzeg\Repos\ProblemsWithExpectoTestSdk\ProblemsWithExpectoTestSdkFSharpCore46\bin\Debug\net472,C:\Program Files\dotnet\sdk\5.0.100-preview.3.20216.6\TestHost
TpTrace Warning: 0 : 33160, 3, 2020/06/13, 02:12:16.169, 1021931694394, testhost.x86.exe, TestPluginDiscoverer: Failed to load extensions from file 'C:\Program Files\dotnet\sdk\5.0.100-preview.3.20216.6\Extensions\Microsoft.TestPlatform.Extensions.BlameDataCollector.dll'.  Skipping test extension scan for this file.  Error: System.IO.FileNotFoundException: Could not load file or assembly 'Microsoft.TestPlatform.Extensions.BlameDataCollector' or one of its dependencies. The system cannot find the file specified.
File name: 'Microsoft.TestPlatform.Extensions.BlameDataCollector'
   at System.Reflection.RuntimeAssembly._nLoad(AssemblyName fileName, String codeBase, Evidence assemblySecurity, RuntimeAssembly locationHint, StackCrawlMark& stackMark, IntPtr pPrivHostBinder, Boolean throwOnFileNotFound, Boolean forIntrospection, Boolean suppressSecurityChecks)
   at System.Reflection.RuntimeAssembly.nLoad(AssemblyName fileName, String codeBase, Evidence assemblySecurity, RuntimeAssembly locationHint, StackCrawlMark& stackMark, IntPtr pPrivHostBinder, Boolean throwOnFileNotFound, Boolean forIntrospection, Boolean suppressSecurityChecks)
   at System.Reflection.RuntimeAssembly.InternalLoadAssemblyName(AssemblyName assemblyRef, Evidence assemblySecurity, RuntimeAssembly reqAssembly, StackCrawlMark& stackMark, IntPtr pPrivHostBinder, Boolean throwOnFileNotFound, Boolean forIntrospection, Boolean suppressSecurityChecks)
   at System.Reflection.Assembly.Load(AssemblyName assemblyRef)
   at Microsoft.VisualStudio.TestPlatform.Common.ExtensionFramework.TestPluginDiscoverer.GetTestExtensionsFromFiles[TPluginInfo,TExtension](String[] files, Dictionary`2 pluginInfos)

WRN: Assembly binding logging is turned OFF.
To enable assembly bind failure logging, set the registry value [HKLM\Software\Microsoft\Fusion!EnableLog] (DWORD) to 1.
Note: There is some performance penalty associated with assembly bind failure logging.
To turn this feature off, remove the registry value [HKLM\Software\Microsoft\Fusion!EnableLog].

TpTrace Warning: 0 : 33160, 3, 2020/06/13, 02:12:16.170, 1021931701328, testhost.x86.exe, TestPluginDiscoverer: Failed to load extensions from file 'C:\Program Files\dotnet\sdk\5.0.100-preview.3.20216.6\Extensions\Microsoft.TestPlatform.TestHostRuntimeProvider.dll'.  Skipping test extension scan for this file.  Error: System.IO.FileNotFoundException: Could not load file or assembly 'Microsoft.TestPlatform.TestHostRuntimeProvider' or one of its dependencies. The system cannot find the file specified.
File name: 'Microsoft.TestPlatform.TestHostRuntimeProvider'
   at System.Reflection.RuntimeAssembly._nLoad(AssemblyName fileName, String codeBase, Evidence assemblySecurity, RuntimeAssembly locationHint, StackCrawlMark& stackMark, IntPtr pPrivHostBinder, Boolean throwOnFileNotFound, Boolean forIntrospection, Boolean suppressSecurityChecks)
   at System.Reflection.RuntimeAssembly.nLoad(AssemblyName fileName, String codeBase, Evidence assemblySecurity, RuntimeAssembly locationHint, StackCrawlMark& stackMark, IntPtr pPrivHostBinder, Boolean throwOnFileNotFound, Boolean forIntrospection, Boolean suppressSecurityChecks)
   at System.Reflection.RuntimeAssembly.InternalLoadAssemblyName(AssemblyName assemblyRef, Evidence assemblySecurity, RuntimeAssembly reqAssembly, StackCrawlMark& stackMark, IntPtr pPrivHostBinder, Boolean throwOnFileNotFound, Boolean forIntrospection, Boolean suppressSecurityChecks)
   at System.Reflection.Assembly.Load(AssemblyName assemblyRef)
   at Microsoft.VisualStudio.TestPlatform.Common.ExtensionFramework.TestPluginDiscoverer.GetTestExtensionsFromFiles[TPluginInfo,TExtension](String[] files, Dictionary`2 pluginInfos)

WRN: Assembly binding logging is turned OFF.
To enable assembly bind failure logging, set the registry value [HKLM\Software\Microsoft\Fusion!EnableLog] (DWORD) to 1.
Note: There is some performance penalty associated with assembly bind failure logging.
To turn this feature off, remove the registry value [HKLM\Software\Microsoft\Fusion!EnableLog].

TpTrace Warning: 0 : 33160, 3, 2020/06/13, 02:12:16.170, 1021931705845, testhost.x86.exe, TestPluginDiscoverer: Failed to load extensions from file 'C:\Program Files\dotnet\sdk\5.0.100-preview.3.20216.6\Extensions\Microsoft.VisualStudio.TestPlatform.Extensions.Html.TestLogger.dll'.  Skipping test extension scan for this file.  Error: System.IO.FileNotFoundException: Could not load file or assembly 'Microsoft.VisualStudio.TestPlatform.Extensions.Html.TestLogger' or one of its dependencies. The system cannot find the file specified.
File name: 'Microsoft.VisualStudio.TestPlatform.Extensions.Html.TestLogger'
   at System.Reflection.RuntimeAssembly._nLoad(AssemblyName fileName, String codeBase, Evidence assemblySecurity, RuntimeAssembly locationHint, StackCrawlMark& stackMark, IntPtr pPrivHostBinder, Boolean throwOnFileNotFound, Boolean forIntrospection, Boolean suppressSecurityChecks)
   at System.Reflection.RuntimeAssembly.nLoad(AssemblyName fileName, String codeBase, Evidence assemblySecurity, RuntimeAssembly locationHint, StackCrawlMark& stackMark, IntPtr pPrivHostBinder, Boolean throwOnFileNotFound, Boolean forIntrospection, Boolean suppressSecurityChecks)
   at System.Reflection.RuntimeAssembly.InternalLoadAssemblyName(AssemblyName assemblyRef, Evidence assemblySecurity, RuntimeAssembly reqAssembly, StackCrawlMark& stackMark, IntPtr pPrivHostBinder, Boolean throwOnFileNotFound, Boolean forIntrospection, Boolean suppressSecurityChecks)
   at System.Reflection.Assembly.Load(AssemblyName assemblyRef)
   at Microsoft.VisualStudio.TestPlatform.Common.ExtensionFramework.TestPluginDiscoverer.GetTestExtensionsFromFiles[TPluginInfo,TExtension](String[] files, Dictionary`2 pluginInfos)

WRN: Assembly binding logging is turned OFF.
To enable assembly bind failure logging, set the registry value [HKLM\Software\Microsoft\Fusion!EnableLog] (DWORD) to 1.
Note: There is some performance penalty associated with assembly bind failure logging.
To turn this feature off, remove the registry value [HKLM\Software\Microsoft\Fusion!EnableLog].

TpTrace Warning: 0 : 33160, 3, 2020/06/13, 02:12:16.171, 1021931710470, testhost.x86.exe, TestPluginDiscoverer: Failed to load extensions from file 'C:\Program Files\dotnet\sdk\5.0.100-preview.3.20216.6\Extensions\Microsoft.VisualStudio.TestPlatform.Extensions.Trx.TestLogger.dll'.  Skipping test extension scan for this file.  Error: System.IO.FileNotFoundException: Could not load file or assembly 'Microsoft.VisualStudio.TestPlatform.Extensions.Trx.TestLogger' or one of its dependencies. The system cannot find the file specified.
File name: 'Microsoft.VisualStudio.TestPlatform.Extensions.Trx.TestLogger'
   at System.Reflection.RuntimeAssembly._nLoad(AssemblyName fileName, String codeBase, Evidence assemblySecurity, RuntimeAssembly locationHint, StackCrawlMark& stackMark, IntPtr pPrivHostBinder, Boolean throwOnFileNotFound, Boolean forIntrospection, Boolean suppressSecurityChecks)
   at System.Reflection.RuntimeAssembly.nLoad(AssemblyName fileName, String codeBase, Evidence assemblySecurity, RuntimeAssembly locationHint, StackCrawlMark& stackMark, IntPtr pPrivHostBinder, Boolean throwOnFileNotFound, Boolean forIntrospection, Boolean suppressSecurityChecks)
   at System.Reflection.RuntimeAssembly.InternalLoadAssemblyName(AssemblyName assemblyRef, Evidence assemblySecurity, RuntimeAssembly reqAssembly, StackCrawlMark& stackMark, IntPtr pPrivHostBinder, Boolean throwOnFileNotFound, Boolean forIntrospection, Boolean suppressSecurityChecks)
   at System.Reflection.Assembly.Load(AssemblyName assemblyRef)
   at Microsoft.VisualStudio.TestPlatform.Common.ExtensionFramework.TestPluginDiscoverer.GetTestExtensionsFromFiles[TPluginInfo,TExtension](String[] files, Dictionary`2 pluginInfos)

WRN: Assembly binding logging is turned OFF.
To enable assembly bind failure logging, set the registry value [HKLM\Software\Microsoft\Fusion!EnableLog] (DWORD) to 1.
Note: There is some performance penalty associated with assembly bind failure logging.
To turn this feature off, remove the registry value [HKLM\Software\Microsoft\Fusion!EnableLog].

TpTrace Verbose: 0 : 33160, 3, 2020/06/13, 02:12:16.174, 1021931737624, testhost.x86.exe, TestPluginCache: Discovered the extensions using extension path ''.
TpTrace Verbose: 0 : 33160, 3, 2020/06/13, 02:12:16.174, 1021931739581, testhost.x86.exe, TestPluginCache: Discoverers are 'YoloDev.Expecto.TestSdk.VsTestAdapter, expecto.visualstudio.testadapter, Version=1.0.0.0, Culture=neutral, PublicKeyToken=null'.
TpTrace Verbose: 0 : 33160, 3, 2020/06/13, 02:12:16.174, 1021931740966, testhost.x86.exe, TestPluginCache: Executors are 'executor://yolodev/expecto'.
TpTrace Verbose: 0 : 33160, 3, 2020/06/13, 02:12:16.174, 1021931742185, testhost.x86.exe, TestPluginCache: Setting providers are ''.
TpTrace Verbose: 0 : 33160, 3, 2020/06/13, 02:12:16.174, 1021931743334, testhost.x86.exe, TestPluginCache: Loggers are ''.
TpTrace Verbose: 0 : 33160, 3, 2020/06/13, 02:12:16.182, 1021931819437, testhost.x86.exe, BaseRunTests.RunTestInternalWithExecutors: Running tests for executor://yolodev/expecto
TpTrace Verbose: 0 : 33160, 3, 2020/06/13, 02:12:16.183, 1021931828689, testhost.x86.exe, BaseRunTests.TryToRunInSTAThread: Using STA thread to call adapter API.
TpTrace Information: 0 : 33160, 12, 2020/06/13, 02:12:16.373, 1021933733140, testhost.x86.exe, AssemblyResolver.OnResolve: FSharp.Core, Version=4.6.0.0, Culture=neutral, PublicKeyToken=b03f5f7f11d50a3a: Resolving assembly.
TpTrace Information: 0 : 33160, 12, 2020/06/13, 02:12:16.376, 1021933757732, testhost.x86.exe, AssemblyResolver.OnResolve: Resolved assembly: FSharp.Core, Version=4.6.0.0, Culture=neutral, PublicKeyToken=b03f5f7f11d50a3a, from path: C:\Users\grzeg\Repos\ProblemsWithExpectoTestSdk\ProblemsWithExpectoTestSdkFSharpCore46\bin\Debug\net472\FSharp.Core.dll
TpTrace Information: 0 : 33160, 12, 2020/06/13, 02:12:16.388, 1021933880919, testhost.x86.exe, AssemblyResolver.OnResolve: Expecto, Version=9.0.0.0, Culture=neutral, PublicKeyToken=null: Resolving assembly.
TpTrace Information: 0 : 33160, 12, 2020/06/13, 02:12:16.390, 1021933898169, testhost.x86.exe, AssemblyResolver.OnResolve: Resolved assembly: Expecto, Version=9.0.0.0, Culture=neutral, PublicKeyToken=null, from path: C:\Users\grzeg\Repos\ProblemsWithExpectoTestSdk\ProblemsWithExpectoTestSdkFSharpCore46\bin\Debug\net472\Expecto.dll
TpTrace Verbose: 0 : 33160, 7, 2020/06/13, 02:12:16.804, 1021938039514, testhost.x86.exe, TestExecutionRecorder.RecordStart: Starting test: samples.universe exists ().
TpTrace Verbose: 0 : 33160, 10, 2020/06/13, 02:12:16.804, 1021938043442, testhost.x86.exe, TestExecutionRecorder.RecordStart: Starting test: samples.when true is not (should fail).
TpTrace Verbose: 0 : 33160, 18, 2020/06/13, 02:12:16.804, 1021938043697, testhost.x86.exe, TestExecutionRecorder.RecordStart: Starting test: samples.Sometimes I want to   .
TpTrace Verbose: 0 : 33160, 17, 2020/06/13, 02:12:16.804, 1021938045576, testhost.x86.exe, TestExecutionRecorder.RecordStart: Starting test: samples.contains things (should fail).
TpTrace Verbose: 0 : 33160, 15, 2020/06/13, 02:12:16.804, 1021938043872, testhost.x86.exe, TestExecutionRecorder.RecordStart: Starting test: samples.I'm always fail (should fail).
TpTrace Verbose: 0 : 33160, 16, 2020/06/13, 02:12:16.804, 1021938045681, testhost.x86.exe, TestExecutionRecorder.RecordStart: Starting test: samples.contains things.
TpTrace Verbose: 0 : 33160, 14, 2020/06/13, 02:12:16.804, 1021938040526, testhost.x86.exe, TestExecutionRecorder.RecordStart: Starting test: samples.I'm skipped (should skip).
TpTrace Verbose: 0 : 33160, 19, 2020/06/13, 02:12:16.804, 1021938046142, testhost.x86.exe, TestExecutionRecorder.RecordStart: Starting test: samples.I am (should fail).
TpTrace Verbose: 0 : 33160, 7, 2020/06/13, 02:12:16.847, 1021938469302, testhost.x86.exe, TestExecutionRecorder.RecordEnd: test: samples.universe exists () execution completed.
TpTrace Verbose: 0 : 33160, 16, 2020/06/13, 02:12:16.847, 1021938473963, testhost.x86.exe, TestExecutionRecorder.RecordEnd: test: samples.contains things execution completed.
TpTrace Verbose: 0 : 33160, 7, 2020/06/13, 02:12:16.849, 1021938494146, testhost.x86.exe, TestExecutionRecorder.RecordResult: Received result for test: samples.universe exists ().
TpTrace Verbose: 0 : 33160, 16, 2020/06/13, 02:12:16.849, 1021938494634, testhost.x86.exe, TestExecutionRecorder.RecordResult: Received result for test: samples.contains things.
TpTrace Verbose: 0 : 33160, 14, 2020/06/13, 02:12:16.850, 1021938496924, testhost.x86.exe, TestExecutionRecorder.RecordEnd: test: samples.I'm skipped (should skip) execution completed.
TpTrace Verbose: 0 : 33160, 14, 2020/06/13, 02:12:16.850, 1021938501708, testhost.x86.exe, TestExecutionRecorder.RecordResult: Received result for test: samples.I'm skipped (should skip).
TpTrace Verbose: 0 : 33160, 10, 2020/06/13, 02:12:16.855, 1021938550021, testhost.x86.exe, TestExecutionRecorder.RecordEnd: test: samples.when true is not (should fail) execution completed.
TpTrace Verbose: 0 : 33160, 15, 2020/06/13, 02:12:16.855, 1021938551007, testhost.x86.exe, TestExecutionRecorder.RecordEnd: test: samples.I'm always fail (should fail) execution completed.
TpTrace Warning: 0 : 33160, 7, 2020/06/13, 02:12:16.859, 1021938587686, testhost.x86.exe, TestRunCache: No test found corresponding to testResult 'samples.universe exists ()  Passed' in inProgress list.
TpTrace Warning: 0 : 33160, 14, 2020/06/13, 02:12:16.859, 1021938595841, testhost.x86.exe, TestRunCache: No test found corresponding to testResult 'samples.I'm skipped (should skip)  Skipped
  Test Messages:
  AdtnlInfo:
Skipped: Yup, waiting for a sunny day...' in inProgress list.
TpTrace Warning: 0 : 33160, 16, 2020/06/13, 02:12:16.860, 1021938601532, testhost.x86.exe, TestRunCache: No test found corresponding to testResult 'samples.contains things  Passed' in inProgress list.
TpTrace Verbose: 0 : 33160, 10, 2020/06/13, 02:12:16.860, 1021938603993, testhost.x86.exe, TestExecutionRecorder.RecordResult: Received result for test: samples.when true is not (should fail).
TpTrace Verbose: 0 : 33160, 15, 2020/06/13, 02:12:16.860, 1021938604538, testhost.x86.exe, TestExecutionRecorder.RecordResult: Received result for test: samples.I'm always fail (should fail).
TpTrace Warning: 0 : 33160, 10, 2020/06/13, 02:12:16.861, 1021938608680, testhost.x86.exe, TestRunCache: No test found corresponding to testResult 'samples.when true is not (should fail)  Failed
  Message: 
I should fail because the subject is false. Actual value was false but had expected it to be true.
   at Tests.tests@12-1.Invoke(Unit _arg2) in C:\Users\grzeg\Repos\ProblemsWithExpectoTestSdk\ProblemsWithExpectoTestSdkFSharpCore46\Sample.fs:line 14
   at Expecto.Impl.execTestAsync@566-1.Invoke(Unit unitVar)
   at Microsoft.FSharp.Control.AsyncPrimitives.CallThenInvoke[T,TResult](AsyncActivation`1 ctxt, TResult result1, FSharpFunc`2 part2)
   at <StartupCode$FSharp-Core>.$Async.StartChild@1641-5.Invoke(AsyncActivation`1 ctxt)
   at Microsoft.FSharp.Control.Trampoline.Execute(FSharpFunc`2 firstAction)' in inProgress list.
TpTrace Warning: 0 : 33160, 15, 2020/06/13, 02:12:16.861, 1021938610645, testhost.x86.exe, TestRunCache: No test found corresponding to testResult 'samples.I'm always fail (should fail)  Failed
  Message: 
This was expected...
   at Tests.tests@19-3.Invoke(Unit _arg4) in C:\Users\grzeg\Repos\ProblemsWithExpectoTestSdk\ProblemsWithExpectoTestSdkFSharpCore46\Sample.fs:line 20
   at Expecto.Impl.execTestAsync@566-1.Invoke(Unit unitVar)
   at Microsoft.FSharp.Control.AsyncPrimitives.CallThenInvoke[T,TResult](AsyncActivation`1 ctxt, TResult result1, FSharpFunc`2 part2)
   at <StartupCode$FSharp-Core>.$Async.StartChild@1641-5.Invoke(AsyncActivation`1 ctxt)
   at Microsoft.FSharp.Control.Trampoline.Execute(FSharpFunc`2 firstAction)' in inProgress list.
TpTrace Verbose: 0 : 33160, 17, 2020/06/13, 02:12:16.886, 1021938864397, testhost.x86.exe, TestExecutionRecorder.RecordEnd: test: samples.contains things (should fail) execution completed.
TpTrace Verbose: 0 : 33160, 17, 2020/06/13, 02:12:16.886, 1021938866464, testhost.x86.exe, TestExecutionRecorder.RecordResult: Received result for test: samples.contains things (should fail).
TpTrace Warning: 0 : 33160, 17, 2020/06/13, 02:12:16.887, 1021938868083, testhost.x86.exe, TestRunCache: No test found corresponding to testResult 'samples.contains things (should fail)  Failed
  Message: 
Expecting we have one (1) in there.
    Sequence `actual` does not contain all `expected` elements.
        All elements in `actual`:
        {2, 3, 4}
        All elements in `expected`:
        {1, 2, 4}
        Missing elements from `actual`:
        {1}
        Extra elements in `actual`:
        {3}
   at Tests.tests@26-5.Invoke(Unit _arg6) in C:\Users\grzeg\Repos\ProblemsWithExpectoTestSdk\ProblemsWithExpectoTestSdkFSharpCore46\Sample.fs:line 27
   at Expecto.Impl.execTestAsync@566-1.Invoke(Unit unitVar)
   at Microsoft.FSharp.Control.AsyncPrimitives.CallThenInvoke[T,TResult](AsyncActivation`1 ctxt, TResult result1, FSharpFunc`2 part2)
   at <StartupCode$FSharp-Core>.$Async.StartChild@1641-5.Invoke(AsyncActivation`1 ctxt)
   at Microsoft.FSharp.Control.Trampoline.Execute(FSharpFunc`2 firstAction)' in inProgress list.
TpTrace Verbose: 0 : 33160, 8, 2020/06/13, 02:12:16.888, 1021938877465, testhost.x86.exe, TcpClientExtensions.MessageLoopAsync: Polling on remoteEndPoint: 127.0.0.1:62995 localEndPoint: 127.0.0.1:62997
TpTrace Verbose: 0 : 33160, 18, 2020/06/13, 02:12:16.941, 1021939412138, testhost.x86.exe, TestExecutionRecorder.RecordEnd: test: samples.Sometimes I want to    execution completed.
TpTrace Verbose: 0 : 33160, 18, 2020/06/13, 02:12:16.941, 1021939414698, testhost.x86.exe, TestExecutionRecorder.RecordResult: Received result for test: samples.Sometimes I want to   .
TpTrace Verbose: 0 : 33160, 19, 2020/06/13, 02:12:16.941, 1021939416167, testhost.x86.exe, TestExecutionRecorder.RecordEnd: test: samples.I am (should fail) execution completed.
TpTrace Warning: 0 : 33160, 18, 2020/06/13, 02:12:16.941, 1021939416555, testhost.x86.exe, TestRunCache: No test found corresponding to testResult 'samples.Sometimes I want to     Failed
  Message: 
These should equal. String does not match at position 4. Expected char: 'e', but got ''.
expected: abcdef
  actual: abcdf
   at Tests.tests@30-6.Invoke(Unit _arg7) in C:\Users\grzeg\Repos\ProblemsWithExpectoTestSdk\ProblemsWithExpectoTestSdkFSharpCore46\Sample.fs:line 31
   at Expecto.Impl.execTestAsync@566-1.Invoke(Unit unitVar)
   at Microsoft.FSharp.Control.AsyncPrimitives.CallThenInvoke[T,TResult](AsyncActivation`1 ctxt, TResult result1, FSharpFunc`2 part2)
   at <StartupCode$FSharp-Core>.$Async.StartChild@1641-5.Invoke(AsyncActivation`1 ctxt)
   at Microsoft.FSharp.Control.Trampoline.Execute(FSharpFunc`2 firstAction)' in inProgress list.
TpTrace Verbose: 0 : 33160, 19, 2020/06/13, 02:12:16.942, 1021939421261, testhost.x86.exe, TestExecutionRecorder.RecordResult: Received result for test: samples.I am (should fail).
TpTrace Warning: 0 : 33160, 19, 2020/06/13, 02:12:16.942, 1021939423311, testhost.x86.exe, InProgressTests is null
TpTrace Warning: 0 : 33160, 19, 2020/06/13, 02:12:16.942, 1021939425534, testhost.x86.exe, TestRunCache: No test found corresponding to testResult 'samples.I am (should fail)  Failed
  Message: 
    .
expected: false
  actual: true
   at Tests.tests@34-7.Invoke(Unit unitVar) in C:\Users\grzeg\Repos\ProblemsWithExpectoTestSdk\ProblemsWithExpectoTestSdkFSharpCore46\Sample.fs:line 34
   at Expecto.Impl.execTestAsync@566-1.Invoke(Unit unitVar)
   at Microsoft.FSharp.Control.AsyncPrimitives.CallThenInvoke[T,TResult](AsyncActivation`1 ctxt, TResult result1, FSharpFunc`2 part2)
   at <StartupCode$FSharp-Core>.$Async.StartChild@1641-5.Invoke(AsyncActivation`1 ctxt)
   at Microsoft.FSharp.Control.Trampoline.Execute(FSharpFunc`2 firstAction)' in inProgress list.
TpTrace Verbose: 0 : 33160, 3, 2020/06/13, 02:12:16.995, 1021939949168, testhost.x86.exe, BaseRunTests.RunTestInternalWithExecutors: Completed running tests for executor://yolodev/expecto
TpTrace Information: 0 : 33160, 3, 2020/06/13, 02:12:17.002, 1021940026572, testhost.x86.exe, Sending test run complete
TpTrace Verbose: 0 : 33160, 3, 2020/06/13, 02:12:17.070, 1021940703767, testhost.x86.exe, TestRequestHandler.SendData:  sending data from testhost: {"Version":2,"MessageType":"TestExecution.Completed","Payload":{"TestRunCompleteArgs":{"TestRunStatistics":{"ExecutedTests":8,"Stats":{"Passed":2,"Skipped":1,"Failed":5}},"IsCanceled":false,"IsAborted":false,"Error":null,"AttachmentSets":[],"ElapsedTimeInRunningTests":"00:00:00.8188566","Metrics":{}},"LastRunTests":{"NewTestResults":[{"TestCase":{"Id":"5ab3f88f-c802-6511-71f8-4b9c4112e234","FullyQualifiedName":"samples.universe exists ()","DisplayName":"samples.universe exists ()","ExecutorUri":"executor://yolodev/expecto","Source":"C:\\Users\\grzeg\\Repos\\ProblemsWithExpectoTestSdk\\ProblemsWithExpectoTestSdkFSharpCore46\\bin\\Debug\\net472\\ProblemsWithExpectoTestSdkFSharpCore46.exe","CodeFilePath":"C:\\Users\\grzeg\\Repos\\ProblemsWithExpectoTestSdk\\ProblemsWithExpectoTestSdkFSharpCore46\\Sample.fs","LineNumber":9,"Properties":[]},"Attachments":[],"Outcome":1,"ErrorMessage":null,"ErrorStackTrace":null,"DisplayName":null,"Messages":[],"ComputerName":null,"Duration":"00:00:00.0080000","StartTime":"2020-06-13T02:12:16.8039184+02:00","EndTime":"2020-06-13T02:12:16.8469165+02:00","Properties":[]},{"TestCase":{"Id":"666758e6-4bdf-fdd6-596f-5cd2eced974d","FullyQualifiedName":"samples.I'm skipped (should skip)","DisplayName":"samples.I'm skipped (should skip)","ExecutorUri":"executor://yolodev/expecto","Source":"C:\\Users\\grzeg\\Repos\\ProblemsWithExpectoTestSdk\\ProblemsWithExpectoTestSdkFSharpCore46\\bin\\Debug\\net472\\ProblemsWithExpectoTestSdkFSharpCore46.exe","CodeFilePath":"C:\\Users\\grzeg\\Repos\\ProblemsWithExpectoTestSdk\\ProblemsWithExpectoTestSdkFSharpCore46\\Sample.fs","LineNumber":17,"Properties":[]},"Attachments":[],"Outcome":3,"ErrorMessage":null,"ErrorStackTrace":null,"DisplayName":null,"Messages":[{"Category":"AdtnlInfo","Text":"Skipped: Yup, waiting for a sunny day..."}],"ComputerName":null,"Duration":"00:00:00","StartTime":"2020-06-13T02:12:16.8039184+02:00","EndTime":"2020-06-13T02:12:16.8469165+02:00","Properties":[]},{"TestCase":{"Id":"69be98ef-0089-b051-0153-3674c08c4612","FullyQualifiedName":"samples.contains things","DisplayName":"samples.contains things","ExecutorUri":"executor://yolodev/expecto","Source":"C:\\Users\\grzeg\\Repos\\ProblemsWithExpectoTestSdk\\ProblemsWithExpectoTestSdkFSharpCore46\\bin\\Debug\\net472\\ProblemsWithExpectoTestSdkFSharpCore46.exe","CodeFilePath":"C:\\Users\\grzeg\\Repos\\ProblemsWithExpectoTestSdk\\ProblemsWithExpectoTestSdkFSharpCore46\\Sample.fs","LineNumber":23,"Properties":[]},"Attachments":[],"Outcome":1,"ErrorMessage":null,"ErrorStackTrace":null,"DisplayName":null,"Messages":[],"ComputerName":null,"Duration":"00:00:00.0160000","StartTime":"2020-06-13T02:12:16.8039184+02:00","EndTime":"2020-06-13T02:12:16.8479209+02:00","Properties":[]},{"TestCase":{"Id":"ae96dfb3-1a88-501d-ca75-00b71c15cf6b","FullyQualifiedName":"samples.when true is not (should fail)","DisplayName":"samples.when true is not (should fail)","ExecutorUri":"executor://yolodev/expecto","Source":"C:\\Users\\grzeg\\Repos\\ProblemsWithExpectoTestSdk\\ProblemsWithExpectoTestSdkFSharpCore46\\bin\\Debug\\net472\\ProblemsWithExpectoTestSdkFSharpCore46.exe","CodeFilePath":"C:\\Users\\grzeg\\Repos\\ProblemsWithExpectoTestSdk\\ProblemsWithExpectoTestSdkFSharpCore46\\Sample.fs","LineNumber":13,"Properties":[]},"Attachments":[],"Outcome":2,"ErrorMessage":"\nI should fail because the subject is false. Actual value was false but had expected it to be true.\n   at Tests.tests@12-1.Invoke(Unit _arg2) in C:\\Users\\grzeg\\Repos\\ProblemsWithExpectoTestSdk\\ProblemsWithExpectoTestSdkFSharpCore46\\Sample.fs:line 14\r\n   at Expecto.Impl.execTestAsync@566-1.Invoke(Unit unitVar)\r\n   at Microsoft.FSharp.Control.AsyncPrimitives.CallThenInvoke[T,TResult](AsyncActivation`1 ctxt, TResult result1, FSharpFunc`2 part2)\r\n   at <StartupCode$FSharp-Core>.$Async.StartChild@1641-5.Invoke(AsyncActivation`1 ctxt)\r\n   at Microsoft.FSharp.Control.Trampoline.Execute(FSharpFunc`2 firstAction)","ErrorStackTrace":null,"DisplayName":null,"Messages":[],"ComputerName":null,"Duration":"00:00:00.0160000","StartTime":"2020-06-13T02:12:16.8039184+02:00","EndTime":"2020-06-13T02:12:16.8559202+02:00","Properties":[]},{"TestCase":{"Id":"860e8434-f34d-120d-0f4f-175260ccc0c9","FullyQualifiedName":"samples.I'm always fail (should fail)","DisplayName":"samples.I'm always fail (should fail)","ExecutorUri":"executor://yolodev/expecto","Source":"C:\\Users\\grzeg\\Repos\\ProblemsWithExpectoTestSdk\\ProblemsWithExpectoTestSdkFSharpCore46\\bin\\Debug\\net472\\ProblemsWithExpectoTestSdkFSharpCore46.exe","CodeFilePath":"C:\\Users\\grzeg\\Repos\\ProblemsWithExpectoTestSdk\\ProblemsWithExpectoTestSdkFSharpCore46\\Sample.fs","LineNumber":20,"Properties":[]},"Attachments":[],"Outcome":2,"ErrorMessage":"\nThis was expected...\n   at Tests.tests@19-3.Invoke(Unit _arg4) in C:\\Users\\grzeg\\Repos\\ProblemsWithExpectoTestSdk\\ProblemsWithExpectoTestSdkFSharpCore46\\Sample.fs:line 20\r\n   at Expecto.Impl.execTestAsync@566-1.Invoke(Unit unitVar)\r\n   at Microsoft.FSharp.Control.AsyncPrimitives.CallThenInvoke[T,TResult](AsyncActivation`1 ctxt, TResult result1, FSharpFunc`2 part2)\r\n   at <StartupCode$FSharp-Core>.$Async.StartChild@1641-5.Invoke(AsyncActivation`1 ctxt)\r\n   at Microsoft.FSharp.Control.Trampoline.Execute(FSharpFunc`2 firstAction)","ErrorStackTrace":null,"DisplayName":null,"Messages":[],"ComputerName":null,"Duration":"00:00:00.0150000","StartTime":"2020-06-13T02:12:16.8039184+02:00","EndTime":"2020-06-13T02:12:16.8559202+02:00","Properties":[]},{"TestCase":{"Id":"81b537bd-6bbd-1686-783b-a73221fa9735","FullyQualifiedName":"samples.contains things (should fail)","DisplayName":"samples.contains things (should fail)","ExecutorUri":"executor://yolodev/expecto","Source":"C:\\Users\\grzeg\\Repos\\ProblemsWithExpectoTestSdk\\ProblemsWithExpectoTestSdkFSharpCore46\\bin\\Debug\\net472\\ProblemsWithExpectoTestSdkFSharpCore46.exe","CodeFilePath":"C:\\Users\\grzeg\\Repos\\ProblemsWithExpectoTestSdk\\ProblemsWithExpectoTestSdkFSharpCore46\\Sample.fs","LineNumber":27,"Properties":[]},"Attachments":[],"Outcome":2,"ErrorMessage":"\nExpecting we have one (1) in there.\n    Sequence `actual` does not contain all `expected` elements.\n        All elements in `actual`:\n        {2, 3, 4}\n        All elements in `expected`:\n        {1, 2, 4}\n        Missing elements from `actual`:\n        {1}\n        Extra elements in `actual`:\n        {3}\n   at Tests.tests@26-5.Invoke(Unit _arg6) in C:\\Users\\grzeg\\Repos\\ProblemsWithExpectoTestSdk\\ProblemsWithExpectoTestSdkFSharpCore46\\Sample.fs:line 27\r\n   at Expecto.Impl.execTestAsync@566-1.Invoke(Unit unitVar)\r\n   at Microsoft.FSharp.Control.AsyncPrimitives.CallThenInvoke[T,TResult](AsyncActivation`1 ctxt, TResult result1, FSharpFunc`2 part2)\r\n   at <StartupCode$FSharp-Core>.$Async.StartChild@1641-5.Invoke(AsyncActivation`1 ctxt)\r\n   at Microsoft.FSharp.Control.Trampoline.Execute(FSharpFunc`2 firstAction)","ErrorStackTrace":null,"DisplayName":null,"Messages":[],"ComputerName":null,"Duration":"00:00:00.0660000","StartTime":"2020-06-13T02:12:16.8039184+02:00","EndTime":"2020-06-13T02:12:16.8869189+02:00","Properties":[]},{"TestCase":{"Id":"a548798a-be33-c50c-769e-851aaf7dc281","FullyQualifiedName":"samples.Sometimes I want to   ","DisplayName":"samples.Sometimes I want to   ","ExecutorUri":"executor://yolodev/expecto","Source":"C:\\Users\\grzeg\\Repos\\ProblemsWithExpectoTestSdk\\ProblemsWithExpectoTestSdkFSharpCore46\\bin\\Debug\\net472\\ProblemsWithExpectoTestSdkFSharpCore46.exe","CodeFilePath":"C:\\Users\\grzeg\\Repos\\ProblemsWithExpectoTestSdk\\ProblemsWithExpectoTestSdkFSharpCore46\\Sample.fs","LineNumber":31,"Properties":[]},"Attachments":[],"Outcome":2,"ErrorMessage":"\nThese should equal. String does not match at position 4. Expected char: 'e', but got ''.\nexpected: abcdef\n  actual: abcdf\n   at Tests.tests@30-6.Invoke(Unit _arg7) in C:\\Users\\grzeg\\Repos\\ProblemsWithExpectoTestSdk\\ProblemsWithExpectoTestSdkFSharpCore46\\Sample.fs:line 31\r\n   at Expecto.Impl.execTestAsync@566-1.Invoke(Unit unitVar)\r\n   at Microsoft.FSharp.Control.AsyncPrimitives.CallThenInvoke[T,TResult](AsyncActivation`1 ctxt, TResult result1, FSharpFunc`2 part2)\r\n   at <StartupCode$FSharp-Core>.$Async.StartChild@1641-5.Invoke(AsyncActivation`1 ctxt)\r\n   at Microsoft.FSharp.Control.Trampoline.Execute(FSharpFunc`2 firstAction)","ErrorStackTrace":null,"DisplayName":null,"Messages":[],"ComputerName":null,"Duration":"00:00:00.1200000","StartTime":"2020-06-13T02:12:16.8039184+02:00","EndTime":"2020-06-13T02:12:16.9419211+02:00","Properties":[]},{"TestCase":{"Id":"9e456d47-ffce-b19d-d921-598de4568026","FullyQualifiedName":"samples.I am (should fail)","DisplayName":"samples.I am (should fail)","ExecutorUri":"executor://yolodev/expecto","Source":"C:\\Users\\grzeg\\Repos\\ProblemsWithExpectoTestSdk\\ProblemsWithExpectoTestSdkFSharpCore46\\bin\\Debug\\net472\\ProblemsWithExpectoTestSdkFSharpCore46.exe","CodeFilePath":"C:\\Users\\grzeg\\Repos\\ProblemsWithExpectoTestSdk\\ProblemsWithExpectoTestSdkFSharpCore46\\Sample.fs","LineNumber":34,"Properties":[]},"Attachments":[],"Outcome":2,"ErrorMessage":"\n    .\nexpected: false\n  actual: true\n   at Tests.tests@34-7.Invoke(Unit unitVar) in C:\\Users\\grzeg\\Repos\\ProblemsWithExpectoTestSdk\\ProblemsWithExpectoTestSdkFSharpCore46\\Sample.fs:line 34\r\n   at Expecto.Impl.execTestAsync@566-1.Invoke(Unit unitVar)\r\n   at Microsoft.FSharp.Control.AsyncPrimitives.CallThenInvoke[T,TResult](AsyncActivation`1 ctxt, TResult result1, FSharpFunc`2 part2)\r\n   at <StartupCode$FSharp-Core>.$Async.StartChild@1641-5.Invoke(AsyncActivation`1 ctxt)\r\n   at Microsoft.FSharp.Control.Trampoline.Execute(FSharpFunc`2 firstAction)","ErrorStackTrace":null,"DisplayName":null,"Messages":[],"ComputerName":null,"Duration":"00:00:00.1200000","StartTime":"2020-06-13T02:12:16.8039184+02:00","EndTime":"2020-06-13T02:12:16.9419211+02:00","Properties":[]}],"TestRunStatistics":{"ExecutedTests":8,"Stats":{"Passed":2,"Skipped":1,"Failed":5}},"ActiveTests":[]},"RunAttachments":[],"ExecutorUris":["executor://yolodev/expecto"]}}
TpTrace Verbose: 0 : 33160, 3, 2020/06/13, 02:12:17.071, 1021940712338, testhost.x86.exe, BaseRunTests.RunTests: Run is complete.
TpTrace Verbose: 0 : 33160, 8, 2020/06/13, 02:12:17.073, 1021940735536, testhost.x86.exe, TcpClientExtensions.MessageLoopAsync: NotifyDataAvailable remoteEndPoint: 127.0.0.1:62995 localEndPoint: 127.0.0.1:62997
TpTrace Information: 0 : 33160, 8, 2020/06/13, 02:12:17.074, 1021940738712, testhost.x86.exe, TestRequestHandler.ProcessRequests: received message: (TestSession.Terminate) -> null
TpTrace Information: 0 : 33160, 8, 2020/06/13, 02:12:17.074, 1021940740353, testhost.x86.exe, Session End message received from server. Closing the connection.
TpTrace Information: 0 : 33160, 8, 2020/06/13, 02:12:17.075, 1021940747061, testhost.x86.exe, SocketClient.Stop: Stop communication from server endpoint: 127.0.0.1:062995
TpTrace Information: 0 : 33160, 8, 2020/06/13, 02:12:17.075, 1021940748725, testhost.x86.exe, SocketClient: Stop: Cancellation requested. Stopping message loop.
TpTrace Verbose: 0 : 33160, 8, 2020/06/13, 02:12:17.075, 1021940751683, testhost.x86.exe, LengthPrefixCommunicationChannel.Dispose: Dispose reader and writer.
TpTrace Information: 0 : 33160, 8, 2020/06/13, 02:12:17.075, 1021940753280, testhost.x86.exe, Closing the connection !
TpTrace Information: 0 : 33160, 8, 2020/06/13, 02:12:17.076, 1021940759217, testhost.x86.exe, SocketClient.PrivateStop: Stop communication from server endpoint: 127.0.0.1:062995, error:
TpTrace Verbose: 0 : 33160, 8, 2020/06/13, 02:12:17.076, 1021940763075, testhost.x86.exe, LengthPrefixCommunicationChannel.Dispose: Dispose reader and writer.
TpTrace Verbose: 0 : 33160, 8, 2020/06/13, 02:12:17.076, 1021940764646, testhost.x86.exe, TcpClientExtensions.MessageLoopAsync: exiting MessageLoopAsync remoteEndPoint: 127.0.0.1:62995 localEndPoint: 127.0.0.1:62997
TpTrace Information: 0 : 33160, 1, 2020/06/13, 02:12:17.075, 1021940747477, testhost.x86.exe, SocketClient.Stop: Stop communication from server endpoint: 127.0.0.1:062995
TpTrace Verbose: 0 : 33160, 1, 2020/06/13, 02:12:17.077, 1021940768579, testhost.x86.exe, LengthPrefixCommunicationChannel.Dispose: Dispose reader and writer.
TpTrace Information: 0 : 33160, 1, 2020/06/13, 02:12:17.077, 1021940773365, testhost.x86.exe, Testhost process exiting.
