TpTrace Information: 0 : 15456, 1, 2020/06/13, 02:12:10.960, 1021879648073, vstest.console.dll, Using .Net Framework version:.NETFramework,Version=v4.6.2
TpTrace Information: 0 : 15456, 1, 2020/06/13, 02:12:10.973, 1021879725140, vstest.console.dll, Using platform:X86
TpTrace Information: 0 : 15456, 1, 2020/06/13, 02:12:10.974, 1021879734049, vstest.console.dll, FilePatternParser: The given file C:\Users\grzeg\Repos\ProblemsWithExpectoTestSdk\ProblemsWithExpectoTestSdkFSharpCore47\bin\Debug\net462\ProblemsWithExpectoTestSdkFSharpCore47.exe is a full path.
TpTrace Verbose: 0 : 15456, 1, 2020/06/13, 02:12:10.990, 1021879895895, vstest.console.dll, TestPluginCache.DiscoverTestExtensions: finding test extensions in assemblies ends with: RuntimeProvider.dll TPluginInfo: Microsoft.VisualStudio.TestPlatform.Common.ExtensionFramework.Utilities.TestRuntimePluginInformation TExtension: Microsoft.VisualStudio.TestPlatform.ObjectModel.Host.ITestRuntimeProvider
TpTrace Verbose: 0 : 15456, 1, 2020/06/13, 02:12:10.991, 1021879904997, vstest.console.dll, TestPluginCache.GetExtensionPaths: Filtered extension paths: 
TpTrace Verbose: 0 : 15456, 1, 2020/06/13, 02:12:10.992, 1021879907729, vstest.console.dll, TestPluginCache.GetExtensionPaths: Added default extension paths: C:\Program Files\dotnet\sdk\5.0.100-preview.3.20216.6\Extensions\Microsoft.TestPlatform.Extensions.BlameDataCollector.dll
C:\Program Files\dotnet\sdk\5.0.100-preview.3.20216.6\Extensions\Microsoft.TestPlatform.Extensions.EventLogCollector.dll
C:\Program Files\dotnet\sdk\5.0.100-preview.3.20216.6\Extensions\Microsoft.TestPlatform.TestHostRuntimeProvider.dll
C:\Program Files\dotnet\sdk\5.0.100-preview.3.20216.6\Extensions\Microsoft.VisualStudio.TestPlatform.Extensions.Html.TestLogger.dll
C:\Program Files\dotnet\sdk\5.0.100-preview.3.20216.6\Extensions\Microsoft.VisualStudio.TestPlatform.Extensions.Trx.TestLogger.dll
TpTrace Verbose: 0 : 15456, 1, 2020/06/13, 02:12:10.992, 1021879908930, vstest.console.dll, TestPluginCache.GetExtensionPaths: Added unfilterableExtensionPaths: 
TpTrace Information: 0 : 15456, 1, 2020/06/13, 02:12:10.994, 1021879930010, vstest.console.dll, AssemblyResolver.ctor: Creating AssemblyResolver with searchDirectories C:\Program Files\dotnet\sdk\5.0.100-preview.3.20216.6\Extensions,C:\Program Files\dotnet\sdk\5.0.100-preview.3.20216.6
TpTrace Verbose: 0 : 15456, 1, 2020/06/13, 02:12:10.996, 1021879951357, vstest.console.dll, TestPluginCache.DiscoverTestExtensions: Discovering the extensions using extension path.
TpTrace Verbose: 0 : 15456, 1, 2020/06/13, 02:12:10.996, 1021879953641, vstest.console.dll, TestPluginCache.GetExtensionPaths: Filtered extension paths: 
TpTrace Verbose: 0 : 15456, 1, 2020/06/13, 02:12:10.996, 1021879954481, vstest.console.dll, TestPluginCache.GetExtensionPaths: Added default extension paths: C:\Program Files\dotnet\sdk\5.0.100-preview.3.20216.6\Extensions\Microsoft.TestPlatform.Extensions.BlameDataCollector.dll
C:\Program Files\dotnet\sdk\5.0.100-preview.3.20216.6\Extensions\Microsoft.TestPlatform.Extensions.EventLogCollector.dll
C:\Program Files\dotnet\sdk\5.0.100-preview.3.20216.6\Extensions\Microsoft.TestPlatform.TestHostRuntimeProvider.dll
C:\Program Files\dotnet\sdk\5.0.100-preview.3.20216.6\Extensions\Microsoft.VisualStudio.TestPlatform.Extensions.Html.TestLogger.dll
C:\Program Files\dotnet\sdk\5.0.100-preview.3.20216.6\Extensions\Microsoft.VisualStudio.TestPlatform.Extensions.Trx.TestLogger.dll
TpTrace Verbose: 0 : 15456, 1, 2020/06/13, 02:12:10.996, 1021879955234, vstest.console.dll, TestPluginCache.GetExtensionPaths: Added unfilterableExtensionPaths: 
TpTrace Verbose: 0 : 15456, 1, 2020/06/13, 02:12:10.996, 1021879956405, vstest.console.dll, TestPluginCache.DiscoverTestExtensions: Discovering the extensions using allExtensionPaths: C:\Program Files\dotnet\sdk\5.0.100-preview.3.20216.6\Extensions\Microsoft.TestPlatform.Extensions.BlameDataCollector.dll
C:\Program Files\dotnet\sdk\5.0.100-preview.3.20216.6\Extensions\Microsoft.TestPlatform.Extensions.EventLogCollector.dll
C:\Program Files\dotnet\sdk\5.0.100-preview.3.20216.6\Extensions\Microsoft.TestPlatform.TestHostRuntimeProvider.dll
C:\Program Files\dotnet\sdk\5.0.100-preview.3.20216.6\Extensions\Microsoft.VisualStudio.TestPlatform.Extensions.Html.TestLogger.dll
C:\Program Files\dotnet\sdk\5.0.100-preview.3.20216.6\Extensions\Microsoft.VisualStudio.TestPlatform.Extensions.Trx.TestLogger.dll
TpTrace Information: 0 : 15456, 1, 2020/06/13, 02:12:10.997, 1021879959494, vstest.console.dll, AssemblyResolver.AddSearchDirectories: Adding more searchDirectories C:\Program Files\dotnet\sdk\5.0.100-preview.3.20216.6\Extensions,C:\Program Files\dotnet\sdk\5.0.100-preview.3.20216.6
TpTrace Information: 0 : 15456, 1, 2020/06/13, 02:12:10.997, 1021879960565, vstest.console.dll, AssemblyResolver.AddSearchDirectories: Adding more searchDirectories C:\Program Files\dotnet\sdk\5.0.100-preview.3.20216.6\Extensions,C:\Program Files\dotnet\sdk\5.0.100-preview.3.20216.6
TpTrace Information: 0 : 15456, 1, 2020/06/13, 02:12:10.997, 1021879961351, vstest.console.dll, AssemblyResolver.AddSearchDirectories: Adding more searchDirectories C:\Program Files\dotnet\sdk\5.0.100-preview.3.20216.6\Extensions,C:\Program Files\dotnet\sdk\5.0.100-preview.3.20216.6
TpTrace Information: 0 : 15456, 1, 2020/06/13, 02:12:10.997, 1021879961983, vstest.console.dll, AssemblyResolver.AddSearchDirectories: Adding more searchDirectories C:\Program Files\dotnet\sdk\5.0.100-preview.3.20216.6\Extensions,C:\Program Files\dotnet\sdk\5.0.100-preview.3.20216.6
TpTrace Information: 0 : 15456, 1, 2020/06/13, 02:12:10.997, 1021879962605, vstest.console.dll, AssemblyResolver.AddSearchDirectories: Adding more searchDirectories C:\Program Files\dotnet\sdk\5.0.100-preview.3.20216.6\Extensions,C:\Program Files\dotnet\sdk\5.0.100-preview.3.20216.6
TpTrace Information: 0 : 15456, 1, 2020/06/13, 02:12:10.998, 1021879969062, vstest.console.dll, AssemblyResolver.OnResolve: Microsoft.TestPlatform.Extensions.BlameDataCollector: Resolving assembly.
TpTrace Information: 0 : 15456, 1, 2020/06/13, 02:12:10.999, 1021879985187, vstest.console.dll, AssemblyResolver.OnResolve: Resolved assembly: Microsoft.TestPlatform.Extensions.BlameDataCollector, from path: C:\Program Files\dotnet\sdk\5.0.100-preview.3.20216.6\Extensions\Microsoft.TestPlatform.Extensions.BlameDataCollector.dll
TpTrace Information: 0 : 15456, 1, 2020/06/13, 02:12:11.000, 1021879993985, vstest.console.dll, AssemblyResolver.OnResolve: Microsoft.TestPlatform.Extensions.EventLogCollector: Resolving assembly.
TpTrace Information: 0 : 15456, 1, 2020/06/13, 02:12:11.001, 1021880005634, vstest.console.dll, AssemblyResolver.OnResolve: Resolved assembly: Microsoft.TestPlatform.Extensions.EventLogCollector, from path: C:\Program Files\dotnet\sdk\5.0.100-preview.3.20216.6\Extensions\Microsoft.TestPlatform.Extensions.EventLogCollector.dll
TpTrace Information: 0 : 15456, 1, 2020/06/13, 02:12:11.005, 1021880045821, vstest.console.dll, AssemblyResolver.OnResolve: Microsoft.TestPlatform.TestHostRuntimeProvider: Resolving assembly.
TpTrace Information: 0 : 15456, 1, 2020/06/13, 02:12:11.006, 1021880057307, vstest.console.dll, AssemblyResolver.OnResolve: Resolved assembly: Microsoft.TestPlatform.TestHostRuntimeProvider, from path: C:\Program Files\dotnet\sdk\5.0.100-preview.3.20216.6\Extensions\Microsoft.TestPlatform.TestHostRuntimeProvider.dll
TpTrace Information: 0 : 15456, 1, 2020/06/13, 02:12:11.009, 1021880080634, vstest.console.dll, AssemblyResolver.OnResolve: Microsoft.VisualStudio.TestPlatform.Extensions.Html.TestLogger: Resolving assembly.
TpTrace Information: 0 : 15456, 1, 2020/06/13, 02:12:11.010, 1021880092671, vstest.console.dll, AssemblyResolver.OnResolve: Resolved assembly: Microsoft.VisualStudio.TestPlatform.Extensions.Html.TestLogger, from path: C:\Program Files\dotnet\sdk\5.0.100-preview.3.20216.6\Extensions\Microsoft.VisualStudio.TestPlatform.Extensions.Html.TestLogger.dll
TpTrace Information: 0 : 15456, 1, 2020/06/13, 02:12:11.011, 1021880099067, vstest.console.dll, AssemblyResolver.OnResolve: Microsoft.VisualStudio.TestPlatform.Extensions.Trx.TestLogger: Resolving assembly.
TpTrace Information: 0 : 15456, 1, 2020/06/13, 02:12:11.012, 1021880112848, vstest.console.dll, AssemblyResolver.OnResolve: Resolved assembly: Microsoft.VisualStudio.TestPlatform.Extensions.Trx.TestLogger, from path: C:\Program Files\dotnet\sdk\5.0.100-preview.3.20216.6\Extensions\Microsoft.VisualStudio.TestPlatform.Extensions.Trx.TestLogger.dll
TpTrace Verbose: 0 : 15456, 1, 2020/06/13, 02:12:11.014, 1021880136010, vstest.console.dll, TestPluginCache: Discovered the extensions using extension path ''.
TpTrace Verbose: 0 : 15456, 1, 2020/06/13, 02:12:11.015, 1021880137784, vstest.console.dll, TestPluginCache: Discoverers are ''.
TpTrace Verbose: 0 : 15456, 1, 2020/06/13, 02:12:11.015, 1021880138760, vstest.console.dll, TestPluginCache: Executors are ''.
TpTrace Verbose: 0 : 15456, 1, 2020/06/13, 02:12:11.015, 1021880139653, vstest.console.dll, TestPluginCache: Setting providers are ''.
TpTrace Verbose: 0 : 15456, 1, 2020/06/13, 02:12:11.015, 1021880140664, vstest.console.dll, TestPluginCache: Loggers are ''.
TpTrace Information: 0 : 15456, 1, 2020/06/13, 02:12:11.027, 1021880259140, vstest.console.dll, RunTestsArgumentProcessor:Execute: Test run is starting.
TpTrace Verbose: 0 : 15456, 1, 2020/06/13, 02:12:11.027, 1021880261284, vstest.console.dll, RunTestsArgumentProcessor:Execute: Queuing Test run.
TpTrace Information: 0 : 15456, 1, 2020/06/13, 02:12:11.027, 1021880265701, vstest.console.dll, TestRequestManager.RunTests: run tests started.
TpTrace Information: 0 : 15456, 1, 2020/06/13, 02:12:11.043, 1021880426448, vstest.console.dll, AssemblyMetadataProvider.GetFrameWork: Determined framework:'.NETFramework,Version=v4.6.2' for source: 'C:\Users\grzeg\Repos\ProblemsWithExpectoTestSdk\ProblemsWithExpectoTestSdkFSharpCore47\bin\Debug\net462\ProblemsWithExpectoTestSdkFSharpCore47.exe'
TpTrace Information: 0 : 15456, 1, 2020/06/13, 02:12:11.044, 1021880430521, vstest.console.dll, Determined framework for all sources: .NETFramework,Version=v4.6.2
TpTrace Information: 0 : 15456, 1, 2020/06/13, 02:12:11.045, 1021880439764, vstest.console.dll, AssemblyMetadataProvider.GetArchitecture: Determined architecture:AnyCPU info for assembly: C:\Users\grzeg\Repos\ProblemsWithExpectoTestSdk\ProblemsWithExpectoTestSdkFSharpCore47\bin\Debug\net462\ProblemsWithExpectoTestSdkFSharpCore47.exe
TpTrace Information: 0 : 15456, 1, 2020/06/13, 02:12:11.049, 1021880479447, vstest.console.dll, Determined platform for all sources: X86
TpTrace Information: 0 : 15456, 1, 2020/06/13, 02:12:11.054, 1021880535388, vstest.console.dll, Compatible sources list : 
TpTrace Information: 0 : 15456, 1, 2020/06/13, 02:12:11.054, 1021880537477, vstest.console.dll, C:\Users\grzeg\Repos\ProblemsWithExpectoTestSdk\ProblemsWithExpectoTestSdkFSharpCore47\bin\Debug\net462\ProblemsWithExpectoTestSdkFSharpCore47.exe
TpTrace Information: 0 : 15456, 1, 2020/06/13, 02:12:11.060, 1021880590746, vstest.console.dll, InferRunSettingsHelper.IsTestSettingsEnabled: Unable to navigate to RunSettings/MSTest. Current node: RunSettings
TpTrace Information: 0 : 15456, 1, 2020/06/13, 02:12:11.089, 1021880880055, vstest.console.dll, TestPluginManager.CreateTestExtension: Attempting to load test extension: Microsoft.VisualStudio.TestPlatform.CrossPlatEngine.Hosting.DefaultTestHostManager
TpTrace Verbose: 0 : 15456, 1, 2020/06/13, 02:12:11.090, 1021880893530, vstest.console.dll, TestEngine: Initializing Parallel Execution as MaxCpuCount is set to: 1
TpTrace Information: 0 : 15456, 1, 2020/06/13, 02:12:11.091, 1021880898576, vstest.console.dll, InferRunSettingsHelper.IsTestSettingsEnabled: Unable to navigate to RunSettings/MSTest. Current node: RunSettings
TpTrace Verbose: 0 : 15456, 1, 2020/06/13, 02:12:11.113, 1021881121861, vstest.console.dll, TestRequestSender is acting as server
TpTrace Verbose: 0 : 15456, 1, 2020/06/13, 02:12:11.113, 1021881124563, vstest.console.dll, TestRunRequest.ExecuteAsync: Creating test run request.
TpTrace Verbose: 0 : 15456, 1, 2020/06/13, 02:12:11.114, 1021881131306, vstest.console.dll, TestRunRequest.ExecuteAsync: Starting.
TpTrace Information: 0 : 15456, 1, 2020/06/13, 02:12:11.114, 1021881135616, vstest.console.dll, TestRunRequest.ExecuteAsync: Starting run with settings:TestRunCriteria:
   KeepAlive=False,FrequencyOfRunStatsChangeEvent=10,RunStatsChangeEventTimeout=00:00:01.5000000,TestCaseFilter=,TestExecutorLauncher=
   Settingsxml=<RunSettings>
  <RunConfiguration>
    <ResultsDirectory>C:\Users\grzeg\Repos\ProblemsWithExpectoTestSdk\ProblemsWithExpectoTestSdkFSharpCore47\TestResults</ResultsDirectory>
    <TargetPlatform>X86</TargetPlatform>
    <TargetFrameworkVersion>.NETFramework,Version=v4.6.2</TargetFrameworkVersion>
    <DesignMode>False</DesignMode>
    <CollectSourceInformation>False</CollectSourceInformation>
  </RunConfiguration>
  <LoggerRunSettings>
    <Loggers>
      <Logger friendlyName="Console" uri="logger://microsoft/TestPlatform/ConsoleLogger/v1" assemblyQualifiedName="Microsoft.VisualStudio.TestPlatform.CommandLine.Internal.ConsoleLogger, vstest.console, Version=15.0.0.0, Culture=neutral, PublicKeyToken=b03f5f7f11d50a3a" codeBase="C:\Program Files\dotnet\sdk\5.0.100-preview.3.20216.6\vstest.console.dll" enabled="True" />
    </Loggers>
  </LoggerRunSettings>
</RunSettings>

TpTrace Verbose: 0 : 15456, 1, 2020/06/13, 02:12:11.114, 1021881136618, vstest.console.dll, TestRunRequest.ExecuteAsync: Wait for the first run request is over.
TpTrace Verbose: 0 : 15456, 1, 2020/06/13, 02:12:11.115, 1021881144024, vstest.console.dll, ProxyExecutionManager: Test host is always Lazy initialize.
TpTrace Verbose: 0 : 15456, 1, 2020/06/13, 02:12:11.116, 1021881150047, vstest.console.dll, TestRequestSender.InitializeCommunication: initialize communication. 
TpTrace Information: 0 : 15456, 1, 2020/06/13, 02:12:11.148, 1021881473827, vstest.console.dll, SocketServer.Start: Listening on endpoint : 127.0.0.1:62987
TpTrace Verbose: 0 : 15456, 1, 2020/06/13, 02:12:11.155, 1021881546578, vstest.console.dll, DefaultTestHostmanager: Full path of TestHost\testhost.x86.exe is C:\Program Files\dotnet\sdk\5.0.100-preview.3.20216.6\Extensions\..//TestHost\testhost.x86.exe
TpTrace Verbose: 0 : 15456, 4, 2020/06/13, 02:12:11.158, 1021881577139, vstest.console.dll, Launching default test Host Process C:\Program Files\dotnet\sdk\5.0.100-preview.3.20216.6\Extensions\..//TestHost\testhost.x86.exe with arguments  --port 62987 --endpoint 127.0.0.1:062987 --role client --parentprocessid 15456 --diag "C:\Users\grzeg\Repos\ProblemsWithExpectoTestSdk\test.host.20-06-13_02-12-11_15377_1.log" --tracelevel 4 --telemetryoptedin false
TpTrace Verbose: 0 : 15456, 4, 2020/06/13, 02:12:11.159, 1021881580392, vstest.console.dll, DefaultTestHostManager: Starting process 'C:\Program Files\dotnet\sdk\5.0.100-preview.3.20216.6\Extensions\..//TestHost\testhost.x86.exe' with command line ' --port 62987 --endpoint 127.0.0.1:062987 --role client --parentprocessid 15456 --diag "C:\Users\grzeg\Repos\ProblemsWithExpectoTestSdk\test.host.20-06-13_02-12-11_15377_1.log" --tracelevel 4 --telemetryoptedin false'
TpTrace Verbose: 0 : 15456, 4, 2020/06/13, 02:12:11.178, 1021881776681, vstest.console.dll, Test Runtime launched
TpTrace Verbose: 0 : 15456, 1, 2020/06/13, 02:12:11.180, 1021881792849, vstest.console.dll, TestRequestSender.WaitForRequestHandlerConnection: waiting for connection with timeout: 90000
TpTrace Verbose: 0 : 15456, 7, 2020/06/13, 02:12:11.468, 1021884674248, vstest.console.dll, SocketServer.OnClientConnected: Client connected for endPoint: 127.0.0.1:62987, starting MessageLoopAsync:
TpTrace Verbose: 0 : 15456, 9, 2020/06/13, 02:12:11.469, 1021884680206, vstest.console.dll, TcpClientExtensions.MessageLoopAsync: Polling on remoteEndPoint: 127.0.0.1:62988 localEndPoint: 127.0.0.1:62987
TpTrace Verbose: 0 : 15456, 9, 2020/06/13, 02:12:11.987, 1021889863100, vstest.console.dll, TcpClientExtensions.MessageLoopAsync: NotifyDataAvailable remoteEndPoint: 127.0.0.1:62988 localEndPoint: 127.0.0.1:62987
TpTrace Verbose: 0 : 15456, 9, 2020/06/13, 02:12:11.995, 1021889939054, vstest.console.dll, TestRequestSender.CheckVersionWithTestHost: onMessageReceived received message: (ProtocolVersion) -> 2
TpTrace Verbose: 0 : 15456, 9, 2020/06/13, 02:12:11.995, 1021889946762, vstest.console.dll, TcpClientExtensions.MessageLoopAsync: Polling on remoteEndPoint: 127.0.0.1:62988 localEndPoint: 127.0.0.1:62987
TpTrace Verbose: 0 : 15456, 1, 2020/06/13, 02:12:11.996, 1021889948865, vstest.console.dll, TestPluginCache.GetExtensionPaths: Filtered extension paths: 
TpTrace Verbose: 0 : 15456, 1, 2020/06/13, 02:12:11.996, 1021889950187, vstest.console.dll, TestPluginCache.GetExtensionPaths: Added default extension paths: C:\Program Files\dotnet\sdk\5.0.100-preview.3.20216.6\Extensions\Microsoft.TestPlatform.Extensions.BlameDataCollector.dll
C:\Program Files\dotnet\sdk\5.0.100-preview.3.20216.6\Extensions\Microsoft.TestPlatform.Extensions.EventLogCollector.dll
C:\Program Files\dotnet\sdk\5.0.100-preview.3.20216.6\Extensions\Microsoft.TestPlatform.TestHostRuntimeProvider.dll
C:\Program Files\dotnet\sdk\5.0.100-preview.3.20216.6\Extensions\Microsoft.VisualStudio.TestPlatform.Extensions.Html.TestLogger.dll
C:\Program Files\dotnet\sdk\5.0.100-preview.3.20216.6\Extensions\Microsoft.VisualStudio.TestPlatform.Extensions.Trx.TestLogger.dll
TpTrace Verbose: 0 : 15456, 1, 2020/06/13, 02:12:11.996, 1021889951033, vstest.console.dll, TestPluginCache.GetExtensionPaths: Added unfilterableExtensionPaths: 
TpTrace Verbose: 0 : 15456, 1, 2020/06/13, 02:12:12.009, 1021890082305, vstest.console.dll, TestRequestSender.InitializeExecution: Sending initializing execution with message: {"Version":2,"MessageType":"TestExecution.Initialize","Payload":["C:\\Program Files\\dotnet\\sdk\\5.0.100-preview.3.20216.6\\Extensions\\Microsoft.TestPlatform.Extensions.BlameDataCollector.dll","C:\\Program Files\\dotnet\\sdk\\5.0.100-preview.3.20216.6\\Extensions\\Microsoft.TestPlatform.Extensions.EventLogCollector.dll","C:\\Program Files\\dotnet\\sdk\\5.0.100-preview.3.20216.6\\Extensions\\Microsoft.TestPlatform.TestHostRuntimeProvider.dll","C:\\Program Files\\dotnet\\sdk\\5.0.100-preview.3.20216.6\\Extensions\\Microsoft.VisualStudio.TestPlatform.Extensions.Html.TestLogger.dll","C:\\Program Files\\dotnet\\sdk\\5.0.100-preview.3.20216.6\\Extensions\\Microsoft.VisualStudio.TestPlatform.Extensions.Trx.TestLogger.dll","C:\\Users\\grzeg\\Repos\\ProblemsWithExpectoTestSdk\\ProblemsWithExpectoTestSdkFSharpCore47\\bin\\Debug\\net462\\expecto.visualstudio.testadapter.dll"]}
TpTrace Verbose: 0 : 15456, 9, 2020/06/13, 02:12:12.017, 1021890166947, vstest.console.dll, TcpClientExtensions.MessageLoopAsync: NotifyDataAvailable remoteEndPoint: 127.0.0.1:62988 localEndPoint: 127.0.0.1:62987
TpTrace Verbose: 0 : 15456, 9, 2020/06/13, 02:12:12.018, 1021890171221, vstest.console.dll, TestRequestSender.OnExecutionMessageReceived: Received message: {"Version":2,"MessageType":"TestSession.Message","Payload":{"MessageLevel":0,"Message":"Logging TestHost Diagnostics in file: C:\\Users\\grzeg\\Repos\\ProblemsWithExpectoTestSdk\\test.host.20-06-13_02-12-11_15377_1.log"}}
TpTrace Verbose: 0 : 15456, 9, 2020/06/13, 02:12:12.024, 1021890233002, vstest.console.dll, TestRunRequest:SendTestRunMessage: Starting.
TpTrace Verbose: 0 : 15456, 1, 2020/06/13, 02:12:12.034, 1021890331150, vstest.console.dll, TestRequestSender.StartTestRun: Sending test run with message: {"Version":2,"MessageType":"TestExecution.StartWithSources","Payload":{"AdapterSourceMap":{"_none_":["C:\\Users\\grzeg\\Repos\\ProblemsWithExpectoTestSdk\\ProblemsWithExpectoTestSdkFSharpCore47\\bin\\Debug\\net462\\ProblemsWithExpectoTestSdkFSharpCore47.exe"]},"RunSettings":"<RunSettings>\r\n  <RunConfiguration>\r\n    <ResultsDirectory>C:\\Users\\grzeg\\Repos\\ProblemsWithExpectoTestSdk\\ProblemsWithExpectoTestSdkFSharpCore47\\TestResults</ResultsDirectory>\r\n    <TargetPlatform>X86</TargetPlatform>\r\n    <TargetFrameworkVersion>.NETFramework,Version=v4.6.2</TargetFrameworkVersion>\r\n    <DesignMode>False</DesignMode>\r\n    <CollectSourceInformation>False</CollectSourceInformation>\r\n  </RunConfiguration>\r\n  <LoggerRunSettings>\r\n    <Loggers>\r\n      <Logger friendlyName=\"Console\" uri=\"logger://microsoft/TestPlatform/ConsoleLogger/v1\" assemblyQualifiedName=\"Microsoft.VisualStudio.TestPlatform.CommandLine.Internal.ConsoleLogger, vstest.console, Version=15.0.0.0, Culture=neutral, PublicKeyToken=b03f5f7f11d50a3a\" codeBase=\"C:\\Program Files\\dotnet\\sdk\\5.0.100-preview.3.20216.6\\vstest.console.dll\" enabled=\"True\" />\r\n    </Loggers>\r\n  </LoggerRunSettings>\r\n</RunSettings>","TestExecutionContext":{"FrequencyOfRunStatsChangeEvent":10,"RunStatsChangeEventTimeout":"00:00:01.5000000","InIsolation":false,"KeepAlive":false,"AreTestCaseLevelEventsRequired":false,"IsDebug":false,"TestCaseFilter":null,"FilterOptions":null},"Package":null}}
TpTrace Information: 0 : 15456, 1, 2020/06/13, 02:12:12.034, 1021890333751, vstest.console.dll, TestRunRequest.ExecuteAsync: Started.
TpTrace Verbose: 0 : 15456, 1, 2020/06/13, 02:12:12.034, 1021890335942, vstest.console.dll, TestRunRequest.WaitForCompletion: Waiting with timeout -1.
TpTrace Information: 0 : 15456, 9, 2020/06/13, 02:12:12.034, 1021890337428, vstest.console.dll, TestRunRequest:SendTestRunMessage: Completed.
TpTrace Verbose: 0 : 15456, 9, 2020/06/13, 02:12:12.035, 1021890339945, vstest.console.dll, TcpClientExtensions.MessageLoopAsync: Polling on remoteEndPoint: 127.0.0.1:62988 localEndPoint: 127.0.0.1:62987
TpTrace Verbose: 0 : 15456, 9, 2020/06/13, 02:12:12.600, 1021895994730, vstest.console.dll, TcpClientExtensions.MessageLoopAsync: NotifyDataAvailable remoteEndPoint: 127.0.0.1:62988 localEndPoint: 127.0.0.1:62987
TpTrace Verbose: 0 : 15456, 9, 2020/06/13, 02:12:12.601, 1021895997950, vstest.console.dll, TestRequestSender.OnExecutionMessageReceived: Received message: {"Version":2,"MessageType":"TestSession.Message","Payload":{"MessageLevel":1,"Message":"No test is available in C:\\Users\\grzeg\\Repos\\ProblemsWithExpectoTestSdk\\ProblemsWithExpectoTestSdkFSharpCore47\\bin\\Debug\\net462\\ProblemsWithExpectoTestSdkFSharpCore47.exe. Make sure that test discoverer & executors are registered and platform & framework version settings are appropriate and try again."}}
TpTrace Verbose: 0 : 15456, 9, 2020/06/13, 02:12:12.601, 1021896003424, vstest.console.dll, TestRunRequest:SendTestRunMessage: Starting.
TpTrace Information: 0 : 15456, 9, 2020/06/13, 02:12:12.601, 1021896005250, vstest.console.dll, TestRunRequest:SendTestRunMessage: Completed.
TpTrace Verbose: 0 : 15456, 9, 2020/06/13, 02:12:12.601, 1021896006567, vstest.console.dll, TcpClientExtensions.MessageLoopAsync: Polling on remoteEndPoint: 127.0.0.1:62988 localEndPoint: 127.0.0.1:62987
TpTrace Verbose: 0 : 15456, 9, 2020/06/13, 02:12:12.656, 1021896551565, vstest.console.dll, TcpClientExtensions.MessageLoopAsync: NotifyDataAvailable remoteEndPoint: 127.0.0.1:62988 localEndPoint: 127.0.0.1:62987
TpTrace Verbose: 0 : 15456, 9, 2020/06/13, 02:12:12.656, 1021896553639, vstest.console.dll, TestRequestSender.OnExecutionMessageReceived: Received message: {"Version":2,"MessageType":"TestExecution.Completed","Payload":{"TestRunCompleteArgs":{"TestRunStatistics":{"ExecutedTests":0,"Stats":{}},"IsCanceled":false,"IsAborted":false,"Error":null,"AttachmentSets":[],"ElapsedTimeInRunningTests":"00:00:00.0058799","Metrics":{}},"LastRunTests":{"NewTestResults":[],"TestRunStatistics":{"ExecutedTests":0,"Stats":{}},"ActiveTests":[]},"RunAttachments":[],"ExecutorUris":[]}}
TpTrace Verbose: 0 : 15456, 9, 2020/06/13, 02:12:12.656, 1021896557258, vstest.console.dll, TestRequestSender.EndSession: Sending end session.
TpTrace Verbose: 0 : 15456, 9, 2020/06/13, 02:12:12.657, 1021896559531, vstest.console.dll, ProxyOperationManager.Close: waiting for test host to exit for 100 ms
TpTrace Warning: 0 : 15456, 10, 2020/06/13, 02:12:12.669, 1021896679186, vstest.console.dll, TestHostManagerCallbacks.ErrorReceivedCallback Test host standard error line: 
TpTrace Verbose: 0 : 15456, 6, 2020/06/13, 02:12:12.678, 1021896768083, vstest.console.dll, TestHostProvider.ExitCallBack: Host exited starting callback.
TpTrace Information: 0 : 15456, 6, 2020/06/13, 02:12:12.679, 1021896779756, vstest.console.dll, TestHostManagerCallbacks.ExitCallBack: Testhost processId: 33744 exited with exitcode: 0 error: ''
TpTrace Verbose: 0 : 15456, 6, 2020/06/13, 02:12:12.679, 1021896782415, vstest.console.dll, CrossPlatEngine.TestHostManagerHostExited: calling on client process exit callback.
TpTrace Warning: 0 : 15456, 9, 2020/06/13, 02:12:12.679, 1021896784923, vstest.console.dll, ProxyOperationManager: Timed out waiting for test host to exit. Will terminate process.
TpTrace Information: 0 : 15456, 6, 2020/06/13, 02:12:12.679, 1021896784960, vstest.console.dll, TestRequestSender.OnClientProcessExit: Test host process exited. Standard error: 
TpTrace Information: 0 : 15456, 6, 2020/06/13, 02:12:12.680, 1021896788459, vstest.console.dll, SocketServer.Stop: Stop server endPoint: 127.0.0.1:62987
TpTrace Information: 0 : 15456, 6, 2020/06/13, 02:12:12.680, 1021896789534, vstest.console.dll, SocketServer.Stop: Cancellation requested. Stopping message loop.
TpTrace Verbose: 0 : 15456, 9, 2020/06/13, 02:12:12.722, 1021897209737, vstest.console.dll, TestRunRequest:TestRunComplete: Starting. IsAborted:False IsCanceled:False.
TpTrace Verbose: 0 : 15456, 9, 2020/06/13, 02:12:12.722, 1021897211525, vstest.console.dll, TestRequestSender.EndSession: Sending end session.
TpTrace Information: 0 : 15456, 9, 2020/06/13, 02:12:12.725, 1021897238216, vstest.console.dll, AssemblyResolver.OnResolve: System.Net.Sockets.resources: Resolving assembly.
TpTrace Information: 0 : 15456, 9, 2020/06/13, 02:12:12.725, 1021897243570, vstest.console.dll, AssemblyResolver.OnResolve: System.Net.Sockets.resources: Failed to load assembly.
TpTrace Information: 0 : 15456, 9, 2020/06/13, 02:12:12.725, 1021897247545, vstest.console.dll, AssemblyResolver.OnResolve: System.Net.Sockets.resources: Resolving assembly.
TpTrace Information: 0 : 15456, 9, 2020/06/13, 02:12:12.726, 1021897248493, vstest.console.dll, AssemblyResolver.OnResolve: System.Net.Sockets.resources: Resolved from cache.
TpTrace Error: 0 : 15456, 9, 2020/06/13, 02:12:12.741, 1021897404984, vstest.console.dll, LengthPrefixCommunicationChannel.Send: Error sending data: System.IO.IOException: Unable to write data to the transport connection: An existing connection was forcibly closed by the remote host..
 ---> System.Net.Sockets.SocketException (10054): An existing connection was forcibly closed by the remote host.
   at System.Net.Sockets.NetworkStream.Write(Byte[] buffer, Int32 offset, Int32 size)
   --- End of inner exception stack trace ---
   at System.Net.Sockets.NetworkStream.Write(Byte[] buffer, Int32 offset, Int32 size)
   at System.IO.BufferedStream.Flush()
   at System.IO.BinaryWriter.Flush()
   at Microsoft.VisualStudio.TestPlatform.CommunicationUtilities.LengthPrefixCommunicationChannel.Send(String data).
TpTrace Warning: 0 : 15456, 9, 2020/06/13, 02:12:12.744, 1021897430396, vstest.console.dll, ProxyOperationManager: Failed to end session: Microsoft.VisualStudio.TestPlatform.CommunicationUtilities.Interfaces.CommunicationException: Unable to send data over channel.
 ---> System.IO.IOException: Unable to write data to the transport connection: An existing connection was forcibly closed by the remote host..
 ---> System.Net.Sockets.SocketException (10054): An existing connection was forcibly closed by the remote host.
   at System.Net.Sockets.NetworkStream.Write(Byte[] buffer, Int32 offset, Int32 size)
   --- End of inner exception stack trace ---
   at System.Net.Sockets.NetworkStream.Write(Byte[] buffer, Int32 offset, Int32 size)
   at System.IO.BufferedStream.Flush()
   at System.IO.BinaryWriter.Flush()
   at Microsoft.VisualStudio.TestPlatform.CommunicationUtilities.LengthPrefixCommunicationChannel.Send(String data)
   --- End of inner exception stack trace ---
   at Microsoft.VisualStudio.TestPlatform.CommunicationUtilities.LengthPrefixCommunicationChannel.Send(String data)
   at Microsoft.VisualStudio.TestPlatform.CommunicationUtilities.TestRequestSender.EndSession()
   at Microsoft.VisualStudio.TestPlatform.CrossPlatEngine.Client.ProxyOperationManager.Close()
TpTrace Warning: 0 : 15456, 9, 2020/06/13, 02:12:12.744, 1021897432187, vstest.console.dll, ProxyOperationManager: Timed out waiting for test host to exit. Will terminate process.
TpTrace Information: 0 : 15456, 9, 2020/06/13, 02:12:12.745, 1021897439045, vstest.console.dll, AssemblyResolver.OnResolve: System.Diagnostics.Process.resources: Resolving assembly.
TpTrace Information: 0 : 15456, 9, 2020/06/13, 02:12:12.745, 1021897442584, vstest.console.dll, AssemblyResolver.OnResolve: System.Diagnostics.Process.resources: Failed to load assembly.
TpTrace Information: 0 : 15456, 9, 2020/06/13, 02:12:12.745, 1021897445800, vstest.console.dll, AssemblyResolver.OnResolve: System.Diagnostics.Process.resources: Resolving assembly.
TpTrace Information: 0 : 15456, 9, 2020/06/13, 02:12:12.745, 1021897446657, vstest.console.dll, AssemblyResolver.OnResolve: System.Diagnostics.Process.resources: Resolved from cache.
TpTrace Warning: 0 : 15456, 9, 2020/06/13, 02:12:12.746, 1021897450123, vstest.console.dll, TestLoggerManager.HandleTestRunStatsChange: Ignoring as the object is disposed.
TpTrace Verbose: 0 : 15456, 9, 2020/06/13, 02:12:12.746, 1021897451906, vstest.console.dll, TestLoggerManager.HandleTestRunComplete: Ignoring as the object is disposed.
TpTrace Information: 0 : 15456, 9, 2020/06/13, 02:12:12.749, 1021897481205, vstest.console.dll, TestRunRequest:TestRunComplete: Completed.
TpTrace Verbose: 0 : 15456, 1, 2020/06/13, 02:12:12.749, 1021897481506, vstest.console.dll, TestRunRequest.Dispose: Starting.
TpTrace Verbose: 0 : 15456, 9, 2020/06/13, 02:12:12.749, 1021897482763, vstest.console.dll, TestRequestSender.SetOperationComplete: Setting operation complete.
TpTrace Information: 0 : 15456, 1, 2020/06/13, 02:12:12.749, 1021897484056, vstest.console.dll, TestRunRequest.Dispose: Completed.
TpTrace Information: 0 : 15456, 9, 2020/06/13, 02:12:12.749, 1021897484970, vstest.console.dll, SocketServer.Stop: Stop server endPoint: 127.0.0.1:62987
TpTrace Information: 0 : 15456, 1, 2020/06/13, 02:12:12.749, 1021897486085, vstest.console.dll, TestRequestManager.RunTests: run tests completed.
TpTrace Information: 0 : 15456, 9, 2020/06/13, 02:12:12.749, 1021897486824, vstest.console.dll, SocketServer.Stop: Cancellation requested. Stopping message loop.
TpTrace Information: 0 : 15456, 1, 2020/06/13, 02:12:12.750, 1021897488510, vstest.console.dll, RunTestsArgumentProcessor:Execute: Test run is completed.
TpTrace Information: 0 : 15456, 9, 2020/06/13, 02:12:12.750, 1021897488971, vstest.console.dll, SocketServer.PrivateStop: Stop server endPoint: 127.0.0.1:62987 error: 
TpTrace Verbose: 0 : 15456, 1, 2020/06/13, 02:12:12.750, 1021897489386, vstest.console.dll, Executor.Execute: Exiting with exit code of 0
TpTrace Verbose: 0 : 15456, 9, 2020/06/13, 02:12:12.750, 1021897496696, vstest.console.dll, LengthPrefixCommunicationChannel.Dispose: Dispose reader and writer.
.WaitForRequestHandlerConnection: waiting for connection with timeout: 90000
TpTrace Verbose: 0 : 27768, 7, 2020/06/13, 02:12:12.421, 1021894207220, vstest.console.dll, SocketServer.OnClientConnected: Client connected for endPoint: 127.0.0.1:62989, starting MessageLoopAsync:
TpTrace Verbose: 0 : 27768, 4, 2020/06/13, 02:12:12.422, 1021894215037, vstest.console.dll, TcpClientExtensions.MessageLoopAsync: Polling on remoteEndPoint: 127.0.0.1:62990 localEndPoint: 127.0.0.1:62989
TpTrace Verbose: 0 : 27768, 4, 2020/06/13, 02:12:12.824, 1021898235446, vstest.console.dll, TcpClientExtensions.MessageLoopAsync: NotifyDataAvailable remoteEndPoint: 127.0.0.1:62990 localEndPoint: 127.0.0.1:62989
TpTrace Verbose: 0 : 27768, 4, 2020/06/13, 02:12:12.832, 1021898314802, vstest.console.dll, TestRequestSender.CheckVersionWithTestHost: onMessageReceived received message: (ProtocolVersion) -> 2
TpTrace Verbose: 0 : 27768, 4, 2020/06/13, 02:12:12.833, 1021898325133, vstest.console.dll, TcpClientExtensions.MessageLoopAsync: Polling on remoteEndPoint: 127.0.0.1:62990 localEndPoint: 127.0.0.1:62989
TpTrace Verbose: 0 : 27768, 1, 2020/06/13, 02:12:12.834, 1021898327884, vstest.console.dll, TestPluginCache.GetExtensionPaths: Filtered extension paths: 
TpTrace Verbose: 0 : 27768, 1, 2020/06/13, 02:12:12.834, 1021898331205, vstest.console.dll, TestPluginCache.GetExtensionPaths: Added default extension paths: C:\Program Files\dotnet\sdk\5.0.100-preview.3.20216.6\Extensions\Microsoft.TestPlatform.Extensions.BlameDataCollector.dll
C:\Program Files\dotnet\sdk\5.0.100-preview.3.20216.6\Extensions\Microsoft.TestPlatform.Extensions.EventLogCollector.dll
C:\Program Files\dotnet\sdk\5.0.100-preview.3.20216.6\Extensions\Microsoft.TestPlatform.TestHostRuntimeProvider.dll
C:\Program Files\dotnet\sdk\5.0.100-preview.3.20216.6\Extensions\Microsoft.VisualStudio.TestPlatform.Extensions.Html.TestLogger.dll
C:\Program Files\dotnet\sdk\5.0.100-preview.3.20216.6\Extensions\Microsoft.VisualStudio.TestPlatform.Extensions.Trx.TestLogger.dll
TpTrace Verbose: 0 : 27768, 1, 2020/06/13, 02:12:12.834, 1021898332921, vstest.console.dll, TestPluginCache.GetExtensionPaths: Added unfilterableExtensionPaths: 
TpTrace Verbose: 0 : 27768, 4, 2020/06/13, 02:12:12.848, 1021898468169, vstest.console.dll, TcpClientExtensions.MessageLoopAsync: NotifyDataAvailable remoteEndPoint: 127.0.0.1:62990 localEndPoint: 127.0.0.1:62989
TpTrace Verbose: 0 : 27768, 4, 2020/06/13, 02:12:12.848, 1021898470375, vstest.console.dll, TcpClientExtensions.MessageLoopAsync: Polling on remoteEndPoint: 127.0.0.1:62990 localEndPoint: 127.0.0.1:62989
TpTrace Verbose: 0 : 27768, 4, 2020/06/13, 02:12:12.848, 1021898472408, vstest.console.dll, TcpClientExtensions.MessageLoopAsync: NotifyDataAvailable remoteEndPoint: 127.0.0.1:62990 localEndPoint: 127.0.0.1:62989
TpTrace Verbose: 0 : 27768, 4, 2020/06/13, 02:12:12.848, 1021898473767, vstest.console.dll, TcpClientExtensions.MessageLoopAsync: Polling on remoteEndPoint: 127.0.0.1:62990 localEndPoint: 127.0.0.1:62989
TpTrace Verbose: 0 : 27768, 4, 2020/06/13, 02:12:12.848, 1021898474673, vstest.console.dll, TcpClientExtensions.MessageLoopAsync: NotifyDataAvailable remoteEndPoint: 127.0.0.1:62990 localEndPoint: 127.0.0.1:62989
TpTrace Verbose: 0 : 27768, 4, 2020/06/13, 02:12:12.848, 1021898475464, vstest.console.dll, TcpClientExtensions.MessageLoopAsync: Polling on remoteEndPoint: 127.0.0.1:62990 localEndPoint: 127.0.0.1:62989
TpTrace Verbose: 0 : 27768, 4, 2020/06/13, 02:12:12.848, 1021898476193, vstest.console.dll, TcpClientExtensions.MessageLoopAsync: NotifyDataAvailable remoteEndPoint: 127.0.0.1:62990 localEndPoint: 127.0.0.1:62989
TpTrace Verbose: 0 : 27768, 4, 2020/06/13, 02:12:12.848, 1021898477038, vstest.console.dll, TcpClientExtensions.MessageLoopAsync: Polling on remoteEndPoint: 127.0.0.1:62990 localEndPoint: 127.0.0.1:62989
TpTrace Verbose: 0 : 27768, 4, 2020/06/13, 02:12:12.849, 1021898477723, vstest.console.dll, TcpClientExtensions.MessageLoopAsync: NotifyDataAvailable remoteEndPoint: 127.0.0.1:62990 localEndPoint: 127.0.0.1:62989
TpTrace Verbose: 0 : 27768, 4, 2020/06/13, 02:12:12.849, 1021898478333, vstest.console.dll, TcpClientExtensions.MessageLoopAsync: Polling on remoteEndPoint: 127.0.0.1:62990 localEndPoint: 127.0.0.1:62989
TpTrace Verbose: 0 : 27768, 4, 2020/06/13, 02:12:12.849, 1021898479087, vstest.console.dll, TcpClientExtensions.MessageLoopAsync: NotifyDataAvailable remoteEndPoint: 127.0.0.1:62990 localEndPoint: 127.0.0.1:62989
TpTrace Verbose: 0 : 27768, 4, 2020/06/13, 02:12:12.849, 1021898479707, vstest.console.dll, TcpClientExtensions.MessageLoopAsync: Polling on remoteEndPoint: 127.0.0.1:62990 localEndPoint: 127.0.0.1:62989
TpTrace Verbose: 0 : 27768, 4, 2020/06/13, 02:12:12.849, 1021898480387, vstest.console.dll, TcpClientExtensions.MessageLoopAsync: NotifyDataAvailable remoteEndPoint: 127.0.0.1:62990 localEndPoint: 127.0.0.1:62989
TpTrace Verbose: 0 : 27768, 4, 2020/06/13, 02:12:12.849, 1021898481009, vstest.console.dll, TcpClientExtensions.MessageLoopAsync: Polling on remoteEndPoint: 127.0.0.1:62990 localEndPoint: 127.0.0.1:62989
TpTrace Verbose: 0 : 27768, 4, 2020/06/13, 02:12:12.849, 1021898481660, vstest.console.dll, TcpClientExtensions.MessageLoopAsync: NotifyDataAvailable remoteEndPoint: 127.0.0.1:62990 localEndPoint: 127.0.0.1:62989
TpTrace Verbose: 0 : 27768, 4, 2020/06/13, 02:12:12.849, 1021898482431, vstest.console.dll, TcpClientExtensions.MessageLoopAsync: Polling on remoteEndPoint: 127.0.0.1:62990 localEndPoint: 127.0.0.1:62989
TpTrace Verbose: 0 : 27768, 4, 2020/06/13, 02:12:12.849, 1021898483124, vstest.console.dll, TcpClientExtensions.MessageLoopAsync: NotifyDataAvailable remoteEndPoint: 127.0.0.1:62990 localEndPoint: 127.0.0.1:62989
TpTrace Verbose: 0 : 27768, 4, 2020/06/13, 02:12:12.849, 1021898483751, vstest.console.dll, TcpClientExtensions.MessageLoopAsync: Polling on remoteEndPoint: 127.0.0.1:62990 localEndPoint: 127.0.0.1:62989
TpTrace Verbose: 0 : 27768, 4, 2020/06/13, 02:12:12.849, 1021898484404, vstest.console.dll, TcpClientExtensions.MessageLoopAsync: NotifyDataAvailable remoteEndPoint: 127.0.0.1:62990 localEndPoint: 127.0.0.1:62989
TpTrace Verbose: 0 : 27768, 4, 2020/06/13, 02:12:12.849, 1021898485033, vstest.console.dll, TcpClientExtensions.MessageLoopAsync: Polling on remoteEndPoint: 127.0.0.1:62990 localEndPoint: 127.0.0.1:62989
TpTrace Verbose: 0 : 27768, 4, 2020/06/13, 02:12:12.849, 1021898485879, vstest.console.dll, TcpClientExtensions.MessageLoopAsync: NotifyDataAvailable remoteEndPoint: 127.0.0.1:62990 localEndPoint: 127.0.0.1:62989
TpTrace Verbose: 0 : 27768, 4, 2020/06/13, 02:12:12.849, 1021898486732, vstest.console.dll, TcpClientExtensions.MessageLoopAsync: Polling on remoteEndPoint: 127.0.0.1:62990 localEndPoint: 127.0.0.1:62989
TpTrace Verbose: 0 : 27768, 4, 2020/06/13, 02:12:12.850, 1021898487851, vstest.console.dll, TcpClientExtensions.MessageLoopAsync: NotifyDataAvailable remoteEndPoint: 127.0.0.1:62990 localEndPoint: 127.0.0.1:62989
TpTrace Verbose: 0 : 27768, 4, 2020/06/13, 02:12:12.850, 1021898488639, vstest.console.dll, TcpClientExtensions.MessageLoopAsync: Polling on remoteEndPoint: 127.0.0.1:62990 localEndPoint: 127.0.0.1:62989
TpTrace Verbose: 0 : 27768, 4, 2020/06/13, 02:12:12.850, 1021898489523, vstest.console.dll, TcpClientExtensions.MessageLoopAsync: NotifyDataAvailable remoteEndPoint: 127.0.0.1:62990 localEndPoint: 127.0.0.1:62989
TpTrace Verbose: 0 : 27768, 4, 2020/06/13, 02:12:12.850, 1021898490420, vstest.console.dll, TcpClientExtensions.MessageLoopAsync: Polling on remoteEndPoint: 127.0.0.1:62990 localEndPoint: 127.0.0.1:62989
TpTrace Verbose: 0 : 27768, 4, 2020/06/13, 02:12:12.850, 1021898491145, vstest.console.dll, TcpClientExtensions.MessageLoopAsync: NotifyDataAvailable remoteEndPoint: 127.0.0.1:62990 localEndPoint: 127.0.0.1:62989
TpTrace Verbose: 0 : 27768, 4, 2020/06/13, 02:12:12.850, 1021898491762, vstest.console.dll, TcpClientExtensions.MessageLoopAsync: Polling on remoteEndPoint: 127.0.0.1:62990 localEndPoint: 127.0.0.1:62989
TpTrace Verbose: 0 : 27768, 4, 2020/06/13, 02:12:12.850, 1021898492409, vstest.console.dll, TcpClientExtensions.MessageLoopAsync: NotifyDataAvailable remoteEndPoint: 127.0.0.1:62990 localEndPoint: 127.0.0.1:62989
TpTrace Verbose: 0 : 27768, 4, 2020/06/13, 02:12:12.850, 1021898493021, vstest.console.dll, TcpClientExtensions.MessageLoopAsync: Polling on remoteEndPoint: 127.0.0.1:62990 localEndPoint: 127.0.0.1:62989
TpTrace Verbose: 0 : 27768, 4, 2020/06/13, 02:12:12.850, 1021898493666, vstest.console.dll, TcpClientExtensions.MessageLoopAsync: NotifyDataAvailable remoteEndPoint: 127.0.0.1:62990 localEndPoint: 127.0.0.1:62989
TpTrace Verbose: 0 : 27768, 4, 2020/06/13, 02:12:12.850, 1021898494363, vstest.console.dll, TcpClientExtensions.MessageLoopAsync: Polling on remoteEndPoint: 127.0.0.1:62990 localEndPoint: 127.0.0.1:62989
TpTrace Verbose: 0 : 27768, 4, 2020/06/13, 02:12:12.850, 1021898495003, vstest.console.dll, TcpClientExtensions.MessageLoopAsync: NotifyDataAvailable remoteEndPoint: 127.0.0.1:62990 localEndPoint: 127.0.0.1:62989
TpTrace Verbose: 0 : 27768, 4, 2020/06/13, 02:12:12.850, 1021898495605, vstest.console.dll, TcpClientExtensions.MessageLoopAsync: Polling on remoteEndPoint: 127.0.0.1:62990 localEndPoint: 127.0.0.1:62989
TpTrace Verbose: 0 : 27768, 4, 2020/06/13, 02:12:12.850, 1021898496252, vstest.console.dll, TcpClientExtensions.MessageLoopAsync: NotifyDataAvailable remoteEndPoint: 127.0.0.1:62990 localEndPoint: 127.0.0.1:62989
TpTrace Verbose: 0 : 27768, 4, 2020/06/13, 02:12:12.850, 1021898496961, vstest.console.dll, TcpClientExtensions.MessageLoopAsync: Polling on remoteEndPoint: 127.0.0.1:62990 localEndPoint: 127.0.0.1:62989
TpTrace Verbose: 0 : 27768, 1, 2020/06/13, 02:12:12.850, 1021898497104, vstest.console.dll, TestRequestSender.InitializeExecution: Sending initializing execution with message: {"Version":2,"MessageType":"TestExecution.Initialize","Payload":["C:\\Program Files\\dotnet\\sdk\\5.0.100-preview.3.20216.6\\Extensions\\Microsoft.TestPlatform.Extensions.BlameDataCollector.dll","C:\\Program Files\\dotnet\\sdk\\5.0.100-preview.3.20216.6\\Extensions\\Microsoft.TestPlatform.Extensions.EventLogCollector.dll","C:\\Program Files\\dotnet\\sdk\\5.0.100-preview.3.20216.6\\Extensions\\Microsoft.TestPlatform.TestHostRuntimeProvider.dll","C:\\Program Files\\dotnet\\sdk\\5.0.100-preview.3.20216.6\\Extensions\\Microsoft.VisualStudio.TestPlatform.Extensions.Html.TestLogger.dll","C:\\Program Files\\dotnet\\sdk\\5.0.100-preview.3.20216.6\\Extensions\\Microsoft.VisualStudio.TestPlatform.Extensions.Trx.TestLogger.dll","C:\\Users\\grzeg\\Repos\\ProblemsWithExpectoTestSdk\\ProblemsWithExpectoTestSdkFSharpCore46\\bin\\Debug\\net462\\expecto.visualstudio.testadapter.dll"]}
TpTrace Verbose: 0 : 27768, 4, 2020/06/13, 02:12:12.851, 1021898497847, vstest.console.dll, TcpClientExtensions.MessageLoopAsync: NotifyDataAvailable remoteEndPoint: 127.0.0.1:62990 localEndPoint: 127.0.0.1:62989
TpTrace Verbose: 0 : 27768, 4, 2020/06/13, 02:12:12.851, 1021898500147, vstest.console.dll, TcpClientExtensions.MessageLoopAsync: Polling on remoteEndPoint: 127.0.0.1:62990 localEndPoint: 127.0.0.1:62989
TpTrace Verbose: 0 : 27768, 4, 2020/06/13, 02:12:12.851, 1021898501436, vstest.console.dll, TcpClientExtensions.MessageLoopAsync: NotifyDataAvailable remoteEndPoint: 127.0.0.1:62990 localEndPoint: 127.0.0.1:62989
TpTrace Verbose: 0 : 27768, 4, 2020/06/13, 02:12:12.851, 1021898503422, vstest.console.dll, TcpClientExtensions.MessageLoopAsync: Polling on remoteEndPoint: 127.0.0.1:62990 localEndPoint: 127.0.0.1:62989
TpTrace Verbose: 0 : 27768, 4, 2020/06/13, 02:12:12.851, 1021898504758, vstest.console.dll, TcpClientExtensions.MessageLoopAsync: NotifyDataAvailable remoteEndPoint: 127.0.0.1:62990 localEndPoint: 127.0.0.1:62989
TpTrace Verbose: 0 : 27768, 4, 2020/06/13, 02:12:12.851, 1021898506574, vstest.console.dll, TestRequestSender.OnExecutionMessageReceived: Received message: {"Version":2,"MessageType":"TestSession.Message","Payload":{"MessageLevel":0,"Message":"Logging TestHost Diagnostics in file: C:\\Users\\grzeg\\Repos\\ProblemsWithExpectoTestSdk\\test.host.20-06-13_02-12-12_07882_1.log"}}
TpTrace Verbose: 0 : 27768, 4, 2020/06/13, 02:12:12.857, 1021898564703, vstest.console.dll, TestRunRequest:SendTestRunMessage: Starting.
TpTrace Verbose: 0 : 27768, 1, 2020/06/13, 02:12:12.870, 1021898690796, vstest.console.dll, TestRequestSender.StartTestRun: Sending test run with message: {"Version":2,"MessageType":"TestExecution.StartWithSources","Payload":{"AdapterSourceMap":{"_none_":["C:\\Users\\grzeg\\Repos\\ProblemsWithExpectoTestSdk\\ProblemsWithExpectoTestSdkFSharpCore46\\bin\\Debug\\net462\\ProblemsWithExpectoTestSdkFSharpCore46.exe"]},"RunSettings":"<RunSettings>\r\n  <RunConfiguration>\r\n    <ResultsDirectory>C:\\Users\\grzeg\\Repos\\ProblemsWithExpectoTestSdk\\ProblemsWithExpectoTestSdkFSharpCore46\\TestResults</ResultsDirectory>\r\n    <TargetPlatform>X86</TargetPlatform>\r\n    <TargetFrameworkVersion>.NETFramework,Version=v4.6.2</TargetFrameworkVersion>\r\n    <DesignMode>False</DesignMode>\r\n    <CollectSourceInformation>False</CollectSourceInformation>\r\n  </RunConfiguration>\r\n  <LoggerRunSettings>\r\n    <Loggers>\r\n      <Logger friendlyName=\"Console\" uri=\"logger://microsoft/TestPlatform/ConsoleLogger/v1\" assemblyQualifiedName=\"Microsoft.VisualStudio.TestPlatform.CommandLine.Internal.ConsoleLogger, vstest.console, Version=15.0.0.0, Culture=neutral, PublicKeyToken=b03f5f7f11d50a3a\" codeBase=\"C:\\Program Files\\dotnet\\sdk\\5.0.100-preview.3.20216.6\\vstest.console.dll\" enabled=\"True\" />\r\n    </Loggers>\r\n  </LoggerRunSettings>\r\n</RunSettings>","TestExecutionContext":{"FrequencyOfRunStatsChangeEvent":10,"RunStatsChangeEventTimeout":"00:00:01.5000000","InIsolation":false,"KeepAlive":false,"AreTestCaseLevelEventsRequired":false,"IsDebug":false,"TestCaseFilter":null,"FilterOptions":null},"Package":null}}
TpTrace Information: 0 : 27768, 1, 2020/06/13, 02:12:12.870, 1021898693667, vstest.console.dll, TestRunRequest.ExecuteAsync: Started.
TpTrace Verbose: 0 : 27768, 1, 2020/06/13, 02:12:12.870, 1021898695371, vstest.console.dll, TestRunRequest.WaitForCompletion: Waiting with timeout -1.
TpTrace Information: 0 : 27768, 4, 2020/06/13, 02:12:12.870, 1021898697081, vstest.console.dll, TestRunRequest:SendTestRunMessage: Completed.
TpTrace Verbose: 0 : 27768, 4, 2020/06/13, 02:12:12.871, 1021898698701, vstest.console.dll, TcpClientExtensions.MessageLoopAsync: Polling on remoteEndPoint: 127.0.0.1:62990 localEndPoint: 127.0.0.1:62989
TpTrace Verbose: 0 : 27768, 4, 2020/06/13, 02:12:13.886, 1021908848291, vstest.console.dll, TcpClientExtensions.MessageLoopAsync: Polling on remoteEndPoint: 127.0.0.1:62990 localEndPoint: 127.0.0.1:62989
TpTrace Verbose: 0 : 27768, 4, 2020/06/13, 02:12:14.245, 1021912442352, vstest.console.dll, TcpClientExtensions.MessageLoopAsync: NotifyDataAvailable remoteEndPoint: 127.0.0.1:62990 localEndPoint: 127.0.0.1:62989
TpTrace Verbose: 0 : 27768, 4, 2020/06/13, 02:12:14.246, 1021912449796, vstest.console.dll, TestRequestSender.OnExecutionMessageReceived: Received message: {"Version":2,"MessageType":"TestExecution.Completed","Payload":{"TestRunCompleteArgs":{"TestRunStatistics":{"ExecutedTests":8,"Stats":{"Passed":2,"Failed":5,"Skipped":1}},"IsCanceled":false,"IsAborted":false,"Error":null,"AttachmentSets":[],"ElapsedTimeInRunningTests":"00:00:00.9089987","Metrics":{}},"LastRunTests":{"NewTestResults":[{"TestCase":{"Id":"5ab3f88f-c802-6511-71f8-4b9c4112e234","FullyQualifiedName":"samples.universe exists (╭ರᴥ•́)","DisplayName":"samples.universe exists (╭ರᴥ•́)","ExecutorUri":"executor://yolodev/expecto","Source":"C:\\Users\\grzeg\\Repos\\ProblemsWithExpectoTestSdk\\ProblemsWithExpectoTestSdkFSharpCore46\\bin\\Debug\\net462\\ProblemsWithExpectoTestSdkFSharpCore46.exe","CodeFilePath":"C:\\Users\\grzeg\\Repos\\ProblemsWithExpectoTestSdk\\ProblemsWithExpectoTestSdkFSharpCore46\\Sample.fs","LineNumber":9,"Properties":[]},"Attachments":[],"Outcome":1,"ErrorMessage":null,"ErrorStackTrace":null,"DisplayName":null,"Messages":[],"ComputerName":null,"Duration":"00:00:00.0090000","StartTime":"2020-06-13T02:12:13.9459181+02:00","EndTime":"2020-06-13T02:12:13.99292+02:00","Properties":[]},{"TestCase":{"Id":"69be98ef-0089-b051-0153-3674c08c4612","FullyQualifiedName":"samples.contains things","DisplayName":"samples.contains things","ExecutorUri":"executor://yolodev/expecto","Source":"C:\\Users\\grzeg\\Repos\\ProblemsWithExpectoTestSdk\\ProblemsWithExpectoTestSdkFSharpCore46\\bin\\Debug\\net462\\ProblemsWithExpectoTestSdkFSharpCore46.exe","CodeFilePath":"C:\\Users\\grzeg\\Repos\\ProblemsWithExpectoTestSdk\\ProblemsWithExpectoTestSdkFSharpCore46\\Sample.fs","LineNumber":23,"Properties":[]},"Attachments":[],"Outcome":1,"ErrorMessage":null,"ErrorStackTrace":null,"DisplayName":null,"Messages":[],"ComputerName":null,"Duration":"00:00:00.0190000","StartTime":"2020-06-13T02:12:13.9459181+02:00","EndTime":"2020-06-13T02:12:13.99292+02:00","Properties":[]},{"TestCase":{"Id":"ae96dfb3-1a88-501d-ca75-00b71c15cf6b","FullyQualifiedName":"samples.when true is not (should fail)","DisplayName":"samples.when true is not (should fail)","ExecutorUri":"executor://yolodev/expecto","Source":"C:\\Users\\grzeg\\Repos\\ProblemsWithExpectoTestSdk\\ProblemsWithExpectoTestSdkFSharpCore46\\bin\\Debug\\net462\\ProblemsWithExpectoTestSdkFSharpCore46.exe","CodeFilePath":"C:\\Users\\grzeg\\Repos\\ProblemsWithExpectoTestSdk\\ProblemsWithExpectoTestSdkFSharpCore46\\Sample.fs","LineNumber":13,"Properties":[]},"Attachments":[],"Outcome":2,"ErrorMessage":"\nI should fail because the subject is false. Actual value was false but had expected it to be true.\n   at Tests.tests@12-1.Invoke(Unit _arg2) in C:\\Users\\grzeg\\Repos\\ProblemsWithExpectoTestSdk\\ProblemsWithExpectoTestSdkFSharpCore46\\Sample.fs:line 14\r\n   at Expecto.Impl.execTestAsync@566-1.Invoke(Unit unitVar)\r\n   at Microsoft.FSharp.Control.AsyncPrimitives.CallThenInvoke[T,TResult](AsyncActivation`1 ctxt, TResult result1, FSharpFunc`2 part2)\r\n   at <StartupCode$FSharp-Core>.$Async.StartChild@1641-5.Invoke(AsyncActivation`1 ctxt)\r\n   at Microsoft.FSharp.Control.Trampoline.Execute(FSharpFunc`2 firstAction)","ErrorStackTrace":null,"DisplayName":null,"Messages":[],"ComputerName":null,"Duration":"00:00:00.0200000","StartTime":"2020-06-13T02:12:13.9479155+02:00","EndTime":"2020-06-13T02:12:14.0089206+02:00","Properties":[]},{"TestCase":{"Id":"860e8434-f34d-120d-0f4f-175260ccc0c9","FullyQualifiedName":"samples.I'm always fail (should fail)","DisplayName":"samples.I'm always fail (should fail)","ExecutorUri":"executor://yolodev/expecto","Source":"C:\\Users\\grzeg\\Repos\\ProblemsWithExpectoTestSdk\\ProblemsWithExpectoTestSdkFSharpCore46\\bin\\Debug\\net462\\ProblemsWithExpectoTestSdkFSharpCore46.exe","CodeFilePath":"C:\\Users\\grzeg\\Repos\\ProblemsWithExpectoTestSdk\\ProblemsWithExpectoTestSdkFSharpCore46\\Sample.fs","LineNumber":20,"Properties":[]},"Attachments":[],"Outcome":2,"ErrorMessage":"\nThis was expected...\n   at Tests.tests@19-3.Invoke(Unit _arg4) in C:\\Users\\grzeg\\Repos\\ProblemsWithExpectoTestSdk\\ProblemsWithExpectoTestSdkFSharpCore46\\Sample.fs:line 20\r\n   at Expecto.Impl.execTestAsync@566-1.Invoke(Unit unitVar)\r\n   at Microsoft.FSharp.Control.AsyncPrimitives.CallThenInvoke[T,TResult](AsyncActivation`1 ctxt, TResult result1, FSharpFunc`2 part2)\r\n   at <StartupCode$FSharp-Core>.$Async.StartChild@1641-5.Invoke(AsyncActivation`1 ctxt)\r\n   at Microsoft.FSharp.Control.Trampoline.Execute(FSharpFunc`2 firstAction)","ErrorStackTrace":null,"DisplayName":null,"Messages":[],"ComputerName":null,"Duration":"00:00:00.0200000","StartTime":"2020-06-13T02:12:13.9459181+02:00","EndTime":"2020-06-13T02:12:14.0079207+02:00","Properties":[]},{"TestCase":{"Id":"666758e6-4bdf-fdd6-596f-5cd2eced974d","FullyQualifiedName":"samples.I'm skipped (should skip)","DisplayName":"samples.I'm skipped (should skip)","ExecutorUri":"executor://yolodev/expecto","Source":"C:\\Users\\grzeg\\Repos\\ProblemsWithExpectoTestSdk\\ProblemsWithExpectoTestSdkFSharpCore46\\bin\\Debug\\net462\\ProblemsWithExpectoTestSdkFSharpCore46.exe","CodeFilePath":"C:\\Users\\grzeg\\Repos\\ProblemsWithExpectoTestSdk\\ProblemsWithExpectoTestSdkFSharpCore46\\Sample.fs","LineNumber":17,"Properties":[]},"Attachments":[],"Outcome":3,"ErrorMessage":null,"ErrorStackTrace":null,"DisplayName":null,"Messages":[{"Category":"AdtnlInfo","Text":"Skipped: Yup, waiting for a sunny day..."}],"ComputerName":null,"Duration":"00:00:00","StartTime":"2020-06-13T02:12:13.9459181+02:00","EndTime":"2020-06-13T02:12:13.9949201+02:00","Properties":[]},{"TestCase":{"Id":"81b537bd-6bbd-1686-783b-a73221fa9735","FullyQualifiedName":"samples.contains things (should fail)","DisplayName":"samples.contains things (should fail)","ExecutorUri":"executor://yolodev/expecto","Source":"C:\\Users\\grzeg\\Repos\\ProblemsWithExpectoTestSdk\\ProblemsWithExpectoTestSdkFSharpCore46\\bin\\Debug\\net462\\ProblemsWithExpectoTestSdkFSharpCore46.exe","CodeFilePath":"C:\\Users\\grzeg\\Repos\\ProblemsWithExpectoTestSdk\\ProblemsWithExpectoTestSdkFSharpCore46\\Sample.fs","LineNumber":27,"Properties":[]},"Attachments":[],"Outcome":2,"ErrorMessage":"\nExpecting we have one (1) in there.\n    Sequence `actual` does not contain all `expected` elements.\n        All elements in `actual`:\n        {2, 3, 4}\n        All elements in `expected`:\n        {1, 2, 4}\n        Missing elements from `actual`:\n        {1}\n        Extra elements in `actual`:\n        {3}\n   at Tests.tests@26-5.Invoke(Unit _arg6) in C:\\Users\\grzeg\\Repos\\ProblemsWithExpectoTestSdk\\ProblemsWithExpectoTestSdkFSharpCore46\\Sample.fs:line 27\r\n   at Expecto.Impl.execTestAsync@566-1.Invoke(Unit unitVar)\r\n   at Microsoft.FSharp.Control.AsyncPrimitives.CallThenInvoke[T,TResult](AsyncActivation`1 ctxt, TResult result1, FSharpFunc`2 part2)\r\n   at <StartupCode$FSharp-Core>.$Async.StartChild@1641-5.Invoke(AsyncActivation`1 ctxt)\r\n   at Microsoft.FSharp.Control.Trampoline.Execute(FSharpFunc`2 firstAction)","ErrorStackTrace":null,"DisplayName":null,"Messages":[],"ComputerName":null,"Duration":"00:00:00.0680000","StartTime":"2020-06-13T02:12:13.9459181+02:00","EndTime":"2020-06-13T02:12:14.0359215+02:00","Properties":[]},{"TestCase":{"Id":"9e456d47-ffce-b19d-d921-598de4568026","FullyQualifiedName":"samples.I am (should fail)","DisplayName":"samples.I am (should fail)","ExecutorUri":"executor://yolodev/expecto","Source":"C:\\Users\\grzeg\\Repos\\ProblemsWithExpectoTestSdk\\ProblemsWithExpectoTestSdkFSharpCore46\\bin\\Debug\\net462\\ProblemsWithExpectoTestSdkFSharpCore46.exe","CodeFilePath":"C:\\Users\\grzeg\\Repos\\ProblemsWithExpectoTestSdk\\ProblemsWithExpectoTestSdkFSharpCore46\\Sample.fs","LineNumber":34,"Properties":[]},"Attachments":[],"Outcome":2,"ErrorMessage":"\n╰〳 ಠ 益 ಠೃ 〵╯.\nexpected: false\n  actual: true\n   at Tests.tests@34-7.Invoke(Unit unitVar) in C:\\Users\\grzeg\\Repos\\ProblemsWithExpectoTestSdk\\ProblemsWithExpectoTestSdkFSharpCore46\\Sample.fs:line 34\r\n   at Expecto.Impl.execTestAsync@566-1.Invoke(Unit unitVar)\r\n   at Microsoft.FSharp.Control.AsyncPrimitives.CallThenInvoke[T,TResult](AsyncActivation`1 ctxt, TResult result1, FSharpFunc`2 part2)\r\n   at <StartupCode$FSharp-Core>.$Async.StartChild@1641-5.Invoke(AsyncActivation`1 ctxt)\r\n   at Microsoft.FSharp.Control.Trampoline.Execute(FSharpFunc`2 firstAction)","ErrorStackTrace":null,"DisplayName":null,"Messages":[],"ComputerName":null,"Duration":"00:00:00.1400000","StartTime":"2020-06-13T02:12:13.9459181+02:00","EndTime":"2020-06-13T02:12:14.1079268+02:00","Properties":[]},{"TestCase":{"Id":"a548798a-be33-c50c-769e-851aaf7dc281","FullyQualifiedName":"samples.Sometimes I want to ༼ノಠل͟ಠ༽ノ ︵ ┻━┻","DisplayName":"samples.Sometimes I want to ༼ノಠل͟ಠ༽ノ ︵ ┻━┻","ExecutorUri":"executor://yolodev/expecto","Source":"C:\\Users\\grzeg\\Repos\\ProblemsWithExpectoTestSdk\\ProblemsWithExpectoTestSdkFSharpCore46\\bin\\Debug\\net462\\ProblemsWithExpectoTestSdkFSharpCore46.exe","CodeFilePath":"C:\\Users\\grzeg\\Repos\\ProblemsWithExpectoTestSdk\\ProblemsWithExpectoTestSdkFSharpCore46\\Sample.fs","LineNumber":31,"Properties":[]},"Attachments":[],"Outcome":2,"ErrorMessage":"\nThese should equal. String does not match at position 4. Expected char: 'e', but got 'ë'.\nexpected: abcdef\n  actual: abcdëf\n   at Tests.tests@30-6.Invoke(Unit _arg7) in C:\\Users\\grzeg\\Repos\\ProblemsWithExpectoTestSdk\\ProblemsWithExpectoTestSdkFSharpCore46\\Sample.fs:line 31\r\n   at Expecto.Impl.execTestAsync@566-1.Invoke(Unit unitVar)\r\n   at Microsoft.FSharp.Control.AsyncPrimitives.CallThenInvoke[T,TResult](AsyncActivation`1 ctxt, TResult result1, FSharpFunc`2 part2)\r\n   at <StartupCode$FSharp-Core>.$Async.StartChild@1641-5.Invoke(AsyncActivation`1 ctxt)\r\n   at Microsoft.FSharp.Control.Trampoline.Execute(FSharpFunc`2 firstAction)","ErrorStackTrace":null,"DisplayName":null,"Messages":[],"ComputerName":null,"Duration":"00:00:00.1450000","StartTime":"2020-06-13T02:12:13.9459181+02:00","EndTime":"2020-06-13T02:12:14.110929+02:00","Properties":[]}],"TestRunStatistics":{"ExecutedTests":8,"Stats":{"Passed":2,"Failed":5,"Skipped":1}},"ActiveTests":[]},"RunAttachments":[],"ExecutorUris":["executor://yolodev/expecto"]}}
TpTrace Verbose: 0 : 27768, 4, 2020/06/13, 02:12:14.247, 1021912463446, vstest.console.dll, TestRequestSender.EndSession: Sending end session.
TpTrace Verbose: 0 : 27768, 4, 2020/06/13, 02:12:14.247, 1021912466110, vstest.console.dll, ProxyOperationManager.Close: waiting for test host to exit for 100 ms
TpTrace Warning: 0 : 27768, 9, 2020/06/13, 02:12:14.259, 1021912579281, vstest.console.dll, TestHostManagerCallbacks.ErrorReceivedCallback Test host standard error line: 
TpTrace Verbose: 0 : 27768, 6, 2020/06/13, 02:12:14.268, 1021912670919, vstest.console.dll, TestHostProvider.ExitCallBack: Host exited starting callback.
TpTrace Information: 0 : 27768, 6, 2020/06/13, 02:12:14.268, 1021912677194, vstest.console.dll, TestHostManagerCallbacks.ExitCallBack: Testhost processId: 29840 exited with exitcode: 0 error: ''
TpTrace Verbose: 0 : 27768, 6, 2020/06/13, 02:12:14.269, 1021912678477, vstest.console.dll, CrossPlatEngine.TestHostManagerHostExited: calling on client process exit callback.
TpTrace Information: 0 : 27768, 6, 2020/06/13, 02:12:14.269, 1021912679406, vstest.console.dll, TestRequestSender.OnClientProcessExit: Test host process exited. Standard error: 
TpTrace Warning: 0 : 27768, 4, 2020/06/13, 02:12:14.269, 1021912679470, vstest.console.dll, ProxyOperationManager: Timed out waiting for test host to exit. Will terminate process.
TpTrace Information: 0 : 27768, 6, 2020/06/13, 02:12:14.269, 1021912680154, vstest.console.dll, SocketServer.Stop: Stop server endPoint: 127.0.0.1:62989
TpTrace Information: 0 : 27768, 6, 2020/06/13, 02:12:14.269, 1021912681690, vstest.console.dll, SocketServer.Stop: Cancellation requested. Stopping message loop.
TpTrace Verbose: 0 : 27768, 4, 2020/06/13, 02:12:14.451, 1021914501056, vstest.console.dll, TestRunRequest:TestRunComplete: Starting. IsAborted:False IsCanceled:False.
TpTrace Verbose: 0 : 27768, 4, 2020/06/13, 02:12:14.451, 1021914502682, vstest.console.dll, TestRequestSender.EndSession: Sending end session.
TpTrace Verbose: 0 : 27768, 4, 2020/06/13, 02:12:14.451, 1021914504754, vstest.console.dll, ProxyOperationManager.Close: waiting for test host to exit for 100 ms
TpTrace Warning: 0 : 27768, 4, 2020/06/13, 02:12:14.451, 1021914505420, vstest.console.dll, ProxyOperationManager: Timed out waiting for test host to exit. Will terminate process.
TpTrace Information: 0 : 27768, 4, 2020/06/13, 02:12:14.452, 1021914512808, vstest.console.dll, AssemblyResolver.OnResolve: System.Diagnostics.Process.resources: Resolving assembly.
TpTrace Information: 0 : 27768, 4, 2020/06/13, 02:12:14.452, 1021914516288, vstest.console.dll, AssemblyResolver.OnResolve: System.Diagnostics.Process.resources: Failed to load assembly.
TpTrace Information: 0 : 27768, 4, 2020/06/13, 02:12:14.453, 1021914519474, vstest.console.dll, AssemblyResolver.OnResolve: System.Diagnostics.Process.resources: Resolving assembly.
TpTrace Information: 0 : 27768, 4, 2020/06/13, 02:12:14.453, 1021914520211, vstest.console.dll, AssemblyResolver.OnResolve: System.Diagnostics.Process.resources: Resolved from cache.
TpTrace Warning: 0 : 27768, 4, 2020/06/13, 02:12:14.453, 1021914524120, vstest.console.dll, TestLoggerManager.HandleTestRunStatsChange: Ignoring as the object is disposed.
TpTrace Verbose: 0 : 27768, 4, 2020/06/13, 02:12:14.453, 1021914525614, vstest.console.dll, TestLoggerManager.HandleTestRunComplete: Ignoring as the object is disposed.
TpTrace Information: 0 : 27768, 4, 2020/06/13, 02:12:14.455, 1021914543086, vstest.console.dll, TestRunRequest:TestRunComplete: Completed.
TpTrace Verbose: 0 : 27768, 1, 2020/06/13, 02:12:14.455, 1021914543982, vstest.console.dll, TestRunRequest.Dispose: Starting.
TpTrace Verbose: 0 : 27768, 4, 2020/06/13, 02:12:14.455, 1021914544087, vstest.console.dll, TestRequestSender.SetOperationComplete: Setting operation complete.
TpTrace Information: 0 : 27768, 4, 2020/06/13, 02:12:14.455, 1021914546286, vstest.console.dll, SocketServer.Stop: Stop server endPoint: 127.0.0.1:62989
TpTrace Information: 0 : 27768, 4, 2020/06/13, 02:12:14.455, 1021914546998, vstest.console.dll, SocketServer.Stop: Cancellation requested. Stopping message loop.
TpTrace Information: 0 : 27768, 1, 2020/06/13, 02:12:14.455, 1021914545227, vstest.console.dll, TestRunRequest.Dispose: Completed.
TpTrace Information: 0 : 27768, 4, 2020/06/13, 02:12:14.456, 1021914547791, vstest.console.dll, SocketServer.PrivateStop: Stop server endPoint: 127.0.0.1:62989 error: 
TpTrace Information: 0 : 27768, 1, 2020/06/13, 02:12:14.456, 1021914548930, vstest.console.dll, TestRequestManager.RunTests: run tests completed.
TpTrace Information: 0 : 27768, 1, 2020/06/13, 02:12:14.456, 1021914550917, vstest.console.dll, RunTestsArgumentProcessor:Execute: Test run is completed.
TpTrace Verbose: 0 : 27768, 1, 2020/06/13, 02:12:14.456, 1021914551643, vstest.console.dll, Executor.Execute: Exiting with exit code of 1
TpTrace Verbose: 0 : 27768, 4, 2020/06/13, 02:12:14.456, 1021914554303, vstest.console.dll, LengthPrefixCommunicationChannel.Dispose: Dispose reader and writer.
TpTrace Information: 0 : 27768, 4, 2020/06/13, 02:12:14.456, 1021914555334, vstest.console.dll, SocketServer.Stop: Raise disconnected event endPoint: 127.0.0.1:62989 error: 
TpTrace Verbose: 0 : 27768, 4, 2020/06/13, 02:12:14.456, 1021914556325, vstest.console.dll, TestRequestSender: OnTestRunAbort: Operation is already complete. Skip error message.
TpTrace Verbose: 0 : 27768, 4, 2020/06/13, 02:12:14.457, 1021914557577, vstest.console.dll, TcpClientExtensions.MessageLoopAsync: exiting MessageLoopAsync remoteEndPoint: 127.0.0.1:62990 localEndPoint: 127.0.0.1:62989
bose: 0 : 36244, 7, 2020/06/13, 02:12:13.976, 1021909751544, vstest.console.dll, TcpClientExtensions.MessageLoopAsync: Polling on remoteEndPoint: 127.0.0.1:62992 localEndPoint: 127.0.0.1:62991
TpTrace Verbose: 0 : 36244, 1, 2020/06/13, 02:12:13.976, 1021909753422, vstest.console.dll, TestPluginCache.GetExtensionPaths: Filtered extension paths: 
TpTrace Verbose: 0 : 36244, 1, 2020/06/13, 02:12:13.976, 1021909755078, vstest.console.dll, TestPluginCache.GetExtensionPaths: Added default extension paths: C:\Program Files\dotnet\sdk\5.0.100-preview.3.20216.6\Extensions\Microsoft.TestPlatform.Extensions.BlameDataCollector.dll
C:\Program Files\dotnet\sdk\5.0.100-preview.3.20216.6\Extensions\Microsoft.TestPlatform.Extensions.EventLogCollector.dll
C:\Program Files\dotnet\sdk\5.0.100-preview.3.20216.6\Extensions\Microsoft.TestPlatform.TestHostRuntimeProvider.dll
C:\Program Files\dotnet\sdk\5.0.100-preview.3.20216.6\Extensions\Microsoft.VisualStudio.TestPlatform.Extensions.Html.TestLogger.dll
C:\Program Files\dotnet\sdk\5.0.100-preview.3.20216.6\Extensions\Microsoft.VisualStudio.TestPlatform.Extensions.Trx.TestLogger.dll
TpTrace Verbose: 0 : 36244, 1, 2020/06/13, 02:12:13.976, 1021909756229, vstest.console.dll, TestPluginCache.GetExtensionPaths: Added unfilterableExtensionPaths: 
TpTrace Verbose: 0 : 36244, 1, 2020/06/13, 02:12:13.988, 1021909874457, vstest.console.dll, TestRequestSender.InitializeExecution: Sending initializing execution with message: {"Version":2,"MessageType":"TestExecution.Initialize","Payload":["C:\\Program Files\\dotnet\\sdk\\5.0.100-preview.3.20216.6\\Extensions\\Microsoft.TestPlatform.Extensions.BlameDataCollector.dll","C:\\Program Files\\dotnet\\sdk\\5.0.100-preview.3.20216.6\\Extensions\\Microsoft.TestPlatform.Extensions.EventLogCollector.dll","C:\\Program Files\\dotnet\\sdk\\5.0.100-preview.3.20216.6\\Extensions\\Microsoft.TestPlatform.TestHostRuntimeProvider.dll","C:\\Program Files\\dotnet\\sdk\\5.0.100-preview.3.20216.6\\Extensions\\Microsoft.VisualStudio.TestPlatform.Extensions.Html.TestLogger.dll","C:\\Program Files\\dotnet\\sdk\\5.0.100-preview.3.20216.6\\Extensions\\Microsoft.VisualStudio.TestPlatform.Extensions.Trx.TestLogger.dll","C:\\Users\\grzeg\\Repos\\ProblemsWithExpectoTestSdk\\ProblemsWithExpectoTestSdkFSharpCore47\\bin\\Debug\\net472\\expecto.visualstudio.testadapter.dll"]}
TpTrace Verbose: 0 : 36244, 7, 2020/06/13, 02:12:13.994, 1021909934739, vstest.console.dll, TcpClientExtensions.MessageLoopAsync: NotifyDataAvailable remoteEndPoint: 127.0.0.1:62992 localEndPoint: 127.0.0.1:62991
TpTrace Verbose: 0 : 36244, 7, 2020/06/13, 02:12:13.995, 1021909938379, vstest.console.dll, TestRequestSender.OnExecutionMessageReceived: Received message: {"Version":2,"MessageType":"TestSession.Message","Payload":{"MessageLevel":0,"Message":"Logging TestHost Diagnostics in file: C:\\Users\\grzeg\\Repos\\ProblemsWithExpectoTestSdk\\test.host.20-06-13_02-12-13_36215_1.log"}}
TpTrace Verbose: 0 : 36244, 7, 2020/06/13, 02:12:14.001, 1021909998409, vstest.console.dll, TestRunRequest:SendTestRunMessage: Starting.
TpTrace Verbose: 0 : 36244, 1, 2020/06/13, 02:12:14.010, 1021910091731, vstest.console.dll, TestRequestSender.StartTestRun: Sending test run with message: {"Version":2,"MessageType":"TestExecution.StartWithSources","Payload":{"AdapterSourceMap":{"_none_":["C:\\Users\\grzeg\\Repos\\ProblemsWithExpectoTestSdk\\ProblemsWithExpectoTestSdkFSharpCore47\\bin\\Debug\\net472\\ProblemsWithExpectoTestSdkFSharpCore47.exe"]},"RunSettings":"<RunSettings>\r\n  <RunConfiguration>\r\n    <ResultsDirectory>C:\\Users\\grzeg\\Repos\\ProblemsWithExpectoTestSdk\\ProblemsWithExpectoTestSdkFSharpCore47\\TestResults</ResultsDirectory>\r\n    <TargetPlatform>X86</TargetPlatform>\r\n    <TargetFrameworkVersion>.NETFramework,Version=v4.7.2</TargetFrameworkVersion>\r\n    <DesignMode>False</DesignMode>\r\n    <CollectSourceInformation>False</CollectSourceInformation>\r\n  </RunConfiguration>\r\n  <LoggerRunSettings>\r\n    <Loggers>\r\n      <Logger friendlyName=\"Console\" uri=\"logger://microsoft/TestPlatform/ConsoleLogger/v1\" assemblyQualifiedName=\"Microsoft.VisualStudio.TestPlatform.CommandLine.Internal.ConsoleLogger, vstest.console, Version=15.0.0.0, Culture=neutral, PublicKeyToken=b03f5f7f11d50a3a\" codeBase=\"C:\\Program Files\\dotnet\\sdk\\5.0.100-preview.3.20216.6\\vstest.console.dll\" enabled=\"True\" />\r\n    </Loggers>\r\n  </LoggerRunSettings>\r\n</RunSettings>","TestExecutionContext":{"FrequencyOfRunStatsChangeEvent":10,"RunStatsChangeEventTimeout":"00:00:01.5000000","InIsolation":false,"KeepAlive":false,"AreTestCaseLevelEventsRequired":false,"IsDebug":false,"TestCaseFilter":null,"FilterOptions":null},"Package":null}}
TpTrace Information: 0 : 36244, 1, 2020/06/13, 02:12:14.010, 1021910094677, vstest.console.dll, TestRunRequest.ExecuteAsync: Started.
TpTrace Verbose: 0 : 36244, 1, 2020/06/13, 02:12:14.010, 1021910096443, vstest.console.dll, TestRunRequest.WaitForCompletion: Waiting with timeout -1.
TpTrace Information: 0 : 36244, 7, 2020/06/13, 02:12:14.011, 1021910097625, vstest.console.dll, TestRunRequest:SendTestRunMessage: Completed.
TpTrace Verbose: 0 : 36244, 7, 2020/06/13, 02:12:14.011, 1021910099025, vstest.console.dll, TcpClientExtensions.MessageLoopAsync: Polling on remoteEndPoint: 127.0.0.1:62992 localEndPoint: 127.0.0.1:62991
TpTrace Verbose: 0 : 36244, 7, 2020/06/13, 02:12:14.477, 1021914759258, vstest.console.dll, TcpClientExtensions.MessageLoopAsync: NotifyDataAvailable remoteEndPoint: 127.0.0.1:62992 localEndPoint: 127.0.0.1:62991
TpTrace Verbose: 0 : 36244, 7, 2020/06/13, 02:12:14.477, 1021914762316, vstest.console.dll, TestRequestSender.OnExecutionMessageReceived: Received message: {"Version":2,"MessageType":"TestSession.Message","Payload":{"MessageLevel":1,"Message":"No test is available in C:\\Users\\grzeg\\Repos\\ProblemsWithExpectoTestSdk\\ProblemsWithExpectoTestSdkFSharpCore47\\bin\\Debug\\net472\\ProblemsWithExpectoTestSdkFSharpCore47.exe. Make sure that test discoverer & executors are registered and platform & framework version settings are appropriate and try again."}}
TpTrace Verbose: 0 : 36244, 7, 2020/06/13, 02:12:14.478, 1021914768136, vstest.console.dll, TestRunRequest:SendTestRunMessage: Starting.
TpTrace Information: 0 : 36244, 7, 2020/06/13, 02:12:14.478, 1021914770168, vstest.console.dll, TestRunRequest:SendTestRunMessage: Completed.
TpTrace Verbose: 0 : 36244, 7, 2020/06/13, 02:12:14.478, 1021914771236, vstest.console.dll, TcpClientExtensions.MessageLoopAsync: Polling on remoteEndPoint: 127.0.0.1:62992 localEndPoint: 127.0.0.1:62991
TpTrace Verbose: 0 : 36244, 7, 2020/06/13, 02:12:14.534, 1021915330313, vstest.console.dll, TcpClientExtensions.MessageLoopAsync: NotifyDataAvailable remoteEndPoint: 127.0.0.1:62992 localEndPoint: 127.0.0.1:62991
TpTrace Verbose: 0 : 36244, 7, 2020/06/13, 02:12:14.534, 1021915332444, vstest.console.dll, TestRequestSender.OnExecutionMessageReceived: Received message: {"Version":2,"MessageType":"TestExecution.Completed","Payload":{"TestRunCompleteArgs":{"TestRunStatistics":{"ExecutedTests":0,"Stats":{}},"IsCanceled":false,"IsAborted":false,"Error":null,"AttachmentSets":[],"ElapsedTimeInRunningTests":"00:00:00.0058837","Metrics":{}},"LastRunTests":{"NewTestResults":[],"TestRunStatistics":{"ExecutedTests":0,"Stats":{}},"ActiveTests":[]},"RunAttachments":[],"ExecutorUris":[]}}
TpTrace Verbose: 0 : 36244, 7, 2020/06/13, 02:12:14.534, 1021915335527, vstest.console.dll, TestRequestSender.EndSession: Sending end session.
TpTrace Verbose: 0 : 36244, 7, 2020/06/13, 02:12:14.535, 1021915337847, vstest.console.dll, ProxyOperationManager.Close: waiting for test host to exit for 100 ms
TpTrace Warning: 0 : 36244, 4, 2020/06/13, 02:12:14.547, 1021915458717, vstest.console.dll, TestHostManagerCallbacks.ErrorReceivedCallback Test host standard error line: 
TpTrace Verbose: 0 : 36244, 6, 2020/06/13, 02:12:14.555, 1021915541474, vstest.console.dll, TestHostProvider.ExitCallBack: Host exited starting callback.
TpTrace Information: 0 : 36244, 6, 2020/06/13, 02:12:14.556, 1021915548783, vstest.console.dll, TestHostManagerCallbacks.ExitCallBack: Testhost processId: 7672 exited with exitcode: 0 error: ''
TpTrace Verbose: 0 : 36244, 6, 2020/06/13, 02:12:14.556, 1021915550297, vstest.console.dll, CrossPlatEngine.TestHostManagerHostExited: calling on client process exit callback.
TpTrace Information: 0 : 36244, 6, 2020/06/13, 02:12:14.556, 1021915551690, vstest.console.dll, TestRequestSender.OnClientProcessExit: Test host process exited. Standard error: 
TpTrace Warning: 0 : 36244, 7, 2020/06/13, 02:12:14.556, 1021915551785, vstest.console.dll, ProxyOperationManager: Timed out waiting for test host to exit. Will terminate process.
TpTrace Information: 0 : 36244, 6, 2020/06/13, 02:12:14.556, 1021915552608, vstest.console.dll, SocketServer.Stop: Stop server endPoint: 127.0.0.1:62991
TpTrace Information: 0 : 36244, 6, 2020/06/13, 02:12:14.556, 1021915554652, vstest.console.dll, SocketServer.Stop: Cancellation requested. Stopping message loop.
TpTrace Verbose: 0 : 36244, 7, 2020/06/13, 02:12:14.589, 1021915883781, vstest.console.dll, TestRunRequest:TestRunComplete: Starting. IsAborted:False IsCanceled:False.
TpTrace Verbose: 0 : 36244, 7, 2020/06/13, 02:12:14.589, 1021915885397, vstest.console.dll, TestRequestSender.EndSession: Sending end session.
TpTrace Verbose: 0 : 36244, 7, 2020/06/13, 02:12:14.589, 1021915887479, vstest.console.dll, ProxyOperationManager.Close: waiting for test host to exit for 100 ms
TpTrace Warning: 0 : 36244, 7, 2020/06/13, 02:12:14.590, 1021915888353, vstest.console.dll, ProxyOperationManager: Timed out waiting for test host to exit. Will terminate process.
TpTrace Information: 0 : 36244, 7, 2020/06/13, 02:12:14.590, 1021915895726, vstest.console.dll, AssemblyResolver.OnResolve: System.Diagnostics.Process.resources: Resolving assembly.
TpTrace Information: 0 : 36244, 7, 2020/06/13, 02:12:14.591, 1021915901398, vstest.console.dll, AssemblyResolver.OnResolve: System.Diagnostics.Process.resources: Failed to load assembly.
TpTrace Information: 0 : 36244, 7, 2020/06/13, 02:12:14.591, 1021915905218, vstest.console.dll, AssemblyResolver.OnResolve: System.Diagnostics.Process.resources: Resolving assembly.
TpTrace Information: 0 : 36244, 7, 2020/06/13, 02:12:14.591, 1021915906163, vstest.console.dll, AssemblyResolver.OnResolve: System.Diagnostics.Process.resources: Resolved from cache.
TpTrace Warning: 0 : 36244, 7, 2020/06/13, 02:12:14.592, 1021915910483, vstest.console.dll, TestLoggerManager.HandleTestRunStatsChange: Ignoring as the object is disposed.
TpTrace Verbose: 0 : 36244, 7, 2020/06/13, 02:12:14.592, 1021915912419, vstest.console.dll, TestLoggerManager.HandleTestRunComplete: Ignoring as the object is disposed.
TpTrace Information: 0 : 36244, 7, 2020/06/13, 02:12:14.605, 1021916038725, vstest.console.dll, TestRunRequest:TestRunComplete: Completed.
TpTrace Verbose: 0 : 36244, 1, 2020/06/13, 02:12:14.605, 1021916039472, vstest.console.dll, TestRunRequest.Dispose: Starting.
TpTrace Verbose: 0 : 36244, 7, 2020/06/13, 02:12:14.605, 1021916040605, vstest.console.dll, TestRequestSender.SetOperationComplete: Setting operation complete.
TpTrace Information: 0 : 36244, 1, 2020/06/13, 02:12:14.605, 1021916042029, vstest.console.dll, TestRunRequest.Dispose: Completed.
TpTrace Information: 0 : 36244, 7, 2020/06/13, 02:12:14.605, 1021916043386, vstest.console.dll, SocketServer.Stop: Stop server endPoint: 127.0.0.1:62991
TpTrace Information: 0 : 36244, 1, 2020/06/13, 02:12:14.605, 1021916044548, vstest.console.dll, TestRequestManager.RunTests: run tests completed.
TpTrace Information: 0 : 36244, 7, 2020/06/13, 02:12:14.605, 1021916045695, vstest.console.dll, SocketServer.Stop: Cancellation requested. Stopping message loop.
TpTrace Information: 0 : 36244, 1, 2020/06/13, 02:12:14.606, 1021916047812, vstest.console.dll, RunTestsArgumentProcessor:Execute: Test run is completed.
TpTrace Information: 0 : 36244, 7, 2020/06/13, 02:12:14.606, 1021916048329, vstest.console.dll, SocketServer.PrivateStop: Stop server endPoint: 127.0.0.1:62991 error: 
TpTrace Verbose: 0 : 36244, 1, 2020/06/13, 02:12:14.606, 1021916048980, vstest.console.dll, Executor.Execute: Exiting with exit code of 0
TpTrace Verbose: 0 : 36244, 7, 2020/06/13, 02:12:14.606, 1021916055936, vstest.console.dll, LengthPrefixCommunicationChannel.Dispose: Dispose reader and writer.
TpTrace Information: 0 : 36244, 7, 2020/06/13, 02:12:14.607, 1021916057832, vstest.console.dll, SocketServer.Stop: Raise disconnected event endPoint: 127.0.0.1:62991 error: 
TpTrace Information: 0 : 11516, 1, 2020/06/13, 02:12:14.861, 1021918641793, vstest.console.dll, Using .Net Framework version:.NETFramework,Version=v4.7.2
TpTrace Information: 0 : 11516, 1, 2020/06/13, 02:12:14.871, 1021918705856, vstest.console.dll, Using platform:X86
TpTrace Information: 0 : 11516, 1, 2020/06/13, 02:12:14.872, 1021918713638, vstest.console.dll, FilePatternParser: The given file C:\Users\grzeg\Repos\ProblemsWithExpectoTestSdk\ProblemsWithExpectoTestSdkFSharpCore46\bin\Debug\net472\ProblemsWithExpectoTestSdkFSharpCore46.exe is a full path.
TpTrace Verbose: 0 : 11516, 1, 2020/06/13, 02:12:14.885, 1021918846585, vstest.console.dll, TestPluginCache.DiscoverTestExtensions: finding test extensions in assemblies ends with: RuntimeProvider.dll TPluginInfo: Microsoft.VisualStudio.TestPlatform.Common.ExtensionFramework.Utilities.TestRuntimePluginInformation TExtension: Microsoft.VisualStudio.TestPlatform.ObjectModel.Host.ITestRuntimeProvider
TpTrace Verbose: 0 : 11516, 1, 2020/06/13, 02:12:14.886, 1021918850401, vstest.console.dll, TestPluginCache.GetExtensionPaths: Filtered extension paths: 
TpTrace Verbose: 0 : 11516, 1, 2020/06/13, 02:12:14.886, 1021918851845, vstest.console.dll, TestPluginCache.GetExtensionPaths: Added default extension paths: C:\Program Files\dotnet\sdk\5.0.100-preview.3.20216.6\Extensions\Microsoft.TestPlatform.Extensions.BlameDataCollector.dll
C:\Program Files\dotnet\sdk\5.0.100-preview.3.20216.6\Extensions\Microsoft.TestPlatform.Extensions.EventLogCollector.dll
C:\Program Files\dotnet\sdk\5.0.100-preview.3.20216.6\Extensions\Microsoft.TestPlatform.TestHostRuntimeProvider.dll
C:\Program Files\dotnet\sdk\5.0.100-preview.3.20216.6\Extensions\Microsoft.VisualStudio.TestPlatform.Extensions.Html.TestLogger.dll
C:\Program Files\dotnet\sdk\5.0.100-preview.3.20216.6\Extensions\Microsoft.VisualStudio.TestPlatform.Extensions.Trx.TestLogger.dll
TpTrace Verbose: 0 : 11516, 1, 2020/06/13, 02:12:14.886, 1021918852670, vstest.console.dll, TestPluginCache.GetExtensionPaths: Added unfilterableExtensionPaths: 
TpTrace Information: 0 : 11516, 1, 2020/06/13, 02:12:14.887, 1021918866995, vstest.console.dll, AssemblyResolver.ctor: Creating AssemblyResolver with searchDirectories C:\Program Files\dotnet\sdk\5.0.100-preview.3.20216.6\Extensions,C:\Program Files\dotnet\sdk\5.0.100-preview.3.20216.6
TpTrace Verbose: 0 : 11516, 1, 2020/06/13, 02:12:14.890, 1021918888886, vstest.console.dll, TestPluginCache.DiscoverTestExtensions: Discovering the extensions using extension path.
TpTrace Verbose: 0 : 11516, 1, 2020/06/13, 02:12:14.890, 1021918892701, vstest.console.dll, TestPluginCache.GetExtensionPaths: Filtered extension paths: 
TpTrace Verbose: 0 : 11516, 1, 2020/06/13, 02:12:14.890, 1021918893731, vstest.console.dll, TestPluginCache.GetExtensionPaths: Added default extension paths: C:\Program Files\dotnet\sdk\5.0.100-preview.3.20216.6\Extensions\Microsoft.TestPlatform.Extensions.BlameDataCollector.dll
C:\Program Files\dotnet\sdk\5.0.100-preview.3.20216.6\Extensions\Microsoft.TestPlatform.Extensions.EventLogCollector.dll
C:\Program Files\dotnet\sdk\5.0.100-preview.3.20216.6\Extensions\Microsoft.TestPlatform.TestHostRuntimeProvider.dll
C:\Program Files\dotnet\sdk\5.0.100-preview.3.20216.6\Extensions\Microsoft.VisualStudio.TestPlatform.Extensions.Html.TestLogger.dll
C:\Program Files\dotnet\sdk\5.0.100-preview.3.20216.6\Extensions\Microsoft.VisualStudio.TestPlatform.Extensions.Trx.TestLogger.dll
TpTrace Verbose: 0 : 11516, 1, 2020/06/13, 02:12:14.890, 1021918894393, vstest.console.dll, TestPluginCache.GetExtensionPaths: Added unfilterableExtensionPaths: 
TpTrace Verbose: 0 : 11516, 1, 2020/06/13, 02:12:14.890, 1021918896094, vstest.console.dll, TestPluginCache.DiscoverTestExtensions: Discovering the extensions using allExtensionPaths: C:\Program Files\dotnet\sdk\5.0.100-preview.3.20216.6\Extensions\Microsoft.TestPlatform.Extensions.BlameDataCollector.dll
C:\Program Files\dotnet\sdk\5.0.100-preview.3.20216.6\Extensions\Microsoft.TestPlatform.Extensions.EventLogCollector.dll
C:\Program Files\dotnet\sdk\5.0.100-preview.3.20216.6\Extensions\Microsoft.TestPlatform.TestHostRuntimeProvider.dll
C:\Program Files\dotnet\sdk\5.0.100-preview.3.20216.6\Extensions\Microsoft.VisualStudio.TestPlatform.Extensions.Html.TestLogger.dll
C:\Program Files\dotnet\sdk\5.0.100-preview.3.20216.6\Extensions\Microsoft.VisualStudio.TestPlatform.Extensions.Trx.TestLogger.dll
TpTrace Information: 0 : 11516, 1, 2020/06/13, 02:12:14.891, 1021918899715, vstest.console.dll, AssemblyResolver.AddSearchDirectories: Adding more searchDirectories C:\Program Files\dotnet\sdk\5.0.100-preview.3.20216.6\Extensions,C:\Program Files\dotnet\sdk\5.0.100-preview.3.20216.6
TpTrace Information: 0 : 11516, 1, 2020/06/13, 02:12:14.891, 1021918900983, vstest.console.dll, AssemblyResolver.AddSearchDirectories: Adding more searchDirectories C:\Program Files\dotnet\sdk\5.0.100-preview.3.20216.6\Extensions,C:\Program Files\dotnet\sdk\5.0.100-preview.3.20216.6
TpTrace Information: 0 : 11516, 1, 2020/06/13, 02:12:14.891, 1021918901667, vstest.console.dll, AssemblyResolver.AddSearchDirectories: Adding more searchDirectories C:\Program Files\dotnet\sdk\5.0.100-preview.3.20216.6\Extensions,C:\Program Files\dotnet\sdk\5.0.100-preview.3.20216.6
TpTrace Information: 0 : 11516, 1, 2020/06/13, 02:12:14.891, 1021918902365, vstest.console.dll, AssemblyResolver.AddSearchDirectories: Adding more searchDirectories C:\Program Files\dotnet\sdk\5.0.100-preview.3.20216.6\Extensions,C:\Program Files\dotnet\sdk\5.0.100-preview.3.20216.6
TpTrace Information: 0 : 11516, 1, 2020/06/13, 02:12:14.891, 1021918902992, vstest.console.dll, AssemblyResolver.AddSearchDirectories: Adding more searchDirectories C:\Program Files\dotnet\sdk\5.0.100-preview.3.20216.6\Extensions,C:\Program Files\dotnet\sdk\5.0.100-preview.3.20216.6
TpTrace Information: 0 : 11516, 1, 2020/06/13, 02:12:14.892, 1021918911378, vstest.console.dll, AssemblyResolver.OnResolve: Microsoft.TestPlatform.Extensions.BlameDataCollector: Resolving assembly.
TpTrace Information: 0 : 11516, 1, 2020/06/13, 02:12:14.894, 1021918930721, vstest.console.dll, AssemblyResolver.OnResolve: Resolved assembly: Microsoft.TestPlatform.Extensions.BlameDataCollector, from path: C:\Program Files\dotnet\sdk\5.0.100-preview.3.20216.6\Extensions\Microsoft.TestPlatform.Extensions.BlameDataCollector.dll
TpTrace Information: 0 : 11516, 1, 2020/06/13, 02:12:14.895, 1021918942924, vstest.console.dll, AssemblyResolver.OnResolve: Microsoft.TestPlatform.Extensions.EventLogCollector: Resolving assembly.
TpTrace Information: 0 : 11516, 1, 2020/06/13, 02:12:14.896, 1021918956728, vstest.console.dll, AssemblyResolver.OnResolve: Resolved assembly: Microsoft.TestPlatform.Extensions.EventLogCollector, from path: C:\Program Files\dotnet\sdk\5.0.100-preview.3.20216.6\Extensions\Microsoft.TestPlatform.Extensions.EventLogCollector.dll
TpTrace Information: 0 : 11516, 1, 2020/06/13, 02:12:14.901, 1021918998925, vstest.console.dll, AssemblyResolver.OnResolve: Microsoft.TestPlatform.TestHostRuntimeProvider: Resolving assembly.
TpTrace Information: 0 : 11516, 1, 2020/06/13, 02:12:14.902, 1021919009676, vstest.console.dll, AssemblyResolver.OnResolve: Resolved assembly: Microsoft.TestPlatform.TestHostRuntimeProvider, from path: C:\Program Files\dotnet\sdk\5.0.100-preview.3.20216.6\Extensions\Microsoft.TestPlatform.TestHostRuntimeProvider.dll
TpTrace Information: 0 : 11516, 1, 2020/06/13, 02:12:14.904, 1021919028465, vstest.console.dll, AssemblyResolver.OnResolve: Microsoft.VisualStudio.TestPlatform.Extensions.Html.TestLogger: Resolving assembly.
TpTrace Information: 0 : 11516, 1, 2020/06/13, 02:12:14.905, 1021919039234, vstest.console.dll, AssemblyResolver.OnResolve: Resolved assembly: Microsoft.VisualStudio.TestPlatform.Extensions.Html.TestLogger, from path: C:\Program Files\dotnet\sdk\5.0.100-preview.3.20216.6\Extensions\Microsoft.VisualStudio.TestPlatform.Extensions.Html.TestLogger.dll
TpTrace Information: 0 : 11516, 1, 2020/06/13, 02:12:14.905, 1021919043824, vstest.console.dll, AssemblyResolver.OnResolve: Microsoft.VisualStudio.TestPlatform.Extensions.Trx.TestLogger: Resolving assembly.
TpTrace Information: 0 : 11516, 1, 2020/06/13, 02:12:14.906, 1021919054267, vstest.console.dll, AssemblyResolver.OnResolve: Resolved assembly: Microsoft.VisualStudio.TestPlatform.Extensions.Trx.TestLogger, from path: C:\Program Files\dotnet\sdk\5.0.100-preview.3.20216.6\Extensions\Microsoft.VisualStudio.TestPlatform.Extensions.Trx.TestLogger.dll
TpTrace Verbose: 0 : 11516, 1, 2020/06/13, 02:12:14.908, 1021919074962, vstest.console.dll, TestPluginCache: Discovered the extensions using extension path ''.
TpTrace Verbose: 0 : 11516, 1, 2020/06/13, 02:12:14.908, 1021919076211, vstest.console.dll, TestPluginCache: Discoverers are ''.
TpTrace Verbose: 0 : 11516, 1, 2020/06/13, 02:12:14.908, 1021919076955, vstest.console.dll, TestPluginCache: Executors are ''.
TpTrace Verbose: 0 : 11516, 1, 2020/06/13, 02:12:14.909, 1021919077641, vstest.console.dll, TestPluginCache: Setting providers are ''.
TpTrace Verbose: 0 : 11516, 1, 2020/06/13, 02:12:14.909, 1021919078295, vstest.console.dll, TestPluginCache: Loggers are ''.
TpTrace Information: 0 : 11516, 1, 2020/06/13, 02:12:14.921, 1021919203526, vstest.console.dll, RunTestsArgumentProcessor:Execute: Test run is starting.
TpTrace Verbose: 0 : 11516, 1, 2020/06/13, 02:12:14.921, 1021919205752, vstest.console.dll, RunTestsArgumentProcessor:Execute: Queuing Test run.
TpTrace Information: 0 : 11516, 1, 2020/06/13, 02:12:14.922, 1021919210952, vstest.console.dll, TestRequestManager.RunTests: run tests started.
TpTrace Information: 0 : 11516, 1, 2020/06/13, 02:12:14.936, 1021919356798, vstest.console.dll, AssemblyMetadataProvider.GetFrameWork: Determined framework:'.NETFramework,Version=v4.7.2' for source: 'C:\Users\grzeg\Repos\ProblemsWithExpectoTestSdk\ProblemsWithExpectoTestSdkFSharpCore46\bin\Debug\net472\ProblemsWithExpectoTestSdkFSharpCore46.exe'
TpTrace Information: 0 : 11516, 1, 2020/06/13, 02:12:14.937, 1021919360604, vstest.console.dll, Determined framework for all sources: .NETFramework,Version=v4.7.2
TpTrace Information: 0 : 11516, 1, 2020/06/13, 02:12:14.938, 1021919368143, vstest.console.dll, AssemblyMetadataProvider.GetArchitecture: Determined architecture:AnyCPU info for assembly: C:\Users\grzeg\Repos\ProblemsWithExpectoTestSdk\ProblemsWithExpectoTestSdkFSharpCore46\bin\Debug\net472\ProblemsWithExpectoTestSdkFSharpCore46.exe
TpTrace Information: 0 : 11516, 1, 2020/06/13, 02:12:14.941, 1021919402621, vstest.console.dll, Determined platform for all sources: X86
TpTrace Information: 0 : 11516, 1, 2020/06/13, 02:12:14.945, 1021919444306, vstest.console.dll, Compatible sources list : 
TpTrace Information: 0 : 11516, 1, 2020/06/13, 02:12:14.945, 1021919446035, vstest.console.dll, C:\Users\grzeg\Repos\ProblemsWithExpectoTestSdk\ProblemsWithExpectoTestSdkFSharpCore46\bin\Debug\net472\ProblemsWithExpectoTestSdkFSharpCore46.exe
TpTrace Information: 0 : 11516, 1, 2020/06/13, 02:12:14.949, 1021919483054, vstest.console.dll, InferRunSettingsHelper.IsTestSettingsEnabled: Unable to navigate to RunSettings/MSTest. Current node: RunSettings
TpTrace Information: 0 : 11516, 1, 2020/06/13, 02:12:14.975, 1021919746334, vstest.console.dll, TestPluginManager.CreateTestExtension: Attempting to load test extension: Microsoft.VisualStudio.TestPlatform.CrossPlatEngine.Hosting.DefaultTestHostManager
TpTrace Verbose: 0 : 11516, 1, 2020/06/13, 02:12:14.977, 1021919761314, vstest.console.dll, TestEngine: Initializing Parallel Execution as MaxCpuCount is set to: 1
TpTrace Information: 0 : 11516, 1, 2020/06/13, 02:12:14.977, 1021919766530, vstest.console.dll, InferRunSettingsHelper.IsTestSettingsEnabled: Unable to navigate to RunSettings/MSTest. Current node: RunSettings
TpTrace Information: 0 : 24084, 1, 2020/06/13, 02:12:14.994, 1021919976350, vstest.console.dll, Using .Net Framework version:.NETCoreApp,Version=v3.1
TpTrace Information: 0 : 24084, 1, 2020/06/13, 02:12:15.003, 1021920024495, vstest.console.dll, FilePatternParser: The given file C:\Users\grzeg\Repos\ProblemsWithExpectoTestSdk\ProblemsWithExpectoTestSdkFSharpCore47\bin\Debug\netcoreapp3.1\ProblemsWithExpectoTestSdkFSharpCore47.dll is a full path.
TpTrace Verbose: 0 : 24084, 1, 2020/06/13, 02:12:15.020, 1021920188510, vstest.console.dll, TestPluginCache.DiscoverTestExtensions: finding test extensions in assemblies ends with: RuntimeProvider.dll TPluginInfo: Microsoft.VisualStudio.TestPlatform.Common.ExtensionFramework.Utilities.TestRuntimePluginInformation TExtension: Microsoft.VisualStudio.TestPlatform.ObjectModel.Host.ITestRuntimeProvider
TpTrace Verbose: 0 : 24084, 1, 2020/06/13, 02:12:15.020, 1021920193736, vstest.console.dll, TestPluginCache.GetExtensionPaths: Filtered extension paths: 
TpTrace Verbose: 0 : 24084, 1, 2020/06/13, 02:12:15.020, 1021920196168, vstest.console.dll, TestPluginCache.GetExtensionPaths: Added default extension paths: C:\Program Files\dotnet\sdk\5.0.100-preview.3.20216.6\Extensions\Microsoft.TestPlatform.Extensions.BlameDataCollector.dll
C:\Program Files\dotnet\sdk\5.0.100-preview.3.20216.6\Extensions\Microsoft.TestPlatform.Extensions.EventLogCollector.dll
C:\Program Files\dotnet\sdk\5.0.100-preview.3.20216.6\Extensions\Microsoft.TestPlatform.TestHostRuntimeProvider.dll
C:\Program Files\dotnet\sdk\5.0.100-preview.3.20216.6\Extensions\Microsoft.VisualStudio.TestPlatform.Extensions.Html.TestLogger.dll
C:\Program Files\dotnet\sdk\5.0.100-preview.3.20216.6\Extensions\Microsoft.VisualStudio.TestPlatform.Extensions.Trx.TestLogger.dll
TpTrace Verbose: 0 : 24084, 1, 2020/06/13, 02:12:15.021, 1021920197816, vstest.console.dll, TestPluginCache.GetExtensionPaths: Added unfilterableExtensionPaths: 
TpTrace Information: 0 : 24084, 1, 2020/06/13, 02:12:15.023, 1021920218906, vstest.console.dll, AssemblyResolver.ctor: Creating AssemblyResolver with TpTrace Information: 0 : 11516, 1, 2020/06/13, 02:12:15.030, 1021920288041, vstest.console.dll, SocketServer.Start: Listening on endpoint : 127.0.0.1:62995
TpTrace Verbose: 0 : 11516, 1, 2020/06/13, 02:12:15.038, 1021920369607, vstest.console.dll, DefaultTestHostmanager: Full path of TestHost\testhost.x86.exe is C:\Program Files\dotnet\sdk\5.0.100-preview.3.20216.6\Extensions\..//TestHost\testhost.x86.exe
TpTrace Verbose: 0 : 11516, 4, 2020/06/13, 02:12:15.043, 1021920419396, vstest.console.dll, Launching default test Host Process C:\Program Files\dotnet\sdk\5.0.100-preview.3.20216.6\Extensions\..//TestHost\testhost.x86.exe with arguments  --port 62995 --endpoint 127.0.0.1:062995 --role client --parentprocessid 11516 --diag "C:\Users\grzeg\Repos\ProblemsWithExpectoTestSdk\test.host.20-06-13_02-12-15_03492_1.log" --tracelevel 4 --telemetryoptedin false
TpTrace Verbose: 0 : 11516, 4, 2020/06/13, 02:12:15.043, 1021920420624, vstest.console.dll, DefaultTestHostManager: Starting process 'C:\Program Files\dotnet\sdk\5.0.100-preview.3.20216.6\Extensions\..//TestHost\testhost.x86.exe' with command line ' --port 62995 --endpoint 127.0.0.1:062995 --role client --parentprocessid 11516 --diag "C:\Users\grzeg\Repos\ProblemsWithExpectoTestSdk\test.host.20-06-13_02-12-15_03492_1.log" --tracelevel 4 --telemetryoptedin false'
TpTrace Verbose: 0 : 11516, 4, 2020/06/13, 02:12:15.057, 1021920560528, vstest.console.dll, Test Runtime launched
TpTrace Verbose: 0 : 11516, 1, 2020/06/13, 02:12:15.058, 1021920573302, vstest.console.dll, TestRequestSender.WaitForRequestHandlerConnection: waiting for connection with timeout: 90000
TpTrace Verbose: 0 : 11516, 7, 2020/06/13, 02:12:15.319, 1021923178327, vstest.console.dll, SocketServer.OnClientConnected: Client connected for endPoint: 127.0.0.1:62995, starting MessageLoopAsync:
TpTrace Verbose: 0 : 11516, 9, 2020/06/13, 02:12:15.319, 1021923184812, vstest.console.dll, TcpClientExtensions.MessageLoopAsync: Polling on remoteEndPoint: 127.0.0.1:62997 localEndPoint: 127.0.0.1:62995
TpTrace Verbose: 0 : 11516, 9, 2020/06/13, 02:12:15.757, 1021927566717, vstest.console.dll, TcpClientExtensions.MessageLoopAsync: NotifyDataAvailable remoteEndPoint: 127.0.0.1:62997 localEndPoint: 127.0.0.1:62995
TpTrace Verbose: 0 : 11516, 9, 2020/06/13, 02:12:15.765, 1021927639164, vstest.console.dll, TestRequestSender.CheckVersionWithTestHost: onMessageReceived received message: (ProtocolVersion) -> 2
TpTrace Verbose: 0 : 11516, 9, 2020/06/13, 02:12:15.766, 1021927648191, vstest.console.dll, TcpClientExtensions.MessageLoopAsync: Polling on remoteEndPoint: 127.0.0.1:62997 localEndPoint: 127.0.0.1:62995
TpTrace Verbose: 0 : 11516, 1, 2020/06/13, 02:12:15.766, 1021927649737, vstest.console.dll, TestPluginCache.GetExtensionPaths: Filtered extension paths: 
TpTrace Verbose: 0 : 11516, 1, 2020/06/13, 02:12:15.766, 1021927651227, vstest.console.dll, TestPluginCache.GetExtensionPaths: Added default extension paths: C:\Program Files\dotnet\sdk\5.0.100-preview.3.20216.6\Extensions\Microsoft.TestPlatform.Extensions.BlameDataCollector.dll
C:\Program Files\dotnet\sdk\5.0.100-preview.3.20216.6\Extensions\Microsoft.TestPlatform.Extensions.EventLogCollector.dll
C:\Program Files\dotnet\sdk\5.0.100-preview.3.20216.6\Extensions\Microsoft.TestPlatform.TestHostRuntimeProvider.dll
C:\Program Files\dotnet\sdk\5.0.100-preview.3.20216.6\Extensions\Microsoft.VisualStudio.TestPlatform.Extensions.Html.TestLogger.dll
C:\Program Files\dotnet\sdk\5.0.100-preview.3.20216.6\Extensions\Microsoft.VisualStudio.TestPlatform.Extensions.Trx.TestLogger.dll
TpTrace Verbose: 0 : 11516, 1, 2020/06/13, 02:12:15.766, 1021927652081, vstest.console.dll, TestPluginCache.GetExtensionPaths: Added unfilterableExtensionPaths: 
TpTrace Verbose: 0 : 11516, 1, 2020/06/13, 02:12:15.779, 1021927782339, vstest.console.dll, TestRequestSender.InitializeExecution: Sending initializing execution with message: {"Version":2,"MessageType":"TestExecution.Initialize","Payload":["C:\\Program Files\\dotnet\\sdk\\5.0.100-preview.3.20216.6\\Extensions\\Microsoft.TestPlatform.Extensions.BlameDataCollector.dll","C:\\Program Files\\dotnet\\sdk\\5.0.100-preview.3.20216.6\\Extensions\\Microsoft.TestPlatform.Extensions.EventLogCollector.dll","C:\\Program Files\\dotnet\\sdk\\5.0.100-preview.3.20216.6\\Extensions\\Microsoft.TestPlatform.TestHostRuntimeProvider.dll","C:\\Program Files\\dotnet\\sdk\\5.0.100-preview.3.20216.6\\Extensions\\Microsoft.VisualStudio.TestPlatform.Extensions.Html.TestLogger.dll","C:\\Program Files\\dotnet\\sdk\\5.0.100-preview.3.20216.6\\Extensions\\Microsoft.VisualStudio.TestPlatform.Extensions.Trx.TestLogger.dll","C:\\Users\\grzeg\\Repos\\ProblemsWithExpectoTestSdk\\ProblemsWithExpectoTestSdkFSharpCore46\\bin\\Debug\\net472\\expecto.visualstudio.testadapter.dll"]}
TpTrace Verbose: 0 : 11516, 9, 2020/06/13, 02:12:15.781, 1021927807272, vstest.console.dll, TcpClientExtensions.MessageLoopAsync: NotifyDataAvailable remoteEndPoint: 127.0.0.1:62997 localEndPoint: 127.0.0.1:62995
TpTrace Verbose: 0 : 11516, 9, 2020/06/13, 02:12:15.782, 1021927811016, vstest.console.dll, TestRequestSender.OnExecutionMessageReceived: Received message: {"Version":2,"MessageType":"TestSession.Message","Payload":{"MessageLevel":0,"Message":"Logging TestHost Diagnostics in file: C:\\Users\\grzeg\\Repos\\ProblemsWithExpectoTestSdk\\test.host.20-06-13_02-12-15_03492_1.log"}}
TpTrace Verbose: 0 : 11516, 9, 2020/06/13, 02:12:15.788, 1021927875952, vstest.console.dll, TestRunRequest:SendTestRunMessage: Starting.
TpTrace Verbose: 0 : 11516, 1, 2020/06/13, 02:12:15.802, 1021928012882, vstest.console.dll, TestRequestSender.StartTestRun: Sending test run with message: {"Version":2,"MessageType":"TestExecution.StartWithSources","Payload":{"AdapterSourceMap":{"_none_":["C:\\Users\\grzeg\\Repos\\ProblemsWithExpectoTestSdk\\ProblemsWithExpectoTestSdkFSharpCore46\\bin\\Debug\\net472\\ProblemsWithExpectoTestSdkFSharpCore46.exe"]},"RunSettings":"<RunSettings>\r\n  <RunConfiguration>\r\n    <ResultsDirectory>C:\\Users\\grzeg\\Repos\\ProblemsWithExpectoTestSdk\\ProblemsWithExpectoTestSdkFSharpCore46\\TestResults</ResultsDirectory>\r\n    <TargetPlatform>X86</TargetPlatform>\r\n    <TargetFrameworkVersion>.NETFramework,Version=v4.7.2</TargetFrameworkVersion>\r\n    <DesignMode>False</DesignMode>\r\n    <CollectSourceInformation>False</CollectSourceInformation>\r\n  </RunConfiguration>\r\n  <LoggerRunSettings>\r\n    <Loggers>\r\n      <Logger friendlyName=\"Console\" uri=\"logger://microsoft/TestPlatform/ConsoleLogger/v1\" assemblyQualifiedName=\"Microsoft.VisualStudio.TestPlatform.CommandLine.Internal.ConsoleLogger, vstest.console, Version=15.0.0.0, Culture=neutral, PublicKeyToken=b03f5f7f11d50a3a\" codeBase=\"C:\\Program Files\\dotnet\\sdk\\5.0.100-preview.3.20216.6\\vstest.console.dll\" enabled=\"True\" />\r\n    </Loggers>\r\n  </LoggerRunSettings>\r\n</RunSettings>","TestExecutionContext":{"FrequencyOfRunStatsChangeEvent":10,"RunStatsChangeEventTimeout":"00:00:01.5000000","InIsolation":false,"KeepAlive":false,"AreTestCaseLevelEventsRequired":false,"IsDebug":false,"TestCaseFilter":null,"FilterOptions":null},"Package":null}}
TpTrace Information: 0 : 11516, 1, 2020/06/13, 02:12:15.802, 1021928016278, vstest.console.dll, TestRunRequest.ExecuteAsync: Started.
TpTrace Verbose: 0 : 11516, 1, 2020/06/13, 02:12:15.803, 1021928018913, vstest.console.dll, TestRunRequest.WaitForCompletion: Waiting with timeout -1.
TpTrace Information: 0 : 11516, 9, 2020/06/13, 02:12:15.803, 1021928019782, vstest.console.dll, TestRunRequest:SendTestRunMessage: Completed.
TpTrace Verbose: 0 : 11516, 9, 2020/06/13, 02:12:15.803, 1021928021174, vstest.console.dll, TcpClientExtensions.MessageLoopAsync: Polling on remoteEndPoint: 127.0.0.1:62997 localEndPoint: 127.0.0.1:62995
TpTrace Verbose: 0 : 11516, 9, 2020/06/13, 02:12:16.811, 1021938097794, vstest.console.dll, TcpClientExtensions.MessageLoopAsync: Polling on remoteEndPoint: 127.0.0.1:62997 localEndPoint: 127.0.0.1:62995
TpTrace Verbose: 0 : 11516, 9, 2020/06/13, 02:12:17.072, 1021940710330, vstest.console.dll, TcpClientExtensions.MessageLoopAsync: NotifyDataAvailable remoteEndPoint: 127.0.0.1:62997 localEndPoint: 127.0.0.1:62995
TpTrace Verbose: 0 : 11516, 9, 2020/06/13, 02:12:17.072, 1021940717229, vstest.console.dll, TestRequestSender.OnExecutionMessageReceived: Received message: {"Version":2,"MessageType":"TestExecution.Completed","Payload":{"TestRunCompleteArgs":{"TestRunStatistics":{"ExecutedTests":8,"Stats":{"Passed":2,"Skipped":1,"Failed":5}},"IsCanceled":false,"IsAborted":false,"Error":null,"AttachmentSets":[],"ElapsedTimeInRunningTests":"00:00:00.8188566","Metrics":{}},"LastRunTests":{"NewTestResults":[{"TestCase":{"Id":"5ab3f88f-c802-6511-71f8-4b9c4112e234","FullyQualifiedName":"samples.universe exists (╭ರᴥ•́)","DisplayName":"samples.universe exists (╭ರᴥ•́)","ExecutorUri":"executor://yolodev/expecto","Source":"C:\\Users\\grzeg\\Repos\\ProblemsWithExpectoTestSdk\\ProblemsWithExpectoTestSdkFSharpCore46\\bin\\Debug\\net472\\ProblemsWithExpectoTestSdkFSharpCore46.exe","CodeFilePath":"C:\\Users\\grzeg\\Repos\\ProblemsWithExpectoTestSdk\\ProblemsWithExpectoTestSdkFSharpCore46\\Sample.fs","LineNumber":9,"Properties":[]},"Attachments":[],"Outcome":1,"ErrorMessage":null,"ErrorStackTrace":null,"DisplayName":null,"Messages":[],"ComputerName":null,"Duration":"00:00:00.0080000","StartTime":"2020-06-13T02:12:16.8039184+02:00","EndTime":"2020-06-13T02:12:16.8469165+02:00","Properties":[]},{"TestCase":{"Id":"666758e6-4bdf-fdd6-596f-5cd2eced974d","FullyQualifiedName":"samples.I'm skipped (should skip)","DisplayName":"samples.I'm skipped (should skip)","ExecutorUri":"executor://yolodev/expecto","Source":"C:\\Users\\grzeg\\Repos\\ProblemsWithExpectoTestSdk\\ProblemsWithExpectoTestSdkFSharpCore46\\bin\\Debug\\net472\\ProblemsWithExpectoTestSdkFSharpCore46.exe","CodeFilePath":"C:\\Users\\grzeg\\Repos\\ProblemsWithExpectoTestSdk\\ProblemsWithExpectoTestSdkFSharpCore46\\Sample.fs","LineNumber":17,"Properties":[]},"Attachments":[],"Outcome":3,"ErrorMessage":null,"ErrorStackTrace":null,"DisplayName":null,"Messages":[{"Category":"AdtnlInfo","Text":"Skipped: Yup, waiting for a sunny day..."}],"ComputerName":null,"Duration":"00:00:00","StartTime":"2020-06-13T02:12:16.8039184+02:00","EndTime":"2020-06-13T02:12:16.8469165+02:00","Properties":[]},{"TestCase":{"Id":"69be98ef-0089-b051-0153-3674c08c4612","FullyQualifiedName":"samples.contains things","DisplayName":"samples.contains things","ExecutorUri":"executor://yolodev/expecto","Source":"C:\\Users\\grzeg\\Repos\\ProblemsWithExpectoTestSdk\\ProblemsWithExpectoTestSdkFSharpCore46\\bin\\Debug\\net472\\ProblemsWithExpectoTestSdkFSharpCore46.exe","CodeFilePath":"C:\\Users\\grzeg\\Repos\\ProblemsWithExpectoTestSdk\\ProblemsWithExpectoTestSdkFSharpCore46\\Sample.fs","LineNumber":23,"Properties":[]},"Attachments":[],"Outcome":1,"ErrorMessage":null,"ErrorStackTrace":null,"DisplayName":null,"Messages":[],"ComputerName":null,"Duration":"00:00:00.0160000","StartTime":"2020-06-13T02:12:16.8039184+02:00","EndTime":"2020-06-13T02:12:16.8479209+02:00","Properties":[]},{"TestCase":{"Id":"ae96dfb3-1a88-501d-ca75-00b71c15cf6b","FullyQualifiedName":"samples.when true is not (should fail)","DisplayName":"samples.when true is not (should fail)","ExecutorUri":"executor://yolodev/expecto","Source":"C:\\Users\\grzeg\\Repos\\ProblemsWithExpectoTestSdk\\ProblemsWithExpectoTestSdkFSharpCore46\\bin\\Debug\\net472\\ProblemsWithExpectoTestSdkFSharpCore46.exe","CodeFilePath":"C:\\Users\\grzeg\\Repos\\ProblemsWithExpectoTestSdk\\ProblemsWithExpectoTestSdkFSharpCore46\\Sample.fs","LineNumber":13,"Properties":[]},"Attachments":[],"Outcome":2,"ErrorMessage":"\nI should fail because the subject is false. Actual value was false but had expected it to be true.\n   at Tests.tests@12-1.Invoke(Unit _arg2) in C:\\Users\\grzeg\\Repos\\ProblemsWithExpectoTestSdk\\ProblemsWithExpectoTestSdkFSharpCore46\\Sample.fs:line 14\r\n   at Expecto.Impl.execTestAsync@566-1.Invoke(Unit unitVar)\r\n   at Microsoft.FSharp.Control.AsyncPrimitives.CallThenInvoke[T,TResult](AsyncActivation`1 ctxt, TResult result1, FSharpFunc`2 part2)\r\n   at <StartupCode$FSharp-Core>.$Async.StartChild@1641-5.Invoke(AsyncActivation`1 ctxt)\r\n   at Microsoft.FSharp.Control.Trampoline.Execute(FSharpFunc`2 firstAction)","ErrorStackTrace":null,"DisplayName":null,"Messages":[],"ComputerName":null,"Duration":"00:00:00.0160000","StartTime":"2020-06-13T02:12:16.8039184+02:00","EndTime":"2020-06-13T02:12:16.8559202+02:00","Properties":[]},{"TestCase":{"Id":"860e8434-f34d-120d-0f4f-175260ccc0c9","FullyQualifiedName":"samples.I'm always fail (should fail)","DisplayName":"samples.I'm always fail (should fail)","ExecutorUri":"executor://yolodev/expecto","Source":"C:\\Users\\grzeg\\Repos\\ProblemsWithExpectoTestSdk\\ProblemsWithExpectoTestSdkFSharpCore46\\bin\\Debug\\net472\\ProblemsWithExpectoTestSdkFSharpCore46.exe","CodeFilePath":"C:\\Users\\grzeg\\Repos\\ProblemsWithExpectoTestSdk\\ProblemsWithExpectoTestSdkFSharpCore46\\Sample.fs","LineNumber":20,"Properties":[]},"Attachments":[],"Outcome":2,"ErrorMessage":"\nThis was expected...\n   at Tests.tests@19-3.Invoke(Unit _arg4) in C:\\Users\\grzeg\\Repos\\ProblemsWithExpectoTestSdk\\ProblemsWithExpectoTestSdkFSharpCore46\\Sample.fs:line 20\r\n   at Expecto.Impl.execTestAsync@566-1.Invoke(Unit unitVar)\r\n   at Microsoft.FSharp.Control.AsyncPrimitives.CallThenInvoke[T,TResult](AsyncActivation`1 ctxt, TResult result1, FSharpFunc`2 part2)\r\n   at <StartupCode$FSharp-Core>.$Async.StartChild@1641-5.Invoke(AsyncActivation`1 ctxt)\r\n   at Microsoft.FSharp.Control.Trampoline.Execute(FSharpFunc`2 firstAction)","ErrorStackTrace":null,"DisplayName":null,"Messages":[],"ComputerName":null,"Duration":"00:00:00.0150000","StartTime":"2020-06-13T02:12:16.8039184+02:00","EndTime":"2020-06-13T02:12:16.8559202+02:00","Properties":[]},{"TestCase":{"Id":"81b537bd-6bbd-1686-783b-a73221fa9735","FullyQualifiedName":"samples.contains things (should fail)","DisplayName":"samples.contains things (should fail)","ExecutorUri":"executor://yolodev/expecto","Source":"C:\\Users\\grzeg\\Repos\\ProblemsWithExpectoTestSdk\\ProblemsWithExpectoTestSdkFSharpCore46\\bin\\Debug\\net472\\ProblemsWithExpectoTestSdkFSharpCore46.exe","CodeFilePath":"C:\\Users\\grzeg\\Repos\\ProblemsWithExpectoTestSdk\\ProblemsWithExpectoTestSdkFSharpCore46\\Sample.fs","LineNumber":27,"Properties":[]},"Attachments":[],"Outcome":2,"ErrorMessage":"\nExpecting we have one (1) in there.\n    Sequence `actual` does not contain all `expected` elements.\n        All elements in `actual`:\n        {2, 3, 4}\n        All elements in `expected`:\n        {1, 2, 4}\n        Missing elements from `actual`:\n        {1}\n        Extra elements in `actual`:\n        {3}\n   at Tests.tests@26-5.Invoke(Unit _arg6) in C:\\Users\\grzeg\\Repos\\ProblemsWithExpectoTestSdk\\ProblemsWithExpectoTestSdkFSharpCore46\\Sample.fs:line 27\r\n   at Expecto.Impl.execTestAsync@566-1.Invoke(Unit unitVar)\r\n   at Microsoft.FSharp.Control.AsyncPrimitives.CallThenInvoke[T,TResult](AsyncActivation`1 ctxt, TResult result1, FSharpFunc`2 part2)\r\n   at <StartupCode$FSharp-Core>.$Async.StartChild@1641-5.Invoke(AsyncActivation`1 ctxt)\r\n   at Microsoft.FSharp.Control.Trampoline.Execute(FSharpFunc`2 firstAction)","ErrorStackTrace":null,"DisplayName":null,"Messages":[],"ComputerName":null,"Duration":"00:00:00.0660000","StartTime":"2020-06-13T02:12:16.8039184+02:00","EndTime":"2020-06-13T02:12:16.8869189+02:00","Properties":[]},{"TestCase":{"Id":"a548798a-be33-c50c-769e-851aaf7dc281","FullyQualifiedName":"samples.Sometimes I want to ༼ノಠل͟ಠ༽ノ ︵ ┻━┻","DisplayName":"samples.Sometimes I want to ༼ノಠل͟ಠ༽ノ ︵ ┻━┻","ExecutorUri":"executor://yolodev/expecto","Source":"C:\\Users\\grzeg\\Repos\\ProblemsWithExpectoTestSdk\\ProblemsWithExpectoTestSdkFSharpCore46\\bin\\Debug\\net472\\ProblemsWithExpectoTestSdkFSharpCore46.exe","CodeFilePath":"C:\\Users\\grzeg\\Repos\\ProblemsWithExpectoTestSdk\\ProblemsWithExpectoTestSdkFSharpCore46\\Sample.fs","LineNumber":31,"Properties":[]},"Attachments":[],"Outcome":2,"ErrorMessage":"\nThese should equal. String does not match at position 4. Expected char: 'e', but got 'ë'.\nexpected: abcdef\n  actual: abcdëf\n   at Tests.tests@30-6.Invoke(Unit _arg7) in C:\\Users\\grzeg\\Repos\\ProblemsWithExpectoTestSdk\\ProblemsWithExpectoTestSdkFSharpCore46\\Sample.fs:line 31\r\n   at Expecto.Impl.execTestAsync@566-1.Invoke(Unit unitVar)\r\n   at Microsoft.FSharp.Control.AsyncPrimitives.CallThenInvoke[T,TResult](AsyncActivation`1 ctxt, TResult result1, FSharpFunc`2 part2)\r\n   at <StartupCode$FSharp-Core>.$Async.StartChild@1641-5.Invoke(AsyncActivation`1 ctxt)\r\n   at Microsoft.FSharp.Control.Trampoline.Execute(FSharpFunc`2 firstAction)","ErrorStackTrace":null,"DisplayName":null,"Messages":[],"ComputerName":null,"Duration":"00:00:00.1200000","StartTime":"2020-06-13T02:12:16.8039184+02:00","EndTime":"2020-06-13T02:12:16.9419211+02:00","Properties":[]},{"TestCase":{"Id":"9e456d47-ffce-b19d-d921-598de4568026","FullyQualifiedName":"samples.I am (should fail)","DisplayName":"samples.I am (should fail)","ExecutorUri":"executor://yolodev/expecto","Source":"C:\\Users\\grzeg\\Repos\\ProblemsWithExpectoTestSdk\\ProblemsWithExpectoTestSdkFSharpCore46\\bin\\Debug\\net472\\ProblemsWithExpectoTestSdkFSharpCore46.exe","CodeFilePath":"C:\\Users\\grzeg\\Repos\\ProblemsWithExpectoTestSdk\\ProblemsWithExpectoTestSdkFSharpCore46\\Sample.fs","LineNumber":34,"Properties":[]},"Attachments":[],"Outcome":2,"ErrorMessage":"\n╰〳 ಠ 益 ಠೃ 〵╯.\nexpected: false\n  actual: true\n   at Tests.tests@34-7.Invoke(Unit unitVar) in C:\\Users\\grzeg\\Repos\\ProblemsWithExpectoTestSdk\\ProblemsWithExpectoTestSdkFSharpCore46\\Sample.fs:line 34\r\n   at Expecto.Impl.execTestAsync@566-1.Invoke(Unit unitVar)\r\n   at Microsoft.FSharp.Control.AsyncPrimitives.CallThenInvoke[T,TResult](AsyncActivation`1 ctxt, TResult result1, FSharpFunc`2 part2)\r\n   at <StartupCode$FSharp-Core>.$Async.StartChild@1641-5.Invoke(AsyncActivation`1 ctxt)\r\n   at Microsoft.FSharp.Control.Trampoline.Execute(FSharpFunc`2 firstAction)","ErrorStackTrace":null,"DisplayName":null,"Messages":[],"ComputerName":null,"Duration":"00:00:00.1200000","StartTime":"2020-06-13T02:12:16.8039184+02:00","EndTime":"2020-06-13T02:12:16.9419211+02:00","Properties":[]}],"TestRunStatistics":{"ExecutedTests":8,"Stats":{"Passed":2,"Skipped":1,"Failed":5}},"ActiveTests":[]},"RunAttachments":[],"ExecutorUris":["executor://yolodev/expecto"]}}
TpTrace Verbose: 0 : 11516, 9, 2020/06/13, 02:12:17.074, 1021940732552, vstest.console.dll, TestRequestSender.EndSession: Sending end session.
TpTrace Verbose: 0 : 11516, 9, 2020/06/13, 02:12:17.074, 1021940735088, vstest.console.dll, ProxyOperationManager.Close: waiting for test host to exit for 100 ms
TpTrace Warning: 0 : 11516, 4, 2020/06/13, 02:12:17.088, 1021940875875, vstest.console.dll, TestHostManagerCallbacks.ErrorReceivedCallback Test host standard error line: 
TpTrace Verbose: 0 : 11516, 6, 2020/06/13, 02:12:17.099, 1021940985462, vstest.console.dll, TestHostProvider.ExitCallBack: Host exited starting callback.
TpTrace Information: 0 : 11516, 6, 2020/06/13, 02:12:17.100, 1021940996958, vstest.console.dll, TestHostManagerCallbacks.ExitCallBack: Testhost processId: 33160 exited with exitcode: 0 error: ''
TpTrace Verbose: 0 : 11516, 6, 2020/06/13, 02:12:17.101, 1021940999496, vstest.console.dll, CrossPlatEngine.TestHostManagerHostExited: calling on client process exit callback.
TpTrace Information: 0 : 11516, 6, 2020/06/13, 02:12:17.101, 1021941001558, vstest.console.dll, TestRequestSender.OnClientProcessExit: Test host process exited. Standard error: 
TpTrace Warning: 0 : 11516, 9, 2020/06/13, 02:12:17.101, 1021941001587, vstest.console.dll, ProxyOperationManager: Timed out waiting for test host to exit. Will terminate process.
TpTrace Information: 0 : 11516, 6, 2020/06/13, 02:12:17.101, 1021941003172, vstest.console.dll, SocketServer.Stop: Stop server endPoint: 127.0.0.1:62995
TpTrace Information: 0 : 11516, 6, 2020/06/13, 02:12:17.101, 1021941005893, vstest.console.dll, SocketServer.Stop: Cancellation requested. Stopping message loop.
TpTrace Verbose: 0 : 11516, 9, 2020/06/13, 02:12:17.342, 1021943409498, vstest.console.dll, TestRunRequest:TestRunComplete: Starting. IsAborted:False IsCanceled:False.
TpTrace Verbose: 0 : 11516, 9, 2020/06/13, 02:12:17.342, 1021943411424, vstest.console.dll, TestRequestSender.EndSession: Sending end session.
TpTrace Verbose: 0 : 11516, 9, 2020/06/13, 02:12:17.342, 1021943413610, vstest.console.dll, ProxyOperationManager.Close: waiting for test host to exit for 100 ms
TpTrace Warning: 0 : 11516, 9, 2020/06/13, 02:12:17.342, 1021943414396, vstest.console.dll, ProxyOperationManager: Timed out waiting for test host to exit. Will terminate process.
TpTrace Information: 0 : 11516, 9, 2020/06/13, 02:12:17.343, 1021943421786, vstest.console.dll, AssemblyResolver.OnResolve: System.Diagnostics.Process.resources: Resolving assembly.
TpTrace Information: 0 : 11516, 9, 2020/06/13, 02:12:17.343, 1021943425737, vstest.console.dll, AssemblyResolver.OnResolve: System.Diagnostics.Process.resources: Failed to load assembly.
TpTrace Information: 0 : 11516, 9, 2020/06/13, 02:12:17.344, 1021943429310, vstest.console.dll, AssemblyResolver.OnResolve: System.Diagnostics.Process.resources: Resolving assembly.
TpTrace Information: 0 : 11516, 9, 2020/06/13, 02:12:17.344, 1021943430182, vstest.console.dll, AssemblyResolver.OnResolve: System.Diagnostics.Process.resources: Resolved from cache.
TpTrace Warning: 0 : 11516, 9, 2020/06/13, 02:12:17.344, 1021943433819, vstest.console.dll, TestLoggerManager.HandleTestRunStatsChange: Ignoring as the object is disposed.
TpTrace Verbose: 0 : 11516, 9, 2020/06/13, 02:12:17.344, 1021943435535, vstest.console.dll, TestLoggerManager.HandleTestRunComplete: Ignoring as the object is disposed.
TpTrace Information: 0 : 11516, 9, 2020/06/13, 02:12:17.346, 1021943456292, vstest.console.dll, TestRunRequest:TestRunComplete: Completed.
TpTrace Verbose: 0 : 11516, 1, 2020/06/13, 02:12:17.346, 1021943457140, vstest.console.dll, TestRunRequest.Dispose: Starting.
TpTrace Verbose: 0 : 11516, 9, 2020/06/13, 02:12:17.347, 1021943457873, vstest.console.dll, TestRequestSender.SetOperationComplete: Setting operation complete.
TpTrace Information: 0 : 11516, 1, 2020/06/13, 02:12:17.347, 1021943459293, vstest.console.dll, TestRunRequest.Dispose: Completed.
TpTrace Information: 0 : 11516, 9, 2020/06/13, 02:12:17.347, 1021943460438, vstest.console.dll, SocketServer.Stop: Stop server endPoint: 127.0.0.1:62995
TpTrace Information: 0 : 11516, 9, 2020/06/13, 02:12:17.347, 1021943462710, vstest.console.dll, SocketServer.Stop: Cancellation requested. Stopping message loop.
TpTrace Information: 0 : 11516, 1, 2020/06/13, 02:12:17.347, 1021943461846, vstest.console.dll, TestRequestManager.RunTests: run tests completed.
TpTrace Information: 0 : 11516, 9, 2020/06/13, 02:12:17.347, 1021943463729, vstest.console.dll, SocketServer.PrivateStop: Stop server endPoint: 127.0.0.1:62995 error: 
TpTrace Information: 0 : 11516, 1, 2020/06/13, 02:12:17.347, 1021943465753, vstest.console.dll, RunTestsArgumentProcessor:Execute: Test run is completed.
TpTrace Verbose: 0 : 11516, 1, 2020/06/13, 02:12:17.347, 1021943467251, vstest.console.dll, Executor.Execute: Exiting with exit code of 1
TpTrace Verbose: 0 : 11516, 9, 2020/06/13, 02:12:17.348, 1021943472515, vstest.console.dll, LengthPrefixCommunicationChannel.Dispose: Dispose reader and writer.
TpTrace Information: 0 : 11516, 9, 2020/06/13, 02:12:17.348, 1021943474479, vstest.console.dll, SocketServer.Stop: Raise disconnected event endPoint: 127.0.0.1:62995 error: 
mputerName":null,"Duration":"00:00:00.0050000","StartTime":"2020-06-13T02:12:16.7066461+02:00","EndTime":"2020-06-13T02:12:16.7321956+02:00","Properties":[]},{"TestCase":{"Id":"e0a7e383-5e26-6baf-d399-c0f9cec5e43d","FullyQualifiedName":"samples.contains things (should fail)","DisplayName":"samples.contains things (should fail)","ExecutorUri":"executor://yolodev/expecto","Source":"C:\\Users\\grzeg\\Repos\\ProblemsWithExpectoTestSdk\\ProblemsWithExpectoTestSdkFSharpCore47\\bin\\Debug\\netcoreapp3.1\\ProblemsWithExpectoTestSdkFSharpCore47.dll","CodeFilePath":"C:\\Users\\grzeg\\Repos\\ProblemsWithExpectoTestSdk\\ProblemsWithExpectoTestSdkFSharpCore47\\Sample.fs","LineNumber":27,"Properties":[]},"Attachments":[],"Outcome":2,"ErrorMessage":"\nExpecting we have one (1) in there.\n    Sequence `actual` does not contain all `expected` elements.\n        All elements in `actual`:\n        {2, 3, 4}\n        All elements in `expected`:\n        {1, 2, 4}\n        Missing elements from `actual`:\n        {1}\n        Extra elements in `actual`:\n        {3}\n   at Tests.tests@26-5.Invoke(Unit _arg6) in C:\\Users\\grzeg\\Repos\\ProblemsWithExpectoTestSdk\\ProblemsWithExpectoTestSdkFSharpCore47\\Sample.fs:line 27\r\n   at Expecto.Impl.execTestAsync@566-1.Invoke(Unit unitVar)\r\n   at Microsoft.FSharp.Control.AsyncPrimitives.CallThenInvoke[T,TResult](AsyncActivation`1 ctxt, TResult result1, FSharpFunc`2 part2) in F:\\workspace\\_work\\1\\s\\src\\fsharp\\FSharp.Core\\async.fs:line 398\r\n   at <StartupCode$FSharp-Core>.$Async.StartChild@1666-5.Invoke(AsyncActivation`1 ctxt) in F:\\workspace\\_work\\1\\s\\src\\fsharp\\FSharp.Core\\async.fs:line 1666\r\n   at Microsoft.FSharp.Control.Trampoline.Execute(FSharpFunc`2 firstAction) in F:\\workspace\\_work\\1\\s\\src\\fsharp\\FSharp.Core\\async.fs:line 109","ErrorStackTrace":null,"DisplayName":null,"Messages":[],"ComputerName":null,"Duration":"00:00:00.0380000","StartTime":"2020-06-13T02:12:16.7066466+02:00","EndTime":"2020-06-13T02:12:16.7685625+02:00","Properties":[]},{"TestCase":{"Id":"fe47c04d-3c07-6fda-f647-3d57b6b5e1e1","FullyQualifiedName":"samples.I'm always fail (should fail)","DisplayName":"samples.I'm always fail (should fail)","ExecutorUri":"executor://yolodev/expecto","Source":"C:\\Users\\grzeg\\Repos\\ProblemsWithExpectoTestSdk\\ProblemsWithExpectoTestSdkFSharpCore47\\bin\\Debug\\netcoreapp3.1\\ProblemsWithExpectoTestSdkFSharpCore47.dll","CodeFilePath":"C:\\Users\\grzeg\\Repos\\ProblemsWithExpectoTestSdk\\ProblemsWithExpectoTestSdkFSharpCore47\\Sample.fs","LineNumber":20,"Properties":[]},"Attachments":[],"Outcome":2,"ErrorMessage":"\nThis was expected...\n   at Tests.tests@19-3.Invoke(Unit _arg4) in C:\\Users\\grzeg\\Repos\\ProblemsWithExpectoTestSdk\\ProblemsWithExpectoTestSdkFSharpCore47\\Sample.fs:line 20\r\n   at Expecto.Impl.execTestAsync@566-1.Invoke(Unit unitVar)\r\n   at Microsoft.FSharp.Control.AsyncPrimitives.CallThenInvoke[T,TResult](AsyncActivation`1 ctxt, TResult result1, FSharpFunc`2 part2) in F:\\workspace\\_work\\1\\s\\src\\fsharp\\FSharp.Core\\async.fs:line 398\r\n   at <StartupCode$FSharp-Core>.$Async.StartChild@1666-5.Invoke(AsyncActivation`1 ctxt) in F:\\workspace\\_work\\1\\s\\src\\fsharp\\FSharp.Core\\async.fs:line 1666\r\n   at Microsoft.FSharp.Control.Trampoline.Execute(FSharpFunc`2 firstAction) in F:\\workspace\\_work\\1\\s\\src\\fsharp\\FSharp.Core\\async.fs:line 109","ErrorStackTrace":null,"DisplayName":null,"Messages":[],"ComputerName":null,"Duration":"00:00:00.0110000","StartTime":"2020-06-13T02:12:16.7067066+02:00","EndTime":"2020-06-13T02:12:16.768624+02:00","Properties":[]},{"TestCase":{"Id":"449fd976-a13d-0bd6-fae7-273d202eb6fd","FullyQualifiedName":"samples.when true is not (should fail)","DisplayName":"samples.when true is not (should fail)","ExecutorUri":"executor://yolodev/expecto","Source":"C:\\Users\\grzeg\\Repos\\ProblemsWithExpectoTestSdk\\ProblemsWithExpectoTestSdkFSharpCore47\\bin\\Debug\\netcoreapp3.1\\ProblemsWithExpectoTestSdkFSharpCore47.dll","CodeFilePath":"C:\\Users\\grzeg\\Repos\\ProblemsWithExpectoTestSdk\\ProblemsWithExpectoTestSdkFSharpCore47\\Sample.fs","LineNumber":13,"Properties":[]},"Attachments":[],"Outcome":2,"ErrorMessage":"\nI should fail because the subject is false. Actual value was false but had expected it to be true.\n   at Tests.tests@12-1.Invoke(Unit _arg2) in C:\\Users\\grzeg\\Repos\\ProblemsWithExpectoTestSdk\\ProblemsWithExpectoTestSdkFSharpCore47\\Sample.fs:line 14\r\n   at Expecto.Impl.execTestAsync@566-1.Invoke(Unit unitVar)\r\n   at Microsoft.FSharp.Control.AsyncPrimitives.CallThenInvoke[T,TResult](AsyncActivation`1 ctxt, TResult result1, FSharpFunc`2 part2) in F:\\workspace\\_work\\1\\s\\src\\fsharp\\FSharp.Core\\async.fs:line 398\r\n   at <StartupCode$FSharp-Core>.$Async.StartChild@1666-5.Invoke(AsyncActivation`1 ctxt) in F:\\workspace\\_work\\1\\s\\src\\fsharp\\FSharp.Core\\async.fs:line 1666\r\n   at Microsoft.FSharp.Control.Trampoline.Execute(FSharpFunc`2 firstAction) in F:\\workspace\\_work\\1\\s\\src\\fsharp\\FSharp.Core\\async.fs:line 109","ErrorStackTrace":null,"DisplayName":null,"Messages":[],"ComputerName":null,"Duration":"00:00:00.0110000","StartTime":"2020-06-13T02:12:16.7066612+02:00","EndTime":"2020-06-13T02:12:16.768637+02:00","Properties":[]},{"TestCase":{"Id":"a004abcc-f46c-e93c-0d7a-5d905608c2ef","FullyQualifiedName":"samples.Sometimes I want to ༼ノಠل͟ಠ༽ノ ︵ ┻━┻","DisplayName":"samples.Sometimes I want to ༼ノಠل͟ಠ༽ノ ︵ ┻━┻","ExecutorUri":"executor://yolodev/expecto","Source":"C:\\Users\\grzeg\\Repos\\ProblemsWithExpectoTestSdk\\ProblemsWithExpectoTestSdkFSharpCore47\\bin\\Debug\\netcoreapp3.1\\ProblemsWithExpectoTestSdkFSharpCore47.dll","CodeFilePath":"C:\\Users\\grzeg\\Repos\\ProblemsWithExpectoTestSdk\\ProblemsWithExpectoTestSdkFSharpCore47\\Sample.fs","LineNumber":31,"Properties":[]},"Attachments":[],"Outcome":2,"ErrorMessage":"\nThese should equal. String does not match at position 4. Expected char: 'e', but got 'ë'.\nexpected: abcdef\n  actual: abcdëf\n   at Tests.tests@30-6.Invoke(Unit _arg7) in C:\\Users\\grzeg\\Repos\\ProblemsWithExpectoTestSdk\\ProblemsWithExpectoTestSdkFSharpCore47\\Sample.fs:line 31\r\n   at Expecto.Impl.execTestAsync@566-1.Invoke(Unit unitVar)\r\n   at Microsoft.FSharp.Control.AsyncPrimitives.CallThenInvoke[T,TResult](AsyncActivation`1 ctxt, TResult result1, FSharpFunc`2 part2) in F:\\workspace\\_work\\1\\s\\src\\fsharp\\FSharp.Core\\async.fs:line 398\r\n   at <StartupCode$FSharp-Core>.$Async.StartChild@1666-5.Invoke(AsyncActivation`1 ctxt) in F:\\workspace\\_work\\1\\s\\src\\fsharp\\FSharp.Core\\async.fs:line 1666\r\n   at Microsoft.FSharp.Control.Trampoline.Execute(FSharpFunc`2 firstAction) in F:\\workspace\\_work\\1\\s\\src\\fsharp\\FSharp.Core\\async.fs:line 109","ErrorStackTrace":null,"DisplayName":null,"Messages":[],"ComputerName":null,"Duration":"00:00:00.0760000","StartTime":"2020-06-13T02:12:16.7067398+02:00","EndTime":"2020-06-13T02:12:16.7937936+02:00","Properties":[]},{"TestCase":{"Id":"5c484d1b-982e-cfb2-917e-bfa16591588e","FullyQualifiedName":"samples.I am (should fail)","DisplayName":"samples.I am (should fail)","ExecutorUri":"executor://yolodev/expecto","Source":"C:\\Users\\grzeg\\Repos\\ProblemsWithExpectoTestSdk\\ProblemsWithExpectoTestSdkFSharpCore47\\bin\\Debug\\netcoreapp3.1\\ProblemsWithExpectoTestSdkFSharpCore47.dll","CodeFilePath":"C:\\Users\\grzeg\\Repos\\ProblemsWithExpectoTestSdk\\ProblemsWithExpectoTestSdkFSharpCore47\\Sample.fs","LineNumber":34,"Properties":[]},"Attachments":[],"Outcome":2,"ErrorMessage":"\n╰〳 ಠ 益 ಠೃ 〵╯.\nexpected: false\n  actual: true\n   at Tests.tests@34-7.Invoke(Unit unitVar) in C:\\Users\\grzeg\\Repos\\ProblemsWithExpectoTestSdk\\ProblemsWithExpectoTestSdkFSharpCore47\\Sample.fs:line 34\r\n   at Expecto.Impl.execTestAsync@566-1.Invoke(Unit unitVar)\r\n   at Microsoft.FSharp.Control.AsyncPrimitives.CallThenInvoke[T,TResult](AsyncActivation`1 ctxt, TResult result1, FSharpFunc`2 part2) in F:\\workspace\\_work\\1\\s\\src\\fsharp\\FSharp.Core\\async.fs:line 398\r\n   at <StartupCode$FSharp-Core>.$Async.StartChild@1666-5.Invoke(AsyncActivation`1 ctxt) in F:\\workspace\\_work\\1\\s\\src\\fsharp\\FSharp.Core\\async.fs:line 1666\r\n   at Microsoft.FSharp.Control.Trampoline.Execute(FSharpFunc`2 firstAction) in F:\\workspace\\_work\\1\\s\\src\\fsharp\\FSharp.Core\\async.fs:line 109","ErrorStackTrace":null,"DisplayName":null,"Messages":[],"ComputerName":null,"Duration":"00:00:00.0770000","StartTime":"2020-06-13T02:12:16.7066452+02:00","EndTime":"2020-06-13T02:12:16.7944354+02:00","Properties":[]}],"TestRunStatistics":{"ExecutedTests":8,"Stats":{"Passed":2,"Skipped":1,"Failed":5}},"ActiveTests":[]},"RunAttachments":[],"ExecutorUris":["executor://yolodev/expecto"]}}
TpTrace Verbose: 0 : 24084, 10, 2020/06/13, 02:12:16.919, 1021939181703, vstest.console.dll, TestRequestSender.EndSession: Sending end session.
TpTrace Verbose: 0 : 24084, 10, 2020/06/13, 02:12:16.919, 1021939183959, vstest.console.dll, ProxyOperationManager.Close: waiting for test host to exit for 100 ms
TpTrace Warning: 0 : 24084, 6, 2020/06/13, 02:12:16.943, 1021939420577, vstest.console.dll, TestHostManagerCallbacks.ErrorReceivedCallback Test host standard error line: 
TpTrace Verbose: 0 : 24084, 7, 2020/06/13, 02:12:16.955, 1021939546669, vstest.console.dll, TestHostProvider.ExitCallBack: Host exited starting callback.
TpTrace Information: 0 : 24084, 7, 2020/06/13, 02:12:16.956, 1021939556222, vstest.console.dll, TestHostManagerCallbacks.ExitCallBack: Testhost processId: 41048 exited with exitcode: 0 error: ''
TpTrace Verbose: 0 : 24084, 7, 2020/06/13, 02:12:16.957, 1021939557849, vstest.console.dll, DotnetTestHostManager.OnHostExited: invoking OnHostExited callback
TpTrace Verbose: 0 : 24084, 7, 2020/06/13, 02:12:16.957, 1021939559223, vstest.console.dll, CrossPlatEngine.TestHostManagerHostExited: calling on client process exit callback.
TpTrace Information: 0 : 24084, 7, 2020/06/13, 02:12:16.957, 1021939560586, vstest.console.dll, TestRequestSender.OnClientProcessExit: Test host process exited. Standard error: 
TpTrace Warning: 0 : 24084, 10, 2020/06/13, 02:12:16.957, 1021939560752, vstest.console.dll, ProxyOperationManager: Timed out waiting for test host to exit. Will terminate process.
TpTrace Information: 0 : 24084, 7, 2020/06/13, 02:12:16.957, 1021939561671, vstest.console.dll, SocketServer.Stop: Stop server endPoint: 127.0.0.1:62996
TpTrace Information: 0 : 24084, 7, 2020/06/13, 02:12:16.957, 1021939563975, vstest.console.dll, SocketServer.Stop: Cancellation requested. Stopping message loop.
TpTrace Verbose: 0 : 24084, 10, 2020/06/13, 02:12:17.074, 1021940731315, vstest.console.dll, TestRunRequest:SendTestRunStatsChange: Starting.
TpTrace Information: 0 : 24084, 10, 2020/06/13, 02:12:17.074, 1021940735566, vstest.console.dll, TestRunRequest:SendTestRunStatsChange: Completed.
TpTrace Verbose: 0 : 24084, 10, 2020/06/13, 02:12:17.075, 1021940738887, vstest.console.dll, ParallelProxyExecutionManager: HandlePartialRunComplete: Total completed clients = 1, Run complete = True, Run canceled: False.
TpTrace Verbose: 0 : 24084, 10, 2020/06/13, 02:12:17.270, 1021942692985, vstest.console.dll, TestRunRequest:TestRunComplete: Starting. IsAborted:False IsCanceled:False.
TpTrace Verbose: 0 : 24084, 10, 2020/06/13, 02:12:17.270, 1021942696026, vstest.console.dll, TestLoggerManager.HandleTestRunComplete: Ignoring as the object is disposed.
TpTrace Information: 0 : 24084, 10, 2020/06/13, 02:12:17.271, 1021942700662, vstest.console.dll, TestRunRequest:TestRunComplete: Completed.
TpTrace Verbose: 0 : 24084, 10, 2020/06/13, 02:12:17.271, 1021942701654, vstest.console.dll, TestRequestSender.SetOperationComplete: Setting operation complete.
TpTrace Verbose: 0 : 24084, 1, 2020/06/13, 02:12:17.271, 1021942701790, vstest.console.dll, TestRunRequest.Dispose: Starting.
TpTrace Information: 0 : 24084, 10, 2020/06/13, 02:12:17.271, 1021942702444, vstest.console.dll, SocketServer.Stop: Stop server endPoint: 127.0.0.1:62996
TpTrace Information: 0 : 24084, 1, 2020/06/13, 02:12:17.271, 1021942703973, vstest.console.dll, TestRunRequest.Dispose: Completed.
TpTrace Information: 0 : 24084, 10, 2020/06/13, 02:12:17.271, 1021942705212, vstest.console.dll, SocketServer.Stop: Cancellation requested. Stopping message loop.
TpTrace Information: 0 : 24084, 1, 2020/06/13, 02:12:17.271, 1021942707193, vstest.console.dll, TestRequestManager.RunTests: run tests completed.
TpTrace Information: 0 : 24084, 10, 2020/06/13, 02:12:17.272, 1021942708449, vstest.console.dll, SocketServer.PrivateStop: Stop server endPoint: 127.0.0.1:62996 error: 
TpTrace Information: 0 : 24084, 1, 2020/06/13, 02:12:17.272, 1021942710351, vstest.console.dll, RunTestsArgumentProcessor:Execute: Test run is completed.
TpTrace Verbose: 0 : 24084, 1, 2020/06/13, 02:12:17.272, 1021942712111, vstest.console.dll, Executor.Execute: Exiting with exit code of 1
TpTrace Verbose: 0 : 24084, 10, 2020/06/13, 02:12:17.272, 1021942716196, vstest.console.dll, LengthPrefixCommunicationChannel.Dispose: Dispose reader and writer.
TpTrace Information: 0 : 24084, 10, 2020/06/13, 02:12:17.273, 1021942718183, vstest.console.dll, SocketServer.Stop: Raise disconnected event endPoint: 127.0.0.1:62996 error: 
TpTrace Verbose: 0 : 24084, 10, 2020/06/13, 02:12:17.273, 1021942719729, vstest.console.dll, TestRequestSender: OnTestRunAbort: Operation is already complete. Skip error message.
TpTrace Verbose: 0 : 24084, 10, 2020/06/13, 02:12:17.273, 1021942720472, vstest.console.dll, TcpClientExtensions.MessageLoopAsync: exiting MessageLoopAsync remoteEndPoint: 127.0.0.1:62998 localEndPoint: 127.0.0.1:62996
TpTrace Information: 0 : 37636, 1, 2020/06/13, 02:12:17.667, 1021946702783, vstest.console.dll, Using .Net Framework version:.NETCoreApp,Version=v3.1
TpTrace Information: 0 : 37636, 1, 2020/06/13, 02:12:17.675, 1021946742443, vstest.console.dll, FilePatternParser: The given file C:\Users\grzeg\Repos\ProblemsWithExpectoTestSdk\ProblemsWithExpectoTestSdkFSharpCore46\bin\Debug\netcoreapp3.1\ProblemsWithExpectoTestSdkFSharpCore46.dll is a full path.
TpTrace Verbose: 0 : 37636, 1, 2020/06/13, 02:12:17.686, 1021946850604, vstest.console.dll, TestPluginCache.DiscoverTestExtensions: finding test extensions in assemblies ends with: RuntimeProvider.dll TPluginInfo: Microsoft.VisualStudio.TestPlatform.Common.ExtensionFramework.Utilities.TestRuntimePluginInformation TExtension: Microsoft.VisualStudio.TestPlatform.ObjectModel.Host.ITestRuntimeProvider
TpTrace Verbose: 0 : 37636, 1, 2020/06/13, 02:12:17.686, 1021946854043, vstest.console.dll, TestPluginCache.GetExtensionPaths: Filtered extension paths: 
TpTrace Verbose: 0 : 37636, 1, 2020/06/13, 02:12:17.686, 1021946855552, vstest.console.dll, TestPluginCache.GetExtensionPaths: Added default extension paths: C:\Program Files\dotnet\sdk\5.0.100-preview.3.20216.6\Extensions\Microsoft.TestPlatform.Extensions.BlameDataCollector.dll
C:\Program Files\dotnet\sdk\5.0.100-preview.3.20216.6\Extensions\Microsoft.TestPlatform.Extensions.EventLogCollector.dll
C:\Program Files\dotnet\sdk\5.0.100-preview.3.20216.6\Extensions\Microsoft.TestPlatform.TestHostRuntimeProvider.dll
C:\Program Files\dotnet\sdk\5.0.100-preview.3.20216.6\Extensions\Microsoft.VisualStudio.TestPlatform.Extensions.Html.TestLogger.dll
C:\Program Files\dotnet\sdk\5.0.100-preview.3.20216.6\Extensions\Microsoft.VisualStudio.TestPlatform.Extensions.Trx.TestLogger.dll
TpTrace Verbose: 0 : 37636, 1, 2020/06/13, 02:12:17.686, 1021946856432, vstest.console.dll, TestPluginCache.GetExtensionPaths: Added unfilterableExtensionPaths: 
TpTrace Information: 0 : 37636, 1, 2020/06/13, 02:12:17.688, 1021946870420, vstest.console.dll, AssemblyResolver.ctor: Creating AssemblyResolver with searchDirectories C:\Program Files\dotnet\sdk\5.0.100-preview.3.20216.6\Extensions,C:\Program Files\dotnet\sdk\5.0.100-preview.3.20216.6
TpTrace Verbose: 0 : 37636, 1, 2020/06/13, 02:12:17.690, 1021946892635, vstest.console.dll, TestPluginCache.DiscoverTestExtensions: Discovering the extensions using extension path.
TpTrace Verbose: 0 : 37636, 1, 2020/06/13, 02:12:17.690, 1021946894848, vstest.console.dll, TestPluginCache.GetExtensionPaths: Filtered extension paths: 
TpTrace Verbose: 0 : 37636, 1, 2020/06/13, 02:12:17.690, 1021946895671, vstest.console.dll, TestPluginCache.GetExtensionPaths: Added default extension paths: C:\Program Files\dotnet\sdk\5.0.100-preview.3.20216.6\Extensions\Microsoft.TestPlatform.Extensions.BlameDataCollector.dll
C:\Program Files\dotnet\sdk\5.0.100-preview.3.20216.6\Extensions\Microsoft.TestPlatform.Extensions.EventLogCollector.dll
C:\Program Files\dotnet\sdk\5.0.100-preview.3.20216.6\Extensions\Microsoft.TestPlatform.TestHostRuntimeProvider.dll
C:\Program Files\dotnet\sdk\5.0.100-preview.3.20216.6\Extensions\Microsoft.VisualStudio.TestPlatform.Extensions.Html.TestLogger.dll
C:\Program Files\dotnet\sdk\5.0.100-preview.3.20216.6\Extensions\Microsoft.VisualStudio.TestPlatform.Extensions.Trx.TestLogger.dll
TpTrace Verbose: 0 : 37636, 1, 2020/06/13, 02:12:17.690, 1021946896409, vstest.console.dll, TestPluginCache.GetExtensionPaths: Added unfilterableExtensionPaths: 
TpTrace Verbose: 0 : 37636, 1, 2020/06/13, 02:12:17.691, 1021946898320, vstest.console.dll, TestPluginCache.DiscoverTestExtensions: Discovering the extensions using allExtensionPaths: C:\Program Files\dotnet\sdk\5.0.100-preview.3.20216.6\Extensions\Microsoft.TestPlatform.Extensions.BlameDataCollector.dll
C:\Program Files\dotnet\sdk\5.0.100-preview.3.20216.6\Extensions\Microsoft.TestPlatform.Extensions.EventLogCollector.dll
C:\Program Files\dotnet\sdk\5.0.100-preview.3.20216.6\Extensions\Microsoft.TestPlatform.TestHostRuntimeProvider.dll
C:\Program Files\dotnet\sdk\5.0.100-preview.3.20216.6\Extensions\Microsoft.VisualStudio.TestPlatform.Extensions.Html.TestLogger.dll
C:\Program Files\dotnet\sdk\5.0.100-preview.3.20216.6\Extensions\Microsoft.VisualStudio.TestPlatform.Extensions.Trx.TestLogger.dll
TpTrace Information: 0 : 37636, 1, 2020/06/13, 02:12:17.691, 1021946901141, vstest.console.dll, AssemblyResolver.AddSearchDirectories: Adding more searchDirectories C:\Program Files\dotnet\sdk\5.0.100-preview.3.20216.6\Extensions,C:\Program Files\dotnet\sdk\5.0.100-preview.3.20216.6
TpTrace Information: 0 : 37636, 1, 2020/06/13, 02:12:17.691, 1021946902257, vstest.console.dll, AssemblyResolver.AddSearchDirectories: Adding more searchDirectories C:\Program Files\dotnet\sdk\5.0.100-preview.3.20216.6\Extensions,C:\Program Files\dotnet\sdk\5.0.100-preview.3.20216.6
TpTrace Information: 0 : 37636, 1, 2020/06/13, 02:12:17.691, 1021946902970, vstest.console.dll, AssemblyResolver.AddSearchDirectories: Adding more searchDirectories C:\Program Files\dotnet\sdk\5.0.100-preview.3.20216.6\Extensions,C:\Program Files\dotnet\sdk\5.0.100-preview.3.20216.6
TpTrace Information: 0 : 37636, 1, 2020/06/13, 02:12:17.691, 1021946903577, vstest.console.dll, AssemblyResolver.AddSearchDirectories: Adding more searchDirectories C:\Program Files\dotnet\sdk\5.0.100-preview.3.20216.6\Extensions,C:\Program Files\dotnet\sdk\5.0.100-preview.3.20216.6
TpTrace Information: 0 : 37636, 1, 2020/06/13, 02:12:17.691, 1021946904253, vstest.console.dll, AssemblyResolver.AddSearchDirectories: Adding more searchDirectories C:\Program Files\dotnet\sdk\5.0.100-preview.3.20216.6\Extensions,C:\Program Files\dotnet\sdk\5.0.100-preview.3.20216.6
TpTrace Information: 0 : 37636, 1, 2020/06/13, 02:12:17.692, 1021946910108, vstest.console.dll, AssemblyResolver.OnResolve: Microsoft.TestPlatform.Extensions.BlameDataCollector: Resolving assembly.
TpTrace Information: 0 : 37636, 1, 2020/06/13, 02:12:17.693, 1021946923389, vstest.console.dll, AssemblyResolver.OnResolve: Resolved assembly: Microsoft.TestPlatform.Extensions.BlameDataCollector, from path: C:\Program Files\dotnet\sdk\5.0.100-preview.3.20216.6\Extensions\Microsoft.TestPlatform.Extensions.BlameDataCollector.dll
TpTrace Information: 0 : 37636, 1, 2020/06/13, 02:12:17.694, 1021946931257, vstest.console.dll, AssemblyResolver.OnResolve: Microsoft.TestPlatform.Extensions.EventLogCollector: Resolving assembly.
TpTrace Information: 0 : 37636, 1, 2020/06/13, 02:12:17.695, 1021946940031, vstest.console.dll, AssemblyResolver.OnResolve: Resolved assembly: Microsoft.TestPlatform.Extensions.EventLogCollector, from path: C:\Program Files\dotnet\sdk\5.0.100-preview.3.20216.6\Extensions\Microsoft.TestPlatform.Extensions.EventLogCollector.dll
TpTrace Information: 0 : 37636, 1, 2020/06/13, 02:12:17.698, 1021946975547, vstest.console.dll, AssemblyResolver.OnResolve: Microsoft.TestPlatform.TestHostRuntimeProvider: Resolving assembly.
TpTrace Information: 0 : 37636, 1, 2020/06/13, 02:12:17.699, 1021946985200, vstest.console.dll, AssemblyResolver.OnResolve: Resolved assembly: Microsoft.TestPlatform.TestHostRuntimeProvider, from path: C:\Program Files\dotnet\sdk\5.0.100-preview.3.20216.6\Extensions\Microsoft.TestPlatform.TestHostRuntimeProvider.dll
TpTrace Information: 0 : 37636, 1, 2020/06/13, 02:12:17.701, 1021947002363, vstest.console.dll, AssemblyResolver.OnResolve: Microsoft.VisualStudio.TestPlatform.Extensions.Html.TestLogger: Resolving assembly.
TpTrace Information: 0 : 37636, 1, 2020/06/13, 02:12:17.702, 1021947011906, vstest.console.dll, AssemblyResolver.OnResolve: Resolved assembly: Microsoft.VisualStudio.TestPlatform.Extensions.Html.TestLogger, from path: C:\Program Files\dotnet\sdk\5.0.100-preview.3.20216.6\Extensions\Microsoft.VisualStudio.TestPlatform.Extensions.Html.TestLogger.dll
TpTrace Information: 0 : 37636, 1, 2020/06/13, 02:12:17.702, 1021947016003, vstest.console.dll, AssemblyResolver.OnResolve: Microsoft.VisualStudio.TestPlatform.Extensions.Trx.TestLogger: Resolving assembly.
TpTrace Information: 0 : 37636, 1, 2020/06/13, 02:12:17.703, 1021947026001, vstest.console.dll, AssemblyResolver.OnResolve: Resolved assembly: Microsoft.VisualStudio.TestPlatform.Extensions.Trx.TestLogger, from path: C:\Program Files\dotnet\sdk\5.0.100-preview.3.20216.6\Extensions\Microsoft.VisualStudio.TestPlatform.Extensions.Trx.TestLogger.dll
TpTrace Verbose: 0 : 37636, 1, 2020/06/13, 02:12:17.705, 1021947042948, vstest.console.dll, TestPluginCache: Discovered the extensions using extension path ''.
TpTrace Verbose: 0 : 37636, 1, 2020/06/13, 02:12:17.705, 1021947043976, vstest.console.dll, TestPluginCache: Discoverers are ''.
TpTrace Verbose: 0 : 37636, 1, 2020/06/13, 02:12:17.705, 1021947044542, vstest.console.dll, TestPluginCache: Executors are ''.
TpTrace Verbose: 0 : 37636, 1, 2020/06/13, 02:12:17.705, 1021947045020, vstest.console.dll, TestPluginCache: Setting providers are ''.
TpTrace Verbose: 0 : 37636, 1, 2020/06/13, 02:12:17.705, 1021947045487, vstest.console.dll, TestPluginCache: Loggers are ''.
TpTrace Information: 0 : 37636, 1, 2020/06/13, 02:12:17.717, 1021947164459, vstest.console.dll, RunTestsArgumentProcessor:Execute: Test run is starting.
TpTrace Verbose: 0 : 37636, 1, 2020/06/13, 02:12:17.717, 1021947166254, vstest.console.dll, RunTestsArgumentProcessor:Execute: Queuing Test run.
TpTrace Information: 0 : 37636, 1, 2020/06/13, 02:12:17.718, 1021947169531, vstest.console.dll, TestRequestManager.RunTests: run tests started.
TpTrace Information: 0 : 37636, 1, 2020/06/13, 02:12:17.730, 1021947296450, vstest.console.dll, AssemblyMetadataProvider.GetFrameWork: Determined framework:'.NETCoreApp,Version=v3.1' for source: 'C:\Users\grzeg\Repos\ProblemsWithExpectoTestSdk\ProblemsWithExpectoTestSdkFSharpCore46\bin\Debug\netcoreapp3.1\ProblemsWithExpectoTestSdkFSharpCore46.dll'
TpTrace Information: 0 : 37636, 1, 2020/06/13, 02:12:17.731, 1021947300034, vstest.console.dll, Determined framework for all sources: .NETCoreApp,Version=v3.1
TpTrace Information: 0 : 37636, 1, 2020/06/13, 02:12:17.749, 1021947487380, vstest.console.dll, AssemblyMetadataProvider.GetArchitecture: Determined architecture:AnyCPU info for assembly: C:\Users\grzeg\Repos\ProblemsWithExpectoTestSdk\ProblemsWithExpectoTestSdkFSharpCore46\bin\Debug\netcoreapp3.1\ProblemsWithExpectoTestSdkFSharpCore46.dll
TpTrace Information: 0 : 37636, 1, 2020/06/13, 02:12:17.753, 1021947527529, vstest.console.dll, Determined platform for all sources: X64
TpTrace Information: 0 : 37636, 1, 2020/06/13, 02:12:17.758, 1021947573430, vstest.console.dll, Compatible sources list : 
TpTrace Information: 0 : 37636, 1, 2020/06/13, 02:12:17.758, 1021947575366, vstest.console.dll, C:\Users\grzeg\Repos\ProblemsWithExpectoTestSdk\ProblemsWithExpectoTestSdkFSharpCore46\bin\Debug\netcoreapp3.1\ProblemsWithExpectoTestSdkFSharpCore46.dll
TpTrace Information: 0 : 37636, 1, 2020/06/13, 02:12:17.762, 1021947610655, vstest.console.dll, InferRunSettingsHelper.IsTestSettingsEnabled: Unable to navigate to RunSettings/MSTest. Current node: RunSettings
TpTrace Information: 0 : 37636, 1, 2020/06/13, 02:12:17.782, 1021947816427, vstest.console.dll, TestPluginManager.CreateTestExtension: Attempting to load test extension: Microsoft.VisualStudio.TestPlatform.CrossPlatEngine.Hosting.DefaultTestHostManager
TpTrace Information: 0 : 37636, 1, 2020/06/13, 02:12:17.783, 1021947820635, vstest.console.dll, TestPluginManager.CreateTestExtension: Attempting to load test extension: Microsoft.VisualStudio.TestPlatform.CrossPlatEngine.Hosting.DotnetTestHostManager
TpTrace Verbose: 0 : 37636, 1, 2020/06/13, 02:12:17.784, 1021947827731, vstest.console.dll, TestEngine: Initializing Parallel Execution as MaxCpuCount is set to: 1
TpTrace Information: 0 : 37636, 1, 2020/06/13, 02:12:17.784, 1021947830976, vstest.console.dll, InferRunSettingsHelper.IsTestSettingsEnabled: Unable to navigate to RunSettings/MSTest. Current node: RunSettings
TpTrace Verbose: 0 : 37636, 1, 2020/06/13, 02:12:17.797, 1021947966489, vstest.console.dll, TestRequestSender is acting as server
TpTrace Verbose: 0 : 37636, 1, 2020/06/13, 02:12:17.800, 1021947993040, vstest.console.dll, TestRunRequest.ExecuteAsync: Creating test run request.
TpTrace Verbose: 0 : 37636, 1, 2020/06/13, 02:12:17.801, 1021947999723, vstest.console.dll, TestRunRequest.ExecuteAsync: Starting.
TpTrace Information: 0 : 37636, 1, 2020/06/13, 02:12:17.801, 1021948004496, vstest.console.dll, TestRunRequest.ExecuteAsync: Starting run with settings:TestRunCriteria:
   KeepAlive=False,FrequencyOfRunStatsChangeEvent=10,RunStatsChangeEventTimeout=00:00:01.5000000,TestCaseFilter=,TestExecutorLauncher=
   Settingsxml=<RunSettings>
  <RunConfiguration>
    <ResultsDirectory>C:\Users\grzeg\Repos\ProblemsWithExpectoTestSdk\ProblemsWithExpectoTestSdkFSharpCore46\TestResults</ResultsDirectory>
    <TargetPlatform>X64</TargetPlatform>
    <TargetFrameworkVersion>.NETCoreApp,Version=v3.1</TargetFrameworkVersion>
    <DesignMode>False</DesignMode>
    <CollectSourceInformation>False</CollectSourceInformation>
  </RunConfiguration>
  <LoggerRunSettings>
    <Loggers>
      <Logger friendlyName="Console" uri="logger://microsoft/TestPlatform/ConsoleLogger/v1" assemblyQualifiedName="Microsoft.VisualStudio.TestPlatform.CommandLine.Internal.ConsoleLogger, vstest.console, Version=15.0.0.0, Culture=neutral, PublicKeyToken=b03f5f7f11d50a3a" codeBase="C:\Program Files\dotnet\sdk\5.0.100-preview.3.20216.6\vstest.console.dll" enabled="True" />
    </Loggers>
  </LoggerRunSettings>
</RunSettings>

TpTrace Verbose: 0 : 37636, 1, 2020/06/13, 02:12:17.801, 1021948005359, vstest.console.dll, TestRunRequest.ExecuteAsync: Wait for the first run request is over.
TpTrace Verbose: 0 : 37636, 1, 2020/06/13, 02:12:17.802, 1021948010738, vstest.console.dll, ParallelProxyExecutionManager: Start execution. Total sources: 1
TpTrace Information: 0 : 37636, 1, 2020/06/13, 02:12:17.803, 1021948019051, vstest.console.dll, ProxyParallelExecutionManager: Triggering test run for next source: C:\Users\grzeg\Repos\ProblemsWithExpectoTestSdk\ProblemsWithExpectoTestSdkFSharpCore46\bin\Debug\netcoreapp3.1\ProblemsWithExpectoTestSdkFSharpCore46.dll
TpTrace Verbose: 0 : 37636, 1, 2020/06/13, 02:12:17.803, 1021948021617, vstest.console.dll, ProxyParallelExecutionManager: No sources available for execution.
TpTrace Information: 0 : 37636, 1, 2020/06/13, 02:12:17.803, 1021948022467, vstest.console.dll, TestRunRequest.ExecuteAsync: Started.
TpTrace Verbose: 0 : 37636, 4, 2020/06/13, 02:12:17.803, 1021948021650, vstest.console.dll, ParallelProxyExecutionManager: Execution started. Started clients: 1
TpTrace Verbose: 0 : 37636, 1, 2020/06/13, 02:12:17.803, 1021948023484, vstest.console.dll, TestRunRequest.WaitForCompletion: Waiting with timeout -1.
TpTrace Verbose: 0 : 37636, 4, 2020/06/13, 02:12:17.803, 1021948027051, vstest.console.dll, ProxyExecutionManager: Test host is always Lazy initialize.
TpTrace Verbose: 0 : 37636, 4, 2020/06/13, 02:12:17.804, 1021948031069, vstest.console.dll, TestRequestSender.InitializeCommunication: initialize communication. 
TpTrace Information: 0 : 37636, 4, 2020/06/13, 02:12:17.826, 1021948254991, vstest.console.dll, SocketServer.Start: Listening on endpoint : 127.0.0.1:62999
TpTrace Verbose: 0 : 37636, 4, 2020/06/13, 02:12:17.832, 1021948313231, vstest.console.dll, DotnetTestHostmanager: Adding  --runtimeconfig "C:\Users\grzeg\Repos\ProblemsWithExpectoTestSdk\ProblemsWithExpectoTestSdkFSharpCore46\bin\Debug\netcoreapp3.1\ProblemsWithExpectoTestSdkFSharpCore46.runtimeconfig.json" in args
TpTrace Verbose: 0 : 37636, 4, 2020/06/13, 02:12:17.832, 1021948315859, vstest.console.dll, DotnetTestHostmanager: Adding  --depsfile "C:\Users\grzeg\Repos\ProblemsWithExpectoTestSdk\ProblemsWithExpectoTestSdkFSharpCore46\bin\Debug\netcoreapp3.1\ProblemsWithExpectoTestSdkFSharpCore46.deps.json" in args
TpTrace Verbose: 0 : 37636, 4, 2020/06/13, 02:12:17.833, 1021948319411, vstest.console.dll, DotnetTestHostManager: Testhost.exe/testhost.x86.exe found at path: C:\Users\grzeg\Repos\ProblemsWithExpectoTestSdk\ProblemsWithExpectoTestSdkFSharpCore46\bin\Debug\netcoreapp3.1\testhost.exe
TpTrace Verbose: 0 : 37636, 4, 2020/06/13, 02:12:17.833, 1021948320254, vstest.console.dll, DotnetTestHostmanager: Full path of host exe is C:\Users\grzeg\Repos\ProblemsWithExpectoTestSdk\ProblemsWithExpectoTestSdkFSharpCore46\bin\Debug\netcoreapp3.1\testhost.exe
TpTrace Verbose: 0 : 37636, 6, 2020/06/13, 02:12:17.834, 1021948335272, vstest.console.dll, DotnetTestHostManager: Starting process 'C:\Users\grzeg\Repos\ProblemsWithExpectoTestSdk\ProblemsWithExpectoTestSdkFSharpCore46\bin\Debug\netcoreapp3.1\testhost.exe' with command line ' --runtimeconfig "C:\Users\grzeg\Repos\ProblemsWithExpectoTestSdk\ProblemsWithExpectoTestSdkFSharpCore46\bin\Debug\netcoreapp3.1\ProblemsWithExpectoTestSdkFSharpCore46.runtimeconfig.json" --depsfile "C:\Users\grzeg\Repos\ProblemsWithExpectoTestSdk\ProblemsWithExpectoTestSdkFSharpCore46\bin\Debug\netcoreapp3.1\ProblemsWithExpectoTestSdkFSharpCore46.deps.json" --port 62999 --endpoint 127.0.0.1:062999 --role client --parentprocessid 37636 --diag "C:\Users\grzeg\Repos\ProblemsWithExpectoTestSdk\test.host.20-06-13_02-12-17_83047_4.log" --tracelevel 4 --telemetryoptedin false'
TpTrace Verbose: 0 : 37636, 6, 2020/06/13, 02:12:17.847, 1021948460004, vstest.console.dll, Test Runtime launched
TpTrace Verbose: 0 : 37636, 4, 2020/06/13, 02:12:17.848, 1021948469072, vstest.console.dll, TestRequestSender.WaitForRequestHandlerConnection: waiting for connection with timeout: 90000
TpTrace Verbose: 0 : 37636, 8, 2020/06/13, 02:12:18.097, 1021950963670, vstest.console.dll, SocketServer.OnClientConnected: Client connected for endPoint: 127.0.0.1:62999, starting MessageLoopAsync:
TpTrace Verbose: 0 : 37636, 8, 2020/06/13, 02:12:18.097, 1021950967466, vstest.console.dll, TcpClientExtensions.MessageLoopAsync: Polling on remoteEndPoint: 127.0.0.1:63000 localEndPoint: 127.0.0.1:62999
TpTrace Verbose: 0 : 37636, 8, 2020/06/13, 02:12:18.350, 1021953496563, vstest.console.dll, TcpClientExtensions.MessageLoopAsync: NotifyDataAvailable remoteEndPoint: 127.0.0.1:63000 localEndPoint: 127.0.0.1:62999
TpTrace Verbose: 0 : 37636, 8, 2020/06/13, 02:12:18.355, 1021953540288, vstest.console.dll, TestRequestSender.CheckVersionWithTestHost: onMessageReceived received message: (ProtocolVersion) -> 2
TpTrace Verbose: 0 : 37636, 8, 2020/06/13, 02:12:18.355, 1021953545464, vstest.console.dll, TcpClientExtensions.MessageLoopAsync: Polling on remoteEndPoint: 127.0.0.1:63000 localEndPoint: 127.0.0.1:62999
TpTrace Verbose: 0 : 37636, 4, 2020/06/13, 02:12:18.355, 1021953547162, vstest.console.dll, TestPluginCache.GetExtensionPaths: Filtered extension paths: 
TpTrace Verbose: 0 : 37636, 4, 2020/06/13, 02:12:18.356, 1021953548067, vstest.console.dll, TestPluginCache.GetExtensionPaths: Added default extension paths: C:\Program Files\dotnet\sdk\5.0.100-preview.3.20216.6\Extensions\Microsoft.TestPlatform.Extensions.BlameDataCollector.dll
C:\Program Files\dotnet\sdk\5.0.100-preview.3.20216.6\Extensions\Microsoft.TestPlatform.Extensions.EventLogCollector.dll
C:\Program Files\dotnet\sdk\5.0.100-preview.3.20216.6\Extensions\Microsoft.TestPlatform.TestHostRuntimeProvider.dll
C:\Program Files\dotnet\sdk\5.0.100-preview.3.20216.6\Extensions\Microsoft.VisualStudio.TestPlatform.Extensions.Html.TestLogger.dll
C:\Program Files\dotnet\sdk\5.0.100-preview.3.20216.6\Extensions\Microsoft.VisualStudio.TestPlatform.Extensions.Trx.TestLogger.dll
TpTrace Verbose: 0 : 37636, 4, 2020/06/13, 02:12:18.356, 1021953548763, vstest.console.dll, TestPluginCache.GetExtensionPaths: Added unfilterableExtensionPaths: 
TpTrace Verbose: 0 : 37636, 4, 2020/06/13, 02:12:18.362, 1021953610219, vstest.console.dll, TestRequestSender.InitializeExecution: Sending initializing execution with message: {"Version":2,"MessageType":"TestExecution.Initialize","Payload":["C:\\Users\\grzeg\\Repos\\ProblemsWithExpectoTestSdk\\ProblemsWithExpectoTestSdkFSharpCore46\\bin\\Debug\\netcoreapp3.1\\expecto.visualstudio.dotnetcore.testadapter.dll"]}
TpTrace Verbose: 0 : 37636, 8, 2020/06/13, 02:12:18.365, 1021953639969, vstest.console.dll, TcpClientExtensions.MessageLoopAsync: NotifyDataAvailable remoteEndPoint: 127.0.0.1:63000 localEndPoint: 127.0.0.1:62999
TpTrace Verbose: 0 : 37636, 8, 2020/06/13, 02:12:18.365, 1021953643014, vstest.console.dll, TestRequestSender.OnExecutionMessageReceived: Received message: {"Version":2,"MessageType":"TestSession.Message","Payload":{"MessageLevel":0,"Message":"Logging TestHost Diagnostics in file: C:\\Users\\grzeg\\Repos\\ProblemsWithExpectoTestSdk\\test.host.20-06-13_02-12-17_83047_4.log"}}
TpTrace Verbose: 0 : 37636, 8, 2020/06/13, 02:12:18.369, 1021953678341, vstest.console.dll, TestRunRequest:SendTestRunMessage: Starting.
TpTrace Information: 0 : 37636, 8, 2020/06/13, 02:12:18.369, 1021953680343, vstest.console.dll, TestRunRequest:SendTestRunMessage: Completed.
TpTrace Verbose: 0 : 37636, 8, 2020/06/13, 02:12:18.369, 1021953681027, vstest.console.dll, TcpClientExtensions.MessageLoopAsync: Polling on remoteEndPoint: 127.0.0.1:63000 localEndPoint: 127.0.0.1:62999
TpTrace Verbose: 0 : 37636, 4, 2020/06/13, 02:12:18.374, 1021953737590, vstest.console.dll, TestRequestSender.StartTestRun: Sending test run with message: {"Version":2,"MessageType":"TestExecution.StartWithSources","Payload":{"AdapterSourceMap":{"_none_":["C:\\Users\\grzeg\\Repos\\ProblemsWithExpectoTestSdk\\ProblemsWithExpectoTestSdkFSharpCore46\\bin\\Debug\\netcoreapp3.1\\ProblemsWithExpectoTestSdkFSharpCore46.dll"]},"RunSettings":"<RunSettings>\r\n  <RunConfiguration>\r\n    <ResultsDirectory>C:\\Users\\grzeg\\Repos\\ProblemsWithExpectoTestSdk\\ProblemsWithExpectoTestSdkFSharpCore46\\TestResults</ResultsDirectory>\r\n    <TargetPlatform>X64</TargetPlatform>\r\n    <TargetFrameworkVersion>.NETCoreApp,Version=v3.1</TargetFrameworkVersion>\r\n    <DesignMode>False</DesignMode>\r\n    <CollectSourceInformation>False</CollectSourceInformation>\r\n  </RunConfiguration>\r\n  <LoggerRunSettings>\r\n    <Loggers>\r\n      <Logger friendlyName=\"Console\" uri=\"logger://microsoft/TestPlatform/ConsoleLogger/v1\" assemblyQualifiedName=\"Microsoft.VisualStudio.TestPlatform.CommandLine.Internal.ConsoleLogger, vstest.console, Version=15.0.0.0, Culture=neutral, PublicKeyToken=b03f5f7f11d50a3a\" codeBase=\"C:\\Program Files\\dotnet\\sdk\\5.0.100-preview.3.20216.6\\vstest.console.dll\" enabled=\"True\" />\r\n    </Loggers>\r\n  </LoggerRunSettings>\r\n</RunSettings>","TestExecutionContext":{"FrequencyOfRunStatsChangeEvent":10,"RunStatsChangeEventTimeout":"00:00:01.5000000","InIsolation":false,"KeepAlive":false,"AreTestCaseLevelEventsRequired":false,"IsDebug":false,"TestCaseFilter":null,"FilterOptions":null},"Package":null}}
TpTrace Verbose: 0 : 37636, 8, 2020/06/13, 02:12:19.015, 1021960145596, vstest.console.dll, TcpClientExtensions.MessageLoopAsync: NotifyDataAvailable remoteEndPoint: 127.0.0.1:63000 localEndPoint: 127.0.0.1:62999
TpTrace Verbose: 0 : 37636, 8, 2020/06/13, 02:12:19.016, 1021960151664, vstest.console.dll, TestRequestSender.OnExecutionMessageReceived: Received message: {"Version":2,"MessageType":"TestExecution.Completed","Payload":{"TestRunCompleteArgs":{"TestRunStatistics":{"ExecutedTests":8,"Stats":{"Passed":2,"Skipped":1,"Failed":5}},"IsCanceled":false,"IsAborted":false,"Error":null,"AttachmentSets":[],"ElapsedTimeInRunningTests":"00:00:00.4471775","Metrics":{}},"LastRunTests":{"NewTestResults":[{"TestCase":{"Id":"6ac9ddcb-29fd-a468-221f-9ee1eaff4a9e","FullyQualifiedName":"samples.contains things","DisplayName":"samples.contains things","ExecutorUri":"executor://yolodev/expecto","Source":"C:\\Users\\grzeg\\Repos\\ProblemsWithExpectoTestSdk\\ProblemsWithExpectoTestSdkFSharpCore46\\bin\\Debug\\netcoreapp3.1\\ProblemsWithExpectoTestSdkFSharpCore46.dll","CodeFilePath":"C:\\Users\\grzeg\\Repos\\ProblemsWithExpectoTestSdk\\ProblemsWithExpectoTestSdkFSharpCore46\\Sample.fs","LineNumber":23,"Properties":[]},"Attachments":[],"Outcome":1,"ErrorMessage":null,"ErrorStackTrace":null,"DisplayName":null,"Messages":[],"ComputerName":null,"Duration":"00:00:00.0080000","StartTime":"2020-06-13T02:12:18.8548056+02:00","EndTime":"2020-06-13T02:12:18.8744147+02:00","Properties":[]},{"TestCase":{"Id":"91796552-d2e6-84e9-d8a9-05164ee24471","FullyQualifiedName":"samples.universe exists (╭ರᴥ•́)","DisplayName":"samples.universe exists (╭ರᴥ•́)","ExecutorUri":"executor://yolodev/expecto","Source":"C:\\Users\\grzeg\\Repos\\ProblemsWithExpectoTestSdk\\ProblemsWithExpectoTestSdkFSharpCore46\\bin\\Debug\\netcoreapp3.1\\ProblemsWithExpectoTestSdkFSharpCore46.dll","CodeFilePath":"C:\\Users\\grzeg\\Repos\\ProblemsWithExpectoTestSdk\\ProblemsWithExpectoTestSdkFSharpCore46\\Sample.fs","LineNumber":9,"Properties":[]},"Attachments":[],"Outcome":1,"ErrorMessage":null,"ErrorStackTrace":null,"DisplayName":null,"Messages":[],"ComputerName":null,"Duration":"00:00:00.0040000","StartTime":"2020-06-13T02:12:18.8547843+02:00","EndTime":"2020-06-13T02:12:18.8744094+02:00","Properties":[]},{"TestCase":{"Id":"b076ee57-ea65-e9af-d858-4bbb71c35168","FullyQualifiedName":"samples.I'm skipped (should skip)","DisplayName":"samples.I'm skipped (should skip)","ExecutorUri":"executor://yolodev/expecto","Source":"C:\\Users\\grzeg\\Repos\\ProblemsWithExpectoTestSdk\\ProblemsWithExpectoTestSdkFSharpCore46\\bin\\Debug\\netcoreapp3.1\\ProblemsWithExpectoTestSdkFSharpCore46.dll","CodeFilePath":"C:\\Users\\grzeg\\Repos\\ProblemsWithExpectoTestSdk\\ProblemsWithExpectoTestSdkFSharpCore46\\Sample.fs","LineNumber":17,"Properties":[]},"Attachments":[],"Outcome":3,"ErrorMessage":null,"ErrorStackTrace":null,"DisplayName":null,"Messages":[{"Category":"AdtnlInfo","Text":"Skipped: Yup, waiting for a sunny day..."}],"ComputerName":null,"Duration":"00:00:00","StartTime":"2020-06-13T02:12:18.8548289+02:00","EndTime":"2020-06-13T02:12:18.8748509+02:00","Properties":[]},{"TestCase":{"Id":"ba0035a1-3624-1207-d945-040aa53a90b1","FullyQualifiedName":"samples.when true is not (should fail)","DisplayName":"samples.when true is not (should fail)","ExecutorUri":"executor://yolodev/expecto","Source":"C:\\Users\\grzeg\\Repos\\ProblemsWithExpectoTestSdk\\ProblemsWithExpectoTestSdkFSharpCore46\\bin\\Debug\\netcoreapp3.1\\ProblemsWithExpectoTestSdkFSharpCore46.dll","CodeFilePath":"C:\\Users\\grzeg\\Repos\\ProblemsWithExpectoTestSdk\\ProblemsWithExpectoTestSdkFSharpCore46\\Sample.fs","LineNumber":13,"Properties":[]},"Attachments":[],"Outcome":2,"ErrorMessage":"\nI should fail because the subject is false. Actual value was false but had expected it to be true.\n   at Tests.tests@12-1.Invoke(Unit _arg2) in C:\\Users\\grzeg\\Repos\\ProblemsWithExpectoTestSdk\\ProblemsWithExpectoTestSdkFSharpCore46\\Sample.fs:line 14\r\n   at Expecto.Impl.execTestAsync@566-1.Invoke(Unit unitVar)\r\n   at Microsoft.FSharp.Control.AsyncPrimitives.CallThenInvoke[T,TResult](AsyncActivation`1 ctxt, TResult result1, FSharpFunc`2 part2)\r\n   at <StartupCode$FSharp-Core>.$Async.StartChild@1641-5.Invoke(AsyncActivation`1 ctxt)\r\n   at Microsoft.FSharp.Control.Trampoline.Execute(FSharpFunc`2 firstAction)","ErrorStackTrace":null,"DisplayName":null,"Messages":[],"ComputerName":null,"Duration":"00:00:00.0080000","StartTime":"2020-06-13T02:12:18.8547867+02:00","EndTime":"2020-06-13T02:12:18.9004301+02:00","Properties":[]},{"TestCase":{"Id":"aaa0a1fd-aa6c-97c9-28ce-febba606f763","FullyQualifiedName":"samples.contains things (should fail)","DisplayName":"samples.contains things (should fail)","ExecutorUri":"executor://yolodev/expecto","Source":"C:\\Users\\grzeg\\Repos\\ProblemsWithExpectoTestSdk\\ProblemsWithExpectoTestSdkFSharpCore46\\bin\\Debug\\netcoreapp3.1\\ProblemsWithExpectoTestSdkFSharpCore46.dll","CodeFilePath":"C:\\Users\\grzeg\\Repos\\ProblemsWithExpectoTestSdk\\ProblemsWithExpectoTestSdkFSharpCore46\\Sample.fs","LineNumber":27,"Properties":[]},"Attachments":[],"Outcome":2,"ErrorMessage":"\nExpecting we have one (1) in there.\n    Sequence `actual` does not contain all `expected` elements.\n        All elements in `actual`:\n        {2, 3, 4}\n        All elements in `expected`:\n        {1, 2, 4}\n        Missing elements from `actual`:\n        {1}\n        Extra elements in `actual`:\n        {3}\n   at Tests.tests@26-5.Invoke(Unit _arg6) in C:\\Users\\grzeg\\Repos\\ProblemsWithExpectoTestSdk\\ProblemsWithExpectoTestSdkFSharpCore46\\Sample.fs:line 27\r\n   at Expecto.Impl.execTestAsync@566-1.Invoke(Unit unitVar)\r\n   at Microsoft.FSharp.Control.AsyncPrimitives.CallThenInvoke[T,TResult](AsyncActivation`1 ctxt, TResult result1, FSharpFunc`2 part2)\r\n   at <StartupCode$FSharp-Core>.$Async.StartChild@1641-5.Invoke(AsyncActivation`1 ctxt)\r\n   at Microsoft.FSharp.Control.Trampoline.Execute(FSharpFunc`2 firstAction)","ErrorStackTrace":null,"DisplayName":null,"Messages":[],"ComputerName":null,"Duration":"00:00:00.0280000","StartTime":"2020-06-13T02:12:18.8547952+02:00","EndTime":"2020-06-13T02:12:18.9004778+02:00","Properties":[]},{"TestCase":{"Id":"a39d6124-6dd1-1019-b493-dccb82519d6a","FullyQualifiedName":"samples.I'm always fail (should fail)","DisplayName":"samples.I'm always fail (should fail)","ExecutorUri":"executor://yolodev/expecto","Source":"C:\\Users\\grzeg\\Repos\\ProblemsWithExpectoTestSdk\\ProblemsWithExpectoTestSdkFSharpCore46\\bin\\Debug\\netcoreapp3.1\\ProblemsWithExpectoTestSdkFSharpCore46.dll","CodeFilePath":"C:\\Users\\grzeg\\Repos\\ProblemsWithExpectoTestSdk\\ProblemsWithExpectoTestSdkFSharpCore46\\Sample.fs","LineNumber":20,"Properties":[]},"Attachments":[],"Outcome":2,"ErrorMessage":"\nThis was expected...\n   at Tests.tests@19-3.Invoke(Unit _arg4) in C:\\Users\\grzeg\\Repos\\ProblemsWithExpectoTestSdk\\ProblemsWithExpectoTestSdkFSharpCore46\\Sample.fs:line 20\r\n   at Expecto.Impl.execTestAsync@566-1.Invoke(Unit unitVar)\r\n   at Microsoft.FSharp.Control.AsyncPrimitives.CallThenInvoke[T,TResult](AsyncActivation`1 ctxt, TResult result1, FSharpFunc`2 part2)\r\n   at <StartupCode$FSharp-Core>.$Async.StartChild@1641-5.Invoke(AsyncActivation`1 ctxt)\r\n   at Microsoft.FSharp.Control.Trampoline.Execute(FSharpFunc`2 firstAction)","ErrorStackTrace":null,"DisplayName":null,"Messages":[],"ComputerName":null,"Duration":"00:00:00.0080000","StartTime":"2020-06-13T02:12:18.8548389+02:00","EndTime":"2020-06-13T02:12:18.9004213+02:00","Properties":[]},{"TestCase":{"Id":"d927ffb6-f00d-d71a-c577-1d178fa0e614","FullyQualifiedName":"samples.Sometimes I want to ༼ノಠل͟ಠ༽ノ ︵ ┻━┻","DisplayName":"samples.Sometimes I want to ༼ノಠل͟ಠ༽ノ ︵ ┻━┻","ExecutorUri":"executor://yolodev/expecto","Source":"C:\\Users\\grzeg\\Repos\\ProblemsWithExpectoTestSdk\\ProblemsWithExpectoTestSdkFSharpCore46\\bin\\Debug\\netcoreapp3.1\\ProblemsWithExpectoTestSdkFSharpCore46.dll","CodeFilePath":"C:\\Users\\grzeg\\Repos\\ProblemsWithExpectoTestSdk\\ProblemsWithExpectoTestSdkFSharpCore46\\Sample.fs","LineNumber":31,"Properties":[]},"Attachments":[],"Outcome":2,"ErrorMessage":"\nThese should equal. String does not match at position 4. Expected char: 'e', but got 'ë'.\nexpected: abcdef\n  actual: abcdëf\n   at Tests.tests@30-6.Invoke(Unit _arg7) in C:\\Users\\grzeg\\Repos\\ProblemsWithExpectoTestSdk\\ProblemsWithExpectoTestSdkFSharpCore46\\Sample.fs:line 31\r\n   at Expecto.Impl.execTestAsync@566-1.Invoke(Unit unitVar)\r\n   at Microsoft.FSharp.Control.AsyncPrimitives.CallThenInvoke[T,TResult](AsyncActivation`1 ctxt, TResult result1, FSharpFunc`2 part2)\r\n   at <StartupCode$FSharp-Core>.$Async.StartChild@1641-5.Invoke(AsyncActivation`1 ctxt)\r\n   at Microsoft.FSharp.Control.Trampoline.Execute(FSharpFunc`2 firstAction)","ErrorStackTrace":null,"DisplayName":null,"Messages":[],"ComputerName":null,"Duration":"00:00:00.0560000","StartTime":"2020-06-13T02:12:18.854947+02:00","EndTime":"2020-06-13T02:12:18.9203292+02:00","Properties":[]},{"TestCase":{"Id":"19cf8a27-be03-8185-a290-bd27b89e770f","FullyQualifiedName":"samples.I am (should fail)","DisplayName":"samples.I am (should fail)","ExecutorUri":"executor://yolodev/expecto","Source":"C:\\Users\\grzeg\\Repos\\ProblemsWithExpectoTestSdk\\ProblemsWithExpectoTestSdkFSharpCore46\\bin\\Debug\\netcoreapp3.1\\ProblemsWithExpectoTestSdkFSharpCore46.dll","CodeFilePath":"C:\\Users\\grzeg\\Repos\\ProblemsWithExpectoTestSdk\\ProblemsWithExpectoTestSdkFSharpCore46\\Sample.fs","LineNumber":34,"Properties":[]},"Attachments":[],"Outcome":2,"ErrorMessage":"\n╰〳 ಠ 益 ಠೃ 〵╯.\nexpected: false\n  actual: true\n   at Tests.tests@34-7.Invoke(Unit unitVar) in C:\\Users\\grzeg\\Repos\\ProblemsWithExpectoTestSdk\\ProblemsWithExpectoTestSdkFSharpCore46\\Sample.fs:line 34\r\n   at Expecto.Impl.execTestAsync@566-1.Invoke(Unit unitVar)\r\n   at Microsoft.FSharp.Control.AsyncPrimitives.CallThenInvoke[T,TResult](AsyncActivation`1 ctxt, TResult result1, FSharpFunc`2 part2)\r\n   at <StartupCode$FSharp-Core>.$Async.StartChild@1641-5.Invoke(AsyncActivation`1 ctxt)\r\n   at Microsoft.FSharp.Control.Trampoline.Execute(FSharpFunc`2 firstAction)","ErrorStackTrace":null,"DisplayName":null,"Messages":[],"ComputerName":null,"Duration":"00:00:00.0560000","StartTime":"2020-06-13T02:12:18.8550856+02:00","EndTime":"2020-06-13T02:12:18.9209845+02:00","Properties":[]}],"TestRunStatistics":{"ExecutedTests":8,"Stats":{"Passed":2,"Skipped":1,"Failed":5}},"ActiveTests":[]},"RunAttachments":[],"ExecutorUris":["executor://yolodev/expecto"]}}
TpTrace Verbose: 0 : 37636, 8, 2020/06/13, 02:12:19.017, 1021960162542, vstest.console.dll, TestRequestSender.EndSession: Sending end session.
TpTrace Verbose: 0 : 37636, 8, 2020/06/13, 02:12:19.017, 1021960164410, vstest.console.dll, ProxyOperationManager.Close: waiting for test host to exit for 100 ms
TpTrace Warning: 0 : 37636, 6, 2020/06/13, 02:12:19.035, 1021960341134, vstest.console.dll, TestHostManagerCallbacks.ErrorReceivedCallback Test host standard error line: 
TpTrace Verbose: 0 : 37636, 7, 2020/06/13, 02:12:19.042, 1021960413026, vstest.console.dll, TestHostProvider.ExitCallBack: Host exited starting callback.
TpTrace Information: 0 : 37636, 7, 2020/06/13, 02:12:19.043, 1021960418702, vstest.console.dll, TestHostManagerCallbacks.ExitCallBack: Testhost processId: 32176 exited with exitcode: 0 error: ''
TpTrace Verbose: 0 : 37636, 7, 2020/06/13, 02:12:19.043, 1021960419479, vstest.console.dll, DotnetTestHostManager.OnHostExited: invoking OnHostExited callback
TpTrace Verbose: 0 : 37636, 7, 2020/06/13, 02:12:19.043, 1021960420250, vstest.console.dll, CrossPlatEngine.TestHostManagerHostExited: calling on client process exit callback.
TpTrace Information: 0 : 37636, 7, 2020/06/13, 02:12:19.043, 1021960421047, vstest.console.dll, TestRequestSender.OnClientProcessExit: Test host process exited. Standard error: 
TpTrace Warning: 0 : 37636, 8, 2020/06/13, 02:12:19.043, 1021960421458, vstest.console.dll, ProxyOperationManager: Timed out waiting for test host to exit. Will terminate process.
TpTrace Information: 0 : 37636, 7, 2020/06/13, 02:12:19.043, 1021960421638, vstest.console.dll, SocketServer.Stop: Stop server endPoint: 127.0.0.1:62999
TpTrace Information: 0 : 37636, 7, 2020/06/13, 02:12:19.043, 1021960423387, vstest.console.dll, SocketServer.Stop: Cancellation requested. Stopping message loop.
TpTrace Verbose: 0 : 37636, 8, 2020/06/13, 02:12:19.104, 1021961034180, vstest.console.dll, TestRunRequest:SendTestRunStatsChange: Starting.
TpTrace Information: 0 : 37636, 8, 2020/06/13, 02:12:19.104, 1021961037318, vstest.console.dll, TestRunRequest:SendTestRunStatsChange: Completed.
TpTrace Verbose: 0 : 37636, 8, 2020/06/13, 02:12:19.105, 1021961039429, vstest.console.dll, ParallelProxyExecutionManager: HandlePartialRunComplete: Total completed clients = 1, Run complete = True, Run canceled: False.
TpTrace Verbose: 0 : 37636, 8, 2020/06/13, 02:12:19.165, 1021961643506, vstest.console.dll, TestRunRequest:TestRunComplete: Starting. IsAborted:False IsCanceled:False.
TpTrace Verbose: 0 : 37636, 8, 2020/06/13, 02:12:19.165, 1021961645846, vstest.console.dll, TestLoggerManager.HandleTestRunComplete: Ignoring as the object is disposed.
TpTrace Information: 0 : 37636, 8, 2020/06/13, 02:12:19.166, 1021961649121, vstest.console.dll, TestRunRequest:TestRunComplete: Completed.
TpTrace Verbose: 0 : 37636, 1, 2020/06/13, 02:12:19.166, 1021961649604, vstest.console.dll, TestRunRequest.Dispose: Starting.
TpTrace Verbose: 0 : 37636, 8, 2020/06/13, 02:12:19.166, 1021961649859, vstest.console.dll, TestRequestSender.SetOperationComplete: Setting operation complete.
TpTrace Information: 0 : 37636, 1, 2020/06/13, 02:12:19.166, 1021961650682, vstest.console.dll, TestRunRequest.Dispose: Completed.
TpTrace Information: 0 : 37636, 8, 2020/06/13, 02:12:19.166, 1021961651640, vstest.console.dll, SocketServer.Stop: Stop server endPoint: 127.0.0.1:62999
TpTrace Information: 0 : 37636, 8, 2020/06/13, 02:12:19.166, 1021961654133, vstest.console.dll, SocketServer.Stop: Cancellation requested. Stopping message loop.
TpTrace Information: 0 : 37636, 1, 2020/06/13, 02:12:19.166, 1021961652709, vstest.console.dll, TestRequestManager.RunTests: run tests completed.
TpTrace Information: 0 : 37636, 8, 2020/06/13, 02:12:19.166, 1021961655739, vstest.console.dll, SocketServer.PrivateStop: Stop server endPoint: 127.0.0.1:62999 error: 
TpTrace Information: 0 : 37636, 1, 2020/06/13, 02:12:19.166, 1021961655922, vstest.console.dll, RunTestsArgumentProcessor:Execute: Test run is completed.
TpTrace Verbose: 0 : 37636, 1, 2020/06/13, 02:12:19.167, 1021961657748, vstest.console.dll, Executor.Execute: Exiting with exit code of 1
TpTrace Verbose: 0 : 37636, 8, 2020/06/13, 02:12:19.167, 1021961661271, vstest.console.dll, LengthPrefixCommunicationChannel.Dispose: Dispose reader and writer.
TpTrace Information: 0 : 37636, 8, 2020/06/13, 02:12:19.167, 1021961662579, vstest.console.dll, SocketServer.Stop: Raise disconnected event endPoint: 127.0.0.1:62999 error: 
TpTrace Verbose: 0 : 37636, 8, 2020/06/13, 02:12:19.167, 1021961663886, vstest.console.dll, TestRequestSender: OnTestRunAbort: Operation is already complete. Skip error message.
TpTrace Verbose: 0 : 37636, 8, 2020/06/13, 02:12:19.167, 1021961664766, vstest.console.dll, TcpClientExtensions.MessageLoopAsync: exiting MessageLoopAsync remoteEndPoint: 127.0.0.1:63000 localEndPoint: 127.0.0.1:62999
