TpTrace Information: 0 : 29840, 1, 2020/06/13, 02:12:12.356, 1021893611812, testhost.x86.exe, DefaultEngineInvoker.Invoke: Testhost process started with args :[--port, 62989],[--endpoint, 127.0.0.1:062989],[--role, client],[--parentprocessid, 27768],[--diag, C:\Users\grzeg\Repos\ProblemsWithExpectoTestSdk\test.host.20-06-13_02-12-12_07882_1.log],[--tracelevel, 4],[--telemetryoptedin, false]
TpTrace Information: 0 : 29840, 1, 2020/06/13, 02:12:12.366, 1021893661453, testhost.x86.exe, DefaultEngineInvoker: Using Application Configuration: '<?xml version="1.0" encoding="utf-8"?>
<configuration>
  <startup useLegacyV2RuntimeActivationPolicy="true">
    <supportedRuntime version="v4.0" sku=".NETFramework,Version=v4.0" />
  </startup>
  <runtime>
    <legacyUnhandledExceptionPolicy enabled="1" />
    <legacyCorruptedStateExceptionsPolicy enabled="true" />
    <!-- To get stacktrace information for portable and embedded pdbs when net472 installed on machine.
          More details https://github.com/dotnet/designs/blob/master/accepted/diagnostics/debugging-with-symbols-and-sources.md#stack-traces -->
    <AppContextSwitchOverrides value="Switch.System.Diagnostics.IgnorePortablePDBsInStackTraces=false" />
    <assemblyBinding xmlns="urn:schemas-microsoft-com:asm.v1">
      <probing privatePath="Extensions" />
      <!-- Test adapters compiled against version 11-14, need to be redirected to version 15. -->
      <dependentAssembly>
        <assemblyIdentity name="Microsoft.VisualStudio.TestPlatform.ObjectModel" publicKeyToken="b03f5f7f11d50a3a" culture="neutral" />
        <bindingRedirect oldVersion="11.0.0.0-14.0.0.0" newVersion="15.0.0.0" />
      </dependentAssembly>
      <dependentAssembly>
        <assemblyIdentity name="Microsoft.VisualStudio.TestWindow.Interfaces" publicKeyToken="b03f5f7f11d50a3a" culture="neutral" />
        <bindingRedirect oldVersion="11.0.0.0-15.0.0.0" newVersion="16.0.0.0" />
      </dependentAssembly>
      <dependentAssembly>
        <assemblyIdentity name="Microsoft.VisualStudio.QualityTools.UnitTestFramework" publicKeyToken="b03f5f7f11d50a3a" culture="neutral" />
        <bindingRedirect oldVersion="10.1.0.0" newVersion="10.0.0.0" />
      </dependentAssembly>
      <dependentAssembly>
        <assemblyIdentity name="Microsoft.VisualStudio.QualityTools.Resource" publicKeyToken="b03f5f7f11d50a3a" culture="neutral" />
        <bindingRedirect oldVersion="10.0.0.0-15.0.0.0" newVersion="16.0.0.0" />
      </dependentAssembly>
      <dependentAssembly>
        <assemblyIdentity name="Microsoft.VisualStudio.QualityTools.ControllerObject" publicKeyToken="b03f5f7f11d50a3a" culture="neutral" />
        <bindingRedirect oldVersion="10.0.0.0-15.0.0.0" newVersion="16.0.0.0" />
      </dependentAssembly>
      <dependentAssembly>
        <assemblyIdentity name="Microsoft.VisualStudio.QualityTools.ExecutionCommon" publicKeyToken="b03f5f7f11d50a3a" culture="neutral" />
        <bindingRedirect oldVersion="10.0.0.0-15.0.0.0" newVersion="16.0.0.0" />
      </dependentAssembly>
      <dependentAssembly>
        <assemblyIdentity name="Microsoft.VisualStudio.QualityTools.Common" publicKeyToken="b03f5f7f11d50a3a" culture="neutral" />
        <bindingRedirect oldVersion="10.0.0.0-15.0.0.0" newVersion="16.0.0.0" />
      </dependentAssembly>
      <dependentAssembly>
        <assemblyIdentity name="Microsoft.VisualStudio.QualityTools.Tips.UnitTest.ObjectModel" publicKeyToken="b03f5f7f11d50a3a" culture="neutral" />
        <bindingRedirect oldVersion="10.0.0.0-15.0.0.0" newVersion="16.0.0.0" />
      </dependentAssembly>
    </assemblyBinding>
  </runtime>
  <system.diagnostics>
    <switches>
      <add name="TpTraceLevel" value="0" />
    </switches>
  </system.diagnostics>
  <appSettings>
    <!--<add key="ExecutionThreadApartmentState" value ="MTA"/>-->
    <!--<add key="TraceLogMaxFileSizeInKb" value ="10240"/>-->
    <!-- MsTest Adapter Specific AppSettings -->
    <!-- This flag is added to support test execution for net35 tests through TMI adapter. -->
    <add key="TestProjectRetargetTo35Allowed" value="true" />
  </appSettings>
</configuration>'
TpTrace Information: 0 : 29840, 1, 2020/06/13, 02:12:12.371, 1021893712410, testhost.x86.exe, DefaultEngineInvoker.SetParentProcessExitCallback: Monitoring parent process with id: '27768'
TpTrace Information: 0 : 29840, 1, 2020/06/13, 02:12:12.396, 1021893966605, testhost.x86.exe, DefaultEngineInvoker.GetConnectionInfo: Initialize communication on endpoint address: '127.0.0.1:062989'
TpTrace Information: 0 : 29840, 1, 2020/06/13, 02:12:12.410, 1021894103711, testhost.x86.exe, SocketClient.Start: connecting to server endpoint: 127.0.0.1:062989
TpTrace Information: 0 : 29840, 1, 2020/06/13, 02:12:12.417, 1021894170033, testhost.x86.exe, DefaultEngineInvoker.Invoke: Start Request Processing.
TpTrace Information: 0 : 29840, 7, 2020/06/13, 02:12:12.420, 1021894197346, testhost.x86.exe, SocketClient.OnServerConnected: connected to server endpoint: 127.0.0.1:062989
TpTrace Information: 0 : 29840, 8, 2020/06/13, 02:12:12.423, 1021894232739, testhost.x86.exe, DefaultEngineInvoker.StartProcessingAsync: Connected to vstest.console, Starting process requests.
TpTrace Verbose: 0 : 29840, 7, 2020/06/13, 02:12:12.423, 1021894233690, testhost.x86.exe, Connected to server, and starting MessageLoopAsync
TpTrace Verbose: 0 : 29840, 7, 2020/06/13, 02:12:12.428, 1021894284769, testhost.x86.exe, TcpClientExtensions.MessageLoopAsync: Polling on remoteEndPoint: 127.0.0.1:62989 localEndPoint: 127.0.0.1:62990
TpTrace Verbose: 0 : 29840, 7, 2020/06/13, 02:12:12.531, 1021895310312, testhost.x86.exe, TcpClientExtensions.MessageLoopAsync: NotifyDataAvailable remoteEndPoint: 127.0.0.1:62989 localEndPoint: 127.0.0.1:62990
TpTrace Information: 0 : 29840, 7, 2020/06/13, 02:12:12.778, 1021897783929, testhost.x86.exe, TestRequestHandler.ProcessRequests: received message: (ProtocolVersion) -> 2
TpTrace Verbose: 0 : 29840, 7, 2020/06/13, 02:12:12.846, 1021898464521, testhost.x86.exe, TestRequestHandler.SendData:  sending data from testhost: {"Version":2,"MessageType":"TestSession.Message","Payload":{"MessageLevel":0,"Message":"Logging TestHost Diagnostics in file: C:\\Users\\grzeg\\Repos\\ProblemsWithExpectoTestSdk\\test.host.20-06-13_02-12-12_07882_1.log"}}
TpTrace Verbose: 0 : 29840, 7, 2020/06/13, 02:12:12.847, 1021898469423, testhost.x86.exe, TcpClientExtensions.MessageLoopAsync: Polling on remoteEndPoint: 127.0.0.1:62989 localEndPoint: 127.0.0.1:62990
TpTrace Verbose: 0 : 29840, 7, 2020/06/13, 02:12:12.850, 1021898500665, testhost.x86.exe, TcpClientExtensions.MessageLoopAsync: NotifyDataAvailable remoteEndPoint: 127.0.0.1:62989 localEndPoint: 127.0.0.1:62990
TpTrace Information: 0 : 29840, 7, 2020/06/13, 02:12:12.858, 1021898582122, testhost.x86.exe, TestRequestHandler.ProcessRequests: received message: (TestExecution.Initialize) -> [
  "C:\\Program Files\\dotnet\\sdk\\5.0.100-preview.3.20216.6\\Extensions\\Microsoft.TestPlatform.Extensions.BlameDataCollector.dll",
  "C:\\Program Files\\dotnet\\sdk\\5.0.100-preview.3.20216.6\\Extensions\\Microsoft.TestPlatform.Extensions.EventLogCollector.dll",
  "C:\\Program Files\\dotnet\\sdk\\5.0.100-preview.3.20216.6\\Extensions\\Microsoft.TestPlatform.TestHostRuntimeProvider.dll",
  "C:\\Program Files\\dotnet\\sdk\\5.0.100-preview.3.20216.6\\Extensions\\Microsoft.VisualStudio.TestPlatform.Extensions.Html.TestLogger.dll",
  "C:\\Program Files\\dotnet\\sdk\\5.0.100-preview.3.20216.6\\Extensions\\Microsoft.VisualStudio.TestPlatform.Extensions.Trx.TestLogger.dll",
  "C:\\Users\\grzeg\\Repos\\ProblemsWithExpectoTestSdk\\ProblemsWithExpectoTestSdkFSharpCore46\\bin\\Debug\\net462\\expecto.visualstudio.testadapter.dll"
]
TpTrace Information: 0 : 29840, 7, 2020/06/13, 02:12:12.858, 1021898585119, testhost.x86.exe, Execution Session Initialize.
TpTrace Verbose: 0 : 29840, 7, 2020/06/13, 02:12:12.878, 1021898784241, testhost.x86.exe, TcpClientExtensions.MessageLoopAsync: Polling on remoteEndPoint: 127.0.0.1:62989 localEndPoint: 127.0.0.1:62990
TpTrace Verbose: 0 : 29840, 7, 2020/06/13, 02:12:12.878, 1021898786702, testhost.x86.exe, TcpClientExtensions.MessageLoopAsync: NotifyDataAvailable remoteEndPoint: 127.0.0.1:62989 localEndPoint: 127.0.0.1:62990
TpTrace Information: 0 : 29840, 7, 2020/06/13, 02:12:12.883, 1021898836096, testhost.x86.exe, TestRequestHandler.ProcessRequests: received message: (TestExecution.StartWithSources) -> {
  "AdapterSourceMap": {
    "_none_": [
      "C:\\Users\\grzeg\\Repos\\ProblemsWithExpectoTestSdk\\ProblemsWithExpectoTestSdkFSharpCore46\\bin\\Debug\\net462\\ProblemsWithExpectoTestSdkFSharpCore46.exe"
    ]
  },
  "RunSettings": "<RunSettings>\r\n  <RunConfiguration>\r\n    <ResultsDirectory>C:\\Users\\grzeg\\Repos\\ProblemsWithExpectoTestSdk\\ProblemsWithExpectoTestSdkFSharpCore46\\TestResults</ResultsDirectory>\r\n    <TargetPlatform>X86</TargetPlatform>\r\n    <TargetFrameworkVersion>.NETFramework,Version=v4.6.2</TargetFrameworkVersion>\r\n    <DesignMode>False</DesignMode>\r\n    <CollectSourceInformation>False</CollectSourceInformation>\r\n  </RunConfiguration>\r\n  <LoggerRunSettings>\r\n    <Loggers>\r\n      <Logger friendlyName=\"Console\" uri=\"logger://microsoft/TestPlatform/ConsoleLogger/v1\" assemblyQualifiedName=\"Microsoft.VisualStudio.TestPlatform.CommandLine.Internal.ConsoleLogger, vstest.console, Version=15.0.0.0, Culture=neutral, PublicKeyToken=b03f5f7f11d50a3a\" codeBase=\"C:\\Program Files\\dotnet\\sdk\\5.0.100-preview.3.20216.6\\vstest.console.dll\" enabled=\"True\" />\r\n    </Loggers>\r\n  </LoggerRunSettings>\r\n</RunSettings>",
  "TestExecutionContext": {
    "FrequencyOfRunStatsChangeEvent": 10,
    "RunStatsChangeEventTimeout": "00:00:01.5000000",
    "InIsolation": false,
    "KeepAlive": false,
    "AreTestCaseLevelEventsRequired": false,
    "IsDebug": false,
    "TestCaseFilter": null,
    "FilterOptions": null
  },
  "Package": null
}
TpTrace Information: 0 : 29840, 7, 2020/06/13, 02:12:12.884, 1021898838522, testhost.x86.exe, Execution started.
TpTrace Verbose: 0 : 29840, 3, 2020/06/13, 02:12:12.893, 1021898930129, testhost.x86.exe, TestExecutorService: Loading the extensions
TpTrace Verbose: 0 : 29840, 3, 2020/06/13, 02:12:12.897, 1021898975247, testhost.x86.exe, TestPluginCache.DiscoverTestExtensions: finding test extensions in assemblies ends with: TestAdapter.dll TPluginInfo: Microsoft.VisualStudio.TestPlatform.Common.ExtensionFramework.Utilities.TestExecutorPluginInformation TExtension: Microsoft.VisualStudio.TestPlatform.ObjectModel.Adapter.ITestExecutor
TpTrace Verbose: 0 : 29840, 3, 2020/06/13, 02:12:12.900, 1021899006313, testhost.x86.exe, TestPluginCache.GetExtensionPaths: Filtered extension paths: 
TpTrace Verbose: 0 : 29840, 3, 2020/06/13, 02:12:12.901, 1021899008896, testhost.x86.exe, TestPluginCache.GetExtensionPaths: Added default extension paths: C:\Program Files\dotnet\sdk\5.0.100-preview.3.20216.6\Extensions\Microsoft.TestPlatform.Extensions.BlameDataCollector.dll
C:\Program Files\dotnet\sdk\5.0.100-preview.3.20216.6\Extensions\Microsoft.TestPlatform.Extensions.EventLogCollector.dll
C:\Program Files\dotnet\sdk\5.0.100-preview.3.20216.6\Extensions\Microsoft.TestPlatform.TestHostRuntimeProvider.dll
C:\Program Files\dotnet\sdk\5.0.100-preview.3.20216.6\Extensions\Microsoft.VisualStudio.TestPlatform.Extensions.Html.TestLogger.dll
C:\Program Files\dotnet\sdk\5.0.100-preview.3.20216.6\Extensions\Microsoft.VisualStudio.TestPlatform.Extensions.Trx.TestLogger.dll
C:\Users\grzeg\Repos\ProblemsWithExpectoTestSdk\ProblemsWithExpectoTestSdkFSharpCore46\bin\Debug\net462\expecto.visualstudio.testadapter.dll
TpTrace Verbose: 0 : 29840, 3, 2020/06/13, 02:12:12.901, 1021899010509, testhost.x86.exe, TestPluginCache.GetExtensionPaths: Added unfilterableExtensionPaths: 
TpTrace Information: 0 : 29840, 3, 2020/06/13, 02:12:12.903, 1021899031549, testhost.x86.exe, AssemblyResolver.ctor: Creating AssemblyResolver with searchDirectories C:\Program Files\dotnet\sdk\5.0.100-preview.3.20216.6\Extensions,C:\Users\grzeg\Repos\ProblemsWithExpectoTestSdk\ProblemsWithExpectoTestSdkFSharpCore46\bin\Debug\net462,C:\Program Files\dotnet\sdk\5.0.100-preview.3.20216.6\TestHost
TpTrace Verbose: 0 : 29840, 3, 2020/06/13, 02:12:12.904, 1021899039385, testhost.x86.exe, TestPluginCache.DiscoverTestExtensions: Discovering the extensions using extension path.
TpTrace Verbose: 0 : 29840, 3, 2020/06/13, 02:12:12.904, 1021899041570, testhost.x86.exe, TestPluginCache.GetExtensionPaths: Filtered extension paths: 
TpTrace Verbose: 0 : 29840, 3, 2020/06/13, 02:12:12.904, 1021899043119, testhost.x86.exe, TestPluginCache.GetExtensionPaths: Added default extension paths: C:\Program Files\dotnet\sdk\5.0.100-preview.3.20216.6\Extensions\Microsoft.TestPlatform.Extensions.BlameDataCollector.dll
C:\Program Files\dotnet\sdk\5.0.100-preview.3.20216.6\Extensions\Microsoft.TestPlatform.Extensions.EventLogCollector.dll
C:\Program Files\dotnet\sdk\5.0.100-preview.3.20216.6\Extensions\Microsoft.TestPlatform.TestHostRuntimeProvider.dll
C:\Program Files\dotnet\sdk\5.0.100-preview.3.20216.6\Extensions\Microsoft.VisualStudio.TestPlatform.Extensions.Html.TestLogger.dll
C:\Program Files\dotnet\sdk\5.0.100-preview.3.20216.6\Extensions\Microsoft.VisualStudio.TestPlatform.Extensions.Trx.TestLogger.dll
C:\Users\grzeg\Repos\ProblemsWithExpectoTestSdk\ProblemsWithExpectoTestSdkFSharpCore46\bin\Debug\net462\expecto.visualstudio.testadapter.dll
TpTrace Verbose: 0 : 29840, 3, 2020/06/13, 02:12:12.904, 1021899044574, testhost.x86.exe, TestPluginCache.GetExtensionPaths: Added unfilterableExtensionPaths: 
TpTrace Verbose: 0 : 29840, 3, 2020/06/13, 02:12:12.904, 1021899046291, testhost.x86.exe, TestPluginCache.DiscoverTestExtensions: Discovering the extensions using allExtensionPaths: C:\Program Files\dotnet\sdk\5.0.100-preview.3.20216.6\Extensions\Microsoft.TestPlatform.Extensions.BlameDataCollector.dll
C:\Program Files\dotnet\sdk\5.0.100-preview.3.20216.6\Extensions\Microsoft.TestPlatform.Extensions.EventLogCollector.dll
C:\Program Files\dotnet\sdk\5.0.100-preview.3.20216.6\Extensions\Microsoft.TestPlatform.TestHostRuntimeProvider.dll
C:\Program Files\dotnet\sdk\5.0.100-preview.3.20216.6\Extensions\Microsoft.VisualStudio.TestPlatform.Extensions.Html.TestLogger.dll
C:\Program Files\dotnet\sdk\5.0.100-preview.3.20216.6\Extensions\Microsoft.VisualStudio.TestPlatform.Extensions.Trx.TestLogger.dll
C:\Users\grzeg\Repos\ProblemsWithExpectoTestSdk\ProblemsWithExpectoTestSdkFSharpCore46\bin\Debug\net462\expecto.visualstudio.testadapter.dll
TpTrace Information: 0 : 29840, 3, 2020/06/13, 02:12:12.906, 1021899060244, testhost.x86.exe, AssemblyResolver.AddSearchDirectories: Adding more searchDirectories C:\Program Files\dotnet\sdk\5.0.100-preview.3.20216.6\Extensions,C:\Program Files\dotnet\sdk\5.0.100-preview.3.20216.6\TestHost
TpTrace Information: 0 : 29840, 3, 2020/06/13, 02:12:12.906, 1021899062485, testhost.x86.exe, AssemblyResolver.AddSearchDirectories: Adding more searchDirectories C:\Program Files\dotnet\sdk\5.0.100-preview.3.20216.6\Extensions,C:\Program Files\dotnet\sdk\5.0.100-preview.3.20216.6\TestHost
TpTrace Information: 0 : 29840, 3, 2020/06/13, 02:12:12.906, 1021899064214, testhost.x86.exe, AssemblyResolver.AddSearchDirectories: Adding more searchDirectories C:\Program Files\dotnet\sdk\5.0.100-preview.3.20216.6\Extensions,C:\Program Files\dotnet\sdk\5.0.100-preview.3.20216.6\TestHost
TpTrace Information: 0 : 29840, 3, 2020/06/13, 02:12:12.906, 1021899066541, testhost.x86.exe, AssemblyResolver.AddSearchDirectories: Adding more searchDirectories C:\Program Files\dotnet\sdk\5.0.100-preview.3.20216.6\Extensions,C:\Program Files\dotnet\sdk\5.0.100-preview.3.20216.6\TestHost
TpTrace Information: 0 : 29840, 3, 2020/06/13, 02:12:12.907, 1021899069191, testhost.x86.exe, AssemblyResolver.AddSearchDirectories: Adding more searchDirectories C:\Program Files\dotnet\sdk\5.0.100-preview.3.20216.6\Extensions,C:\Program Files\dotnet\sdk\5.0.100-preview.3.20216.6\TestHost
TpTrace Information: 0 : 29840, 3, 2020/06/13, 02:12:12.907, 1021899071854, testhost.x86.exe, AssemblyResolver.AddSearchDirectories: Adding more searchDirectories C:\Users\grzeg\Repos\ProblemsWithExpectoTestSdk\ProblemsWithExpectoTestSdkFSharpCore46\bin\Debug\net462,C:\Program Files\dotnet\sdk\5.0.100-preview.3.20216.6\TestHost
TpTrace Information: 0 : 29840, 3, 2020/06/13, 02:12:12.916, 1021899163770, testhost.x86.exe, AssemblyResolver.OnResolve: Microsoft.TestPlatform.Extensions.BlameDataCollector: Resolving assembly.
TpTrace Verbose: 0 : 29840, 7, 2020/06/13, 02:12:12.934, 1021899346090, testhost.x86.exe, TcpClientExtensions.MessageLoopAsync: Polling on remoteEndPoint: 127.0.0.1:62989 localEndPoint: 127.0.0.1:62990
TpTrace Information: 0 : 29840, 3, 2020/06/13, 02:12:12.949, 1021899491106, testhost.x86.exe, AssemblyResolver.OnResolve: Microsoft.TestPlatform.Extensions.BlameDataCollector: Failed to load assembly. Reason:System.BadImageFormatException: Could not load file or assembly 'Microsoft.TestPlatform.Extensions.BlameDataCollector, Version=15.0.0.0, Culture=neutral, PublicKeyToken=b03f5f7f11d50a3a' or one of its dependencies. An attempt was made to load a program with an incorrect format.
File name: 'Microsoft.TestPlatform.Extensions.BlameDataCollector, Version=15.0.0.0, Culture=neutral, PublicKeyToken=b03f5f7f11d50a3a'
   at System.Reflection.RuntimeAssembly._nLoad(AssemblyName fileName, String codeBase, Evidence assemblySecurity, RuntimeAssembly locationHint, StackCrawlMark& stackMark, IntPtr pPrivHostBinder, Boolean throwOnFileNotFound, Boolean forIntrospection, Boolean suppressSecurityChecks)
   at System.Reflection.RuntimeAssembly.nLoad(AssemblyName fileName, String codeBase, Evidence assemblySecurity, RuntimeAssembly locationHint, StackCrawlMark& stackMark, IntPtr pPrivHostBinder, Boolean throwOnFileNotFound, Boolean forIntrospection, Boolean suppressSecurityChecks)
   at System.Reflection.RuntimeAssembly.InternalLoadAssemblyName(AssemblyName assemblyRef, Evidence assemblySecurity, RuntimeAssembly reqAssembly, StackCrawlMark& stackMark, IntPtr pPrivHostBinder, Boolean throwOnFileNotFound, Boolean forIntrospection, Boolean suppressSecurityChecks)
   at System.Reflection.RuntimeAssembly.InternalLoadFrom(String assemblyFile, Evidence securityEvidence, Byte[] hashValue, AssemblyHashAlgorithm hashAlgorithm, Boolean forIntrospection, Boolean suppressSecurityChecks, StackCrawlMark& stackMark)
   at System.Reflection.Assembly.LoadFrom(String assemblyFile)
   at Microsoft.VisualStudio.TestPlatform.PlatformAbstractions.PlatformAssemblyLoadContext.LoadAssemblyFromPath(String assemblyPath)
   at Microsoft.VisualStudio.TestPlatform.Common.Utilities.AssemblyResolver.OnResolve(Object sender, AssemblyResolveEventArgs args)

 
TpTrace Information: 0 : 29840, 3, 2020/06/13, 02:12:12.950, 1021899497332, testhost.x86.exe, AssemblyResolver.OnResolve: Microsoft.TestPlatform.Extensions.BlameDataCollector: Failed to load assembly.
TpTrace Verbose: 0 : 29840, 3, 2020/06/13, 02:12:12.950, 1021899506707, testhost.x86.exe, CurrentDomain_AssemblyResolve: Resolving assembly 'Microsoft.TestPlatform.Extensions.BlameDataCollector'.
TpTrace Information: 0 : 29840, 3, 2020/06/13, 02:12:12.951, 1021899510512, testhost.x86.exe, AssemblyResolver.OnResolve: Microsoft.TestPlatform.Extensions.BlameDataCollector: Resolving assembly.
TpTrace Information: 0 : 29840, 3, 2020/06/13, 02:12:12.951, 1021899512005, testhost.x86.exe, AssemblyResolver.OnResolve: Microsoft.TestPlatform.Extensions.BlameDataCollector: Resolved from cache.
TpTrace Verbose: 0 : 29840, 3, 2020/06/13, 02:12:12.951, 1021899513413, testhost.x86.exe, CurrentDomain_AssemblyResolve: Resolving assembly 'Microsoft.TestPlatform.Extensions.BlameDataCollector'.
TpTrace Verbose: 0 : 29840, 3, 2020/06/13, 02:12:12.951, 1021899514815, testhost.x86.exe, CurrentDomainAssemblyResolve: Failed to resolve assembly 'Microsoft.TestPlatform.Extensions.BlameDataCollector'.
TpTrace Verbose: 0 : 29840, 3, 2020/06/13, 02:12:12.952, 1021899517694, testhost.x86.exe, CurrentDomainAssemblyResolve: Failed to resolve assembly 'Microsoft.TestPlatform.Extensions.BlameDataCollector'.
TpTrace Warning: 0 : 29840, 3, 2020/06/13, 02:12:12.954, 1021899541625, testhost.x86.exe, TestPluginDiscoverer: Failed to load extensions from file 'C:\Program Files\dotnet\sdk\5.0.100-preview.3.20216.6\Extensions\Microsoft.TestPlatform.Extensions.BlameDataCollector.dll'.  Skipping test extension scan for this file.  Error: System.IO.FileNotFoundException: Could not load file or assembly 'Microsoft.TestPlatform.Extensions.BlameDataCollector' or one of its dependencies. The system cannot find the file specified.
File name: 'Microsoft.TestPlatform.Extensions.BlameDataCollector' ---> System.IO.FileNotFoundException: Could not load file or assembly 'Microsoft.TestPlatform.Extensions.BlameDataCollector' or one of its dependencies. The system cannot find the file specified.
File name: 'Microsoft.TestPlatform.Extensions.BlameDataCollector'
   at System.Reflection.RuntimeAssembly._nLoad(AssemblyName fileName, String codeBase, Evidence assemblySecurity, RuntimeAssembly locationHint, StackCrawlMark& stackMark, IntPtr pPrivHostBinder, Boolean throwOnFileNotFound, Boolean forIntrospection, Boolean suppressSecurityChecks)
   at System.Reflection.RuntimeAssembly.nLoad(AssemblyName fileName, String codeBase, Evidence assemblySecurity, RuntimeAssembly locationHint, StackCrawlMark& stackMark, IntPtr pPrivHostBinder, Boolean throwOnFileNotFound, Boolean forIntrospection, Boolean suppressSecurityChecks)
   at System.Reflection.RuntimeAssembly.InternalLoadAssemblyName(AssemblyName assemblyRef, Evidence assemblySecurity, RuntimeAssembly reqAssembly, StackCrawlMark& stackMark, IntPtr pPrivHostBinder, Boolean throwOnFileNotFound, Boolean forIntrospection, Boolean suppressSecurityChecks)
   at System.Reflection.Assembly.Load(AssemblyName assemblyRef)
   at Microsoft.VisualStudio.TestPlatform.Common.ExtensionFramework.TestPluginCache.CurrentDomainAssemblyResolve(Object sender, AssemblyResolveEventArgs args)
   at Microsoft.VisualStudio.TestPlatform.PlatformAbstractions.PlatformAssemblyResolver.AssemblyResolverEvent(Object sender, Object eventArgs)
   at System.AppDomain.OnAssemblyResolveEvent(RuntimeAssembly assembly, String assemblyFullName)

WRN: Assembly binding logging is turned OFF.
To enable assembly bind failure logging, set the registry value [HKLM\Software\Microsoft\Fusion!EnableLog] (DWORD) to 1.
Note: There is some performance penalty associated with assembly bind failure logging.
To turn this feature off, remove the registry value [HKLM\Software\Microsoft\Fusion!EnableLog].

   at System.Reflection.RuntimeAssembly._nLoad(AssemblyName fileName, String codeBase, Evidence assemblySecurity, RuntimeAssembly locationHint, StackCrawlMark& stackMark, IntPtr pPrivHostBinder, Boolean throwOnFileNotFound, Boolean forIntrospection, Boolean suppressSecurityChecks)
   at System.Reflection.RuntimeAssembly.nLoad(AssemblyName fileName, String codeBase, Evidence assemblySecurity, RuntimeAssembly locationHint, StackCrawlMark& stackMark, IntPtr pPrivHostBinder, Boolean throwOnFileNotFound, Boolean forIntrospection, Boolean suppressSecurityChecks)
   at System.Reflection.RuntimeAssembly.InternalLoadAssemblyName(AssemblyName assemblyRef, Evidence assemblySecurity, RuntimeAssembly reqAssembly, StackCrawlMark& stackMark, IntPtr pPrivHostBinder, Boolean throwOnFileNotFound, Boolean forIntrospection, Boolean suppressSecurityChecks)
   at System.Reflection.Assembly.Load(AssemblyName assemblyRef)
   at Microsoft.VisualStudio.TestPlatform.Common.ExtensionFramework.TestPluginDiscoverer.GetTestExtensionsFromFiles[TPluginInfo,TExtension](String[] files, Dictionary`2 pluginInfos)


TpTrace Information: 0 : 29840, 3, 2020/06/13, 02:12:12.955, 1021899556016, testhost.x86.exe, AssemblyResolver.OnResolve: Microsoft.TestPlatform.Extensions.EventLogCollector: Resolving assembly.
TpTrace Information: 0 : 29840, 3, 2020/06/13, 02:12:12.960, 1021899601823, testhost.x86.exe, AssemblyResolver.OnResolve: Resolved assembly: Microsoft.TestPlatform.Extensions.EventLogCollector, from path: C:\Program Files\dotnet\sdk\5.0.100-preview.3.20216.6\Extensions\Microsoft.TestPlatform.Extensions.EventLogCollector.dll
TpTrace Information: 0 : 29840, 3, 2020/06/13, 02:12:12.969, 1021899688436, testhost.x86.exe, AssemblyResolver.OnResolve: Microsoft.TestPlatform.TestHostRuntimeProvider: Resolving assembly.
TpTrace Information: 0 : 29840, 3, 2020/06/13, 02:12:12.975, 1021899753049, testhost.x86.exe, AssemblyResolver.OnResolve: Microsoft.TestPlatform.TestHostRuntimeProvider: Failed to load assembly. Reason:System.BadImageFormatException: Could not load file or assembly 'Microsoft.TestPlatform.TestHostRuntimeProvider, Version=15.0.0.0, Culture=neutral, PublicKeyToken=b03f5f7f11d50a3a' or one of its dependencies. An attempt was made to load a program with an incorrect format.
File name: 'Microsoft.TestPlatform.TestHostRuntimeProvider, Version=15.0.0.0, Culture=neutral, PublicKeyToken=b03f5f7f11d50a3a'
   at System.Reflection.RuntimeAssembly._nLoad(AssemblyName fileName, String codeBase, Evidence assemblySecurity, RuntimeAssembly locationHint, StackCrawlMark& stackMark, IntPtr pPrivHostBinder, Boolean throwOnFileNotFound, Boolean forIntrospection, Boolean suppressSecurityChecks)
   at System.Reflection.RuntimeAssembly.nLoad(AssemblyName fileName, String codeBase, Evidence assemblySecurity, RuntimeAssembly locationHint, StackCrawlMark& stackMark, IntPtr pPrivHostBinder, Boolean throwOnFileNotFound, Boolean forIntrospection, Boolean suppressSecurityChecks)
   at System.Reflection.RuntimeAssembly.InternalLoadAssemblyName(AssemblyName assemblyRef, Evidence assemblySecurity, RuntimeAssembly reqAssembly, StackCrawlMark& stackMark, IntPtr pPrivHostBinder, Boolean throwOnFileNotFound, Boolean forIntrospection, Boolean suppressSecurityChecks)
   at System.Reflection.RuntimeAssembly.InternalLoadFrom(String assemblyFile, Evidence securityEvidence, Byte[] hashValue, AssemblyHashAlgorithm hashAlgorithm, Boolean forIntrospection, Boolean suppressSecurityChecks, StackCrawlMark& stackMark)
   at System.Reflection.Assembly.LoadFrom(String assemblyFile)
   at Microsoft.VisualStudio.TestPlatform.PlatformAbstractions.PlatformAssemblyLoadContext.LoadAssemblyFromPath(String assemblyPath)
   at Microsoft.VisualStudio.TestPlatform.Common.Utilities.AssemblyResolver.OnResolve(Object sender, AssemblyResolveEventArgs args)

 
TpTrace Information: 0 : 29840, 3, 2020/06/13, 02:12:12.976, 1021899763095, testhost.x86.exe, AssemblyResolver.OnResolve: Microsoft.TestPlatform.TestHostRuntimeProvider: Failed to load assembly.
TpTrace Verbose: 0 : 29840, 3, 2020/06/13, 02:12:12.976, 1021899766030, testhost.x86.exe, CurrentDomain_AssemblyResolve: Resolving assembly 'Microsoft.TestPlatform.TestHostRuntimeProvider'.
TpTrace Information: 0 : 29840, 3, 2020/06/13, 02:12:12.977, 1021899771865, testhost.x86.exe, AssemblyResolver.OnResolve: Microsoft.TestPlatform.TestHostRuntimeProvider: Resolving assembly.
TpTrace Information: 0 : 29840, 3, 2020/06/13, 02:12:12.977, 1021899773941, testhost.x86.exe, AssemblyResolver.OnResolve: Microsoft.TestPlatform.TestHostRuntimeProvider: Resolved from cache.
TpTrace Verbose: 0 : 29840, 3, 2020/06/13, 02:12:12.977, 1021899775454, testhost.x86.exe, CurrentDomain_AssemblyResolve: Resolving assembly 'Microsoft.TestPlatform.TestHostRuntimeProvider'.
TpTrace Verbose: 0 : 29840, 3, 2020/06/13, 02:12:12.978, 1021899776960, testhost.x86.exe, CurrentDomainAssemblyResolve: Failed to resolve assembly 'Microsoft.TestPlatform.TestHostRuntimeProvider'.
TpTrace Verbose: 0 : 29840, 3, 2020/06/13, 02:12:12.978, 1021899779612, testhost.x86.exe, CurrentDomainAssemblyResolve: Failed to resolve assembly 'Microsoft.TestPlatform.TestHostRuntimeProvider'.
TpTrace Warning: 0 : 29840, 3, 2020/06/13, 02:12:12.978, 1021899785246, testhost.x86.exe, TestPluginDiscoverer: Failed to load extensions from file 'C:\Program Files\dotnet\sdk\5.0.100-preview.3.20216.6\Extensions\Microsoft.TestPlatform.TestHostRuntimeProvider.dll'.  Skipping test extension scan for this file.  Error: System.IO.FileNotFoundException: Could not load file or assembly 'Microsoft.TestPlatform.TestHostRuntimeProvider' or one of its dependencies. The system cannot find the file specified.
File name: 'Microsoft.TestPlatform.TestHostRuntimeProvider' ---> System.IO.FileNotFoundException: Could not load file or assembly 'Microsoft.TestPlatform.TestHostRuntimeProvider' or one of its dependencies. The system cannot find the file specified.
File name: 'Microsoft.TestPlatform.TestHostRuntimeProvider'
   at System.Reflection.RuntimeAssembly._nLoad(AssemblyName fileName, String codeBase, Evidence assemblySecurity, RuntimeAssembly locationHint, StackCrawlMark& stackMark, IntPtr pPrivHostBinder, Boolean throwOnFileNotFound, Boolean forIntrospection, Boolean suppressSecurityChecks)
   at System.Reflection.RuntimeAssembly.nLoad(AssemblyName fileName, String codeBase, Evidence assemblySecurity, RuntimeAssembly locationHint, StackCrawlMark& stackMark, IntPtr pPrivHostBinder, Boolean throwOnFileNotFound, Boolean forIntrospection, Boolean suppressSecurityChecks)
   at System.Reflection.RuntimeAssembly.InternalLoadAssemblyName(AssemblyName assemblyRef, Evidence assemblySecurity, RuntimeAssembly reqAssembly, StackCrawlMark& stackMark, IntPtr pPrivHostBinder, Boolean throwOnFileNotFound, Boolean forIntrospection, Boolean suppressSecurityChecks)
   at System.Reflection.Assembly.Load(AssemblyName assemblyRef)
   at Microsoft.VisualStudio.TestPlatform.Common.ExtensionFramework.TestPluginCache.CurrentDomainAssemblyResolve(Object sender, AssemblyResolveEventArgs args)
   at Microsoft.VisualStudio.TestPlatform.PlatformAbstractions.PlatformAssemblyResolver.AssemblyResolverEvent(Object sender, Object eventArgs)
   at System.AppDomain.OnAssemblyResolveEvent(RuntimeAssembly assembly, String assemblyFullName)

WRN: Assembly binding logging is turned OFF.
To enable assembly bind failure logging, set the registry value [HKLM\Software\Microsoft\Fusion!EnableLog] (DWORD) to 1.
Note: There is some performance penalty associated with assembly bind failure logging.
To turn this feature off, remove the registry value [HKLM\Software\Microsoft\Fusion!EnableLog].

   at System.Reflection.RuntimeAssembly._nLoad(AssemblyName fileName, String codeBase, Evidence assemblySecurity, RuntimeAssembly locationHint, StackCrawlMark& stackMark, IntPtr pPrivHostBinder, Boolean throwOnFileNotFound, Boolean forIntrospection, Boolean suppressSecurityChecks)
   at System.Reflection.RuntimeAssembly.nLoad(AssemblyName fileName, String codeBase, Evidence assemblySecurity, RuntimeAssembly locationHint, StackCrawlMark& stackMark, IntPtr pPrivHostBinder, Boolean throwOnFileNotFound, Boolean forIntrospection, Boolean suppressSecurityChecks)
   at System.Reflection.RuntimeAssembly.InternalLoadAssemblyName(AssemblyName assemblyRef, Evidence assemblySecurity, RuntimeAssembly reqAssembly, StackCrawlMark& stackMark, IntPtr pPrivHostBinder, Boolean throwOnFileNotFound, Boolean forIntrospection, Boolean suppressSecurityChecks)
   at System.Reflection.Assembly.Load(AssemblyName assemblyRef)
   at Microsoft.VisualStudio.TestPlatform.Common.ExtensionFramework.TestPluginDiscoverer.GetTestExtensionsFromFiles[TPluginInfo,TExtension](String[] files, Dictionary`2 pluginInfos)


TpTrace Information: 0 : 29840, 3, 2020/06/13, 02:12:12.980, 1021899800160, testhost.x86.exe, AssemblyResolver.OnResolve: Microsoft.VisualStudio.TestPlatform.Extensions.Html.TestLogger: Resolving assembly.
TpTrace Information: 0 : 29840, 3, 2020/06/13, 02:12:12.985, 1021899848829, testhost.x86.exe, AssemblyResolver.OnResolve: Microsoft.VisualStudio.TestPlatform.Extensions.Html.TestLogger: Failed to load assembly. Reason:System.BadImageFormatException: Could not load file or assembly 'Microsoft.VisualStudio.TestPlatform.Extensions.Html.TestLogger, Version=15.0.0.0, Culture=neutral, PublicKeyToken=b03f5f7f11d50a3a' or one of its dependencies. An attempt was made to load a program with an incorrect format.
File name: 'Microsoft.VisualStudio.TestPlatform.Extensions.Html.TestLogger, Version=15.0.0.0, Culture=neutral, PublicKeyToken=b03f5f7f11d50a3a'
   at System.Reflection.RuntimeAssembly._nLoad(AssemblyName fileName, String codeBase, Evidence assemblySecurity, RuntimeAssembly locationHint, StackCrawlMark& stackMark, IntPtr pPrivHostBinder, Boolean throwOnFileNotFound, Boolean forIntrospection, Boolean suppressSecurityChecks)
   at System.Reflection.RuntimeAssembly.nLoad(AssemblyName fileName, String codeBase, Evidence assemblySecurity, RuntimeAssembly locationHint, StackCrawlMark& stackMark, IntPtr pPrivHostBinder, Boolean throwOnFileNotFound, Boolean forIntrospection, Boolean suppressSecurityChecks)
   at System.Reflection.RuntimeAssembly.InternalLoadAssemblyName(AssemblyName assemblyRef, Evidence assemblySecurity, RuntimeAssembly reqAssembly, StackCrawlMark& stackMark, IntPtr pPrivHostBinder, Boolean throwOnFileNotFound, Boolean forIntrospection, Boolean suppressSecurityChecks)
   at System.Reflection.RuntimeAssembly.InternalLoadFrom(String assemblyFile, Evidence securityEvidence, Byte[] hashValue, AssemblyHashAlgorithm hashAlgorithm, Boolean forIntrospection, Boolean suppressSecurityChecks, StackCrawlMark& stackMark)
   at System.Reflection.Assembly.LoadFrom(String assemblyFile)
   at Microsoft.VisualStudio.TestPlatform.PlatformAbstractions.PlatformAssemblyLoadContext.LoadAssemblyFromPath(String assemblyPath)
   at Microsoft.VisualStudio.TestPlatform.Common.Utilities.AssemblyResolver.OnResolve(Object sender, AssemblyResolveEventArgs args)

 
TpTrace Information: 0 : 29840, 3, 2020/06/13, 02:12:12.985, 1021899855760, testhost.x86.exe, AssemblyResolver.OnResolve: Microsoft.VisualStudio.TestPlatform.Extensions.Html.TestLogger: Failed to load assembly.
TpTrace Verbose: 0 : 29840, 3, 2020/06/13, 02:12:12.986, 1021899857611, testhost.x86.exe, CurrentDomain_AssemblyResolve: Resolving assembly 'Microsoft.VisualStudio.TestPlatform.Extensions.Html.TestLogger'.
TpTrace Information: 0 : 29840, 3, 2020/06/13, 02:12:12.986, 1021899860967, testhost.x86.exe, AssemblyResolver.OnResolve: Microsoft.VisualStudio.TestPlatform.Extensions.Html.TestLogger: Resolving assembly.
TpTrace Information: 0 : 29840, 3, 2020/06/13, 02:12:12.986, 1021899862311, testhost.x86.exe, AssemblyResolver.OnResolve: Microsoft.VisualStudio.TestPlatform.Extensions.Html.TestLogger: Resolved from cache.
TpTrace Verbose: 0 : 29840, 3, 2020/06/13, 02:12:12.986, 1021899863622, testhost.x86.exe, CurrentDomain_AssemblyResolve: Resolving assembly 'Microsoft.VisualStudio.TestPlatform.Extensions.Html.TestLogger'.
TpTrace Verbose: 0 : 29840, 3, 2020/06/13, 02:12:12.986, 1021899864915, testhost.x86.exe, CurrentDomainAssemblyResolve: Failed to resolve assembly 'Microsoft.VisualStudio.TestPlatform.Extensions.Html.TestLogger'.
TpTrace Verbose: 0 : 29840, 3, 2020/06/13, 02:12:12.987, 1021899867450, testhost.x86.exe, CurrentDomainAssemblyResolve: Failed to resolve assembly 'Microsoft.VisualStudio.TestPlatform.Extensions.Html.TestLogger'.
TpTrace Warning: 0 : 29840, 3, 2020/06/13, 02:12:12.987, 1021899873007, testhost.x86.exe, TestPluginDiscoverer: Failed to load extensions from file 'C:\Program Files\dotnet\sdk\5.0.100-preview.3.20216.6\Extensions\Microsoft.VisualStudio.TestPlatform.Extensions.Html.TestLogger.dll'.  Skipping test extension scan for this file.  Error: System.IO.FileNotFoundException: Could not load file or assembly 'Microsoft.VisualStudio.TestPlatform.Extensions.Html.TestLogger' or one of its dependencies. The system cannot find the file specified.
File name: 'Microsoft.VisualStudio.TestPlatform.Extensions.Html.TestLogger' ---> System.IO.FileNotFoundException: Could not load file or assembly 'Microsoft.VisualStudio.TestPlatform.Extensions.Html.TestLogger' or one of its dependencies. The system cannot find the file specified.
File name: 'Microsoft.VisualStudio.TestPlatform.Extensions.Html.TestLogger'
   at System.Reflection.RuntimeAssembly._nLoad(AssemblyName fileName, String codeBase, Evidence assemblySecurity, RuntimeAssembly locationHint, StackCrawlMark& stackMark, IntPtr pPrivHostBinder, Boolean throwOnFileNotFound, Boolean forIntrospection, Boolean suppressSecurityChecks)
   at System.Reflection.RuntimeAssembly.nLoad(AssemblyName fileName, String codeBase, Evidence assemblySecurity, RuntimeAssembly locationHint, StackCrawlMark& stackMark, IntPtr pPrivHostBinder, Boolean throwOnFileNotFound, Boolean forIntrospection, Boolean suppressSecurityChecks)
   at System.Reflection.RuntimeAssembly.InternalLoadAssemblyName(AssemblyName assemblyRef, Evidence assemblySecurity, RuntimeAssembly reqAssembly, StackCrawlMark& stackMark, IntPtr pPrivHostBinder, Boolean throwOnFileNotFound, Boolean forIntrospection, Boolean suppressSecurityChecks)
   at System.Reflection.Assembly.Load(AssemblyName assemblyRef)
   at Microsoft.VisualStudio.TestPlatform.Common.ExtensionFramework.TestPluginCache.CurrentDomainAssemblyResolve(Object sender, AssemblyResolveEventArgs args)
   at Microsoft.VisualStudio.TestPlatform.PlatformAbstractions.PlatformAssemblyResolver.AssemblyResolverEvent(Object sender, Object eventArgs)
   at System.AppDomain.OnAssemblyResolveEvent(RuntimeAssembly assembly, String assemblyFullName)

WRN: Assembly binding logging is turned OFF.
To enable assembly bind failure logging, set the registry value [HKLM\Software\Microsoft\Fusion!EnableLog] (DWORD) to 1.
Note: There is some performance penalty associated with assembly bind failure logging.
To turn this feature off, remove the registry value [HKLM\Software\Microsoft\Fusion!EnableLog].

   at System.Reflection.RuntimeAssembly._nLoad(AssemblyName fileName, String codeBase, Evidence assemblySecurity, RuntimeAssembly locationHint, StackCrawlMark& stackMark, IntPtr pPrivHostBinder, Boolean throwOnFileNotFound, Boolean forIntrospection, Boolean suppressSecurityChecks)
   at System.Reflection.RuntimeAssembly.nLoad(AssemblyName fileName, String codeBase, Evidence assemblySecurity, RuntimeAssembly locationHint, StackCrawlMark& stackMark, IntPtr pPrivHostBinder, Boolean throwOnFileNotFound, Boolean forIntrospection, Boolean suppressSecurityChecks)
   at System.Reflection.RuntimeAssembly.InternalLoadAssemblyName(AssemblyName assemblyRef, Evidence assemblySecurity, RuntimeAssembly reqAssembly, StackCrawlMark& stackMark, IntPtr pPrivHostBinder, Boolean throwOnFileNotFound, Boolean forIntrospection, Boolean suppressSecurityChecks)
   at System.Reflection.Assembly.Load(AssemblyName assemblyRef)
   at Microsoft.VisualStudio.TestPlatform.Common.ExtensionFramework.TestPluginDiscoverer.GetTestExtensionsFromFiles[TPluginInfo,TExtension](String[] files, Dictionary`2 pluginInfos)


TpTrace Information: 0 : 29840, 3, 2020/06/13, 02:12:12.988, 1021899886499, testhost.x86.exe, AssemblyResolver.OnResolve: Microsoft.VisualStudio.TestPlatform.Extensions.Trx.TestLogger: Resolving assembly.
TpTrace Information: 0 : 29840, 3, 2020/06/13, 02:12:12.995, 1021899956109, testhost.x86.exe, AssemblyResolver.OnResolve: Microsoft.VisualStudio.TestPlatform.Extensions.Trx.TestLogger: Failed to load assembly. Reason:System.BadImageFormatException: Could not load file or assembly 'Microsoft.VisualStudio.TestPlatform.Extensions.Trx.TestLogger, Version=15.0.0.0, Culture=neutral, PublicKeyToken=b03f5f7f11d50a3a' or one of its dependencies. An attempt was made to load a program with an incorrect format.
File name: 'Microsoft.VisualStudio.TestPlatform.Extensions.Trx.TestLogger, Version=15.0.0.0, Culture=neutral, PublicKeyToken=b03f5f7f11d50a3a'
   at System.Reflection.RuntimeAssembly._nLoad(AssemblyName fileName, String codeBase, Evidence assemblySecurity, RuntimeAssembly locationHint, StackCrawlMark& stackMark, IntPtr pPrivHostBinder, Boolean throwOnFileNotFound, Boolean forIntrospection, Boolean suppressSecurityChecks)
   at System.Reflection.RuntimeAssembly.nLoad(AssemblyName fileName, String codeBase, Evidence assemblySecurity, RuntimeAssembly locationHint, StackCrawlMark& stackMark, IntPtr pPrivHostBinder, Boolean throwOnFileNotFound, Boolean forIntrospection, Boolean suppressSecurityChecks)
   at System.Reflection.RuntimeAssembly.InternalLoadAssemblyName(AssemblyName assemblyRef, Evidence assemblySecurity, RuntimeAssembly reqAssembly, StackCrawlMark& stackMark, IntPtr pPrivHostBinder, Boolean throwOnFileNotFound, Boolean forIntrospection, Boolean suppressSecurityChecks)
   at System.Reflection.RuntimeAssembly.InternalLoadFrom(String assemblyFile, Evidence securityEvidence, Byte[] hashValue, AssemblyHashAlgorithm hashAlgorithm, Boolean forIntrospection, Boolean suppressSecurityChecks, StackCrawlMark& stackMark)
   at System.Reflection.Assembly.LoadFrom(String assemblyFile)
   at Microsoft.VisualStudio.TestPlatform.PlatformAbstractions.PlatformAssemblyLoadContext.LoadAssemblyFromPath(String assemblyPath)
   at Microsoft.VisualStudio.TestPlatform.Common.Utilities.AssemblyResolver.OnResolve(Object sender, AssemblyResolveEventArgs args)

 
TpTrace Information: 0 : 29840, 3, 2020/06/13, 02:12:12.996, 1021899962895, testhost.x86.exe, AssemblyResolver.OnResolve: Microsoft.VisualStudio.TestPlatform.Extensions.Trx.TestLogger: Failed to load assembly.
TpTrace Verbose: 0 : 29840, 3, 2020/06/13, 02:12:12.996, 1021899964691, testhost.x86.exe, CurrentDomain_AssemblyResolve: Resolving assembly 'Microsoft.VisualStudio.TestPlatform.Extensions.Trx.TestLogger'.
TpTrace Information: 0 : 29840, 3, 2020/06/13, 02:12:12.997, 1021899968377, testhost.x86.exe, AssemblyResolver.OnResolve: Microsoft.VisualStudio.TestPlatform.Extensions.Trx.TestLogger: Resolving assembly.
TpTrace Information: 0 : 29840, 3, 2020/06/13, 02:12:12.997, 1021899969766, testhost.x86.exe, AssemblyResolver.OnResolve: Microsoft.VisualStudio.TestPlatform.Extensions.Trx.TestLogger: Resolved from cache.
TpTrace Verbose: 0 : 29840, 3, 2020/06/13, 02:12:12.997, 1021899971095, testhost.x86.exe, CurrentDomain_AssemblyResolve: Resolving assembly 'Microsoft.VisualStudio.TestPlatform.Extensions.Trx.TestLogger'.
TpTrace Verbose: 0 : 29840, 3, 2020/06/13, 02:12:12.997, 1021899972406, testhost.x86.exe, CurrentDomainAssemblyResolve: Failed to resolve assembly 'Microsoft.VisualStudio.TestPlatform.Extensions.Trx.TestLogger'.
TpTrace Verbose: 0 : 29840, 3, 2020/06/13, 02:12:12.997, 1021899974994, testhost.x86.exe, CurrentDomainAssemblyResolve: Failed to resolve assembly 'Microsoft.VisualStudio.TestPlatform.Extensions.Trx.TestLogger'.
TpTrace Warning: 0 : 29840, 3, 2020/06/13, 02:12:12.998, 1021899981507, testhost.x86.exe, TestPluginDiscoverer: Failed to load extensions from file 'C:\Program Files\dotnet\sdk\5.0.100-preview.3.20216.6\Extensions\Microsoft.VisualStudio.TestPlatform.Extensions.Trx.TestLogger.dll'.  Skipping test extension scan for this file.  Error: System.IO.FileNotFoundException: Could not load file or assembly 'Microsoft.VisualStudio.TestPlatform.Extensions.Trx.TestLogger' or one of its dependencies. The system cannot find the file specified.
File name: 'Microsoft.VisualStudio.TestPlatform.Extensions.Trx.TestLogger' ---> System.IO.FileNotFoundException: Could not load file or assembly 'Microsoft.VisualStudio.TestPlatform.Extensions.Trx.TestLogger' or one of its dependencies. The system cannot find the file specified.
File name: 'Microsoft.VisualStudio.TestPlatform.Extensions.Trx.TestLogger'
   at System.Reflection.RuntimeAssembly._nLoad(AssemblyName fileName, String codeBase, Evidence assemblySecurity, RuntimeAssembly locationHint, StackCrawlMark& stackMark, IntPtr pPrivHostBinder, Boolean throwOnFileNotFound, Boolean forIntrospection, Boolean suppressSecurityChecks)
   at System.Reflection.RuntimeAssembly.nLoad(AssemblyName fileName, String codeBase, Evidence assemblySecurity, RuntimeAssembly locationHint, StackCrawlMark& stackMark, IntPtr pPrivHostBinder, Boolean throwOnFileNotFound, Boolean forIntrospection, Boolean suppressSecurityChecks)
   at System.Reflection.RuntimeAssembly.InternalLoadAssemblyName(AssemblyName assemblyRef, Evidence assemblySecurity, RuntimeAssembly reqAssembly, StackCrawlMark& stackMark, IntPtr pPrivHostBinder, Boolean throwOnFileNotFound, Boolean forIntrospection, Boolean suppressSecurityChecks)
   at System.Reflection.Assembly.Load(AssemblyName assemblyRef)
   at Microsoft.VisualStudio.TestPlatform.Common.ExtensionFramework.TestPluginCache.CurrentDomainAssemblyResolve(Object sender, AssemblyResolveEventArgs args)
   at Microsoft.VisualStudio.TestPlatform.PlatformAbstractions.PlatformAssemblyResolver.AssemblyResolverEvent(Object sender, Object eventArgs)
   at System.AppDomain.OnAssemblyResolveEvent(RuntimeAssembly assembly, String assemblyFullName)

WRN: Assembly binding logging is turned OFF.
To enable assembly bind failure logging, set the registry value [HKLM\Software\Microsoft\Fusion!EnableLog] (DWORD) to 1.
Note: There is some performance penalty associated with assembly bind failure logging.
To turn this feature off, remove the registry value [HKLM\Software\Microsoft\Fusion!EnableLog].

   at System.Reflection.RuntimeAssembly._nLoad(AssemblyName fileName, String codeBase, Evidence assemblySecurity, RuntimeAssembly locationHint, StackCrawlMark& stackMark, IntPtr pPrivHostBinder, Boolean throwOnFileNotFound, Boolean forIntrospection, Boolean suppressSecurityChecks)
   at System.Reflection.RuntimeAssembly.nLoad(AssemblyName fileName, String codeBase, Evidence assemblySecurity, RuntimeAssembly locationHint, StackCrawlMark& stackMark, IntPtr pPrivHostBinder, Boolean throwOnFileNotFound, Boolean forIntrospection, Boolean suppressSecurityChecks)
   at System.Reflection.RuntimeAssembly.InternalLoadAssemblyName(AssemblyName assemblyRef, Evidence assemblySecurity, RuntimeAssembly reqAssembly, StackCrawlMark& stackMark, IntPtr pPrivHostBinder, Boolean throwOnFileNotFound, Boolean forIntrospection, Boolean suppressSecurityChecks)
   at System.Reflection.Assembly.Load(AssemblyName assemblyRef)
   at Microsoft.VisualStudio.TestPlatform.Common.ExtensionFramework.TestPluginDiscoverer.GetTestExtensionsFromFiles[TPluginInfo,TExtension](String[] files, Dictionary`2 pluginInfos)


TpTrace Information: 0 : 29840, 3, 2020/06/13, 02:12:12.999, 1021899996678, testhost.x86.exe, AssemblyResolver.OnResolve: expecto.visualstudio.testadapter: Resolving assembly.
TpTrace Information: 0 : 29840, 3, 2020/06/13, 02:12:13.006, 1021900059969, testhost.x86.exe, AssemblyResolver.OnResolve: Resolved assembly: expecto.visualstudio.testadapter, from path: C:\Users\grzeg\Repos\ProblemsWithExpectoTestSdk\ProblemsWithExpectoTestSdkFSharpCore46\bin\Debug\net462\expecto.visualstudio.testadapter.dll
TpTrace Verbose: 0 : 29840, 3, 2020/06/13, 02:12:13.048, 1021900479450, testhost.x86.exe, TestPluginCache: Discovered the extensions using extension path ''.
TpTrace Verbose: 0 : 29840, 3, 2020/06/13, 02:12:13.050, 1021900498990, testhost.x86.exe, TestPluginCache: Discoverers are ''.
TpTrace Verbose: 0 : 29840, 3, 2020/06/13, 02:12:13.050, 1021900501691, testhost.x86.exe, TestPluginCache: Executors are 'executor://yolodev/expecto'.
TpTrace Verbose: 0 : 29840, 3, 2020/06/13, 02:12:13.050, 1021900503505, testhost.x86.exe, TestPluginCache: Setting providers are ''.
TpTrace Verbose: 0 : 29840, 3, 2020/06/13, 02:12:13.050, 1021900504882, testhost.x86.exe, TestPluginCache: Loggers are ''.
TpTrace Information: 0 : 29840, 3, 2020/06/13, 02:12:13.082, 1021900818145, testhost.x86.exe, AssemblyResolver.OnResolve: expecto.visualstudio.testadapter, Version=1.0.0.0, Culture=neutral, PublicKeyToken=null: Resolving assembly.
TpTrace Information: 0 : 29840, 3, 2020/06/13, 02:12:13.083, 1021900833263, testhost.x86.exe, AssemblyResolver.OnResolve: Resolved assembly: expecto.visualstudio.testadapter, Version=1.0.0.0, Culture=neutral, PublicKeyToken=null, from path: C:\Users\grzeg\Repos\ProblemsWithExpectoTestSdk\ProblemsWithExpectoTestSdkFSharpCore46\bin\Debug\net462\expecto.visualstudio.testadapter.dll
TpTrace Information: 0 : 29840, 3, 2020/06/13, 02:12:13.085, 1021900851225, testhost.x86.exe, TestPluginManager.CreateTestExtension: Attempting to load test extension: YoloDev.Expecto.TestSdk.VsTestAdapter
TpTrace Verbose: 0 : 29840, 3, 2020/06/13, 02:12:13.085, 1021900856155, testhost.x86.exe, TestExecutorExtensionManager: Loading executor YoloDev.Expecto.TestSdk.VsTestAdapter
TpTrace Verbose: 0 : 29840, 3, 2020/06/13, 02:12:13.086, 1021900858558, testhost.x86.exe, TestExecutorService: Loaded the executors
TpTrace Verbose: 0 : 29840, 3, 2020/06/13, 02:12:13.089, 1021900887956, testhost.x86.exe, TestPluginCache.DiscoverTestExtensions: finding test extensions in assemblies ends with: TestAdapter.dll TPluginInfo: Microsoft.VisualStudio.TestPlatform.Common.ExtensionFramework.Utilities.TestSettingsProviderPluginInformation TExtension: Microsoft.VisualStudio.TestPlatform.ObjectModel.Adapter.ISettingsProvider
TpTrace Verbose: 0 : 29840, 3, 2020/06/13, 02:12:13.089, 1021900896851, testhost.x86.exe, TestPluginCache.GetExtensionPaths: Filtered extension paths: 
TpTrace Verbose: 0 : 29840, 3, 2020/06/13, 02:12:13.090, 1021900899441, testhost.x86.exe, TestPluginCache.GetExtensionPaths: Added default extension paths: C:\Program Files\dotnet\sdk\5.0.100-preview.3.20216.6\Extensions\Microsoft.TestPlatform.Extensions.BlameDataCollector.dll
C:\Program Files\dotnet\sdk\5.0.100-preview.3.20216.6\Extensions\Microsoft.TestPlatform.Extensions.EventLogCollector.dll
C:\Program Files\dotnet\sdk\5.0.100-preview.3.20216.6\Extensions\Microsoft.TestPlatform.TestHostRuntimeProvider.dll
C:\Program Files\dotnet\sdk\5.0.100-preview.3.20216.6\Extensions\Microsoft.VisualStudio.TestPlatform.Extensions.Html.TestLogger.dll
C:\Program Files\dotnet\sdk\5.0.100-preview.3.20216.6\Extensions\Microsoft.VisualStudio.TestPlatform.Extensions.Trx.TestLogger.dll
C:\Users\grzeg\Repos\ProblemsWithExpectoTestSdk\ProblemsWithExpectoTestSdkFSharpCore46\bin\Debug\net462\expecto.visualstudio.testadapter.dll
TpTrace Verbose: 0 : 29840, 3, 2020/06/13, 02:12:13.090, 1021900902043, testhost.x86.exe, TestPluginCache.GetExtensionPaths: Added unfilterableExtensionPaths: 
TpTrace Information: 0 : 29840, 3, 2020/06/13, 02:12:13.091, 1021900909192, testhost.x86.exe, AssemblyResolver.AddSearchDirectories: Adding more searchDirectories C:\Program Files\dotnet\sdk\5.0.100-preview.3.20216.6\Extensions,C:\Users\grzeg\Repos\ProblemsWithExpectoTestSdk\ProblemsWithExpectoTestSdkFSharpCore46\bin\Debug\net462,C:\Program Files\dotnet\sdk\5.0.100-preview.3.20216.6\TestHost
TpTrace Verbose: 0 : 29840, 3, 2020/06/13, 02:12:13.091, 1021900911837, testhost.x86.exe, TestPluginCache.DiscoverTestExtensions: Discovering the extensions using extension path.
TpTrace Verbose: 0 : 29840, 3, 2020/06/13, 02:12:13.091, 1021900913264, testhost.x86.exe, TestPluginCache.GetExtensionPaths: Filtered extension paths: 
TpTrace Verbose: 0 : 29840, 3, 2020/06/13, 02:12:13.091, 1021900915156, testhost.x86.exe, TestPluginCache.GetExtensionPaths: Added default extension paths: C:\Program Files\dotnet\sdk\5.0.100-preview.3.20216.6\Extensions\Microsoft.TestPlatform.Extensions.BlameDataCollector.dll
C:\Program Files\dotnet\sdk\5.0.100-preview.3.20216.6\Extensions\Microsoft.TestPlatform.Extensions.EventLogCollector.dll
C:\Program Files\dotnet\sdk\5.0.100-preview.3.20216.6\Extensions\Microsoft.TestPlatform.TestHostRuntimeProvider.dll
C:\Program Files\dotnet\sdk\5.0.100-preview.3.20216.6\Extensions\Microsoft.VisualStudio.TestPlatform.Extensions.Html.TestLogger.dll
C:\Program Files\dotnet\sdk\5.0.100-preview.3.20216.6\Extensions\Microsoft.VisualStudio.TestPlatform.Extensions.Trx.TestLogger.dll
C:\Users\grzeg\Repos\ProblemsWithExpectoTestSdk\ProblemsWithExpectoTestSdkFSharpCore46\bin\Debug\net462\expecto.visualstudio.testadapter.dll
TpTrace Verbose: 0 : 29840, 3, 2020/06/13, 02:12:13.092, 1021900916980, testhost.x86.exe, TestPluginCache.GetExtensionPaths: Added unfilterableExtensionPaths: 
TpTrace Verbose: 0 : 29840, 3, 2020/06/13, 02:12:13.092, 1021900918524, testhost.x86.exe, TestPluginCache.DiscoverTestExtensions: Discovering the extensions using allExtensionPaths: C:\Program Files\dotnet\sdk\5.0.100-preview.3.20216.6\Extensions\Microsoft.TestPlatform.Extensions.BlameDataCollector.dll
C:\Program Files\dotnet\sdk\5.0.100-preview.3.20216.6\Extensions\Microsoft.TestPlatform.Extensions.EventLogCollector.dll
C:\Program Files\dotnet\sdk\5.0.100-preview.3.20216.6\Extensions\Microsoft.TestPlatform.TestHostRuntimeProvider.dll
C:\Program Files\dotnet\sdk\5.0.100-preview.3.20216.6\Extensions\Microsoft.VisualStudio.TestPlatform.Extensions.Html.TestLogger.dll
C:\Program Files\dotnet\sdk\5.0.100-preview.3.20216.6\Extensions\Microsoft.VisualStudio.TestPlatform.Extensions.Trx.TestLogger.dll
C:\Users\grzeg\Repos\ProblemsWithExpectoTestSdk\ProblemsWithExpectoTestSdkFSharpCore46\bin\Debug\net462\expecto.visualstudio.testadapter.dll
TpTrace Information: 0 : 29840, 3, 2020/06/13, 02:12:13.092, 1021900921088, testhost.x86.exe, AssemblyResolver.AddSearchDirectories: Adding more searchDirectories C:\Program Files\dotnet\sdk\5.0.100-preview.3.20216.6\Extensions,C:\Program Files\dotnet\sdk\5.0.100-preview.3.20216.6\TestHost
TpTrace Information: 0 : 29840, 3, 2020/06/13, 02:12:13.092, 1021900922823, testhost.x86.exe, AssemblyResolver.AddSearchDirectories: Adding more searchDirectories C:\Program Files\dotnet\sdk\5.0.100-preview.3.20216.6\Extensions,C:\Program Files\dotnet\sdk\5.0.100-preview.3.20216.6\TestHost
TpTrace Information: 0 : 29840, 3, 2020/06/13, 02:12:13.092, 1021900924888, testhost.x86.exe, AssemblyResolver.AddSearchDirectories: Adding more searchDirectories C:\Program Files\dotnet\sdk\5.0.100-preview.3.20216.6\Extensions,C:\Program Files\dotnet\sdk\5.0.100-preview.3.20216.6\TestHost
TpTrace Information: 0 : 29840, 3, 2020/06/13, 02:12:13.092, 1021900926351, testhost.x86.exe, AssemblyResolver.AddSearchDirectories: Adding more searchDirectories C:\Program Files\dotnet\sdk\5.0.100-preview.3.20216.6\Extensions,C:\Program Files\dotnet\sdk\5.0.100-preview.3.20216.6\TestHost
TpTrace Information: 0 : 29840, 3, 2020/06/13, 02:12:13.093, 1021900928003, testhost.x86.exe, AssemblyResolver.AddSearchDirectories: Adding more searchDirectories C:\Program Files\dotnet\sdk\5.0.100-preview.3.20216.6\Extensions,C:\Program Files\dotnet\sdk\5.0.100-preview.3.20216.6\TestHost
TpTrace Information: 0 : 29840, 3, 2020/06/13, 02:12:13.093, 1021900929677, testhost.x86.exe, AssemblyResolver.AddSearchDirectories: Adding more searchDirectories C:\Users\grzeg\Repos\ProblemsWithExpectoTestSdk\ProblemsWithExpectoTestSdkFSharpCore46\bin\Debug\net462,C:\Program Files\dotnet\sdk\5.0.100-preview.3.20216.6\TestHost
TpTrace Warning: 0 : 29840, 3, 2020/06/13, 02:12:13.093, 1021900934694, testhost.x86.exe, TestPluginDiscoverer: Failed to load extensions from file 'C:\Program Files\dotnet\sdk\5.0.100-preview.3.20216.6\Extensions\Microsoft.TestPlatform.Extensions.BlameDataCollector.dll'.  Skipping test extension scan for this file.  Error: System.IO.FileNotFoundException: Could not load file or assembly 'Microsoft.TestPlatform.Extensions.BlameDataCollector' or one of its dependencies. The system cannot find the file specified.
File name: 'Microsoft.TestPlatform.Extensions.BlameDataCollector'
   at System.Reflection.RuntimeAssembly._nLoad(AssemblyName fileName, String codeBase, Evidence assemblySecurity, RuntimeAssembly locationHint, StackCrawlMark& stackMark, IntPtr pPrivHostBinder, Boolean throwOnFileNotFound, Boolean forIntrospection, Boolean suppressSecurityChecks)
   at System.Reflection.RuntimeAssembly.nLoad(AssemblyName fileName, String codeBase, Evidence assemblySecurity, RuntimeAssembly locationHint, StackCrawlMark& stackMark, IntPtr pPrivHostBinder, Boolean throwOnFileNotFound, Boolean forIntrospection, Boolean suppressSecurityChecks)
   at System.Reflection.RuntimeAssembly.InternalLoadAssemblyName(AssemblyName assemblyRef, Evidence assemblySecurity, RuntimeAssembly reqAssembly, StackCrawlMark& stackMark, IntPtr pPrivHostBinder, Boolean throwOnFileNotFound, Boolean forIntrospection, Boolean suppressSecurityChecks)
   at System.Reflection.Assembly.Load(AssemblyName assemblyRef)
   at Microsoft.VisualStudio.TestPlatform.Common.ExtensionFramework.TestPluginDiscoverer.GetTestExtensionsFromFiles[TPluginInfo,TExtension](String[] files, Dictionary`2 pluginInfos)

WRN: Assembly binding logging is turned OFF.
To enable assembly bind failure logging, set the registry value [HKLM\Software\Microsoft\Fusion!EnableLog] (DWORD) to 1.
Note: There is some performance penalty associated with assembly bind failure logging.
To turn this feature off, remove the registry value [HKLM\Software\Microsoft\Fusion!EnableLog].

TpTrace Warning: 0 : 29840, 3, 2020/06/13, 02:12:13.094, 1021900939924, testhost.x86.exe, TestPluginDiscoverer: Failed to load extensions from file 'C:\Program Files\dotnet\sdk\5.0.100-preview.3.20216.6\Extensions\Microsoft.TestPlatform.TestHostRuntimeProvider.dll'.  Skipping test extension scan for this file.  Error: System.IO.FileNotFoundException: Could not load file or assembly 'Microsoft.TestPlatform.TestHostRuntimeProvider' or one of its dependencies. The system cannot find the file specified.
File name: 'Microsoft.TestPlatform.TestHostRuntimeProvider'
   at System.Reflection.RuntimeAssembly._nLoad(AssemblyName fileName, String codeBase, Evidence assemblySecurity, RuntimeAssembly locationHint, StackCrawlMark& stackMark, IntPtr pPrivHostBinder, Boolean throwOnFileNotFound, Boolean forIntrospection, Boolean suppressSecurityChecks)
   at System.Reflection.RuntimeAssembly.nLoad(AssemblyName fileName, String codeBase, Evidence assemblySecurity, RuntimeAssembly locationHint, StackCrawlMark& stackMark, IntPtr pPrivHostBinder, Boolean throwOnFileNotFound, Boolean forIntrospection, Boolean suppressSecurityChecks)
   at System.Reflection.RuntimeAssembly.InternalLoadAssemblyName(AssemblyName assemblyRef, Evidence assemblySecurity, RuntimeAssembly reqAssembly, StackCrawlMark& stackMark, IntPtr pPrivHostBinder, Boolean throwOnFileNotFound, Boolean forIntrospection, Boolean suppressSecurityChecks)
   at System.Reflection.Assembly.Load(AssemblyName assemblyRef)
   at Microsoft.VisualStudio.TestPlatform.Common.ExtensionFramework.TestPluginDiscoverer.GetTestExtensionsFromFiles[TPluginInfo,TExtension](String[] files, Dictionary`2 pluginInfos)

WRN: Assembly binding logging is turned OFF.
To enable assembly bind failure logging, set the registry value [HKLM\Software\Microsoft\Fusion!EnableLog] (DWORD) to 1.
Note: There is some performance penalty associated with assembly bind failure logging.
To turn this feature off, remove the registry value [HKLM\Software\Microsoft\Fusion!EnableLog].

TpTrace Warning: 0 : 29840, 3, 2020/06/13, 02:12:13.094, 1021900944065, testhost.x86.exe, TestPluginDiscoverer: Failed to load extensions from file 'C:\Program Files\dotnet\sdk\5.0.100-preview.3.20216.6\Extensions\Microsoft.VisualStudio.TestPlatform.Extensions.Html.TestLogger.dll'.  Skipping test extension scan for this file.  Error: System.IO.FileNotFoundException: Could not load file or assembly 'Microsoft.VisualStudio.TestPlatform.Extensions.Html.TestLogger' or one of its dependencies. The system cannot find the file specified.
File name: 'Microsoft.VisualStudio.TestPlatform.Extensions.Html.TestLogger'
   at System.Reflection.RuntimeAssembly._nLoad(AssemblyName fileName, String codeBase, Evidence assemblySecurity, RuntimeAssembly locationHint, StackCrawlMark& stackMark, IntPtr pPrivHostBinder, Boolean throwOnFileNotFound, Boolean forIntrospection, Boolean suppressSecurityChecks)
   at System.Reflection.RuntimeAssembly.nLoad(AssemblyName fileName, String codeBase, Evidence assemblySecurity, RuntimeAssembly locationHint, StackCrawlMark& stackMark, IntPtr pPrivHostBinder, Boolean throwOnFileNotFound, Boolean forIntrospection, Boolean suppressSecurityChecks)
   at System.Reflection.RuntimeAssembly.InternalLoadAssemblyName(AssemblyName assemblyRef, Evidence assemblySecurity, RuntimeAssembly reqAssembly, StackCrawlMark& stackMark, IntPtr pPrivHostBinder, Boolean throwOnFileNotFound, Boolean forIntrospection, Boolean suppressSecurityChecks)
   at System.Reflection.Assembly.Load(AssemblyName assemblyRef)
   at Microsoft.VisualStudio.TestPlatform.Common.ExtensionFramework.TestPluginDiscoverer.GetTestExtensionsFromFiles[TPluginInfo,TExtension](String[] files, Dictionary`2 pluginInfos)

WRN: Assembly binding logging is turned OFF.
To enable assembly bind failure logging, set the registry value [HKLM\Software\Microsoft\Fusion!EnableLog] (DWORD) to 1.
Note: There is some performance penalty associated with assembly bind failure logging.
To turn this feature off, remove the registry value [HKLM\Software\Microsoft\Fusion!EnableLog].

TpTrace Warning: 0 : 29840, 3, 2020/06/13, 02:12:13.095, 1021900948250, testhost.x86.exe, TestPluginDiscoverer: Failed to load extensions from file 'C:\Program Files\dotnet\sdk\5.0.100-preview.3.20216.6\Extensions\Microsoft.VisualStudio.TestPlatform.Extensions.Trx.TestLogger.dll'.  Skipping test extension scan for this file.  Error: System.IO.FileNotFoundException: Could not load file or assembly 'Microsoft.VisualStudio.TestPlatform.Extensions.Trx.TestLogger' or one of its dependencies. The system cannot find the file specified.
File name: 'Microsoft.VisualStudio.TestPlatform.Extensions.Trx.TestLogger'
   at System.Reflection.RuntimeAssembly._nLoad(AssemblyName fileName, String codeBase, Evidence assemblySecurity, RuntimeAssembly locationHint, StackCrawlMark& stackMark, IntPtr pPrivHostBinder, Boolean throwOnFileNotFound, Boolean forIntrospection, Boolean suppressSecurityChecks)
   at System.Reflection.RuntimeAssembly.nLoad(AssemblyName fileName, String codeBase, Evidence assemblySecurity, RuntimeAssembly locationHint, StackCrawlMark& stackMark, IntPtr pPrivHostBinder, Boolean throwOnFileNotFound, Boolean forIntrospection, Boolean suppressSecurityChecks)
   at System.Reflection.RuntimeAssembly.InternalLoadAssemblyName(AssemblyName assemblyRef, Evidence assemblySecurity, RuntimeAssembly reqAssembly, StackCrawlMark& stackMark, IntPtr pPrivHostBinder, Boolean throwOnFileNotFound, Boolean forIntrospection, Boolean suppressSecurityChecks)
   at System.Reflection.Assembly.Load(AssemblyName assemblyRef)
   at Microsoft.VisualStudio.TestPlatform.Common.ExtensionFramework.TestPluginDiscoverer.GetTestExtensionsFromFiles[TPluginInfo,TExtension](String[] files, Dictionary`2 pluginInfos)

WRN: Assembly binding logging is turned OFF.
To enable assembly bind failure logging, set the registry value [HKLM\Software\Microsoft\Fusion!EnableLog] (DWORD) to 1.
Note: There is some performance penalty associated with assembly bind failure logging.
To turn this feature off, remove the registry value [HKLM\Software\Microsoft\Fusion!EnableLog].

TpTrace Verbose: 0 : 29840, 3, 2020/06/13, 02:12:13.095, 1021900952410, testhost.x86.exe, TestPluginCache: Discovered the extensions using extension path ''.
TpTrace Verbose: 0 : 29840, 3, 2020/06/13, 02:12:13.095, 1021900954765, testhost.x86.exe, TestPluginCache: Discoverers are ''.
TpTrace Verbose: 0 : 29840, 3, 2020/06/13, 02:12:13.096, 1021900956938, testhost.x86.exe, TestPluginCache: Executors are 'executor://yolodev/expecto'.
TpTrace Verbose: 0 : 29840, 3, 2020/06/13, 02:12:13.096, 1021900958421, testhost.x86.exe, TestPluginCache: Setting providers are ''.
TpTrace Verbose: 0 : 29840, 3, 2020/06/13, 02:12:13.096, 1021900960519, testhost.x86.exe, TestPluginCache: Loggers are ''.
TpTrace Verbose: 0 : 29840, 3, 2020/06/13, 02:12:13.098, 1021900985279, testhost.x86.exe, TestExecutorService: Loaded the settings providers
TpTrace Information: 0 : 29840, 3, 2020/06/13, 02:12:13.099, 1021900988044, testhost.x86.exe, TestExecutorService: Loaded the extensions
TpTrace Information: 0 : 29840, 3, 2020/06/13, 02:12:13.239, 1021902388378, testhost.x86.exe, TestDiscoveryManager: Discovering tests from sources C:\Users\grzeg\Repos\ProblemsWithExpectoTestSdk\ProblemsWithExpectoTestSdkFSharpCore46\bin\Debug\net462\ProblemsWithExpectoTestSdkFSharpCore46.exe
TpTrace Verbose: 0 : 29840, 3, 2020/06/13, 02:12:13.244, 1021902439868, testhost.x86.exe, TestPluginCache.DiscoverTestExtensions: finding test extensions in assemblies ends with: TestAdapter.dll TPluginInfo: Microsoft.VisualStudio.TestPlatform.Common.ExtensionFramework.Utilities.TestDiscovererPluginInformation TExtension: Microsoft.VisualStudio.TestPlatform.ObjectModel.Adapter.ITestDiscoverer
TpTrace Verbose: 0 : 29840, 3, 2020/06/13, 02:12:13.244, 1021902443182, testhost.x86.exe, TestPluginCache.GetExtensionPaths: Filtered extension paths: 
TpTrace Verbose: 0 : 29840, 3, 2020/06/13, 02:12:13.244, 1021902445455, testhost.x86.exe, TestPluginCache.GetExtensionPaths: Added default extension paths: C:\Program Files\dotnet\sdk\5.0.100-preview.3.20216.6\Extensions\Microsoft.TestPlatform.Extensions.BlameDataCollector.dll
C:\Program Files\dotnet\sdk\5.0.100-preview.3.20216.6\Extensions\Microsoft.TestPlatform.Extensions.EventLogCollector.dll
C:\Program Files\dotnet\sdk\5.0.100-preview.3.20216.6\Extensions\Microsoft.TestPlatform.TestHostRuntimeProvider.dll
C:\Program Files\dotnet\sdk\5.0.100-preview.3.20216.6\Extensions\Microsoft.VisualStudio.TestPlatform.Extensions.Html.TestLogger.dll
C:\Program Files\dotnet\sdk\5.0.100-preview.3.20216.6\Extensions\Microsoft.VisualStudio.TestPlatform.Extensions.Trx.TestLogger.dll
C:\Users\grzeg\Repos\ProblemsWithExpectoTestSdk\ProblemsWithExpectoTestSdkFSharpCore46\bin\Debug\net462\expecto.visualstudio.testadapter.dll
TpTrace Verbose: 0 : 29840, 3, 2020/06/13, 02:12:13.245, 1021902449085, testhost.x86.exe, TestPluginCache.GetExtensionPaths: Added unfilterableExtensionPaths: 
TpTrace Information: 0 : 29840, 3, 2020/06/13, 02:12:13.245, 1021902454655, testhost.x86.exe, AssemblyResolver.AddSearchDirectories: Adding more searchDirectories C:\Program Files\dotnet\sdk\5.0.100-preview.3.20216.6\Extensions,C:\Users\grzeg\Repos\ProblemsWithExpectoTestSdk\ProblemsWithExpectoTestSdkFSharpCore46\bin\Debug\net462,C:\Program Files\dotnet\sdk\5.0.100-preview.3.20216.6\TestHost
TpTrace Verbose: 0 : 29840, 3, 2020/06/13, 02:12:13.246, 1021902457080, testhost.x86.exe, TestPluginCache.DiscoverTestExtensions: Discovering the extensions using extension path.
TpTrace Verbose: 0 : 29840, 3, 2020/06/13, 02:12:13.246, 1021902459014, testhost.x86.exe, TestPluginCache.GetExtensionPaths: Filtered extension paths: 
TpTrace Verbose: 0 : 29840, 3, 2020/06/13, 02:12:13.246, 1021902460991, testhost.x86.exe, TestPluginCache.GetExtensionPaths: Added default extension paths: C:\Program Files\dotnet\sdk\5.0.100-preview.3.20216.6\Extensions\Microsoft.TestPlatform.Extensions.BlameDataCollector.dll
C:\Program Files\dotnet\sdk\5.0.100-preview.3.20216.6\Extensions\Microsoft.TestPlatform.Extensions.EventLogCollector.dll
C:\Program Files\dotnet\sdk\5.0.100-preview.3.20216.6\Extensions\Microsoft.TestPlatform.TestHostRuntimeProvider.dll
C:\Program Files\dotnet\sdk\5.0.100-preview.3.20216.6\Extensions\Microsoft.VisualStudio.TestPlatform.Extensions.Html.TestLogger.dll
C:\Program Files\dotnet\sdk\5.0.100-preview.3.20216.6\Extensions\Microsoft.VisualStudio.TestPlatform.Extensions.Trx.TestLogger.dll
C:\Users\grzeg\Repos\ProblemsWithExpectoTestSdk\ProblemsWithExpectoTestSdkFSharpCore46\bin\Debug\net462\expecto.visualstudio.testadapter.dll
TpTrace Verbose: 0 : 29840, 3, 2020/06/13, 02:12:13.246, 1021902463030, testhost.x86.exe, TestPluginCache.GetExtensionPaths: Added unfilterableExtensionPaths: 
TpTrace Verbose: 0 : 29840, 3, 2020/06/13, 02:12:13.246, 1021902465185, testhost.x86.exe, TestPluginCache.DiscoverTestExtensions: Discovering the extensions using allExtensionPaths: C:\Program Files\dotnet\sdk\5.0.100-preview.3.20216.6\Extensions\Microsoft.TestPlatform.Extensions.BlameDataCollector.dll
C:\Program Files\dotnet\sdk\5.0.100-preview.3.20216.6\Extensions\Microsoft.TestPlatform.Extensions.EventLogCollector.dll
C:\Program Files\dotnet\sdk\5.0.100-preview.3.20216.6\Extensions\Microsoft.TestPlatform.TestHostRuntimeProvider.dll
C:\Program Files\dotnet\sdk\5.0.100-preview.3.20216.6\Extensions\Microsoft.VisualStudio.TestPlatform.Extensions.Html.TestLogger.dll
C:\Program Files\dotnet\sdk\5.0.100-preview.3.20216.6\Extensions\Microsoft.VisualStudio.TestPlatform.Extensions.Trx.TestLogger.dll
C:\Users\grzeg\Repos\ProblemsWithExpectoTestSdk\ProblemsWithExpectoTestSdkFSharpCore46\bin\Debug\net462\expecto.visualstudio.testadapter.dll
TpTrace Information: 0 : 29840, 3, 2020/06/13, 02:12:13.247, 1021902468397, testhost.x86.exe, AssemblyResolver.AddSearchDirectories: Adding more searchDirectories C:\Program Files\dotnet\sdk\5.0.100-preview.3.20216.6\Extensions,C:\Program Files\dotnet\sdk\5.0.100-preview.3.20216.6\TestHost
TpTrace Information: 0 : 29840, 3, 2020/06/13, 02:12:13.247, 1021902471029, testhost.x86.exe, AssemblyResolver.AddSearchDirectories: Adding more searchDirectories C:\Program Files\dotnet\sdk\5.0.100-preview.3.20216.6\Extensions,C:\Program Files\dotnet\sdk\5.0.100-preview.3.20216.6\TestHost
TpTrace Information: 0 : 29840, 3, 2020/06/13, 02:12:13.247, 1021902473372, testhost.x86.exe, AssemblyResolver.AddSearchDirectories: Adding more searchDirectories C:\Program Files\dotnet\sdk\5.0.100-preview.3.20216.6\Extensions,C:\Program Files\dotnet\sdk\5.0.100-preview.3.20216.6\TestHost
TpTrace Information: 0 : 29840, 3, 2020/06/13, 02:12:13.247, 1021902475656, testhost.x86.exe, AssemblyResolver.AddSearchDirectories: Adding more searchDirectories C:\Program Files\dotnet\sdk\5.0.100-preview.3.20216.6\Extensions,C:\Program Files\dotnet\sdk\5.0.100-preview.3.20216.6\TestHost
TpTrace Information: 0 : 29840, 3, 2020/06/13, 02:12:13.248, 1021902478172, testhost.x86.exe, AssemblyResolver.AddSearchDirectories: Adding more searchDirectories C:\Program Files\dotnet\sdk\5.0.100-preview.3.20216.6\Extensions,C:\Program Files\dotnet\sdk\5.0.100-preview.3.20216.6\TestHost
TpTrace Information: 0 : 29840, 3, 2020/06/13, 02:12:13.248, 1021902480499, testhost.x86.exe, AssemblyResolver.AddSearchDirectories: Adding more searchDirectories C:\Users\grzeg\Repos\ProblemsWithExpectoTestSdk\ProblemsWithExpectoTestSdkFSharpCore46\bin\Debug\net462,C:\Program Files\dotnet\sdk\5.0.100-preview.3.20216.6\TestHost
TpTrace Warning: 0 : 29840, 3, 2020/06/13, 02:12:13.249, 1021902487471, testhost.x86.exe, TestPluginDiscoverer: Failed to load extensions from file 'C:\Program Files\dotnet\sdk\5.0.100-preview.3.20216.6\Extensions\Microsoft.TestPlatform.Extensions.BlameDataCollector.dll'.  Skipping test extension scan for this file.  Error: System.IO.FileNotFoundException: Could not load file or assembly 'Microsoft.TestPlatform.Extensions.BlameDataCollector' or one of its dependencies. The system cannot find the file specified.
File name: 'Microsoft.TestPlatform.Extensions.BlameDataCollector'
   at System.Reflection.RuntimeAssembly._nLoad(AssemblyName fileName, String codeBase, Evidence assemblySecurity, RuntimeAssembly locationHint, StackCrawlMark& stackMark, IntPtr pPrivHostBinder, Boolean throwOnFileNotFound, Boolean forIntrospection, Boolean suppressSecurityChecks)
   at System.Reflection.RuntimeAssembly.nLoad(AssemblyName fileName, String codeBase, Evidence assemblySecurity, RuntimeAssembly locationHint, StackCrawlMark& stackMark, IntPtr pPrivHostBinder, Boolean throwOnFileNotFound, Boolean forIntrospection, Boolean suppressSecurityChecks)
   at System.Reflection.RuntimeAssembly.InternalLoadAssemblyName(AssemblyName assemblyRef, Evidence assemblySecurity, RuntimeAssembly reqAssembly, StackCrawlMark& stackMark, IntPtr pPrivHostBinder, Boolean throwOnFileNotFound, Boolean forIntrospection, Boolean suppressSecurityChecks)
   at System.Reflection.Assembly.Load(AssemblyName assemblyRef)
   at Microsoft.VisualStudio.TestPlatform.Common.ExtensionFramework.TestPluginDiscoverer.GetTestExtensionsFromFiles[TPluginInfo,TExtension](String[] files, Dictionary`2 pluginInfos)

WRN: Assembly binding logging is turned OFF.
To enable assembly bind failure logging, set the registry value [HKLM\Software\Microsoft\Fusion!EnableLog] (DWORD) to 1.
Note: There is some performance penalty associated with assembly bind failure logging.
To turn this feature off, remove the registry value [HKLM\Software\Microsoft\Fusion!EnableLog].

TpTrace Warning: 0 : 29840, 3, 2020/06/13, 02:12:13.249, 1021902495082, testhost.x86.exe, TestPluginDiscoverer: Failed to load extensions from file 'C:\Program Files\dotnet\sdk\5.0.100-preview.3.20216.6\Extensions\Microsoft.TestPlatform.TestHostRuntimeProvider.dll'.  Skipping test extension scan for this file.  Error: System.IO.FileNotFoundException: Could not load file or assembly 'Microsoft.TestPlatform.TestHostRuntimeProvider' or one of its dependencies. The system cannot find the file specified.
File name: 'Microsoft.TestPlatform.TestHostRuntimeProvider'
   at System.Reflection.RuntimeAssembly._nLoad(AssemblyName fileName, String codeBase, Evidence assemblySecurity, RuntimeAssembly locationHint, StackCrawlMark& stackMark, IntPtr pPrivHostBinder, Boolean throwOnFileNotFound, Boolean forIntrospection, Boolean suppressSecurityChecks)
   at System.Reflection.RuntimeAssembly.nLoad(AssemblyName fileName, String codeBase, Evidence assemblySecurity, RuntimeAssembly locationHint, StackCrawlMark& stackMark, IntPtr pPrivHostBinder, Boolean throwOnFileNotFound, Boolean forIntrospection, Boolean suppressSecurityChecks)
   at System.Reflection.RuntimeAssembly.InternalLoadAssemblyName(AssemblyName assemblyRef, Evidence assemblySecurity, RuntimeAssembly reqAssembly, StackCrawlMark& stackMark, IntPtr pPrivHostBinder, Boolean throwOnFileNotFound, Boolean forIntrospection, Boolean suppressSecurityChecks)
   at System.Reflection.Assembly.Load(AssemblyName assemblyRef)
   at Microsoft.VisualStudio.TestPlatform.Common.ExtensionFramework.TestPluginDiscoverer.GetTestExtensionsFromFiles[TPluginInfo,TExtension](String[] files, Dictionary`2 pluginInfos)

WRN: Assembly binding logging is turned OFF.
To enable assembly bind failure logging, set the registry value [HKLM\Software\Microsoft\Fusion!EnableLog] (DWORD) to 1.
Note: There is some performance penalty associated with assembly bind failure logging.
To turn this feature off, remove the registry value [HKLM\Software\Microsoft\Fusion!EnableLog].

TpTrace Warning: 0 : 29840, 3, 2020/06/13, 02:12:13.250, 1021902502068, testhost.x86.exe, TestPluginDiscoverer: Failed to load extensions from file 'C:\Program Files\dotnet\sdk\5.0.100-preview.3.20216.6\Extensions\Microsoft.VisualStudio.TestPlatform.Extensions.Html.TestLogger.dll'.  Skipping test extension scan for this file.  Error: System.IO.FileNotFoundException: Could not load file or assembly 'Microsoft.VisualStudio.TestPlatform.Extensions.Html.TestLogger' or one of its dependencies. The system cannot find the file specified.
File name: 'Microsoft.VisualStudio.TestPlatform.Extensions.Html.TestLogger'
   at System.Reflection.RuntimeAssembly._nLoad(AssemblyName fileName, String codeBase, Evidence assemblySecurity, RuntimeAssembly locationHint, StackCrawlMark& stackMark, IntPtr pPrivHostBinder, Boolean throwOnFileNotFound, Boolean forIntrospection, Boolean suppressSecurityChecks)
   at System.Reflection.RuntimeAssembly.nLoad(AssemblyName fileName, String codeBase, Evidence assemblySecurity, RuntimeAssembly locationHint, StackCrawlMark& stackMark, IntPtr pPrivHostBinder, Boolean throwOnFileNotFound, Boolean forIntrospection, Boolean suppressSecurityChecks)
   at System.Reflection.RuntimeAssembly.InternalLoadAssemblyName(AssemblyName assemblyRef, Evidence assemblySecurity, RuntimeAssembly reqAssembly, StackCrawlMark& stackMark, IntPtr pPrivHostBinder, Boolean throwOnFileNotFound, Boolean forIntrospection, Boolean suppressSecurityChecks)
   at System.Reflection.Assembly.Load(AssemblyName assemblyRef)
   at Microsoft.VisualStudio.TestPlatform.Common.ExtensionFramework.TestPluginDiscoverer.GetTestExtensionsFromFiles[TPluginInfo,TExtension](String[] files, Dictionary`2 pluginInfos)

WRN: Assembly binding logging is turned OFF.
To enable assembly bind failure logging, set the registry value [HKLM\Software\Microsoft\Fusion!EnableLog] (DWORD) to 1.
Note: There is some performance penalty associated with assembly bind failure logging.
To turn this feature off, remove the registry value [HKLM\Software\Microsoft\Fusion!EnableLog].

TpTrace Warning: 0 : 29840, 3, 2020/06/13, 02:12:13.251, 1021902508525, testhost.x86.exe, TestPluginDiscoverer: Failed to load extensions from file 'C:\Program Files\dotnet\sdk\5.0.100-preview.3.20216.6\Extensions\Microsoft.VisualStudio.TestPlatform.Extensions.Trx.TestLogger.dll'.  Skipping test extension scan for this file.  Error: System.IO.FileNotFoundException: Could not load file or assembly 'Microsoft.VisualStudio.TestPlatform.Extensions.Trx.TestLogger' or one of its dependencies. The system cannot find the file specified.
File name: 'Microsoft.VisualStudio.TestPlatform.Extensions.Trx.TestLogger'
   at System.Reflection.RuntimeAssembly._nLoad(AssemblyName fileName, String codeBase, Evidence assemblySecurity, RuntimeAssembly locationHint, StackCrawlMark& stackMark, IntPtr pPrivHostBinder, Boolean throwOnFileNotFound, Boolean forIntrospection, Boolean suppressSecurityChecks)
   at System.Reflection.RuntimeAssembly.nLoad(AssemblyName fileName, String codeBase, Evidence assemblySecurity, RuntimeAssembly locationHint, StackCrawlMark& stackMark, IntPtr pPrivHostBinder, Boolean throwOnFileNotFound, Boolean forIntrospection, Boolean suppressSecurityChecks)
   at System.Reflection.RuntimeAssembly.InternalLoadAssemblyName(AssemblyName assemblyRef, Evidence assemblySecurity, RuntimeAssembly reqAssembly, StackCrawlMark& stackMark, IntPtr pPrivHostBinder, Boolean throwOnFileNotFound, Boolean forIntrospection, Boolean suppressSecurityChecks)
   at System.Reflection.Assembly.Load(AssemblyName assemblyRef)
   at Microsoft.VisualStudio.TestPlatform.Common.ExtensionFramework.TestPluginDiscoverer.GetTestExtensionsFromFiles[TPluginInfo,TExtension](String[] files, Dictionary`2 pluginInfos)

WRN: Assembly binding logging is turned OFF.
To enable assembly bind failure logging, set the registry value [HKLM\Software\Microsoft\Fusion!EnableLog] (DWORD) to 1.
Note: There is some performance penalty associated with assembly bind failure logging.
To turn this feature off, remove the registry value [HKLM\Software\Microsoft\Fusion!EnableLog].

TpTrace Verbose: 0 : 29840, 3, 2020/06/13, 02:12:13.255, 1021902548323, testhost.x86.exe, TestPluginCache: Discovered the extensions using extension path ''.
TpTrace Verbose: 0 : 29840, 3, 2020/06/13, 02:12:13.255, 1021902552165, testhost.x86.exe, TestPluginCache: Discoverers are 'YoloDev.Expecto.TestSdk.VsTestAdapter, expecto.visualstudio.testadapter, Version=1.0.0.0, Culture=neutral, PublicKeyToken=null'.
TpTrace Verbose: 0 : 29840, 3, 2020/06/13, 02:12:13.255, 1021902554601, testhost.x86.exe, TestPluginCache: Executors are 'executor://yolodev/expecto'.
TpTrace Verbose: 0 : 29840, 3, 2020/06/13, 02:12:13.255, 1021902556653, testhost.x86.exe, TestPluginCache: Setting providers are ''.
TpTrace Verbose: 0 : 29840, 3, 2020/06/13, 02:12:13.256, 1021902558970, testhost.x86.exe, TestPluginCache: Loggers are ''.
TpTrace Verbose: 0 : 29840, 3, 2020/06/13, 02:12:13.265, 1021902647448, testhost.x86.exe, BaseRunTests.RunTestInternalWithExecutors: Running tests for executor://yolodev/expecto
TpTrace Verbose: 0 : 29840, 3, 2020/06/13, 02:12:13.266, 1021902657684, testhost.x86.exe, BaseRunTests.TryToRunInSTAThread: Using STA thread to call adapter API.
TpTrace Information: 0 : 29840, 12, 2020/06/13, 02:12:13.509, 1021905090086, testhost.x86.exe, AssemblyResolver.OnResolve: FSharp.Core, Version=4.6.0.0, Culture=neutral, PublicKeyToken=b03f5f7f11d50a3a: Resolving assembly.
TpTrace Information: 0 : 29840, 12, 2020/06/13, 02:12:13.512, 1021905117291, testhost.x86.exe, AssemblyResolver.OnResolve: Resolved assembly: FSharp.Core, Version=4.6.0.0, Culture=neutral, PublicKeyToken=b03f5f7f11d50a3a, from path: C:\Users\grzeg\Repos\ProblemsWithExpectoTestSdk\ProblemsWithExpectoTestSdkFSharpCore46\bin\Debug\net462\FSharp.Core.dll
TpTrace Information: 0 : 29840, 12, 2020/06/13, 02:12:13.527, 1021905269084, testhost.x86.exe, AssemblyResolver.OnResolve: Expecto, Version=9.0.0.0, Culture=neutral, PublicKeyToken=null: Resolving assembly.
TpTrace Information: 0 : 29840, 12, 2020/06/13, 02:12:13.529, 1021905287660, testhost.x86.exe, AssemblyResolver.OnResolve: Resolved assembly: Expecto, Version=9.0.0.0, Culture=neutral, PublicKeyToken=null, from path: C:\Users\grzeg\Repos\ProblemsWithExpectoTestSdk\ProblemsWithExpectoTestSdkFSharpCore46\bin\Debug\net462\Expecto.dll
TpTrace Verbose: 0 : 29840, 9, 2020/06/13, 02:12:13.945, 1021909454895, testhost.x86.exe, TestExecutionRecorder.RecordStart: Starting test: samples.universe exists ().
TpTrace Verbose: 0 : 29840, 19, 2020/06/13, 02:12:13.945, 1021909455451, testhost.x86.exe, TestExecutionRecorder.RecordStart: Starting test: samples.contains things (should fail).
TpTrace Verbose: 0 : 29840, 15, 2020/06/13, 02:12:13.945, 1021909455357, testhost.x86.exe, TestExecutionRecorder.RecordStart: Starting test: samples.contains things.
TpTrace Verbose: 0 : 29840, 14, 2020/06/13, 02:12:13.946, 1021909462768, testhost.x86.exe, TestExecutionRecorder.RecordStart: Starting test: samples.I'm skipped (should skip).
TpTrace Verbose: 0 : 29840, 10, 2020/06/13, 02:12:13.947, 1021909469108, testhost.x86.exe, TestExecutionRecorder.RecordStart: Starting test: samples.when true is not (should fail).
TpTrace Verbose: 0 : 29840, 18, 2020/06/13, 02:12:13.945, 1021909455607, testhost.x86.exe, TestExecutionRecorder.RecordStart: Starting test: samples.Sometimes I want to   .
TpTrace Verbose: 0 : 29840, 16, 2020/06/13, 02:12:13.945, 1021909456356, testhost.x86.exe, TestExecutionRecorder.RecordStart: Starting test: samples.I'm always fail (should fail).
TpTrace Verbose: 0 : 29840, 17, 2020/06/13, 02:12:13.945, 1021909455764, testhost.x86.exe, TestExecutionRecorder.RecordStart: Starting test: samples.I am (should fail).
TpTrace Verbose: 0 : 29840, 7, 2020/06/13, 02:12:13.949, 1021909487220, testhost.x86.exe, TcpClientExtensions.MessageLoopAsync: Polling on remoteEndPoint: 127.0.0.1:62989 localEndPoint: 127.0.0.1:62990
TpTrace Verbose: 0 : 29840, 9, 2020/06/13, 02:12:13.992, 1021909921170, testhost.x86.exe, TestExecutionRecorder.RecordEnd: test: samples.universe exists () execution completed.
TpTrace Verbose: 0 : 29840, 15, 2020/06/13, 02:12:13.992, 1021909922837, testhost.x86.exe, TestExecutionRecorder.RecordEnd: test: samples.contains things execution completed.
TpTrace Verbose: 0 : 29840, 9, 2020/06/13, 02:12:13.995, 1021909949878, testhost.x86.exe, TestExecutionRecorder.RecordResult: Received result for test: samples.universe exists ().
TpTrace Verbose: 0 : 29840, 15, 2020/06/13, 02:12:13.995, 1021909950679, testhost.x86.exe, TestExecutionRecorder.RecordResult: Received result for test: samples.contains things.
TpTrace Verbose: 0 : 29840, 14, 2020/06/13, 02:12:13.999, 1021909988915, testhost.x86.exe, TestExecutionRecorder.RecordEnd: test: samples.I'm skipped (should skip) execution completed.
TpTrace Verbose: 0 : 29840, 16, 2020/06/13, 02:12:14.007, 1021910076378, testhost.x86.exe, TestExecutionRecorder.RecordEnd: test: samples.I'm always fail (should fail) execution completed.
TpTrace Verbose: 0 : 29840, 10, 2020/06/13, 02:12:14.008, 1021910085504, testhost.x86.exe, TestExecutionRecorder.RecordEnd: test: samples.when true is not (should fail) execution completed.
TpTrace Warning: 0 : 29840, 9, 2020/06/13, 02:12:14.011, 1021910109659, testhost.x86.exe, TestRunCache: No test found corresponding to testResult 'samples.universe exists ()  Passed' in inProgress list.
TpTrace Warning: 0 : 29840, 15, 2020/06/13, 02:12:14.011, 1021910115487, testhost.x86.exe, TestRunCache: No test found corresponding to testResult 'samples.contains things  Passed' in inProgress list.
TpTrace Verbose: 0 : 29840, 10, 2020/06/13, 02:12:14.012, 1021910118504, testhost.x86.exe, TestExecutionRecorder.RecordResult: Received result for test: samples.when true is not (should fail).
TpTrace Verbose: 0 : 29840, 16, 2020/06/13, 02:12:14.012, 1021910119847, testhost.x86.exe, TestExecutionRecorder.RecordResult: Received result for test: samples.I'm always fail (should fail).
TpTrace Warning: 0 : 29840, 10, 2020/06/13, 02:12:14.012, 1021910123637, testhost.x86.exe, TestRunCache: No test found corresponding to testResult 'samples.when true is not (should fail)  Failed
  Message: 
I should fail because the subject is false. Actual value was false but had expected it to be true.
   at Tests.tests@12-1.Invoke(Unit _arg2) in C:\Users\grzeg\Repos\ProblemsWithExpectoTestSdk\ProblemsWithExpectoTestSdkFSharpCore46\Sample.fs:line 14
   at Expecto.Impl.execTestAsync@566-1.Invoke(Unit unitVar)
   at Microsoft.FSharp.Control.AsyncPrimitives.CallThenInvoke[T,TResult](AsyncActivation`1 ctxt, TResult result1, FSharpFunc`2 part2)
   at <StartupCode$FSharp-Core>.$Async.StartChild@1641-5.Invoke(AsyncActivation`1 ctxt)
   at Microsoft.FSharp.Control.Trampoline.Execute(FSharpFunc`2 firstAction)' in inProgress list.
TpTrace Verbose: 0 : 29840, 14, 2020/06/13, 02:12:14.012, 1021910126631, testhost.x86.exe, TestExecutionRecorder.RecordResult: Received result for test: samples.I'm skipped (should skip).
TpTrace Warning: 0 : 29840, 16, 2020/06/13, 02:12:14.013, 1021910128282, testhost.x86.exe, TestRunCache: No test found corresponding to testResult 'samples.I'm always fail (should fail)  Failed
  Message: 
This was expected...
   at Tests.tests@19-3.Invoke(Unit _arg4) in C:\Users\grzeg\Repos\ProblemsWithExpectoTestSdk\ProblemsWithExpectoTestSdkFSharpCore46\Sample.fs:line 20
   at Expecto.Impl.execTestAsync@566-1.Invoke(Unit unitVar)
   at Microsoft.FSharp.Control.AsyncPrimitives.CallThenInvoke[T,TResult](AsyncActivation`1 ctxt, TResult result1, FSharpFunc`2 part2)
   at <StartupCode$FSharp-Core>.$Async.StartChild@1641-5.Invoke(AsyncActivation`1 ctxt)
   at Microsoft.FSharp.Control.Trampoline.Execute(FSharpFunc`2 firstAction)' in inProgress list.
TpTrace Warning: 0 : 29840, 14, 2020/06/13, 02:12:14.014, 1021910141506, testhost.x86.exe, TestRunCache: No test found corresponding to testResult 'samples.I'm skipped (should skip)  Skipped
  Test Messages:
  AdtnlInfo:
Skipped: Yup, waiting for a sunny day...' in inProgress list.
TpTrace Verbose: 0 : 29840, 19, 2020/06/13, 02:12:14.035, 1021910353935, testhost.x86.exe, TestExecutionRecorder.RecordEnd: test: samples.contains things (should fail) execution completed.
TpTrace Verbose: 0 : 29840, 19, 2020/06/13, 02:12:14.035, 1021910355794, testhost.x86.exe, TestExecutionRecorder.RecordResult: Received result for test: samples.contains things (should fail).
TpTrace Warning: 0 : 29840, 19, 2020/06/13, 02:12:14.036, 1021910357450, testhost.x86.exe, TestRunCache: No test found corresponding to testResult 'samples.contains things (should fail)  Failed
  Message: 
Expecting we have one (1) in there.
    Sequence `actual` does not contain all `expected` elements.
        All elements in `actual`:
        {2, 3, 4}
        All elements in `expected`:
        {1, 2, 4}
        Missing elements from `actual`:
        {1}
        Extra elements in `actual`:
        {3}
   at Tests.tests@26-5.Invoke(Unit _arg6) in C:\Users\grzeg\Repos\ProblemsWithExpectoTestSdk\ProblemsWithExpectoTestSdkFSharpCore46\Sample.fs:line 27
   at Expecto.Impl.execTestAsync@566-1.Invoke(Unit unitVar)
   at Microsoft.FSharp.Control.AsyncPrimitives.CallThenInvoke[T,TResult](AsyncActivation`1 ctxt, TResult result1, FSharpFunc`2 part2)
   at <StartupCode$FSharp-Core>.$Async.StartChild@1641-5.Invoke(AsyncActivation`1 ctxt)
   at Microsoft.FSharp.Control.Trampoline.Execute(FSharpFunc`2 firstAction)' in inProgress list.
TpTrace Verbose: 0 : 29840, 17, 2020/06/13, 02:12:14.107, 1021911074314, testhost.x86.exe, TestExecutionRecorder.RecordEnd: test: samples.I am (should fail) execution completed.
TpTrace Verbose: 0 : 29840, 17, 2020/06/13, 02:12:14.107, 1021911076101, testhost.x86.exe, TestExecutionRecorder.RecordResult: Received result for test: samples.I am (should fail).
TpTrace Warning: 0 : 29840, 17, 2020/06/13, 02:12:14.108, 1021911077662, testhost.x86.exe, TestRunCache: No test found corresponding to testResult 'samples.I am (should fail)  Failed
  Message: 
    .
expected: false
  actual: true
   at Tests.tests@34-7.Invoke(Unit unitVar) in C:\Users\grzeg\Repos\ProblemsWithExpectoTestSdk\ProblemsWithExpectoTestSdkFSharpCore46\Sample.fs:line 34
   at Expecto.Impl.execTestAsync@566-1.Invoke(Unit unitVar)
   at Microsoft.FSharp.Control.AsyncPrimitives.CallThenInvoke[T,TResult](AsyncActivation`1 ctxt, TResult result1, FSharpFunc`2 part2)
   at <StartupCode$FSharp-Core>.$Async.StartChild@1641-5.Invoke(AsyncActivation`1 ctxt)
   at Microsoft.FSharp.Control.Trampoline.Execute(FSharpFunc`2 firstAction)' in inProgress list.
TpTrace Verbose: 0 : 29840, 18, 2020/06/13, 02:12:14.110, 1021911100103, testhost.x86.exe, TestExecutionRecorder.RecordEnd: test: samples.Sometimes I want to    execution completed.
TpTrace Verbose: 0 : 29840, 18, 2020/06/13, 02:12:14.110, 1021911101766, testhost.x86.exe, TestExecutionRecorder.RecordResult: Received result for test: samples.Sometimes I want to   .
TpTrace Warning: 0 : 29840, 18, 2020/06/13, 02:12:14.110, 1021911102993, testhost.x86.exe, InProgressTests is null
TpTrace Warning: 0 : 29840, 18, 2020/06/13, 02:12:14.110, 1021911104261, testhost.x86.exe, TestRunCache: No test found corresponding to testResult 'samples.Sometimes I want to     Failed
  Message: 
These should equal. String does not match at position 4. Expected char: 'e', but got ''.
expected: abcdef
  actual: abcdf
   at Tests.tests@30-6.Invoke(Unit _arg7) in C:\Users\grzeg\Repos\ProblemsWithExpectoTestSdk\ProblemsWithExpectoTestSdkFSharpCore46\Sample.fs:line 31
   at Expecto.Impl.execTestAsync@566-1.Invoke(Unit unitVar)
   at Microsoft.FSharp.Control.AsyncPrimitives.CallThenInvoke[T,TResult](AsyncActivation`1 ctxt, TResult result1, FSharpFunc`2 part2)
   at <StartupCode$FSharp-Core>.$Async.StartChild@1641-5.Invoke(AsyncActivation`1 ctxt)
   at Microsoft.FSharp.Control.Trampoline.Execute(FSharpFunc`2 firstAction)' in inProgress list.
TpTrace Verbose: 0 : 29840, 3, 2020/06/13, 02:12:14.167, 1021911673671, testhost.x86.exe, BaseRunTests.RunTestInternalWithExecutors: Completed running tests for executor://yolodev/expecto
TpTrace Information: 0 : 29840, 3, 2020/06/13, 02:12:14.176, 1021911757090, testhost.x86.exe, Sending test run complete
TpTrace Verbose: 0 : 29840, 3, 2020/06/13, 02:12:14.243, 1021912436457, testhost.x86.exe, TestRequestHandler.SendData:  sending data from testhost: {"Version":2,"MessageType":"TestExecution.Completed","Payload":{"TestRunCompleteArgs":{"TestRunStatistics":{"ExecutedTests":8,"Stats":{"Passed":2,"Failed":5,"Skipped":1}},"IsCanceled":false,"IsAborted":false,"Error":null,"AttachmentSets":[],"ElapsedTimeInRunningTests":"00:00:00.9089987","Metrics":{}},"LastRunTests":{"NewTestResults":[{"TestCase":{"Id":"5ab3f88f-c802-6511-71f8-4b9c4112e234","FullyQualifiedName":"samples.universe exists ()","DisplayName":"samples.universe exists ()","ExecutorUri":"executor://yolodev/expecto","Source":"C:\\Users\\grzeg\\Repos\\ProblemsWithExpectoTestSdk\\ProblemsWithExpectoTestSdkFSharpCore46\\bin\\Debug\\net462\\ProblemsWithExpectoTestSdkFSharpCore46.exe","CodeFilePath":"C:\\Users\\grzeg\\Repos\\ProblemsWithExpectoTestSdk\\ProblemsWithExpectoTestSdkFSharpCore46\\Sample.fs","LineNumber":9,"Properties":[]},"Attachments":[],"Outcome":1,"ErrorMessage":null,"ErrorStackTrace":null,"DisplayName":null,"Messages":[],"ComputerName":null,"Duration":"00:00:00.0090000","StartTime":"2020-06-13T02:12:13.9459181+02:00","EndTime":"2020-06-13T02:12:13.99292+02:00","Properties":[]},{"TestCase":{"Id":"69be98ef-0089-b051-0153-3674c08c4612","FullyQualifiedName":"samples.contains things","DisplayName":"samples.contains things","ExecutorUri":"executor://yolodev/expecto","Source":"C:\\Users\\grzeg\\Repos\\ProblemsWithExpectoTestSdk\\ProblemsWithExpectoTestSdkFSharpCore46\\bin\\Debug\\net462\\ProblemsWithExpectoTestSdkFSharpCore46.exe","CodeFilePath":"C:\\Users\\grzeg\\Repos\\ProblemsWithExpectoTestSdk\\ProblemsWithExpectoTestSdkFSharpCore46\\Sample.fs","LineNumber":23,"Properties":[]},"Attachments":[],"Outcome":1,"ErrorMessage":null,"ErrorStackTrace":null,"DisplayName":null,"Messages":[],"ComputerName":null,"Duration":"00:00:00.0190000","StartTime":"2020-06-13T02:12:13.9459181+02:00","EndTime":"2020-06-13T02:12:13.99292+02:00","Properties":[]},{"TestCase":{"Id":"ae96dfb3-1a88-501d-ca75-00b71c15cf6b","FullyQualifiedName":"samples.when true is not (should fail)","DisplayName":"samples.when true is not (should fail)","ExecutorUri":"executor://yolodev/expecto","Source":"C:\\Users\\grzeg\\Repos\\ProblemsWithExpectoTestSdk\\ProblemsWithExpectoTestSdkFSharpCore46\\bin\\Debug\\net462\\ProblemsWithExpectoTestSdkFSharpCore46.exe","CodeFilePath":"C:\\Users\\grzeg\\Repos\\ProblemsWithExpectoTestSdk\\ProblemsWithExpectoTestSdkFSharpCore46\\Sample.fs","LineNumber":13,"Properties":[]},"Attachments":[],"Outcome":2,"ErrorMessage":"\nI should fail because the subject is false. Actual value was false but had expected it to be true.\n   at Tests.tests@12-1.Invoke(Unit _arg2) in C:\\Users\\grzeg\\Repos\\ProblemsWithExpectoTestSdk\\ProblemsWithExpectoTestSdkFSharpCore46\\Sample.fs:line 14\r\n   at Expecto.Impl.execTestAsync@566-1.Invoke(Unit unitVar)\r\n   at Microsoft.FSharp.Control.AsyncPrimitives.CallThenInvoke[T,TResult](AsyncActivation`1 ctxt, TResult result1, FSharpFunc`2 part2)\r\n   at <StartupCode$FSharp-Core>.$Async.StartChild@1641-5.Invoke(AsyncActivation`1 ctxt)\r\n   at Microsoft.FSharp.Control.Trampoline.Execute(FSharpFunc`2 firstAction)","ErrorStackTrace":null,"DisplayName":null,"Messages":[],"ComputerName":null,"Duration":"00:00:00.0200000","StartTime":"2020-06-13T02:12:13.9479155+02:00","EndTime":"2020-06-13T02:12:14.0089206+02:00","Properties":[]},{"TestCase":{"Id":"860e8434-f34d-120d-0f4f-175260ccc0c9","FullyQualifiedName":"samples.I'm always fail (should fail)","DisplayName":"samples.I'm always fail (should fail)","ExecutorUri":"executor://yolodev/expecto","Source":"C:\\Users\\grzeg\\Repos\\ProblemsWithExpectoTestSdk\\ProblemsWithExpectoTestSdkFSharpCore46\\bin\\Debug\\net462\\ProblemsWithExpectoTestSdkFSharpCore46.exe","CodeFilePath":"C:\\Users\\grzeg\\Repos\\ProblemsWithExpectoTestSdk\\ProblemsWithExpectoTestSdkFSharpCore46\\Sample.fs","LineNumber":20,"Properties":[]},"Attachments":[],"Outcome":2,"ErrorMessage":"\nThis was expected...\n   at Tests.tests@19-3.Invoke(Unit _arg4) in C:\\Users\\grzeg\\Repos\\ProblemsWithExpectoTestSdk\\ProblemsWithExpectoTestSdkFSharpCore46\\Sample.fs:line 20\r\n   at Expecto.Impl.execTestAsync@566-1.Invoke(Unit unitVar)\r\n   at Microsoft.FSharp.Control.AsyncPrimitives.CallThenInvoke[T,TResult](AsyncActivation`1 ctxt, TResult result1, FSharpFunc`2 part2)\r\n   at <StartupCode$FSharp-Core>.$Async.StartChild@1641-5.Invoke(AsyncActivation`1 ctxt)\r\n   at Microsoft.FSharp.Control.Trampoline.Execute(FSharpFunc`2 firstAction)","ErrorStackTrace":null,"DisplayName":null,"Messages":[],"ComputerName":null,"Duration":"00:00:00.0200000","StartTime":"2020-06-13T02:12:13.9459181+02:00","EndTime":"2020-06-13T02:12:14.0079207+02:00","Properties":[]},{"TestCase":{"Id":"666758e6-4bdf-fdd6-596f-5cd2eced974d","FullyQualifiedName":"samples.I'm skipped (should skip)","DisplayName":"samples.I'm skipped (should skip)","ExecutorUri":"executor://yolodev/expecto","Source":"C:\\Users\\grzeg\\Repos\\ProblemsWithExpectoTestSdk\\ProblemsWithExpectoTestSdkFSharpCore46\\bin\\Debug\\net462\\ProblemsWithExpectoTestSdkFSharpCore46.exe","CodeFilePath":"C:\\Users\\grzeg\\Repos\\ProblemsWithExpectoTestSdk\\ProblemsWithExpectoTestSdkFSharpCore46\\Sample.fs","LineNumber":17,"Properties":[]},"Attachments":[],"Outcome":3,"ErrorMessage":null,"ErrorStackTrace":null,"DisplayName":null,"Messages":[{"Category":"AdtnlInfo","Text":"Skipped: Yup, waiting for a sunny day..."}],"ComputerName":null,"Duration":"00:00:00","StartTime":"2020-06-13T02:12:13.9459181+02:00","EndTime":"2020-06-13T02:12:13.9949201+02:00","Properties":[]},{"TestCase":{"Id":"81b537bd-6bbd-1686-783b-a73221fa9735","FullyQualifiedName":"samples.contains things (should fail)","DisplayName":"samples.contains things (should fail)","ExecutorUri":"executor://yolodev/expecto","Source":"C:\\Users\\grzeg\\Repos\\ProblemsWithExpectoTestSdk\\ProblemsWithExpectoTestSdkFSharpCore46\\bin\\Debug\\net462\\ProblemsWithExpectoTestSdkFSharpCore46.exe","CodeFilePath":"C:\\Users\\grzeg\\Repos\\ProblemsWithExpectoTestSdk\\ProblemsWithExpectoTestSdkFSharpCore46\\Sample.fs","LineNumber":27,"Properties":[]},"Attachments":[],"Outcome":2,"ErrorMessage":"\nExpecting we have one (1) in there.\n    Sequence `actual` does not contain all `expected` elements.\n        All elements in `actual`:\n        {2, 3, 4}\n        All elements in `expected`:\n        {1, 2, 4}\n        Missing elements from `actual`:\n        {1}\n        Extra elements in `actual`:\n        {3}\n   at Tests.tests@26-5.Invoke(Unit _arg6) in C:\\Users\\grzeg\\Repos\\ProblemsWithExpectoTestSdk\\ProblemsWithExpectoTestSdkFSharpCore46\\Sample.fs:line 27\r\n   at Expecto.Impl.execTestAsync@566-1.Invoke(Unit unitVar)\r\n   at Microsoft.FSharp.Control.AsyncPrimitives.CallThenInvoke[T,TResult](AsyncActivation`1 ctxt, TResult result1, FSharpFunc`2 part2)\r\n   at <StartupCode$FSharp-Core>.$Async.StartChild@1641-5.Invoke(AsyncActivation`1 ctxt)\r\n   at Microsoft.FSharp.Control.Trampoline.Execute(FSharpFunc`2 firstAction)","ErrorStackTrace":null,"DisplayName":null,"Messages":[],"ComputerName":null,"Duration":"00:00:00.0680000","StartTime":"2020-06-13T02:12:13.9459181+02:00","EndTime":"2020-06-13T02:12:14.0359215+02:00","Properties":[]},{"TestCase":{"Id":"9e456d47-ffce-b19d-d921-598de4568026","FullyQualifiedName":"samples.I am (should fail)","DisplayName":"samples.I am (should fail)","ExecutorUri":"executor://yolodev/expecto","Source":"C:\\Users\\grzeg\\Repos\\ProblemsWithExpectoTestSdk\\ProblemsWithExpectoTestSdkFSharpCore46\\bin\\Debug\\net462\\ProblemsWithExpectoTestSdkFSharpCore46.exe","CodeFilePath":"C:\\Users\\grzeg\\Repos\\ProblemsWithExpectoTestSdk\\ProblemsWithExpectoTestSdkFSharpCore46\\Sample.fs","LineNumber":34,"Properties":[]},"Attachments":[],"Outcome":2,"ErrorMessage":"\n    .\nexpected: false\n  actual: true\n   at Tests.tests@34-7.Invoke(Unit unitVar) in C:\\Users\\grzeg\\Repos\\ProblemsWithExpectoTestSdk\\ProblemsWithExpectoTestSdkFSharpCore46\\Sample.fs:line 34\r\n   at Expecto.Impl.execTestAsync@566-1.Invoke(Unit unitVar)\r\n   at Microsoft.FSharp.Control.AsyncPrimitives.CallThenInvoke[T,TResult](AsyncActivation`1 ctxt, TResult result1, FSharpFunc`2 part2)\r\n   at <StartupCode$FSharp-Core>.$Async.StartChild@1641-5.Invoke(AsyncActivation`1 ctxt)\r\n   at Microsoft.FSharp.Control.Trampoline.Execute(FSharpFunc`2 firstAction)","ErrorStackTrace":null,"DisplayName":null,"Messages":[],"ComputerName":null,"Duration":"00:00:00.1400000","StartTime":"2020-06-13T02:12:13.9459181+02:00","EndTime":"2020-06-13T02:12:14.1079268+02:00","Properties":[]},{"TestCase":{"Id":"a548798a-be33-c50c-769e-851aaf7dc281","FullyQualifiedName":"samples.Sometimes I want to   ","DisplayName":"samples.Sometimes I want to   ","ExecutorUri":"executor://yolodev/expecto","Source":"C:\\Users\\grzeg\\Repos\\ProblemsWithExpectoTestSdk\\ProblemsWithExpectoTestSdkFSharpCore46\\bin\\Debug\\net462\\ProblemsWithExpectoTestSdkFSharpCore46.exe","CodeFilePath":"C:\\Users\\grzeg\\Repos\\ProblemsWithExpectoTestSdk\\ProblemsWithExpectoTestSdkFSharpCore46\\Sample.fs","LineNumber":31,"Properties":[]},"Attachments":[],"Outcome":2,"ErrorMessage":"\nThese should equal. String does not match at position 4. Expected char: 'e', but got ''.\nexpected: abcdef\n  actual: abcdf\n   at Tests.tests@30-6.Invoke(Unit _arg7) in C:\\Users\\grzeg\\Repos\\ProblemsWithExpectoTestSdk\\ProblemsWithExpectoTestSdkFSharpCore46\\Sample.fs:line 31\r\n   at Expecto.Impl.execTestAsync@566-1.Invoke(Unit unitVar)\r\n   at Microsoft.FSharp.Control.AsyncPrimitives.CallThenInvoke[T,TResult](AsyncActivation`1 ctxt, TResult result1, FSharpFunc`2 part2)\r\n   at <StartupCode$FSharp-Core>.$Async.StartChild@1641-5.Invoke(AsyncActivation`1 ctxt)\r\n   at Microsoft.FSharp.Control.Trampoline.Execute(FSharpFunc`2 firstAction)","ErrorStackTrace":null,"DisplayName":null,"Messages":[],"ComputerName":null,"Duration":"00:00:00.1450000","StartTime":"2020-06-13T02:12:13.9459181+02:00","EndTime":"2020-06-13T02:12:14.110929+02:00","Properties":[]}],"TestRunStatistics":{"ExecutedTests":8,"Stats":{"Passed":2,"Failed":5,"Skipped":1}},"ActiveTests":[]},"RunAttachments":[],"ExecutorUris":["executor://yolodev/expecto"]}}
TpTrace Verbose: 0 : 29840, 3, 2020/06/13, 02:12:14.244, 1021912445014, testhost.x86.exe, BaseRunTests.RunTests: Run is complete.
TpTrace Verbose: 0 : 29840, 7, 2020/06/13, 02:12:14.246, 1021912466120, testhost.x86.exe, TcpClientExtensions.MessageLoopAsync: NotifyDataAvailable remoteEndPoint: 127.0.0.1:62989 localEndPoint: 127.0.0.1:62990
TpTrace Information: 0 : 29840, 7, 2020/06/13, 02:12:14.247, 1021912468976, testhost.x86.exe, TestRequestHandler.ProcessRequests: received message: (TestSession.Terminate) -> null
TpTrace Information: 0 : 29840, 7, 2020/06/13, 02:12:14.247, 1021912470332, testhost.x86.exe, Session End message received from server. Closing the connection.
TpTrace Information: 0 : 29840, 1, 2020/06/13, 02:12:14.247, 1021912476582, testhost.x86.exe, SocketClient.Stop: Stop communication from server endpoint: 127.0.0.1:062989
TpTrace Information: 0 : 29840, 1, 2020/06/13, 02:12:14.248, 1021912478470, testhost.x86.exe, SocketClient: Stop: Cancellation requested. Stopping message loop.
TpTrace Information: 0 : 29840, 7, 2020/06/13, 02:12:14.248, 1021912479169, testhost.x86.exe, SocketClient.Stop: Stop communication from server endpoint: 127.0.0.1:062989
TpTrace Information: 0 : 29840, 7, 2020/06/13, 02:12:14.248, 1021912481102, testhost.x86.exe, SocketClient: Stop: Cancellation requested. Stopping message loop.
TpTrace Verbose: 0 : 29840, 7, 2020/06/13, 02:12:14.248, 1021912482290, testhost.x86.exe, LengthPrefixCommunicationChannel.Dispose: Dispose reader and writer.
TpTrace Information: 0 : 29840, 7, 2020/06/13, 02:12:14.248, 1021912483498, testhost.x86.exe, Closing the connection !
TpTrace Verbose: 0 : 29840, 1, 2020/06/13, 02:12:14.248, 1021912481159, testhost.x86.exe, LengthPrefixCommunicationChannel.Dispose: Dispose reader and writer.
TpTrace Information: 0 : 29840, 7, 2020/06/13, 02:12:14.249, 1021912489308, testhost.x86.exe, SocketClient.PrivateStop: Stop communication from server endpoint: 127.0.0.1:062989, error:
TpTrace Information: 0 : 29840, 1, 2020/06/13, 02:12:14.249, 1021912490066, testhost.x86.exe, Testhost process exiting.
TpTrace Verbose: 0 : 29840, 7, 2020/06/13, 02:12:14.249, 1021912493633, testhost.x86.exe, LengthPrefixCommunicationChannel.Dispose: Dispose reader and writer.
